Unable to find executable: /Users/ittehad/Documents/Coding/Python/Turing/Tester_cpp_codebench/tasks/474303/build/incorrect_solution_tests
UpdateCTestConfiguration  from :/Users/ittehad/Documents/Coding/Python/Turing/Tester_cpp_codebench/tasks/474303/build/DartConfiguration.tcl
UpdateCTestConfiguration  from :/Users/ittehad/Documents/Coding/Python/Turing/Tester_cpp_codebench/tasks/474303/build/DartConfiguration.tcl
Test project /Users/ittehad/Documents/Coding/Python/Turing/Tester_cpp_codebench/tasks/474303/build
Constructing a list of tests
Done constructing a list of tests
Updating test list for fixtures
Added 0 tests to meet fixture requirements
Checking test dependency graph...
Checking test dependency graph end
test 1
      Start  1: incorrect_solution_tests
Could not find executable /Users/ittehad/Documents/Coding/Python/Turing/Tester_cpp_codebench/tasks/474303/build/incorrect_solution_tests
Looked in the following places:
Users/ittehad/Documents/Coding/Python/Turing/Tester_cpp_codebench/tasks/474303/build/incorrect_solution_tests
Users/ittehad/Documents/Coding/Python/Turing/Tester_cpp_codebench/tasks/474303/build/incorrect_solution_tests
Users/ittehad/Documents/Coding/Python/Turing/Tester_cpp_codebench/tasks/474303/build/Release/incorrect_solution_tests
Users/ittehad/Documents/Coding/Python/Turing/Tester_cpp_codebench/tasks/474303/build/Release/incorrect_solution_tests
Users/ittehad/Documents/Coding/Python/Turing/Tester_cpp_codebench/tasks/474303/build/Debug/incorrect_solution_tests
Users/ittehad/Documents/Coding/Python/Turing/Tester_cpp_codebench/tasks/474303/build/Debug/incorrect_solution_tests
Users/ittehad/Documents/Coding/Python/Turing/Tester_cpp_codebench/tasks/474303/build/MinSizeRel/incorrect_solution_tests
Users/ittehad/Documents/Coding/Python/Turing/Tester_cpp_codebench/tasks/474303/build/MinSizeRel/incorrect_solution_tests
Users/ittehad/Documents/Coding/Python/Turing/Tester_cpp_codebench/tasks/474303/build/RelWithDebInfo/incorrect_solution_tests
Users/ittehad/Documents/Coding/Python/Turing/Tester_cpp_codebench/tasks/474303/build/RelWithDebInfo/incorrect_solution_tests
Users/ittehad/Documents/Coding/Python/Turing/Tester_cpp_codebench/tasks/474303/build/Deployment/incorrect_solution_tests
Users/ittehad/Documents/Coding/Python/Turing/Tester_cpp_codebench/tasks/474303/build/Deployment/incorrect_solution_tests
Users/ittehad/Documents/Coding/Python/Turing/Tester_cpp_codebench/tasks/474303/build/Development/incorrect_solution_tests
Users/ittehad/Documents/Coding/Python/Turing/Tester_cpp_codebench/tasks/474303/build/Development/incorrect_solution_tests

1: Test command: 
1: Working Directory: /Users/ittehad/Documents/Coding/Python/Turing/Tester_cpp_codebench/tasks/474303/build
 1/11 Test  #1: incorrect_solution_tests .........***Not Run   0.00 sec
test 2
      Start  2: model1_tests

2: Test command: /Users/ittehad/Documents/Coding/Python/Turing/Tester_cpp_codebench/tasks/474303/build/model1_tests
2: Working Directory: /Users/ittehad/Documents/Coding/Python/Turing/Tester_cpp_codebench/tasks/474303/build
2: Test timeout computed to be: 5
2: Running main() from /Users/ittehad/Documents/Coding/Python/Turing/Tester_cpp_codebench/tasks/474303/build/_deps/googletest-src/googletest/src/gtest_main.cc
2: [==========] Running 7 tests from 1 test suite.
2: [----------] Global test environment set-up.
2: [----------] 7 tests from TaskSchedulerTest
2: [ RUN      ] TaskSchedulerTest.SingleTaskRunNext
2: [       OK ] TaskSchedulerTest.SingleTaskRunNext (0 ms)
2: [ RUN      ] TaskSchedulerTest.MultipleTasksRunNextFIFO
2: [       OK ] TaskSchedulerTest.MultipleTasksRunNextFIFO (0 ms)
2: [ RUN      ] TaskSchedulerTest.RunAllConcurrently
2: [       OK ] TaskSchedulerTest.RunAllConcurrently (105 ms)
2: [ RUN      ] TaskSchedulerTest.ScheduleTaskForFuture
2: [       OK ] TaskSchedulerTest.ScheduleTaskForFuture (254 ms)
2: [ RUN      ] TaskSchedulerTest.CancelPendingTask
2: /Users/ittehad/Documents/Coding/Python/Turing/Tester_cpp_codebench/tasks/474303/test.cpp:173: Failure
2: Value of: ranB
2:   Actual: false
2: Expected: true
2: 
2: [  FAILED  ] TaskSchedulerTest.CancelPendingTask (0 ms)
2: [ RUN      ] TaskSchedulerTest.CancelFailsIfAlreadyRunning
2: [       OK ] TasUnable to find executable: /Users/ittehad/Documents/Coding/Python/Turing/Tester_cpp_codebench/tasks/474303/build/model10_tests
kSchedulerTest.CancelFailsIfAlreadyRunning (203 ms)
2: [ RUN      ] TaskSchedulerTest.GetTaskStatusInvalidId
2: /Users/ittehad/Documents/Coding/Python/Turing/Tester_cpp_codebench/tasks/474303/test.cpp:224: Failure
2: Expected: scheduler.getTaskStatus(9999) throws an exception of type std::out_of_range.
2:   Actual: it throws std::runtime_error with description "Task ID not found".
2: 
2: [  FAILED  ] TaskSchedulerTest.GetTaskStatusInvalidId (2 ms)
2: [----------] 7 tests from TaskSchedulerTest (567 ms total)
2: 
2: [----------] Global test environment tear-down
2: [==========] 7 tests from 1 test suite ran. (567 ms total)
2: [  PASSED  ] 5 tests.
2: [  FAILED  ] 2 tests, listed below:
2: [  FAILED  ] TaskSchedulerTest.CancelPendingTask
2: [  FAILED  ] TaskSchedulerTest.GetTaskStatusInvalidId
2: 
2:  2 FAILED TESTS
 2/11 Test  #2: model1_tests .....................***Failed    0.92 sec
test 3
      Start  3: model10_tests
Could not find executable /Users/ittehad/Documents/Coding/Python/Turing/Tester_cpp_codebench/tasks/474303/build/model10_tests
Looked in the following places:
Users/ittehad/Documents/Coding/Python/Turing/Tester_cpp_codebench/tasks/474303/build/model10_tests
Users/ittehad/Documents/Coding/Python/Turing/Tester_cpp_codebench/tasks/474303/build/model10_tests
Users/ittehad/Documents/Coding/Python/Turing/Tester_cpp_codebench/tasks/474303/build/Release/model10_tests
Users/ittehad/Documents/Coding/Python/Turing/Tester_cpp_codebench/tasks/474303/build/Release/model10_tests
Users/ittehad/Documents/Coding/Python/Turing/Tester_cpp_codebench/tasks/474303/build/Debug/model10_tests
Users/ittehad/Documents/Coding/Python/Turing/Tester_cpp_codebench/tasks/474303/build/Debug/model10_tests
Users/ittehad/Documents/Coding/Python/Turing/Tester_cpp_codebench/tasks/474303/build/MinSizeRel/model10_tests
Users/ittehad/Documents/Coding/Python/Turing/Tester_cpp_codebench/tasks/474303/build/MinSizeRel/model10_tests
Users/ittehad/Documents/Coding/Python/Turing/Tester_cpp_codebench/tasks/474303/build/RelWithDebInfo/model10_tests
Users/ittehad/Documents/Coding/Python/Turing/Tester_cpp_codebench/tasks/474303/build/RelWithDebInfo/model10_tests
Users/ittehad/Documents/Coding/Python/Turing/Tester_cpp_codebench/tasks/474303/build/Deployment/model10_tests
Users/ittehad/Documents/Coding/Python/Turing/Tester_cpp_codebench/tasks/474303/build/Deployment/model10_tests
Users/ittehad/Documents/Coding/Python/Turing/Tester_cpp_codebench/tasks/474303/build/Development/model10_tests
Users/ittehad/Documents/Coding/Python/Turing/Tester_cpp_codebench/tasks/474303/build/Development/model10_tests

3: Test command: 
3: Working Directory: /Users/ittehad/Documents/Coding/Python/Turing/Tester_cpp_codebench/tasks/474303/build
 3/11 Test  #3: model10_tests ....................***Not Run   0.00 sec
test 4
      Start  4: model2_tests

4: Test command: /Users/ittehad/Documents/Coding/Python/Turing/Tester_cpp_codebench/tasks/474303/build/model2_tests
4: Working Directory: /Users/ittehad/Documents/Coding/Python/Turing/Tester_cpp_codebench/tasks/474303/build
4: Test timeout computed to be: 5
4: Running main() from /Users/ittehad/Documents/Coding/Python/Turing/Tester_cpp_codebench/tasks/474303/build/_deps/googletest-src/googletest/src/gtest_main.cc
4: [==========] Running 7 tests from 1 test suite.
4: [----------] Global test environment set-up.
4: [----------] 7 tests from TaskSchedulerTest
4: [ RUN      ] TaskSchedulerTest.SingleTaskRunNext
4: [       OK ] TaskSchedulerTest.SingleTaskRunNext (0 ms)
4: [ RUN      ] TaskSchedulerTest.MultipleTasksRunNextFIFO
4: [       OK ] TaskSchedulerTest.MultipleTasksRunNextFIFO (0 ms)
4: [ RUN      ] TaskSchedulerTest.RunAllConcurrently
4: [       OK ] TaskSchedulerTest.RunAllConcurrently (105 ms)
4: [ RUN      ] TaskSchedulerTest.ScheduleTaskForFuture
4: [       OK ] TaskSchedulerTest.ScheduleTaskForFuture (254 ms)
4: [ RUN      ] TaskSchedulerTest.CancelPendingTask
4: /Users/ittehad/Documents/Coding/Python/Turing/Tester_cpp_codebench/tasks/474303/test.cpp:173: Failure
4: Value of: ranB
4:   Actual: false
4: Expected: true
4: 
4: /Users/ittehad/Documents/Coding/Python/Turing/Tester_cpp_codebench/tasks/474303/test.cpp:174: Failure
4: Expected equality of these values:
4:   scheduler.getTaskStatus(idB)
4:     Which is: 4-byte object <00-00 00-00>
4:   TaskStatus::COMPLETED
4:     Which is: 4-byte object <02-00 00-00>
4: 
4: [  FAILED  ] TaskSchedulerTest.CancelPendingTask (0 ms)
4: [ RUN      ] TaskSchedulerTest.CancelFailsIfAlreadyRunning
4: [       OK ] TaskSchedulerTest.CancelFailsIfAlreadyRunning (204 ms)
4: [ RUN      ] TaskSchedulerTest.GetTaskStatusInvalidId
4: /Users/ittehad/Documents/Coding/Python/Turing/Tester_cpp_codebench/tasks/474303/test.cpp:224: Failure
4: Expected: scheduler.getTaskStatus(9999) throws an exception of type std::out_of_range.
4:   Actual: it throws std::runtime_error with description "Task ID not found".
4: 
4: [  FAILED  ] TaskSchedulerTest.GetTaskStatusInvalidId (0 ms)
4: [----------] 7 tests from TaskSchedulerTest (565 ms total)
4: 
4: [----------] Global test environment tear-down
4: [==========] 7 tests from 1 test suite ran. (566 ms total)
4: [  PASSED  ] 5 tests.
4: [  FAILED  ] 2 tests, listed below:
4: [  FAILED  ] TaskSchedulerTest.CancelPendingTask
4: [  FAILED  ] TaskSchedulerTest.GetTaskStatusInvalidId
4: 
4:  2 FAILED TESTS
 4/11 Test  #4: model2_tests .....................***Failed    0.89 sec
test 5
      Start  5: model3_tests

5: Test command: /Users/ittehad/Documents/Coding/Python/Turing/Tester_cpp_codebench/tasks/474303/build/model3_tests
5: Working Directory: /Users/ittehad/Documents/Coding/Python/Turing/Tester_cpp_codebench/tasks/474303/build
5: Test timeout computed to be: 5
5: Running main() from /Users/ittehad/Documents/Coding/Python/Turing/Tester_cpp_codebench/tasks/474303/build/_deps/googletest-src/googletest/src/gtest_main.cc
5: [==========] Running 7 tests from 1 test suite.
5: [----------] Global test environment set-up.
5: [----------] 7 tests from TaskSchedulerTest
5: [ RUN      ] TaskSchedulerTest.SingleTaskRunNext
5: [       OK ] TaskSchedulerTest.SingleTaskRunNext (0 ms)
5: [ RUN      ] TaskSchedulerTest.MultipleTasksRunNextFIFO
5: [       OK ] TaskSchedulerTest.MultipleTasksRunNextFIFO (0 ms)
5: [ RUN      ] TaskSchedulerTest.RunAllConcurrently
5: [       OK ] TaskSchedulerTest.RunAllConcurrently (205 ms)
5: [ RUN      ] TaskSchedulerTest.ScheduleTaskForFuture
5: [       OK ] TaskSchedulerTest.ScheduleTaskForFuture (251 ms)
5: [ RUN      ] TaskSchedulerTest.CancelPendingTask
5: /Users/ittehad/Documents/Coding/Python/Turing/Tester_cpp_codebench/tasks/474303/test.cpp:173: Failure
5: Value of: ranB
5:   Actual: false
5: Expected: true
5: 
5: /Users/ittehad/Documents/Coding/Python/Turing/Tester_cpp_codebench/tasks/474303/test.cpp:174: Failure
5: Expected equality of these values:
5:   scheduler.getTaskStatus(idB)
5:     Which is: 4-byte object <00-00 00-00>
5:   TaskStatus::COMPLETED
5:     Which is: 4-byte object <02-00 00-00>
5: 
5: [  FAILED  ] TaskSchedulerTest.CancelPendingTask (0 ms)
5: [ RUN      ] TaskSchedulerTest.CancelFailsIfAlreadyRunning
5: [       OK ] TaskSchedulerTest.CancelFailsIfAlreadyRunning (205 ms)
5: [ RUN      ] TaskSchedulerTest.GetTaskStatusInvalidId
5: /Users/ittehad/Documents/Coding/Python/Turing/Tester_cpp_codebench/tasks/474303/test.cpp:224: Failure
5: Expected: scheduler.getTaskStatus(9999) throws an exception of type std::out_of_range.
5:   Actual: it throws std::runtime_error with description "Task not found".
5: 
5: [  FAILED  ] TaskSchedulerTest.GetTaskStatusInvalidId (0 ms)
5: [----------] 7 tests from TaskSchedulerTest (663 ms total)
5: 
5: [----------] Global test environment tear-down
5: [==========] 7 tests from 1 test suite ran. (663 ms total)
5: [  PASSED  ] 5 tests.
5: [  FAILED  ] 2 tests, listed below:
5: [  FAILED  ] TaskSchedulerTest.CancelPendingTask
5: [  FAILED  ] TaskSchedulerTest.GetTaskStatusInvalidId
5: 
5:  2 FAILED TESTS
 5/11 Test  #5: model3_tests .....................***Failed    1.04 sec
test 6
      Start  6: model4_tests

6: Test command: /Users/ittehad/Documents/Coding/Python/Turing/Tester_cpp_codebench/tasks/474303/build/model4_tests
6: Working Directory: /Users/ittehad/Documents/Coding/Python/Turing/Tester_cpp_codebench/tasks/474303/build
6: Test timeout computed to be: 5
6: Running main() from /Users/ittehad/Documents/Coding/Python/Turing/Tester_cpp_codebench/tasks/474303/build/_deps/googletest-src/googletest/src/gtest_main.cc
6: [==========] Running 7 tests from 1 test suite.
6: [----------] Global test environment set-up.
6: [----------] 7 tests from TaskSchedulerTest
6: [ RUN      ] TaskSchedulerTest.SingleTaskRunNext
6: [       OK ] TaskSchedulerTest.SingleTaskRunNext (0 ms)
6: [ RUN      ] TaskSchedulerTest.MultipleTasksRunNextFIFO
6: [       OK ] TaskSchedulerTest.MultipleTasksRunNextFIFO (0 ms)
6: [ RUN      ] TaskSchedulerTest.RunAllConcurrently
6: [       OK ] TaskSchedulerTest.RunAllConcurrently (117 ms)
6: [ RUN      ] TaskSchedulerTest.ScheduleTaskForFuture
6: [       OK ] TaskSchedulerTest.ScheduleTaskForFuture (254 ms)
6: [ RUN      ] TaskSchedulerTest.CancelPendingTask
6: /Users/ittehad/Documents/Coding/Python/Turing/Tester_cpp_codebench/tasks/474303/test.cpp:173: Failure
6: Value of: ranB
6:   Actual: false
6: Expected: true
6: 
6: /Users/ittehad/Documents/Coding/Python/Turing/Tester_cpp_codebench/tasks/474303/test.cpp:174: Failure
6: Expected equality of these values:
6:   scheduler.getTaskStatus(idB)
6:     Which is: 4-byte object <00-00 00-00>
6:   TaskStatus::COMPLETED
6:     Which is: 4-byte object <02-00 00-00>
6: 
6: [  FAILED  ] TaskSchedulerTest.CancelPendingTask (0 ms)
6: [ RUN      ] TaskSchedulerTest.CancelFailsIfAlreadyRunning
6: [       OK ] TaskSchedulerTest.CancelFailsIfAlreadyRunning (217 ms)
6: [ RUN      ] TaskSchedulerTest.GetTaskStatusInvalidId
6: /Users/ittehad/Documents/Coding/Python/Turing/Tester_cpp_codebench/tasks/474303/test.cpp:224: Failure
6: Expected: scheduler.getTaskStatus(9999) throws an exception of type std::out_of_range.
6:   Actual: it throws std::runtime_error with description "Task not found".
6: 
6: [  FAILED  ] TaskSchedulerTest.GetTaskStatusInvalidId (0 ms)
6: [----------] 7 tests from TaskSchedulerTest (590 ms total)
6: 
6: [----------] Global test environment tear-down
6: [==========] 7 tests from 1 test suite ran. (590 ms total)
6: [  PASSED  ] 5 tests.
6: [  FAILED  ] 2 tests, listed below:
6: [  FAILED  ] TaskSchedulerTest.CancelPendingTask
6: [  FAILED  ] TaskSchedulerTest.GetTaskStatusInvalidId
6: 
6:  2 FAILED TESTS
 6/11 Test  #6: model4_tests .....................***Failed    0.95 sec
test 7
      Start  7: model5_tests

7: Test command: /Users/ittehad/Documents/Coding/Python/Turing/Tester_cpp_codebench/tasks/474303/build/model5_tests
7: Working Directory: /Users/ittehad/Documents/Coding/Python/Turing/Tester_cpp_codebench/tasks/474303/build
7: Test timeout computed to be: 5
7: Running main() from /Users/ittehad/Documents/Coding/Python/Turing/Tester_cpp_codebench/tasks/474303/build/_deps/googletest-src/googletest/src/gtest_main.cc
7: [==========] Running 7 tests from 1 test suite.
7: [----------] Global test environment set-up.
7: [----------] 7 tests from TaskSchedulerTest
7: [ RUN      ] TaskSchedulerTest.SingleTaskRunNext
7: [       OK ] TaskSchedulerTest.SingleTaskRunNext (0 ms)
7: [ RUN      ] TaskSchedulerTest.MultipleTasksRunNextFIFO
7: [       OK ] TaskSchedulerTest.MultipleTasksRunNextFIFO (0 ms)
7: [ RUN      ] TaskSchedulerTest.RunAllConcurrently
 7/11 Test  #7: model5_tests .....................***Timeout   5.04 sec
test 8
      Start  8: model6_tests
Could not find executable /Users/ittehad/Documents/Coding/Python/Turing/Tester_cpp_codebench/tasks/474303/build/model6_tests
Looked in the following places:
Users/ittehad/Documents/Coding/Python/Turing/Tester_cpp_codebench/tasks/474303/build/model6_tests
Users/ittehad/Documents/Coding/Python/Turing/Tester_cpp_codebench/tasks/474303/build/model6_tests
Users/ittehad/Documents/Coding/Python/Turing/Tester_cpp_codebench/tasks/474303/build/Release/model6_tests
Users/ittehad/Documents/Coding/Python/Turing/Tester_cpp_codebench/tasks/474303/build/Release/model6_tests
Users/ittehad/Documents/Coding/Python/Turing/Tester_cpp_Unable to find executable: /Users/ittehad/Documents/Coding/Python/Turing/Tester_cpp_codebench/tasks/474303/build/model6_tests
Unable to find executable: /Users/ittehad/Documents/Coding/Python/Turing/Tester_cpp_codebench/tasks/474303/build/model7_tests
codebench/tasks/474303/build/Debug/model6_tests
Users/ittehad/Documents/Coding/Python/Turing/Tester_cpp_codebench/tasks/474303/build/Debug/model6_tests
Users/ittehad/Documents/Coding/Python/Turing/Tester_cpp_codebench/tasks/474303/build/MinSizeRel/model6_tests
Users/ittehad/Documents/Coding/Python/Turing/Tester_cpp_codebench/tasks/474303/build/MinSizeRel/model6_tests
Users/ittehad/Documents/Coding/Python/Turing/Tester_cpp_codebench/tasks/474303/build/RelWithDebInfo/model6_tests
Users/ittehad/Documents/Coding/Python/Turing/Tester_cpp_codebench/tasks/474303/build/RelWithDebInfo/model6_tests
Users/ittehad/Documents/Coding/Python/Turing/Tester_cpp_codebench/tasks/474303/build/Deployment/model6_tests
Users/ittehad/Documents/Coding/Python/Turing/Tester_cpp_codebench/tasks/474303/build/Deployment/model6_tests
Users/ittehad/Documents/Coding/Python/Turing/Tester_cpp_codebench/tasks/474303/build/Development/model6_tests
Users/ittehad/Documents/Coding/Python/Turing/Tester_cpp_codebench/tasks/474303/build/Development/model6_tests

8: Test command: 
8: Working Directory: /Users/ittehad/Documents/Coding/Python/Turing/Tester_cpp_codebench/tasks/474303/build
 8/11 Test  #8: model6_tests .....................***Not Run   0.00 sec
test 9
      Start  9: model7_tests
Could not find executable /Users/ittehad/Documents/Coding/Python/Turing/Tester_cpp_codebench/tasks/474303/build/model7_tests
Looked in the following places:
Users/ittehad/Documents/Coding/Python/Turing/Tester_cpp_codebench/tasks/474303/build/model7_tests
Users/ittehad/Documents/Coding/Python/Turing/Tester_cpp_codebench/tasks/474303/build/model7_tests
Users/ittehad/Documents/Coding/Python/Turing/Tester_cpp_codebench/tasks/474303/build/Release/model7_tests
Users/ittehad/Documents/Coding/Python/Turing/Tester_cpp_codebench/tasks/474303/build/Release/model7_tests
Users/ittehad/Documents/Coding/Python/Turing/Tester_cpp_codebench/tasks/474303/build/Debug/model7_tests
Users/ittehad/Documents/Coding/Python/Turing/Tester_cpp_codebench/tasks/474303/build/Debug/model7_tests
Users/ittehad/Documents/Coding/Python/Turing/Tester_cpp_codebench/tasks/474303/build/MinSizeRel/model7_tests
Users/ittehad/Documents/Coding/Python/Turing/Tester_cpp_codebench/tasks/474303/build/MinSizeRel/model7_tests
Users/ittehad/Documents/Coding/Python/Turing/Tester_cpp_codebench/tasks/474303/build/RelWithDebInfo/model7_tests
Users/ittehad/Documents/Coding/Python/Turing/Tester_cpp_codebench/tasks/474303/build/RelWithDebInfo/model7_tests
Users/ittehad/Documents/Coding/Python/Turing/Tester_cpp_codebench/tasks/474303/build/Deployment/model7_tests
Users/ittehad/Documents/Coding/Python/Turing/Tester_cpp_codebench/tasks/474303/build/Deployment/model7_tests
Users/ittehad/Documents/Coding/Python/Turing/Tester_cpp_codebench/tasks/474303/build/Development/model7_tests
Users/ittehad/Documents/Coding/Python/Turing/Tester_cpp_codebench/tasks/474303/build/Development/model7_tests

9: Test command: 
9: Working Directory: /Users/ittehad/Documents/Coding/Python/Turing/Tester_cpp_codebench/tasks/474303/build
 9/11 Test  #9: model7_tests .....................***Not Run   0.00 sec
test 10
      Start 10: model8_tests
Could not find executable /Users/ittehad/Documents/Coding/Python/Turing/Tester_cpp_codebench/tasks/474303/build/model8_tests
Looked in the following places:
Users/ittehad/Documents/Coding/Python/Turing/Tester_cpp_codebench/tasks/474303/build/model8_tests
Users/ittehad/Documents/Coding/Python/Turing/Tester_cpp_codebench/tasks/474303/build/model8_tests
Users/ittehad/Documents/Coding/Python/Turing/Tester_cpp_codebench/tasks/474303/build/Release/model8_tests
Users/ittehad/Documents/Coding/Python/Turing/Tester_cpp_codebench/tasks/474303/build/Release/model8_tests
Users/ittehad/Documents/Coding/Python/Turing/Tester_cpp_codebench/tasks/474303/build/Debug/model8_tests
Users/ittehad/Documents/Coding/Python/Turing/Tester_cpp_codebench/tasks/474303/build/Debug/model8_tests
Users/ittehad/Documents/Coding/Python/Turing/Tester_cpp_codebench/tasks/474303/build/MinSizeRel/model8_tests
Users/ittehad/Documents/Coding/Python/Turing/Tester_cpUnable to find executable: /Users/ittehad/Documents/Coding/Python/Turing/Tester_cpp_codebench/tasks/474303/build/model8_tests
Unable to find executable: /Users/ittehad/Documents/Coding/Python/Turing/Tester_cpp_codebench/tasks/474303/build/model9_tests
Errors while running CTest
Output from these tests are in: /Users/ittehad/Documents/Coding/Python/Turing/Tester_cpp_codebench/tasks/474303/build/Testing/Temporary/LastTest.log
Use "--rerun-failed --output-on-failure" to re-run the failed cases verbosely.
p_codebench/tasks/474303/build/MinSizeRel/model8_tests
Users/ittehad/Documents/Coding/Python/Turing/Tester_cpp_codebench/tasks/474303/build/RelWithDebInfo/model8_tests
Users/ittehad/Documents/Coding/Python/Turing/Tester_cpp_codebench/tasks/474303/build/RelWithDebInfo/model8_tests
Users/ittehad/Documents/Coding/Python/Turing/Tester_cpp_codebench/tasks/474303/build/Deployment/model8_tests
Users/ittehad/Documents/Coding/Python/Turing/Tester_cpp_codebench/tasks/474303/build/Deployment/model8_tests
Users/ittehad/Documents/Coding/Python/Turing/Tester_cpp_codebench/tasks/474303/build/Development/model8_tests
Users/ittehad/Documents/Coding/Python/Turing/Tester_cpp_codebench/tasks/474303/build/Development/model8_tests

10: Test command: 
10: Working Directory: /Users/ittehad/Documents/Coding/Python/Turing/Tester_cpp_codebench/tasks/474303/build
10/11 Test #10: model8_tests .....................***Not Run   0.00 sec
test 11
      Start 11: model9_tests
Could not find executable /Users/ittehad/Documents/Coding/Python/Turing/Tester_cpp_codebench/tasks/474303/build/model9_tests
Looked in the following places:
Users/ittehad/Documents/Coding/Python/Turing/Tester_cpp_codebench/tasks/474303/build/model9_tests
Users/ittehad/Documents/Coding/Python/Turing/Tester_cpp_codebench/tasks/474303/build/model9_tests
Users/ittehad/Documents/Coding/Python/Turing/Tester_cpp_codebench/tasks/474303/build/Release/model9_tests
Users/ittehad/Documents/Coding/Python/Turing/Tester_cpp_codebench/tasks/474303/build/Release/model9_tests
Users/ittehad/Documents/Coding/Python/Turing/Tester_cpp_codebench/tasks/474303/build/Debug/model9_tests
Users/ittehad/Documents/Coding/Python/Turing/Tester_cpp_codebench/tasks/474303/build/Debug/model9_tests
Users/ittehad/Documents/Coding/Python/Turing/Tester_cpp_codebench/tasks/474303/build/MinSizeRel/model9_tests
Users/ittehad/Documents/Coding/Python/Turing/Tester_cpp_codebench/tasks/474303/build/MinSizeRel/model9_tests
Users/ittehad/Documents/Coding/Python/Turing/Tester_cpp_codebench/tasks/474303/build/RelWithDebInfo/model9_tests
Users/ittehad/Documents/Coding/Python/Turing/Tester_cpp_codebench/tasks/474303/build/RelWithDebInfo/model9_tests
Users/ittehad/Documents/Coding/Python/Turing/Tester_cpp_codebench/tasks/474303/build/Deployment/model9_tests
Users/ittehad/Documents/Coding/Python/Turing/Tester_cpp_codebench/tasks/474303/build/Deployment/model9_tests
Users/ittehad/Documents/Coding/Python/Turing/Tester_cpp_codebench/tasks/474303/build/Development/model9_tests
Users/ittehad/Documents/Coding/Python/Turing/Tester_cpp_codebench/tasks/474303/build/Development/model9_tests

11: Test command: 
11: Working Directory: /Users/ittehad/Documents/Coding/Python/Turing/Tester_cpp_codebench/tasks/474303/build
11/11 Test #11: model9_tests .....................***Not Run   0.00 sec

0% tests passed, 11 tests failed out of 11

Total Test time (real) =   8.84 sec

The following tests FAILED:
	  1 - incorrect_solution_tests (Not Run)
	  2 - model1_tests (Failed)
	  3 - model10_tests (Not Run)
	  4 - model2_tests (Failed)
	  5 - model3_tests (Failed)
	  6 - model4_tests (Failed)
	  7 - model5_tests (Timeout)
	  8 - model6_tests (Not Run)
	  9 - model7_tests (Not Run)
	 10 - model8_tests (Not Run)
	 11 - model9_tests (Not Run)
Test project /Users/ittehad/Documents/Coding/Python/Turing/Tester_cpp_codebench/tasks/474303/build
      Start  1: incorrect_solution_tests
Could not find executable /Users/ittehad/Documents/Coding/Python/Turing/Tester_cpp_codebench/tasks/474303/build/incorrect_solution_tests
Looked in the following places:
/Users/ittehad/Documents/Coding/Python/Turing/Tester_cpp_codebench/tasks/474303/build/incorrect_solution_tests
/Users/ittehad/Documents/Coding/Python/Turing/Tester_cpp_codebench/tasks/474303/build/incorrect_solution_tests
/Users/ittehad/Documents/Coding/Python/Turing/Tester_cpp_codebench/tasks/474303/build/Release/incorrect_solution_tests
/Users/ittehad/Documents/Coding/Python/Turing/Tester_cpp_codebench/tasks/474303/build/Release/incorrect_solution_tests
/Users/ittehad/Documents/Coding/Python/Turing/Tester_cpp_codebench/tasks/474303/build/Debug/incorrect_solution_tests
/Users/ittehad/Documents/Coding/Python/Turing/Tester_cpp_codebench/tasks/474303/build/Debug/incorrect_solution_tests
/Users/ittehad/Documents/Coding/Python/Turing/Tester_cpp_codebench/tasks/474303/build/MinSizeRel/incorrect_solution_tests
/Users/ittehad/Documents/Coding/Python/Turing/Tester_cpp_codebench/tasks/474303/build/MinSizeRel/incorrect_solution_tests
/Users/ittehad/Documents/Coding/Python/Turing/Tester_cpp_codebench/tasks/474303/build/RelWithDebInfo/incorrect_solution_tests
/Users/ittehad/Documents/Coding/Python/Turing/Tester_cpp_codebench/tasks/474303/build/RelWithDebInfo/incorrect_solution_tests
/Users/ittehad/Documents/Coding/Python/Turing/Tester_cpp_codebench/tasks/474303/build/Deployment/incorrect_solution_tests
/Users/ittehad/Documents/Coding/Python/Turing/Tester_cpp_codebench/tasks/474303/build/Deployment/incorrect_solution_tests
/Users/ittehad/Documents/Coding/Python/Turing/Tester_cpp_codebench/tasks/474303/build/Development/incorrect_solution_tests
/Users/ittehad/Documents/Coding/Python/Turing/Tester_cpp_codebench/tasks/474303/build/Development/incorrect_solution_tests
Users/ittehad/Documents/Coding/Python/Turing/Tester_cpp_codebench/tasks/474303/build/incorrect_solution_tests
Users/ittehad/Documents/Coding/Python/Turing/Tester_cpp_codebench/tasks/474303/build/incorrect_solution_tests
Users/ittehad/Documents/Coding/Python/Turing/Tester_cpp_codebench/tasks/474303/build/Release/incorrect_solution_tests
Users/ittehad/Documents/Coding/Python/Turing/Tester_cpp_codebench/tasks/474303/build/Release/incorrect_solution_tests
Users/ittehad/Documents/Coding/Python/Turing/Tester_cpp_codebench/tasks/474303/build/Debug/incorrect_solution_tests
Users/ittehad/Documents/Coding/Python/Turing/Tester_cpp_codebench/tasks/474303/build/Debug/incorrect_solution_tests
Users/ittehad/Documents/Coding/Python/Turing/Tester_cpp_codebench/tasks/474303/build/MinSizeRel/incorrect_solution_tests
Users/ittehad/Documents/Coding/Python/Turing/Tester_cpp_codebench/tasks/474303/build/MinSizeRel/incorrect_solution_tests
Users/ittehad/Documents/Coding/Python/Turing/Tester_cpp_codebench/tasks/474303/build/RelWithDebInfo/incorrect_solution_tests
Users/ittehad/Documents/Coding/Python/Turing/Tester_cpp_codebench/tasks/474303/build/RelWithDebInfo/incorrect_solution_tests
Users/ittehad/Documents/Coding/Python/Turing/Tester_cpp_codebench/tasks/474303/build/Deployment/incorrect_solution_tests
Users/ittehad/Documents/Coding/Python/Turing/Tester_cpp_codebench/tasks/474303/build/Deployment/incorrect_solution_tests
Users/ittehad/Documents/Coding/Python/Turing/Tester_cpp_codebench/tasks/474303/build/Development/incorrect_solution_tests
Users/ittehad/Documents/Coding/Python/Turing/Tester_cpp_codebench/tasks/474303/build/Development/incorrect_solution_tests
Unable to find executable: /Users/ittehad/Documents/Coding/Python/Turing/Tester_cpp_codebench/tasks/474303/build/incorrect_solution_tests
 1/11 Test  #1: incorrect_solution_tests .........***Not Run   0.00 sec
      Start  2: model1_tests
 2/11 Test  #2: model1_tests .....................***Failed    0.57 sec
      Start  3: model10_tests
Could not find executable /Users/ittehad/Documents/Coding/Python/Turing/Tester_cpp_codebench/tasks/474303/build/model10_tests
Looked in the following places:
/Users/ittehad/Documents/Coding/Python/Turing/Tester_cpp_codebench/tasks/474303/build/model10_tests
/Users/ittehad/Documents/Coding/Python/Turing/Tester_cpp_codebench/tasks/474303/build/model10_tests
/Users/ittehad/Documents/Coding/Python/Turing/Tester_cpp_codebench/tasks/474303/build/Release/model10_tests
/Users/ittehad/Documents/Coding/Python/Turing/Tester_cpp_codebench/tasks/474303/build/Release/model10_tests
/Users/ittehad/Documents/Coding/Python/Turing/Tester_cpp_codebench/tasks/474303/build/Debug/model10_tests
/Users/ittehad/Documents/Coding/Python/Turing/Tester_cpp_codebench/tasks/474303/build/Debug/model10_tests
/Users/ittehad/Documents/Coding/Python/Turing/Tester_cpp_codebench/tasks/474303/build/MinSizeRel/model10_tests
/Users/ittehad/Documents/Coding/Python/Turing/Tester_cpp_codebench/tasks/474303/build/MinSizeRel/model10_tests
/Users/ittehad/Documents/Coding/Python/Turing/Tester_cpp_codebench/tasks/474303/build/RelWithDebInfo/model10_tests
/Users/ittehad/Documents/Coding/Python/Turing/Tester_cpp_codebench/tasks/474303/build/RelWithDebInfo/model10_tests
/Users/ittehad/Documents/Coding/Python/Turing/Tester_cpp_codebench/tasks/474303/build/Deployment/model10_tests
/Users/ittehad/Documents/Coding/Python/Turing/Tester_cpp_codebench/tasks/474303/build/Deployment/model10_tests
/Users/ittehad/Documents/Coding/Python/Turing/Tester_cpp_codebench/tasks/474303/build/Development/model10_tests
/Users/ittehad/Documents/Coding/Python/Turing/Tester_cpp_codebench/tasks/474303/build/Development/model10_tests
Users/ittehad/Documents/Coding/Python/Turing/Tester_cpp_codebench/tasks/474303/build/model10_tests
Users/ittehad/Documents/Coding/Python/Turing/Tester_cpp_codebench/tasks/474303/build/model10_tests
Users/ittehad/Documents/Coding/Python/Turing/Tester_cpp_codebench/tasks/474303/build/Release/model10_tests
Users/ittehad/Documents/Coding/Python/Turing/Tester_cpp_codebench/tasks/474303/build/Release/model10_tests
Users/ittehad/Documents/Coding/Python/Turing/Tester_cpp_codebench/tasks/474303/build/Debug/model10_tests
Users/ittehad/Documents/Coding/Python/Turing/Tester_cpp_codebench/tasks/474303/build/Debug/model10_tests
Users/ittehad/Documents/Coding/Python/Turing/Tester_cpp_codebench/tasks/474303/build/MinSizeRel/model10_tests
Users/ittehad/Documents/Coding/Python/Turing/Tester_cpp_codebench/tasks/474303/build/MinSizeRel/model10_tests
Users/ittehad/Documents/Coding/Python/Turing/Tester_cpp_codebench/tasks/474303/build/RelWithDebInfo/model10_tests
Users/ittehad/Documents/Coding/Python/Turing/Tester_cpp_codebench/tasks/474303/build/RelWithDebInfo/model10_tests
Users/ittehad/Documents/Coding/Python/Turing/Tester_cpp_codebench/tasks/474303/build/Deployment/model10_tests
Users/ittehad/Documents/Coding/Python/Turing/Tester_cpp_codebench/tasks/474303/build/Deployment/model10_tests
Users/ittehad/Documents/Coding/Python/Turing/Tester_cpp_codebench/tasks/474303/build/Development/model10_tests
Users/ittehad/Documents/Coding/Python/Turing/Tester_cpp_codebench/tasks/474303/build/Development/model10_tests
Unable to find executable: /Users/ittehad/Documents/Coding/Python/Turing/Tester_cpp_codebench/tasks/474303/build/model10_tests
 3/11 Test  #3: model10_tests ....................***Not Run   0.00 sec
      Start  4: model2_tests
 4/11 Test  #4: model2_tests .....................***Failed    0.57 sec
      Start  5: model3_tests
 5/11 Test  #5: model3_tests .....................***Failed    0.67 sec
      Start  6: model4_tests
 6/11 Test  #6: model4_tests .....................***Failed    0.60 sec
      Start  7: model5_tests
 7/11 Test  #7: model5_tests .....................***Timeout   5.04 sec
      Start  8: model6_tests
Could not find executable /Users/ittehad/Documents/Coding/Python/Turing/Tester_cpp_codebench/tasks/474303/build/model6_tests
Looked in the following places:
/Users/ittehad/Documents/Coding/Python/Turing/Tester_cpp_codebench/tasks/474303/build/model6_tests
/Users/ittehad/Documents/Coding/Python/Turing/Tester_cpp_codebench/tasks/474303/build/model6_tests
/Users/ittehad/Documents/Coding/Python/Turing/Tester_cpp_codebench/tasks/474303/build/Release/model6_tests
/Users/ittehad/Documents/Coding/Python/Turing/Tester_cpp_codebench/tasks/474303/build/Release/model6_tests
/Users/ittehad/Documents/Coding/Python/Turing/Tester_cpp_codebench/tasks/474303/build/Debug/model6_tests
/Users/ittehad/Documents/Coding/Python/Turing/Tester_cpp_codebench/tasks/474303/build/Debug/model6_tests
/Users/ittehad/Documents/Coding/Python/Turing/Tester_cpp_codebench/tasks/474303/build/MinSizeRel/model6_tests
/Users/ittehad/Documents/Coding/Python/Turing/Tester_cpp_codebench/tasks/474303/build/MinSizeRel/model6_tests
/Users/ittehad/Documents/Coding/Python/Turing/Tester_cpp_codebench/tasks/474303/build/RelWithDebInfo/model6_tests
/Users/ittehad/Documents/Coding/Python/Turing/Tester_cpp_codebench/tasks/474303/build/RelWithDebInfo/model6_tests
/Users/ittehad/Documents/Coding/Python/Turing/Tester_cpp_codebench/tasks/474303/build/Deployment/model6_tests
/Users/ittehad/Documents/Coding/Python/Turing/Tester_cpp_codebench/tasks/474303/build/Deployment/model6_tests
/Users/ittehad/Documents/Coding/Python/Turing/Tester_cpp_codebench/tasks/474303/build/Development/model6_tests
/Users/ittehad/Documents/Coding/Python/Turing/Tester_cpp_codebench/tasks/474303/build/Development/model6_tests
Users/ittehad/Documents/Coding/Python/Turing/Tester_cpp_codebench/tasks/474303/build/model6_tests
Users/ittehad/Documents/Coding/Python/Turing/Tester_cpp_codebench/tasks/474303/build/model6_tests
Users/ittehad/Documents/Coding/Python/Turing/Tester_cpp_codebench/tasks/474303/build/Release/model6_tests
Users/ittehad/Documents/Coding/Python/Turing/Tester_cpp_codebench/tasks/474303/build/Release/model6_tests
Users/ittehad/Documents/Coding/Python/Turing/Tester_cpp_codebench/tasks/474303/build/Debug/model6_tests
Users/ittehad/Documents/Coding/Python/Turing/Tester_cpp_codebench/tasks/474303/build/Debug/model6_tests
Users/ittehad/Documents/Coding/Python/Turing/Tester_cpp_codebench/tasks/474303/build/MinSizeRel/model6_tests
Users/ittehad/Documents/Coding/Python/Turing/Tester_cpp_codebench/tasks/474303/build/MinSizeRel/model6_tests
Users/ittehad/Documents/Coding/Python/Turing/Tester_cpp_codebench/tasks/474303/build/RelWithDebInfo/model6_tests
Users/ittehad/Documents/Coding/Python/Turing/Tester_cpp_codebench/tasks/474303/build/RelWithDebInfo/model6_tests
Users/ittehad/Documents/Coding/Python/Turing/Tester_cpp_codebench/tasks/474303/build/Deployment/model6_tests
Users/ittehad/Documents/Coding/Python/Turing/Tester_cpp_codebench/tasks/474303/build/Deployment/model6_tests
Users/ittehad/Documents/Coding/Python/Turing/Tester_cpp_codebench/tasks/474303/build/Development/model6_tests
Users/ittehad/Documents/Coding/Python/Turing/Tester_cpp_codebench/tasks/474303/build/Development/model6_tests
Unable to find executable: /Users/ittehad/Documents/Coding/Python/Turing/Tester_cpp_codebench/tasks/474303/build/model6_tests
 8/11 Test  #8: model6_tests .....................***Not Run   0.00 sec
      Start  9: model7_tests
Could not find executable /Users/ittehad/Documents/Coding/Python/Turing/Tester_cpp_codebench/tasks/474303/build/model7_tests
Looked in the following places:
/Users/ittehad/Documents/Coding/Python/Turing/Tester_cpp_codebench/tasks/474303/build/model7_tests
/Users/ittehad/Documents/Coding/Python/Turing/Tester_cpp_codebench/tasks/474303/build/model7_tests
/Users/ittehad/Documents/Coding/Python/Turing/Tester_cpp_codebench/tasks/474303/build/Release/model7_tests
/Users/ittehad/Documents/Coding/Python/Turing/Tester_cpp_codebench/tasks/474303/build/Release/model7_tests
/Users/ittehad/Documents/Coding/Python/Turing/Tester_cpp_codebench/tasks/474303/build/Debug/model7_tests
/Users/ittehad/Documents/Coding/Python/Turing/Tester_cpp_codebench/tasks/474303/build/Debug/model7_tests
/Users/ittehad/Documents/Coding/Python/Turing/Tester_cpp_codebench/tasks/474303/build/MinSizeRel/model7_tests
/Users/ittehad/Documents/Coding/Python/Turing/Tester_cpp_codebench/tasks/474303/build/MinSizeRel/model7_tests
/Users/ittehad/Documents/Coding/Python/Turing/Tester_cpp_codebench/tasks/474303/build/RelWithDebInfo/model7_tests
/Users/ittehad/Documents/Coding/Python/Turing/Tester_cpp_codebench/tasks/474303/build/RelWithDebInfo/model7_tests
/Users/ittehad/Documents/Coding/Python/Turing/Tester_cpp_codebench/tasks/474303/build/Deployment/model7_tests
/Users/ittehad/Documents/Coding/Python/Turing/Tester_cpp_codebench/tasks/474303/build/Deployment/model7_tests
/Users/ittehad/Documents/Coding/Python/Turing/Tester_cpp_codebench/tasks/474303/build/Development/model7_tests
/Users/ittehad/Documents/Coding/Python/Turing/Tester_cpp_codebench/tasks/474303/build/Development/model7_tests
Users/ittehad/Documents/Coding/Python/Turing/Tester_cpp_codebench/tasks/474303/build/model7_tests
Users/ittehad/Documents/Coding/Python/Turing/Tester_cpp_codebench/tasks/474303/build/model7_tests
Users/ittehad/Documents/Coding/Python/Turing/Tester_cpp_codebench/tasks/474303/build/Release/model7_tests
Users/ittehad/Documents/Coding/Python/Turing/Tester_cpp_codebench/tasks/474303/build/Release/model7_tests
Users/ittehad/Documents/Coding/Python/Turing/Tester_cpp_codebench/tasks/474303/build/Debug/model7_tests
Users/ittehad/Documents/Coding/Python/Turing/Tester_cpp_codebench/tasks/474303/build/Debug/model7_tests
Users/ittehad/Documents/Coding/Python/Turing/Tester_cpp_codebench/tasks/474303/build/MinSizeRel/model7_tests
Users/ittehad/Documents/Coding/Python/Turing/Tester_cpp_codebench/tasks/474303/build/MinSizeRel/model7_tests
Users/ittehad/Documents/Coding/Python/Turing/Tester_cpp_codebench/tasks/474303/build/RelWithDebInfo/model7_tests
Users/ittehad/Documents/Coding/Python/Turing/Tester_cpp_codebench/tasks/474303/build/RelWithDebInfo/model7_tests
Users/ittehad/Documents/Coding/Python/Turing/Tester_cpp_codebench/tasks/474303/build/Deployment/model7_tests
Users/ittehad/Documents/Coding/Python/Turing/Tester_cpp_codebench/tasks/474303/build/Deployment/model7_tests
Users/ittehad/Documents/Coding/Python/Turing/Tester_cpp_codebench/tasks/474303/build/Development/model7_tests
Users/ittehad/Documents/Coding/Python/Turing/Tester_cpp_codebench/tasks/474303/build/Development/model7_tests
Unable to find executable: /Users/ittehad/Documents/Coding/Python/Turing/Tester_cpp_codebench/tasks/474303/build/model7_tests
 9/11 Test  #9: model7_tests .....................***Not Run   0.00 sec
      Start 10: model8_tests
Could not find executable /Users/ittehad/Documents/Coding/Python/Turing/Tester_cpp_codebench/tasks/474303/build/model8_tests
Looked in the following places:
/Users/ittehad/Documents/Coding/Python/Turing/Tester_cpp_codebench/tasks/474303/build/model8_tests
/Users/ittehad/Documents/Coding/Python/Turing/Tester_cpp_codebench/tasks/474303/build/model8_tests
/Users/ittehad/Documents/Coding/Python/Turing/Tester_cpp_codebench/tasks/474303/build/Release/model8_tests
/Users/ittehad/Documents/Coding/Python/Turing/Tester_cpp_codebench/tasks/474303/build/Release/model8_tests
/Users/ittehad/Documents/Coding/Python/Turing/Tester_cpp_codebench/tasks/474303/build/Debug/model8_tests
/Users/ittehad/Documents/Coding/Python/Turing/Tester_cpp_codebench/tasks/474303/build/Debug/model8_tests
/Users/ittehad/Documents/Coding/Python/Turing/Tester_cpp_codebench/tasks/474303/build/MinSizeRel/model8_tests
/Users/ittehad/Documents/Coding/Python/Turing/Tester_cpp_codebench/tasks/474303/build/MinSizeRel/model8_tests
/Users/ittehad/Documents/Coding/Python/Turing/Tester_cpp_codebench/tasks/474303/build/RelWithDebInfo/model8_tests
/Users/ittehad/Documents/Coding/Python/Turing/Tester_cpp_codebench/tasks/474303/build/RelWithDebInfo/model8_tests
/Users/ittehad/Documents/Coding/Python/Turing/Tester_cpp_codebench/tasks/474303/build/Deployment/model8_tests
/Users/ittehad/Documents/Coding/Python/Turing/Tester_cpp_codebench/tasks/474303/build/Deployment/model8_tests
/Users/ittehad/Documents/Coding/Python/Turing/Tester_cpp_codebench/tasks/474303/build/Development/model8_tests
/Users/ittehad/Documents/Coding/Python/Turing/Tester_cpp_codebench/tasks/474303/build/Development/model8_tests
Users/ittehad/Documents/Coding/Python/Turing/Tester_cpp_codebench/tasks/474303/build/model8_tests
Users/ittehad/Documents/Coding/Python/Turing/Tester_cpp_codebench/tasks/474303/build/model8_tests
Users/ittehad/Documents/Coding/Python/Turing/Tester_cpp_codebench/tasks/474303/build/Release/model8_tests
Users/ittehad/Documents/Coding/Python/Turing/Tester_cpp_codebench/tasks/474303/build/Release/model8_tests
Users/ittehad/Documents/Coding/Python/Turing/Tester_cpp_codebench/tasks/474303/build/Debug/model8_tests
Users/ittehad/Documents/Coding/Python/Turing/Tester_cpp_codebench/tasks/474303/build/Debug/model8_tests
Users/ittehad/Documents/Coding/Python/Turing/Tester_cpp_codebench/tasks/474303/build/MinSizeRel/model8_tests
Users/ittehad/Documents/Coding/Python/Turing/Tester_cpp_codebench/tasks/474303/build/MinSizeRel/model8_tests
Users/ittehad/Documents/Coding/Python/Turing/Tester_cpp_codebench/tasks/474303/build/RelWithDebInfo/model8_tests
Users/ittehad/Documents/Coding/Python/Turing/Tester_cpp_codebench/tasks/474303/build/RelWithDebInfo/model8_tests
Users/ittehad/Documents/Coding/Python/Turing/Tester_cpp_codebench/tasks/474303/build/Deployment/model8_tests
Users/ittehad/Documents/Coding/Python/Turing/Tester_cpp_codebench/tasks/474303/build/Deployment/model8_tests
Users/ittehad/Documents/Coding/Python/Turing/Tester_cpp_codebench/tasks/474303/build/Development/model8_tests
Users/ittehad/Documents/Coding/Python/Turing/Tester_cpp_codebench/tasks/474303/build/Development/model8_tests
Unable to find executable: /Users/ittehad/Documents/Coding/Python/Turing/Tester_cpp_codebench/tasks/474303/build/model8_tests
10/11 Test #10: model8_tests .....................***Not Run   0.00 sec
      Start 11: model9_tests
Could not find executable /Users/ittehad/Documents/Coding/Python/Turing/Tester_cpp_codebench/tasks/474303/build/model9_tests
Looked in the following places:
/Users/ittehad/Documents/Coding/Python/Turing/Tester_cpp_codebench/tasks/474303/build/model9_tests
/Users/ittehad/Documents/Coding/Python/Turing/Tester_cpp_codebench/tasks/474303/build/model9_tests
/Users/ittehad/Documents/Coding/Python/Turing/Tester_cpp_codebench/tasks/474303/build/Release/model9_tests
/Users/ittehad/Documents/Coding/Python/Turing/Tester_cpp_codebench/tasks/474303/build/Release/model9_tests
/Users/ittehad/Documents/Coding/Python/Turing/Tester_cpp_codebench/tasks/474303/build/Debug/model9_tests
/Users/ittehad/Documents/Coding/Python/Turing/Tester_cpp_codebench/tasks/474303/build/Debug/model9_tests
/Users/ittehad/Documents/Coding/Python/Turing/Tester_cpp_codebench/tasks/474303/build/MinSizeRel/model9_tests
/Users/ittehad/Documents/Coding/Python/Turing/Tester_cpp_codebench/tasks/474303/build/MinSizeRel/model9_tests
/Users/ittehad/Documents/Coding/Python/Turing/Tester_cpp_codebench/tasks/474303/build/RelWithDebInfo/model9_tests
/Users/ittehad/Documents/Coding/Python/Turing/Tester_cpp_codebench/tasks/474303/build/RelWithDebInfo/model9_tests
/Users/ittehad/Documents/Coding/Python/Turing/Tester_cpp_codebench/tasks/474303/build/Deployment/model9_tests
/Users/ittehad/Documents/Coding/Python/Turing/Tester_cpp_codebench/tasks/474303/build/Deployment/model9_tests
/Users/ittehad/Documents/Coding/Python/Turing/Tester_cpp_codebench/tasks/474303/build/Development/model9_tests
/Users/ittehad/Documents/Coding/Python/Turing/Tester_cpp_codebench/tasks/474303/build/Development/model9_tests
Users/ittehad/Documents/Coding/Python/Turing/Tester_cpp_codebench/tasks/474303/build/model9_tests
Users/ittehad/Documents/Coding/Python/Turing/Tester_cpp_codebench/tasks/474303/build/model9_tests
Users/ittehad/Documents/Coding/Python/Turing/Tester_cpp_codebench/tasks/474303/build/Release/model9_tests
Users/ittehad/Documents/Coding/Python/Turing/Tester_cpp_codebench/tasks/474303/build/Release/model9_tests
Users/ittehad/Documents/Coding/Python/Turing/Tester_cpp_codebench/tasks/474303/build/Debug/model9_tests
Users/ittehad/Documents/Coding/Python/Turing/Tester_cpp_codebench/tasks/474303/build/Debug/model9_tests
Users/ittehad/Documents/Coding/Python/Turing/Tester_cpp_codebench/tasks/474303/build/MinSizeRel/model9_tests
Users/ittehad/Documents/Coding/Python/Turing/Tester_cpp_codebench/tasks/474303/build/MinSizeRel/model9_tests
Users/ittehad/Documents/Coding/Python/Turing/Tester_cpp_codebench/tasks/474303/build/RelWithDebInfo/model9_tests
Users/ittehad/Documents/Coding/Python/Turing/Tester_cpp_codebench/tasks/474303/build/RelWithDebInfo/model9_tests
Users/ittehad/Documents/Coding/Python/Turing/Tester_cpp_codebench/tasks/474303/build/Deployment/model9_tests
Users/ittehad/Documents/Coding/Python/Turing/Tester_cpp_codebench/tasks/474303/build/Deployment/model9_tests
Users/ittehad/Documents/Coding/Python/Turing/Tester_cpp_codebench/tasks/474303/build/Development/model9_tests
Users/ittehad/Documents/Coding/Python/Turing/Tester_cpp_codebench/tasks/474303/build/Development/model9_tests
Unable to find executable: /Users/ittehad/Documents/Coding/Python/Turing/Tester_cpp_codebench/tasks/474303/build/model9_tests
11/11 Test #11: model9_tests .....................***Not Run   0.00 sec

0% tests passed, 11 tests failed out of 11

Total Test time (real) =   7.47 sec

The following tests FAILED:
	  1 - incorrect_solution_tests (Not Run)
	  2 - model1_tests (Failed)
	  3 - model10_tests (Not Run)
	  4 - model2_tests (Failed)
	  5 - model3_tests (Failed)
	  6 - model4_tests (Failed)
	  7 - model5_tests (Timeout)
	  8 - model6_tests (Not Run)
	  9 - model7_tests (Not Run)
	 10 - model8_tests (Not Run)
	 11 - model9_tests (Not Run)
Errors while running CTest
Output from these tests are in: /Users/ittehad/Documents/Coding/Python/Turing/Tester_cpp_codebench/tasks/474303/build/Testing/Temporary/LastTest.log
Use "--rerun-failed --output-on-failure" to re-run the failed cases verbosely.
