UpdateCTestConfiguration  from :/Users/ittehad/Documents/Coding/Python/Turing/Tester_cpp_codebench/tasks/621283/build/DartConfiguration.tcl
UpdateCTestConfiguration  from :/Users/ittehad/Documents/Coding/Python/Turing/Tester_cpp_codebench/tasks/621283/build/DartConfiguration.tcl
Test project /Users/ittehad/Documents/Coding/Python/Turing/Tester_cpp_codebench/tasks/621283/build
Constructing a list of tests
Done constructing a list of tests
Updating test list for fixtures
Added 0 tests to meet fixture requirements
Checking test dependency graph...
Checking test dependency graph end
test 1
      Start  1: incorrect_solution_tests

1: Test command: /Users/ittehad/Documents/Coding/Python/Turing/Tester_cpp_codebench/tasks/621283/build/incorrect_solution_tests
1: Working Directory: /Users/ittehad/Documents/Coding/Python/Turing/Tester_cpp_codebench/tasks/621283/build
1: Test timeout computed to be: 5
1: Running main() from /Users/ittehad/Documents/Coding/Python/Turing/Tester_cpp_codebench/tasks/621283/build/_deps/googletest-src/googletest/src/gtest_main.cc
1: [==========] Running 1 test from 1 test suite.
1: [----------] Global test environment set-up.
1: [----------] 1 test from SolutionTest
1: [ RUN      ] SolutionTest.TestCases
1: /Users/ittehad/Documents/Coding/Python/Turing/Tester_cpp_codebench/tasks/621283/test.cpp:8: Failure
1: Expected equality of these values:
1:   solution(17, 27, {257, 320, 676, 1136, 2068, 2505, 2639, 4225, 4951, 5786, 7677, 7697, 7851, 8337, 8429, 8469, 9343})
1:     Which is: 82366
1:   81852
1: 
1: /Users/ittehad/Documents/Coding/Python/Turing/Tester_cpp_codebench/tasks/621283/test.cpp:12: Failure
1: Expected equality of these values:
1:   solution(4, 1, {218, 3441, 4901, 7601})
1:     Which is: 16161
1:   15725
1: 
1: /Users/ittehad/Documents/Coding/Python/Turing/Tester_cpp_codebench/tasks/621283/test.cpp:16: Failure
1: Expected equality of these values:
1:   solution(1, 1, {10000})
1:     Which is: 10000
1:   -10000
1: 
1: /Users/ittehad/Documents/Coding/Python/Turing/Tester_cpp_codebench/tasks/621283/test.cpp:17: Failure
1: Expected equality of these values:
1:   solution(1, 2, {-1})
1:     Which is: 1
1:   -1
1: 
1: /Users/ittehad/Documents/Coding/Python/Turing/Tester_cpp_codebench/tasks/621283/test.cpp:20: Failure
1: Expected equality of these values:
1:   solution(5, 6, {-3, -2, -1, 5, 6})
1:     Which is: 17
1:   15
1: 
1: /Users/ittehad/Documents/Coding/Python/Turing/Tester_cpp_codebench/tasks/621283/test.cpp:21: Failure
1: Expected equality of these values:
1:   solution(3, 3, {-50, -10, 30})
1:     Which is: 90
1:   70
1: 
1: /Users/ittehad/Documents/Coding/Python/Turing/Tester_cpp_codebench/tasks/621283/test.cpp:22: Failure
1: Expected equality of these values:
1:   solution(4, 4, {-100, -90, -80, 1})
1:     Which is: 271
1:   269
1: 
1: /Users/ittehad/Documents/Coding/Python/Turing/Tester_cpp_codebench/tasks/621283/test.cpp:23: Failure
1: Expected equality of these values:
1:   solution(4, 3, {-3, -2, 1, 2})
1:     Which is: 8
1:   6
1: 
1: /Users/ittehad/Documents/Coding/Python/Turing/Tester_cpp_codebench/tasks/621283/test.cpp:24: Failure
1: Expected equality of these values:
1:   solution(6, 4, {-6, -3, -2, 1, 2, 3})
1:     Which is: 17
1:   15
1: 
1: /Users/ittehad/Documents/Coding/Python/Turing/Tester_cpp_codebench/tasks/621283/test.cpp:25: Failure
1: Expected equality of these values:
1:   solution(5, 6, {-10, -9, -8, 1, 2})
1:     Which is: 30
1:   28
1: 
1: /Users/ittehad/Documents/Coding/Python/Turing/Tester_cpp_codebench/tasks/621283/test.cpp:27: Failure
1: Expected equality of these values:
1:   solution(2, 2, {-1, 3})
1:     Which is: 4
1:   2
1: 
1: /Users/ittehad/Documents/Coding/Python/Turing/Tester_cpp_codebench/tasks/621283/test.cpp:28: Failure
1: Expected equality of these values:
1:   solution(4, 7, {-3, -2, 1, 6})
1:     Which is: 12
1:   10
1: 
1: /Users/ittehad/Documents/Coding/Python/Turing/Tester_cpp_codebench/tasks/621283/test.cpp:29: Failure
1: Expected equality of these values:
1:   solution(4, 3, {-7, -6, 1, 5})
1:     Which is: 19
1:   17
1: 
1: [  FAILED  ] SolutionTest.TestCases (1 ms)
1: [----------] 1 test from SolutionTest (1 ms total)
1: 
1: [----------] Global test environment tear-down
1: [==========] 1 test from 1 test suite ran. (1 ms total)
1: [  PASSED  ] 0 tests.
1: [  FAILED  ] 1 test, listed below:
1: [  FAILED  ] SolutionTest.TestCases
1: 
1:  1 FAILED TEST
 1/11 Test  #1: incorrect_solution_tests .........***Failed    0.38 sec
test 2
      Start  2: model1_tests

2: Test command: /Users/ittehad/Documents/Coding/Python/Turing/Tester_cpp_codebench/tasks/621283/build/model1_tests
2: Working Directory: /Users/ittehad/Documents/Coding/Python/Turing/Tester_cpp_codebench/tasks/621283/build
2: Test timeout computed to be: 5
2: Running main() from /Users/ittehad/Documents/Coding/Python/Turing/Tester_cpp_codebench/tasks/621283/build/_deps/googletest-src/googletest/src/gtest_main.cc
2: [==========] Running 1 test from 1 test suite.
2: [----------] Global test environment set-up.
2: [----------] 1 test from SolutionTest
2: [ RUN      ] SolutionTest.TestCases
2: /Users/ittehad/Documents/Coding/Python/Turing/Tester_cpp_codebench/tasks/621283/test.cpp:5: Failure
2: Expected equality of these values:
2:   solution(3, 2, {-1, -1, 2})
2:     Which is: 0
2:   4
2: 
2: /Users/ittehad/Documents/Coding/Python/Turing/Tester_cpp_codebench/tasks/621283/test.cpp:9: Failure
2: Expected equality of these values:
2:   solution(69, 28, {-9822, -9264, -9253, -9221, -9139, -9126, -9096, -8981, -8521, -8313, -8257, -8253, -7591, -7587, -7301, -7161, -7001, -6847, -6441, -6241, -5949, -5896, -5713, -5692, -5644, -5601, -5545, -5525, -5331, -5253, -5041, -5000, -4951, -4855, -4384, -4293, -4251, -4001, -3991, -3762, -3544, -3481, -3261, -2983, -2882, -2857, -2713, -2691, -2681, -2653, -2221, -2043, -2011, -1997, -1601, -1471, -1448, -1363, -1217, -1217, -1129, -961, -926, -801, -376, -327, -305, -174, -91})
2:     Which is: 219757
2:   102443
2: 
2: /Users/ittehad/Documents/Coding/Python/Turing/Tester_cpp_codebench/tasks/621283/test.cpp:11: Failure
2: Expected equality of these values:
2:   solution(78, 13, {-9961, -9922, -9817, -9813, -9521, -9368, -9361, -9207, -9153, -9124, -9008, -8981, -8951, -8911, -8551, -8479, -8245, -8216, -7988, -7841, -7748, -7741, -7734, -7101, -6846, -6804, -6651, -6526, -6519, -6463, -6297, -6148, -6090, -5845, -5209, -5201, -5161, -5061, -4537, -4529, -4433, -4370, -4266, -4189, -4125, -3945, -3843, -3777, -3751, -3476, -3461, -3279, -3205, -3001, -2889, -2761, -2661, -2521, -2481, -2305, -2278, -2269, -2225, -1648, -1524, -1476, -1353, -1097, -867, -785, -741, -711, -692, -440, -401, -225, -65, -41})
2:     Which is: 374418
2:   -147832
2: 
2: /Users/ittehad/Documents/Coding/Python/Turing/Tester_cpp_codebench/tasks/621283/test.cpp:13: Failure
2: Expected equality of these values:
2:   solution(73, 26, {-8497, -8363, -7603, -7388, -6830, -6827, -6685, -6389, -6237, -6099, -6013, -5565, -5465, -4965, -4947, -4201, -3851, -3793, -3421, -3410, -3201, -3169, -3156, -2976, -2701, -2623, -2321, -2169, -1469, -1221, -950, -926, -9, 47, 236, 457, 773, 1321, 1485, 1545, 1671, 1736, 2014, 2137, 2174, 2301, 2625, 3181, 3536, 3851, 4041, 4685, 4981, 4987, 5145, 5163, 5209, 5249, 6011, 6337, 6790, 7254, 7361, 7407, 7969, 7982, 8083, 8251, 8407, 8735, 9660, 9855, 9957})
2:     Which is: 245625
2:   315919
2: 
2: /Users/ittehad/Documents/Coding/Python/Turing/Tester_cpp_codebench/tasks/621283/test.cpp:14: Failure
2: Expected equality of these values:
2:   solution(53, 5, {-9821, -9429, -9146, -8973, -8807, -8801, -8321, -7361, -7222, -7161, -6913, -5961, -4877, -4756, -4753, -4661, -3375, -3031, -2950, -2661, -2161, -2041, -1111, -1071, -905, -697, -397, 323, 772, 1617, 1752, 2736, 2737, 3201, 3465, 4029, 4121, 4463, 4561, 4637, 4814, 6119, 6610, 6641, 6961, 7217, 7523, 8045, 8610, 8915, 9004, 9265, 9576})
2:     Which is: 268889
2:   92703
2: 
2: [  FAILED  ] SolutionTest.TestCases (0 ms)
2: [----------] 1 test from SolutionTest (0 ms total)
2: 
2: [----------] Global test environment tear-down
2: [==========] 1 test from 1 test suite ran. (0 ms total)
2: [  PASSED  ] 0 tests.
2: [  FAILED  ] 1 test, listed below:
2: [  FAILED  ] SolutionTest.TestCases
2: 
2:  1 FAILED TEST
 2/11 Test  #2: model1_tests .....................***Failed    0.32 sec
test 3
      Start  3: model10_tests

3: Test command: /Users/ittehad/Documents/Coding/Python/Turing/Tester_cpp_codebench/tasks/621283/build/model10_tests
3: Working Directory: /Users/ittehad/Documents/Coding/Python/Turing/Tester_cpp_codebench/tasks/621283/build
3: Test timeout computed to be: 5
3: Running main() from /Users/ittehad/Documents/Coding/Python/Turing/Tester_cpp_codebench/tasks/621283/build/_deps/googletest-src/googletest/src/gtest_main.cc
3: [==========] Running 1 test from 1 test suite.
3: [----------] Global test environment set-up.
3: [----------] 1 test from SolutionTest
3: [ RUN      ] SolutionTest.TestCases
3: /Users/ittehad/Documents/Coding/Python/Turing/Tester_cpp_codebench/tasks/621283/test.cpp:8: Failure
3: Expected equality of these values:
3:   solution(17, 27, {257, 320, 676, 1136, 2068, 2505, 2639, 4225, 4951, 5786, 7677, 7697, 7851, 8337, 8429, 8469, 9343})
3:     Which is: -82366
3:   81852
3: 
3: /Users/ittehad/Documents/Coding/Python/Turing/Tester_cpp_codebench/tasks/621283/test.cpp:10: Failure
3: Expected equality of these values:
3:   solution(12, 28, {-6652, -6621, -6471, -5559, -5326, -4551, -4401, -4326, -3294, -1175, -1069, -43})
3:     Which is: -49488
3:   49488
3: 
3: /Users/ittehad/Documents/Coding/Python/Turing/Tester_cpp_codebench/tasks/621283/test.cpp:18: Failure
3: Expected equality of these values:
3:   solution(2, 1, {0, 1})
3:     Which is: -1
3:   1
3: 
3: /Users/ittehad/Documents/Coding/Python/Turing/Tester_cpp_codebench/tasks/621283/test.cpp:19: Failure
3: Expected equality of these values:
3:   solution(2, 2, {-1, 0})
3:     Which is: -1
3:   1
3: 
3: /Users/ittehad/Documents/Coding/Python/Turing/Tester_cpp_codebench/tasks/621283/test.cpp:20: Failure
3: Expected equality of these values:
3:   solution(5, 6, {-3, -2, -1, 5, 6})
3:     Which is: 5
3:   15
3: 
3: /Users/ittehad/Documents/Coding/Python/Turing/Tester_cpp_codebench/tasks/621283/test.cpp:21: Failure
3: Expected equality of these values:
3:   solution(3, 3, {-50, -10, 30})
3:     Which is: -10
3:   70
3: 
3: /Users/ittehad/Documents/Coding/Python/Turing/Tester_cpp_codebench/tasks/621283/test.cpp:22: Failure
3: Expected equality of these values:
3:   solution(4, 4, {-100, -90, -80, 1})
3:     Which is: 71
3:   269
3: 
3: /Users/ittehad/Documents/Coding/Python/Turing/Tester_cpp_codebench/tasks/621283/test.cpp:23: Failure
3: Expected equality of these values:
3:   solution(4, 3, {-3, -2, 1, 2})
3:     Which is: 2
3:   6
3: 
3: /Users/ittehad/Documents/Coding/Python/Turing/Tester_cpp_codebench/tasks/621283/test.cpp:24: Failure
3: Expected equality of these values:
3:   solution(6, 4, {-6, -3, -2, 1, 2, 3})
3:     Which is: 5
3:   15
3: 
3: /Users/ittehad/Documents/Coding/Python/Turing/Tester_cpp_codebench/tasks/621283/test.cpp:25: Failure
3: Expected equality of these values:
3:   solution(5, 6, {-10, -9, -8, 1, 2})
3:     Which is: -24
3:   28
3: 
3: /Users/ittehad/Documents/Coding/Python/Turing/Tester_cpp_codebench/tasks/621283/test.cpp:26: Failure
3: Expected equality of these values:
3:   solution(1, 2, {1})
3:     Which is: -1
3:   1
3: 
3: /Users/ittehad/Documents/Coding/Python/Turing/Tester_cpp_codebench/tasks/621283/test.cpp:28: Failure
3: Expected equality of these values:
3:   solution(4, 7, {-3, -2, 1, 6})
3:     Which is: -12
3:   10
3: 
3: /Users/ittehad/Documents/Coding/Python/Turing/Tester_cpp_codebench/tasks/621283/test.cpp:29: Failure
3: Expected equality of these values:
3:   solution(4, 3, {-7, -6, 1, 5})
3:     Which is: 5
3:   17
3: 
3: /Users/ittehad/Documents/Coding/Python/Turing/Tester_cpp_codebench/tasks/621283/test.cpp:30: Failure
3: Expected equality of these values:
3:   solution(4, 4, {-5, -1, 1, 2})
3:     Which is: -3
3:   9
3: 
3: [  FAILED  ] SolutionTest.TestCases (0 ms)
3: [----------] 1 test from SolutionTest (0 ms total)
3: 
3: [----------] Global test environment tear-down
3: [==========] 1 test from 1 test suite ran. (0 ms total)
3: [  PASSED  ] 0 tests.
3: [  FAILED  ] 1 test, listed below:
3: [  FAILED  ] SolutionTest.TestCases
3: 
3:  1 FAILED TEST
 3/11 Test  #3: model10_tests ....................***Failed    0.33 sec
test 4
      Start  4: model2_tests

4: Test command: /Users/ittehad/Documents/Coding/Python/Turing/Tester_cpp_codebench/tasks/621283/build/model2_tests
4: Working Directory: /Users/ittehad/Documents/Coding/Python/Turing/Tester_cpp_codebench/tasks/621283/build
4: Test timeout computed to be: 5
4: Running main() from /Users/ittehad/Documents/Coding/Python/Turing/Tester_cpp_codebench/tasks/621283/build/_deps/googletest-src/googletest/src/gtest_main.cc
4: [==========] Running 1 test from 1 test suite.
4: [----------] Global test environment set-up.
4: [----------] 1 test from SolutionTest
4: [ RUN      ] SolutionTest.TestCases
4: [       OK ] SolutionTest.TestCases (0 ms)
4: [----------] 1 test from SolutionTest (0 ms total)
4: 
4: [----------] Global test environment tear-down
4: [==========] 1 test from 1 test suite ran. (0 ms total)
4: [  PASSED  ] 1 test.
 4/11 Test  #4: model2_tests .....................   Passed    0.31 sec
test 5
      Start  5: model3_tests

5: Test command: /Users/ittehad/Documents/Coding/Python/Turing/Tester_cpp_codebench/tasks/621283/build/model3_tests
5: Working Directory: /Users/ittehad/Documents/Coding/Python/Turing/Tester_cpp_codebench/tasks/621283/build
5: Test timeout computed to be: 5
5: Running main() from /Users/ittehad/Documents/Coding/Python/Turing/Tester_cpp_codebench/tasks/621283/build/_deps/googletest-src/googletest/src/gtest_main.cc
5: [==========] Running 1 test from 1 test suite.
5: [----------] Global test environment set-up.
5: [----------] 1 test from SolutionTest
5: [ RUN      ] SolutionTest.TestCases
5: [       OK ] SolutionTest.TestCases (0 ms)
5: [----------] 1 test from SolutionTest (0 ms total)
5: 
5: [----------] Global test environment tear-down
5: [==========] 1 test from 1 test suite ran. (0 ms total)
5: [  PASSED  ] 1 test.
 5/11 Test  #5: model3_tests .....................   Passed    0.31 sec
test 6
      Start  6: model4_tests

6: Test command: /Users/ittehad/Documents/Coding/Python/Turing/Tester_cpp_codebench/tasks/621283/build/model4_tests
6: Working Directory: /Users/ittehad/Documents/Coding/Python/Turing/Tester_cpp_codebench/tasks/621283/build
6: Test timeout computed to be: 5
6: Running main() from /Users/ittehad/Documents/Coding/Python/Turing/Tester_cpp_codebench/tasks/621283/build/_deps/googletest-src/googletest/src/gtest_main.cc
6: [==========] Running 1 test from 1 test suite.
6: [----------] Global test environment set-up.
6: [----------] 1 test from SolutionTest
6: [ RUN      ] SolutionTest.TestCases
6: [       OK ] SolutionTest.TestCases (0 ms)
6: [----------] 1 test from SolutionTest (0 ms total)
6: 
6: [----------] Global test environment tear-down
6: [==========] 1 test from 1 test suite ran. (0 ms total)
6: [  PASSED  ] 1 test.
 6/11 Test  #6: model4_tests .....................   Passed    0.31 sec
test 7
      Start  7: model5_tests

7: Test command: /Users/ittehad/Documents/Coding/Python/Turing/Tester_cpp_codebench/tasks/621283/build/model5_tests
7: Working Directory: /Users/ittehad/Documents/Coding/Python/Turing/Tester_cpp_codebench/tasks/621283/build
7: Test timeout computed to be: 5
7: Running main() from /Users/ittehad/Documents/Coding/Python/Turing/Tester_cpp_codebench/tasks/621283/build/_deps/googletest-src/googletest/src/gtest_main.cc
7: [==========] Running 1 test from 1 test suite.
7: [----------] Global test environment set-up.
7: [----------] 1 test from SolutionTest
7: [ RUN      ] SolutionTest.TestCases
7: [       OK ] SolutionTest.TestCases (0 ms)
7: [----------] 1 test from SolutionTest (0 ms total)
7: 
7: [----------] Global test environment tear-down
7: [==========] 1 test from 1 test suite ran. (0 ms total)
7: [  PASSED  ] 1 test.
 7/11 Test  #7: model5_tests .....................   Passed    0.33 sec
test 8
      Start  8: model6_tests

8: Test command: /Users/ittehad/Documents/Coding/Python/Turing/Tester_cpp_codebench/tasks/621283/build/model6_tests
8: Working Directory: /Users/ittehad/Documents/Coding/Python/Turing/Tester_cpp_codebench/tasks/621283/build
8: Test timeout computed to be: 5
8: Running main() from /Users/ittehad/Documents/Coding/Python/Turing/Tester_cpp_codebench/tasks/621283/build/_deps/googletest-src/googletest/src/gtest_main.cc
8: [==========] Running 1 test from 1 test suite.
8: [----------] Global test environment set-up.
8: [----------] 1 test from SolutionTest
8: [ RUN      ] SolutionTest.TestCases
8: /Users/ittehad/Documents/Coding/Python/Turing/Tester_cpp_codebench/tasks/621283/test.cpp:8: Failure
8: Expected equality of these values:
8:   solution(17, 27, {257, 320, 676, 1136, 2068, 2505, 2639, 4225, 4951, 5786, 7677, 7697, 7851, 8337, 8429, 8469, 9343})
8:     Which is: 82366
8:   81852
8: 
8: /Users/ittehad/Documents/Coding/Python/Turing/Tester_cpp_codebench/tasks/621283/test.cpp:12: Failure
8: Expected equality of these values:
8:   solution(4, 1, {218, 3441, 4901, 7601})
8:     Which is: 16161
8:   15725
8: 
8: /Users/ittehad/Documents/Coding/Python/Turing/Tester_cpp_codebench/tasks/621283/test.cpp:16: Failure
8: Expected equality of these values:
8:   solution(1, 1, {10000})
8:     Which is: 10000
8:   -10000
8: 
8: /Users/ittehad/Documents/Coding/Python/Turing/Tester_cpp_codebench/tasks/621283/test.cpp:17: Failure
8: Expected equality of these values:
8:   solution(1, 2, {-1})
8:     Which is: 1
8:   -1
8: 
8: /Users/ittehad/Documents/Coding/Python/Turing/Tester_cpp_codebench/tasks/621283/test.cpp:20: Failure
8: Expected equality of these values:
8:   solution(5, 6, {-3, -2, -1, 5, 6})
8:     Which is: 17
8:   15
8: 
8: /Users/ittehad/Documents/Coding/Python/Turing/Tester_cpp_codebench/tasks/621283/test.cpp:21: Failure
8: Expected equality of these values:
8:   solution(3, 3, {-50, -10, 30})
8:     Which is: 90
8:   70
8: 
8: /Users/ittehad/Documents/Coding/Python/Turing/Tester_cpp_codebench/tasks/621283/test.cpp:22: Failure
8: Expected equality of these values:
8:   solution(4, 4, {-100, -90, -80, 1})
8:     Which is: 271
8:   269
8: 
8: /Users/ittehad/Documents/Coding/Python/Turing/Tester_cpp_codebench/tasks/621283/test.cpp:23: Failure
8: Expected equality of these values:
8:   solution(4, 3, {-3, -2, 1, 2})
8:     Which is: 8
8:   6
8: 
8: /Users/ittehad/Documents/Coding/Python/Turing/Tester_cpp_codebench/tasks/621283/test.cpp:24: Failure
8: Expected equality of these values:
8:   solution(6, 4, {-6, -3, -2, 1, 2, 3})
8:     Which is: 17
8:   15
8: 
8: /Users/ittehad/Documents/Coding/Python/Turing/Tester_cpp_codebench/tasks/621283/test.cpp:25: Failure
8: Expected equality of these values:
8:   solution(5, 6, {-10, -9, -8, 1, 2})
8:     Which is: 30
8:   28
8: 
8: /Users/ittehad/Documents/Coding/Python/Turing/Tester_cpp_codebench/tasks/621283/test.cpp:27: Failure
8: Expected equality of these values:
8:   solution(2, 2, {-1, 3})
8:     Which is: 4
8:   2
8: 
8: /Users/ittehad/Documents/Coding/Python/Turing/Tester_cpp_codebench/tasks/621283/test.cpp:28: Failure
8: Expected equality of these values:
8:   solution(4, 7, {-3, -2, 1, 6})
8:     Which is: 12
8:   10
8: 
8: /Users/ittehad/Documents/Coding/Python/Turing/Tester_cpp_codebench/tasks/621283/test.cpp:29: Failure
8: Expected equality of these values:
8:   solution(4, 3, {-7, -6, 1, 5})
8:     Which is: 19
8:   17
8: 
8: [  FAILED  ] SolutionTest.TestCases (0 ms)
8: [----------] 1 test from SolutionTest (0 ms total)
8: 
8: [----------] Global test environment tear-down
8: [==========] 1 test from 1 test suite ran. (0 ms total)
8: [  PASSED  ] 0 tests.
8: [  FAILED  ] 1 test, listed below:
8: [  FAILED  ] SolutionTest.TestCases
8: 
8:  1 FAILED TEST
 8/11 Test  #8: model6_tests .....................***Failed    0.32 sec
test 9
      Start  9: model7_tests

9: Test command: /Users/ittehad/Documents/Coding/Python/Turing/Tester_cpp_codebench/tasks/621283/build/model7_tests
9: Working Directory: /Users/ittehad/Documents/Coding/Python/Turing/Tester_cpp_codebench/tasks/621283/build
9: Test timeout computed to be: 5
9: Running main() from /Users/ittehad/Documents/Coding/Python/Turing/Tester_cpp_codebench/tasks/621283/build/_deps/googletest-src/googletest/src/gtest_main.cc
9: [==========] Running 1 test from 1 test suite.
9: [----------] Global test environment set-up.
9: [----------] 1 test from SolutionTest
9: [ RUN      ] SolutionTest.TestCases
9: /Users/ittehad/Documents/Coding/Python/Turing/Tester_cpp_codebench/tasks/621283/test.cpp:5: Failure
9: Expected equality of these values:
9:   solution(3, 2, {-1, -1, 2})
9:     Which is: -2
9:   4
9: 
 9/11 Test  #9: model7_tests .....................***Exception: SegFault  0.34 sec
test 10
      Start 10: model8_tests

10: Test command: /Users/ittehad/Documents/Coding/Python/Turing/Tester_cpp_codebench/tasks/621283/build/model8_tests
10: Working Directory: /Users/ittehad/Documents/Coding/Python/Turing/Tester_cpp_codebench/tasks/621283/build
10: Test timeout computed to be: 5
10: Running main() from /Users/ittehad/Documents/Coding/Python/Turing/Tester_cpp_codebench/tasks/621283/build/_deps/googletest-src/googletest/src/gtest_main.cc
10: [==========] Running 1 test from 1 test suite.
10: [----------] Global test environment set-up.
10: [----------] 1 test from SolutionTest
10: [ RUN      ] SolutionTest.TestCases
10: /Users/ittehad/Documents/Coding/Python/Turing/Tester_cpp_codebench/tasks/621283/test.cpp:8: Failure
10: Expected equality of these values:
10:   solution(17, 27, {257, 320, 676, 1136, 2068, 2505, 2639, 4225, 4951, 5786, 7677, 7697, 7851, 8337, 8429, 8469, 9343})
10:     Which is: 82366
10:   81852
10: 
10: /Users/ittehad/Documents/Coding/Python/Turing/Tester_cpp_codebench/tasks/621283/test.cpp:12: Failure
10: Expected equality of these values:
10:   solution(4, 1, {218, 3441, 4901, 7601})
10:     Which is: 16161
10:   15725
10: 
10: /Users/ittehad/Documents/Coding/Python/Turing/Tester_cpp_codebench/tasks/621283/test.cpp:16: Failure
10: Expected equality of these values:
10:   solution(1, 1, {10000})
10:     Which is: 10000
10:   -10000
10: 
10: /Users/ittehad/Documents/Coding/Python/Turing/Tester_cpp_codebench/tasks/621283/test.cpp:17: Failure
10: Expected equality of these values:
10:   solution(1, 2, {-1})
10:     Which is: 1
10:   -1
10: 
10: /Users/ittehad/Documents/Coding/Python/Turing/Tester_cpp_codebench/tasks/621283/test.cpp:20: Failure
10: Expected equality of these values:
10:   solution(5, 6, {-3, -2, -1, 5, 6})
10:     Which is: 17
10:   15
10: 
10: /Users/ittehad/Documents/Coding/Python/Turing/Tester_cpp_codebench/tasks/621283/test.cpp:21: Failure
10: Expected equality of these values:
10:   solution(3, 3, {-50, -10, 30})
10:     Which is: 90
10:   70
10: 
10: /Users/ittehad/Documents/Coding/Python/Turing/Tester_cpp_codebench/tasks/621283/test.cpp:22: Failure
10: Expected equality of these values:
10:   solution(4, 4, {-100, -90, -80, 1})
10:     Which is: 271
10:   269
10: 
10: /Users/ittehad/Documents/Coding/Python/Turing/Tester_cpp_codebench/tasks/621283/test.cpp:23: Failure
10: Expected equality of these values:
10:   solution(4, 3, {-3, -2, 1, 2})
10:     Which is: 8
10:   6
10: 
10: /Users/ittehad/Documents/Coding/Python/Turing/Tester_cpp_codebench/tasks/621283/test.cpp:24: Failure
10: Expected equality of these values:
10:   solution(6, 4, {-6, -3, -2, 1, 2, 3})
10:     Which is: 17
10:   15
10: 
10: /Users/ittehad/Documents/Coding/Python/Turing/Tester_cpp_codebench/tasks/621283/test.cpp:25: Failure
10: Expected equality of these values:
10:   solution(5, 6, {-10, -9, -8, 1, 2})
10:     Which is: 30
10:   28
10: 
10: /Users/ittehad/Documents/Coding/Python/Turing/Tester_cpp_codebench/tasks/621283/test.cpp:27: Failure
10: Expected equality of these values:
10:   solution(2, 2, {-1, 3})
10:     Which is: 4
10:   2
10: 
10: /Users/ittehad/Documents/Coding/Python/Turing/Tester_cpp_codebench/tasks/621283/test.cpp:28: Failure
10: Expected equality of these values:
10:   solution(4, 7, {-3, -2, 1, 6})
10:     Which is: 12
10:   10
10: 
10: /Users/ittehad/Documents/Coding/Python/Turing/Tester_cpp_codebench/tasks/621283/test.cpp:29: Failure
10: Expected equality of these values:
10:   solution(4, 3, {-7, -6, 1, 5})
10:     Which is: 19
10:   17
10: 
10: [  FAILED  ] SolutionTest.TestCases (0 ms)
10: [----------] 1 test from SolutionTest (0 ms total)
10: 
10: [----------] Global test environment tear-down
10: [==========] 1 test from 1 test suite ran. (0 ms total)
10: [  PASSED  ] 0 tests.
10: [  FAILED  ] 1 test, listed below:
10: [  FAILED  ] SolutionTest.TestCases
10: 
10:  1 FAILED TEST
10/11 Test #10: model8_tests .....................***Failed    0.38 sec
test 11
      Start 11: model9_tests

11: Test command: /Users/ittehad/Documents/Coding/Python/Turing/Tester_cpp_codebench/tasks/621283/build/model9_tests
11: Working Directory: /Users/ittehad/Documents/Coding/Python/Turing/Tester_cpp_codebench/tasks/621283/build
11: Test timeout computed to be: 5
11: Running main() from /Users/ittehad/Documents/Coding/Python/Turing/Tester_cpp_codebench/tasks/621283/build/_deps/googletest-src/googletest/src/gtest_main.cc
11: [==========] Running 1 test from 1 test suite.
11: [----------] Global test environment set-up.
11: [----------] 1 test from SolutionTest
11: [ RUN      ] SolutionTest.TestCases
11: /Users/ittehad/Documents/Coding/Python/Turing/Tester_cpp_codebench/tasks/621283/test.cpp:5: Failure
11: Expected equality of these values:
11:   solution(3, 2, {-1, -1, 2})
11:     Which is: -4
11:   4
11: 
11: /Users/ittehad/Documents/Coding/Python/Turing/Tester_cpp_codebench/tasks/621283/test.cpp:6: Failure
11: Expected equality of these values:
11:   solution(3, 1, {-1, -1, 1})
11:     Which is: -3
11:   1
11: 
11: /Users/ittehad/Documents/Coding/Python/Turing/Tester_cpp_codebench/tasks/621283/test.cpp:7: Failure
11: Expected equality of these values:
11:   solution(3, 1, {-1, -1, 1})
11:     Which is: -3
11:   1
11: 
11: /Users/ittehad/Documents/Coding/Python/Turing/Tester_cpp_codebench/tasks/621283/test.cpp:8: Failure
11: Expected equality of these values:
11:   solution(17, 27, {257, 320, 676, 1136, 2068, 2505, 2639, 4225, 4951, 5786, 7677, 7697, 7851, 8337, 8429, 8469, 9343})
11:     Which is: -82366
11:   81852
11: 
11: /Users/ittehad/Documents/Coding/Python/Turing/Tester_cpp_codebench/tasks/621283/test.cpp:9: Failure
11: Expected equality of these values:
11:   solution(69, 28, {-9822, -9264, -9253, -9221, -9139, -9126, -9096, -8981, -8521, -8313, -8257, -8253, -7591, -7587, -7301, -7161, -7001, -6847, -6441, -6241, -5949, -5896, -5713, -5692, -5644, -5601, -5545, -5525, -5331, -5253, -5041, -5000, -4951, -4855, -4384, -4293, -4251, -4001, -3991, -3762, -3544, -3481, -3261, -2983, -2882, -2857, -2713, -2691, -2681, -2653, -2221, -2043, -2011, -1997, -1601, -1471, -1448, -1363, -1217, -1217, -1129, -961, -926, -801, -376, -327, -305, -174, -91})
11:     Which is: -315519
11:   102443
11: 
11: /Users/ittehad/Documents/Coding/Python/Turing/Tester_cpp_codebench/tasks/621283/test.cpp:10: Failure
11: Expected equality of these values:
11:   solution(12, 28, {-6652, -6621, -6471, -5559, -5326, -4551, -4401, -4326, -3294, -1175, -1069, -43})
11:     Which is: -49488
11:   49488
11: 
11: /Users/ittehad/Documents/Coding/Python/Turing/Tester_cpp_codebench/tasks/621283/test.cpp:11: Failure
11: Expected equality of these values:
11:   solution(78, 13, {-9961, -9922, -9817, -9813, -9521, -9368, -9361, -9207, -9153, -9124, -9008, -8981, -8951, -8911, -8551, -8479, -8245, -8216, -7988, -7841, -7748, -7741, -7734, -7101, -6846, -6804, -6651, -6526, -6519, -6463, -6297, -6148, -6090, -5845, -5209, -5201, -5161, -5061, -4537, -4529, -4433, -4370, -4266, -4189, -4125, -3945, -3843, -3777, -3751, -3476, -3461, -3279, -3205, -3001, -2889, -2761, -2661, -2521, -2481, -2305, -2278, -2269, -2225, -1648, -1524, -1476, -1353, -1097, -867, -785, -741, -711, -692, -440, -401, -225, -65, -41})
11:     Which is: -392206
11:   -147832
11: 
11: /Users/ittehad/Documents/Coding/Python/Turing/Tester_cpp_codebench/tasks/621283/test.cpp:12: Failure
11: Expected equality of these values:
11:   solution(4, 1, {218, 3441, 4901, 7601})
11:     Which is: 959
11:   15725
11: 
11: /Users/ittehad/Documents/Coding/Python/Turing/Tester_cpp_codebench/tasks/621283/teErrors while running CTest
Output from these tests are in: /Users/ittehad/Documents/Coding/Python/Turing/Tester_cpp_codebench/tasks/621283/build/Testing/Temporary/LastTest.log
Use "--rerun-failed --output-on-failure" to re-run the failed cases verbosely.
st.cpp:13: Failure
11: Expected equality of these values:
11:   solution(73, 26, {-8497, -8363, -7603, -7388, -6830, -6827, -6685, -6389, -6237, -6099, -6013, -5565, -5465, -4965, -4947, -4201, -3851, -3793, -3421, -3410, -3201, -3169, -3156, -2976, -2701, -2623, -2321, -2169, -1469, -1221, -950, -926, -9, 47, 236, 457, 773, 1321, 1485, 1545, 1671, 1736, 2014, 2137, 2174, 2301, 2625, 3181, 3536, 3851, 4041, 4685, 4981, 4987, 5145, 5163, 5209, 5249, 6011, 6337, 6790, 7254, 7361, 7407, 7969, 7982, 8083, 8251, 8407, 8735, 9660, 9855, 9957})
11:     Which is: -293005
11:   315919
11: 
11: /Users/ittehad/Documents/Coding/Python/Turing/Tester_cpp_codebench/tasks/621283/test.cpp:14: Failure
11: Expected equality of these values:
11:   solution(53, 5, {-9821, -9429, -9146, -8973, -8807, -8801, -8321, -7361, -7222, -7161, -6913, -5961, -4877, -4756, -4753, -4661, -3375, -3031, -2950, -2661, -2161, -2041, -1111, -1071, -905, -697, -397, 323, 772, 1617, 1752, 2736, 2737, 3201, 3465, 4029, 4121, 4463, 4561, 4637, 4814, 6119, 6610, 6641, 6961, 7217, 7523, 8045, 8610, 8915, 9004, 9265, 9576})
11:     Which is: -90389
11:   92703
11: 
11: /Users/ittehad/Documents/Coding/Python/Turing/Tester_cpp_codebench/tasks/621283/test.cpp:18: Failure
11: Expected equality of these values:
11:   solution(2, 1, {0, 1})
11:     Which is: -1
11:   1
11: 
11: /Users/ittehad/Documents/Coding/Python/Turing/Tester_cpp_codebench/tasks/621283/test.cpp:19: Failure
11: Expected equality of these values:
11:   solution(2, 2, {-1, 0})
11:     Which is: -1
11:   1
11: 
11/11 Test #11: model9_tests .....................***Exception: SegFault  0.32 sec

36% tests passed, 7 tests failed out of 11

Total Test time (real) =   3.66 sec

The following tests FAILED:
	  1 - incorrect_solution_tests (Failed)
	  2 - model1_tests (Failed)
	  3 - model10_tests (Failed)
	  8 - model6_tests (Failed)
	  9 - model7_tests (SEGFAULT)
	 10 - model8_tests (Failed)
	 11 - model9_tests (SEGFAULT)
Test project /Users/ittehad/Documents/Coding/Python/Turing/Tester_cpp_codebench/tasks/621283/build
      Start  1: incorrect_solution_tests
 1/11 Test  #1: incorrect_solution_tests .........***Failed    0.00 sec
      Start  2: model1_tests
 2/11 Test  #2: model1_tests .....................***Failed    0.00 sec
      Start  3: model10_tests
 3/11 Test  #3: model10_tests ....................***Failed    0.00 sec
      Start  4: model2_tests
 4/11 Test  #4: model2_tests .....................   Passed    0.00 sec
      Start  5: model3_tests
 5/11 Test  #5: model3_tests .....................   Passed    0.00 sec
      Start  6: model4_tests
 6/11 Test  #6: model4_tests .....................   Passed    0.00 sec
      Start  7: model5_tests
 7/11 Test  #7: model5_tests .....................   Passed    0.00 sec
      Start  8: model6_tests
 8/11 Test  #8: model6_tests .....................***Failed    0.00 sec
      Start  9: model7_tests
 9/11 Test  #9: model7_tests .....................***Exception: SegFault  0.01 sec
      Start 10: model8_tests
10/11 Test #10: model8_tests .....................***Failed    0.00 sec
      Start 11: model9_tests
11/11 Test #11: model9_tests .....................***Exception: SegFault  0.01 sec

36% tests passed, 7 tests failed out of 11

Total Test time (real) =   0.06 sec

The following tests FAILED:
	  1 - incorrect_solution_tests (Failed)
	  2 - model1_tests (Failed)
	  3 - model10_tests (Failed)
	  8 - model6_tests (Failed)
	  9 - model7_tests (SEGFAULT)
	 10 - model8_tests (Failed)
	 11 - model9_tests (SEGFAULT)
Errors while running CTest
Output from these tests are in: /Users/ittehad/Documents/Coding/Python/Turing/Tester_cpp_codebench/tasks/621283/build/Testing/Temporary/LastTest.log
Use "--rerun-failed --output-on-failure" to re-run the failed cases verbosely.
