UpdateCTestConfiguration  from :/Users/ittehad/Documents/Coding/Python/Turing/Tester_cpp_codebench/tasks/621209/build/DartConfiguration.tcl
UpdateCTestConfiguration  from :/Users/ittehad/Documents/Coding/Python/Turing/Tester_cpp_codebench/tasks/621209/build/DartConfiguration.tcl
Test project /Users/ittehad/Documents/Coding/Python/Turing/Tester_cpp_codebench/tasks/621209/build
Constructing a list of tests
Done constructing a list of tests
Updating test list for fixtures
Added 0 tests to meet fixture requirements
Checking test dependency graph...
Checking test dependency graph end
test 1
      Start  1: incorrect_solution_tests

1: Test command: /Users/ittehad/Documents/Coding/Python/Turing/Tester_cpp_codebench/tasks/621209/build/incorrect_solution_tests
1: Working Directory: /Users/ittehad/Documents/Coding/Python/Turing/Tester_cpp_codebench/tasks/621209/build
1: Test timeout computed to be: 5
1: Running main() from /Users/ittehad/Documents/Coding/Python/Turing/Tester_cpp_codebench/tasks/621209/build/_deps/googletest-src/googletest/src/gtest_main.cc
1: [==========] Running 12 tests from 1 test suite.
1: [----------] Global test environment set-up.
1: [----------] 12 tests from SolutionTest
1: [ RUN      ] SolutionTest.TestSingleDay
 1/11 Test  #1: incorrect_solution_tests .........***Exception: SegFault  0.80 sec
test 2
      Start  2: model1_tests

2: Test command: /Users/ittehad/Documents/Coding/Python/Turing/Tester_cpp_codebench/tasks/621209/build/model1_tests
2: Working Directory: /Users/ittehad/Documents/Coding/Python/Turing/Tester_cpp_codebench/tasks/621209/build
2: Test timeout computed to be: 5
2: Running main() from /Users/ittehad/Documents/Coding/Python/Turing/Tester_cpp_codebench/tasks/621209/build/_deps/googletest-src/googletest/src/gtest_main.cc
2: [==========] Running 12 tests from 1 test suite.
2: [----------] Global test environment set-up.
2: [----------] 12 tests from SolutionTest
2: [ RUN      ] SolutionTest.TestSingleDay
2: [       OK ] SolutionTest.TestSingleDay (0 ms)
2: [ RUN      ] SolutionTest.TestSingleMeetingExactDays
2: [       OK ] SolutionTest.TestSingleMeetingExactDays (0 ms)
2: [ RUN      ] SolutionTest.TestMeetingsCoverPartialDays
2: [       OK ] SolutionTest.TestMeetingsCoverPartialDays (0 ms)
2: [ RUN      ] SolutionTest.TestOverlappingMeetings
2: [       OK ] SolutionTest.TestOverlappingMeetings (0 ms)
2: [ RUN      ] SolutionTest.TestNonOverlappingMeetings
2: [       OK ] SolutionTest.TestNonOverlappingMeetings (0 ms)
2: [ RUN      ] SolutionTest.TestAllDaysFree
2: [       OK ] SolutionTest.TestAllDaysFree (0 ms)
2: [ RUN      ] SolutionTest.TestAllDaysMeeting
2: [       OK ] SolutionTest.TestAllDaysMeeting (0 ms)
2: [ RUN      ] SolutionTest.TestSingleDayMeeting
2: [       OK ] SolutionTest.TestSingleDayMeeting (0 ms)
2: [ RUN      ] SolutionTest.TestMultipleOverlappingMeetings
2: [       OK ] SolutionTest.TestMultipleOverlappingMeetings (0 ms)
2: [ RUN      ] SolutionTest.TestEdgeDaysMeetings
2: [       OK ] SolutionTest.TestEdgeDaysMeetings (0 ms)
2: [ RUN      ] SolutionTest.TestEmptyInputZeroDays
2: [       OK ] SolutionTest.TestEmptyInputZeroDays (0 ms)
2: [ RUN      ] SolutionTest.TestLargeDaysSingleMeeting
2: [       OK ] SolutionTest.TestLargeDaysSingleMeeting (0 ms)
2: [----------] 12 tests from SolutionTest (0 ms total)
2: 
2: [----------] Global test environment tear-down
2: [==========] 12 tests from 1 test suite ran. (0 ms total)
2: [  PASSED  ] 12 tests.
 2/11 Test  #2: model1_tests .....................   Passed    0.32 sec
test 3
      Start  3: model10_tests

3: Test command: /Users/ittehad/Documents/Coding/Python/Turing/Tester_cpp_codebench/tasks/621209/build/model10_tests
3: Working Directory: /Users/ittehad/Documents/Coding/Python/Turing/Tester_cpp_codebench/tasks/621209/build
3: Test timeout computed to be: 5
3: Running main() from /Users/ittehad/Documents/Coding/Python/Turing/Tester_cpp_codebench/tasks/621209/build/_deps/googletest-src/googletest/src/gtest_main.cc
3: [==========] Running 12 tests from 1 test suite.
3: [----------] Global test environment set-up.
3: [----------] 12 tests from SolutionTest
3: [ RUN      ] SolutionTest.TestSingleDay
 3/11 Test  #3: model10_tests ....................***Exception: SegFault  0.35 sec
test 4
      Start  4: model2_tests

4: Test command: /Users/ittehad/Documents/Coding/Python/Turing/Tester_cpp_codebench/tasks/621209/build/model2_tests
4: Working Directory: /Users/ittehad/Documents/Coding/Python/Turing/Tester_cpp_codebench/tasks/621209/build
4: Test timeout computed to be: 5
4: Running main() from /Users/ittehad/Documents/Coding/Python/Turing/Tester_cpp_codebench/tasks/621209/build/_deps/googletest-src/googletest/src/gtest_main.cc
4: [==========] Running 12 tests from 1 test suite.
4: [----------] Global test environment set-up.
4: [----------] 12 tests from SolutionTest
4: [ RUN      ] SolutionTest.TestSingleDay
4: [       OK ] SolutionTest.TestSingleDay (0 ms)
4: [ RUN      ] SolutionTest.TestSingleMeetingExactDays
4: [       OK ] SolutionTest.TestSingleMeetingExactDays (0 ms)
4: [ RUN      ] SolutionTest.TestMeetingsCoverPartialDays
4: [       OK ] SolutionTest.TestMeetingsCoverPartialDays (0 ms)
4: [ RUN      ] SolutionTest.TestOverlappingMeetings
4: [       OK ] SolutionTest.TestOverlappingMeetings (0 ms)
4: [ RUN      ] SolutionTest.TestNonOverlappingMeetings
4: [       OK ] SolutionTest.TestNonOverlappingMeetings (0 ms)
4: [ RUN      ] SolutionTest.TestAllDaysFree
4: [       OK ] SolutionTest.TestAllDaysFree (0 ms)
4: [ RUN      ] SolutionTest.TestAllDaysMeeting
4: [       OK ] SolutionTest.TestAllDaysMeeting (0 ms)
4: [ RUN      ] SolutionTest.TestSingleDayMeeting
4: [       OK ] SolutionTest.TestSingleDayMeeting (0 ms)
4: [ RUN      ] SolutionTest.TestMultipleOverlappingMeetings
4: [       OK ] SolutionTest.TestMultipleOverlappingMeetings (0 ms)
4: [ RUN      ] SolutionTest.TestEdgeDaysMeetings
4: [       OK ] SolutionTest.TestEdgeDaysMeetings (0 ms)
4: [ RUN      ] SolutionTest.TestEmptyInputZeroDays
4: [       OK ] SolutionTest.TestEmptyInputZeroDays (0 ms)
4: [ RUN      ] SolutionTest.TestLargeDaysSingleMeeting
4: [       OK ] SolutionTest.TestLargeDaysSingleMeeting (0 ms)
4: [----------] 12 tests from SolutionTest (0 ms total)
4: 
4: [----------] Global test environment tear-down
4: [==========] 12 tests from 1 test suite ran. (0 ms total)
4: [  PASSED  ] 12 tests.
 4/11 Test  #4: model2_tests .....................   Passed    0.31 sec
test 5
      Start  5: model3_tests

5: Test command: /Users/ittehad/Documents/Coding/Python/Turing/Tester_cpp_codebench/tasks/621209/build/model3_tests
5: Working Directory: /Users/ittehad/Documents/Coding/Python/Turing/Tester_cpp_codebench/tasks/621209/build
5: Test timeout computed to be: 5
5: Running main() from /Users/ittehad/Documents/Coding/Python/Turing/Tester_cpp_codebench/tasks/621209/build/_deps/googletest-src/googletest/src/gtest_main.cc
5: [==========] Running 12 tests from 1 test suite.
5: [----------] Global test environment set-up.
5: [----------] 12 tests from SolutionTest
5: [ RUN      ] SolutionTest.TestSingleDay
5: [       OK ] SolutionTest.TestSingleDay (0 ms)
5: [ RUN      ] SolutionTest.TestSingleMeetingExactDays
5: [       OK ] SolutionTest.TestSingleMeetingExactDays (0 ms)
5: [ RUN      ] SolutionTest.TestMeetingsCoverPartialDays
5: [       OK ] SolutionTest.TestMeetingsCoverPartialDays (0 ms)
5: [ RUN      ] SolutionTest.TestOverlappingMeetings
5: [       OK ] SolutionTest.TestOverlappingMeetings (0 ms)
5: [ RUN      ] SolutionTest.TestNonOverlappingMeetings
5: [       OK ] SolutionTest.TestNonOverlappingMeetings (0 ms)
5: [ RUN      ] SolutionTest.TestAllDaysFree
5: [       OK ] SolutionTest.TestAllDaysFree (0 ms)
5: [ RUN      ] SolutionTest.TestAllDaysMeeting
5: [       OK ] SolutionTest.TestAllDaysMeeting (0 ms)
5: [ RUN      ] SolutionTest.TestSingleDayMeeting
5: [       OK ] SolutionTest.TestSingleDayMeeting (0 ms)
5: [ RUN      ] SolutionTest.TestMultipleOverlappingMeetings
5: [       OK ] SolutionTest.TestMultipleOverlappingMeetings (0 ms)
5: [ RUN      ] SolutionTest.TestEdgeDaysMeetings
5: [       OK ] SolutionTest.TestEdgeDaysMeetings (0 ms)
5: [ RUN      ] SolutionTest.TestEmptyInputZeroDays
5: [       OK ] SolutionTest.TestEmptyInputZeroDays (0 ms)
5: [ RUN      ] SolutionTest.TestLargeDaysSingleMeeting
5: [       OK ] SolutionTest.TestLargeDaysSingleMeeting (0 ms)
5: [----------] 12 tests from SolutionTest (0 ms total)
5: 
5: [----------] Global test environment tear-down
5: [==========] 12 tests from 1 test suite ran. (0 ms total)
5: [  PASSED  ] 12 tests.
 5/11 Test  #5: model3_tests .....................   Passed    0.32 sec
test 6
      Start  6: model4_tests

6: Test command: /Users/ittehad/Documents/Coding/Python/Turing/Tester_cpp_codebench/tasks/621209/build/model4_tests
6: Working Directory: /Users/ittehad/Documents/Coding/Python/Turing/Tester_cpp_codebench/tasks/621209/build
6: Test timeout computed to be: 5
6: Running main() from /Users/ittehad/Documents/Coding/Python/Turing/Tester_cpp_codebench/tasks/621209/build/_deps/googletest-src/googletest/src/gtest_main.cc
6: [==========] Running 12 tests from 1 test suite.
6: [----------] Global test environment set-up.
6: [----------] 12 tests from SolutionTest
6: [ RUN      ] SolutionTest.TestSingleDay
6: /Users/ittehad/Documents/Coding/Python/Turing/Tester_cpp_codebench/tasks/621209/test.cpp:9: Failure
6: Expected equality of these values:
6:   countDays(days, meetings)
6:     Which is: 0
6:   1
6: 
6: [  FAILED  ] SolutionTest.TestSingleDay (0 ms)
6: [ RUN      ] SolutionTest.TestSingleMeetingExactDays
6: [       OK ] SolutionTest.TestSingleMeetingExactDays (0 ms)
6: [ RUN      ] SolutionTest.TestMeetingsCoverPartialDays
6: [       OK ] SolutionTest.TestMeetingsCoverPartialDays (0 ms)
6: [ RUN      ] SolutionTest.TestOverlappingMeetings
6: [       OK ] SolutionTest.TestOverlappingMeetings (0 ms)
6: [ RUN      ] SolutionTest.TestNonOverlappingMeetings
6: [       OK ] SolutionTest.TestNonOverlappingMeetings (0 ms)
6: [ RUN      ] SolutionTest.TestAllDaysFree
6: /Users/ittehad/Documents/Coding/Python/Turing/Tester_cpp_codebench/tasks/621209/test.cpp:39: Failure
6: Expected equality of these values:
6:   countDays(days, meetings)
6:     Which is: 0
6:   10
6: 
6: [  FAILED  ] SolutionTest.TestAllDaysFree (0 ms)
6: [ RUN      ] SolutionTest.TestAllDaysMeeting
6: [       OK ] SolutionTest.TestAllDaysMeeting (0 ms)
6: [ RUN      ] SolutionTest.TestSingleDayMeeting
6: [       OK ] SolutionTest.TestSingleDayMeeting (0 ms)
6: [ RUN      ] SolutionTest.TestMultipleOverlappingMeetings
6: [       OK ] SolutionTest.TestMultipleOverlappingMeetings (0 ms)
6: [ RUN      ] SolutionTest.TestEdgeDaysMeetings
6: [       OK ] SolutionTest.TestEdgeDaysMeetings (0 ms)
6: [ RUN      ] SolutionTest.TestEmptyInputZeroDays
6: [       OK ] SolutionTest.TestEmptyInputZeroDays (0 ms)
6: [ RUN      ] SolutionTest.TestLargeDaysSingleMeeting
6: [       OK ] SolutionTest.TestLargeDaysSingleMeeting (0 ms)
6: [----------] 12 tests from SolutionTest (0 ms total)
6: 
6: [----------] Global test environment tear-down
6: [==========] 12 tests from 1 test suite ran. (0 ms total)
6: [  PASSED  ] 10 tests.
6: [  FAILED  ] 2 tests, listed below:
6: [  FAILED  ] SolutionTest.TestSingleDay
6: [  FAILED  ] SolutionTest.TestAllDaysFree
6: 
6:  2 FAILED TESTS
 6/11 Test  #6: model4_tests .....................***Failed    0.32 sec
test 7
      Start  7: model5_tests

7: Test command: /Users/ittehad/Documents/Coding/Python/Turing/Tester_cpp_codebench/tasks/621209/build/model5_tests
7: Working Directory: /Users/ittehad/Documents/Coding/Python/Turing/Tester_cpp_codebench/tasks/621209/build
7: Test timeout computed to be: 5
7: Running main() from /Users/ittehad/Documents/Coding/Python/Turing/Tester_cpp_codebench/tasks/621209/build/_deps/googletest-src/googletest/src/gtest_main.cc
7: [==========] Running 12 tests from 1 test suite.
7: [----------] Global test environment set-up.
7: [----------] 12 tests from SolutionTest
7: [ RUN      ] SolutionTest.TestSingleDay
7: [       OK ] SolutionTest.TestSingleDay (0 ms)
7: [ RUN      ] SolutionTest.TestSingleMeetingExactDays
7: [       OK ] SolutionTest.TestSingleMeetingExactDays (0 ms)
7: [ RUN      ] SolutionTest.TestMeetingsCoverPartialDays
7: [       OK ] SolutionTest.TestMeetingsCoverPartialDays (0 ms)
7: [ RUN      ] SolutionTest.TestOverlappingMeetings
7: [       OK ] SolutionTest.TestOverlappingMeetings (0 ms)
7: [ RUN      ] SolutionTest.TestNonOverlappingMeetings
7: [       OK ] SolutionTest.TestNonOverlappingMeetings (0 ms)
7: [ RUN      ] SolutionTest.TestAllDaysFree
7: [       OK ] SolutionTest.TestAllDaysFree (0 ms)
7: [ RUN      ] SolutionTest.TestAllDaysMeeting
7: [       OK ] SolutionTest.TestAllDaysMeeting (0 ms)
7: [ RUN      ] SolutionTest.TestSingleDayMeeting
7: [       OK ] SolutionTest.TestSingleDayMeeting (0 ms)
7: [ RUN      ] SolutionTest.TestMultipleOverlappingMeetings
7: [       OK ] SolutionTest.TestMultipleOverlappingMeetings (0 ms)
7: [ RUN      ] SolutionTest.TestEdgeDaysMeetings
7: [       OK ] SolutionTest.TestEdgeDaysMeetings (0 ms)
7: [ RUN      ] SolutionTest.TestEmptyInputZeroDays
7: [       OK ] SolutionTest.TestEmptyInputZeroDays (0 ms)
7: [ RUN      ] SolutionTest.TestLargeDaysSingleMeeting
7: [       OK ] SolutionTest.TestLargeDaysSingleMeeting (0 ms)
7: [----------] 12 tests from SolutionTest (0 ms total)
7: 
7: [----------] Global test environment tear-down
7: [==========] 12 tests from 1 test suite ran. (0 ms total)
7: [  PASSED  ] 12 tests.
 7/11 Test  #7: model5_tests .....................   Passed    0.32 sec
test 8
      Start  8: model6_tests

8: Test command: /Users/ittehad/Documents/Coding/Python/Turing/Tester_cpp_codebench/tasks/621209/build/model6_tests
8: Working Directory: /Users/ittehad/Documents/Coding/Python/Turing/Tester_cpp_codebench/tasks/621209/build
8: Test timeout computed to be: 5
8: Running main() from /Users/ittehad/Documents/Coding/Python/Turing/Tester_cpp_codebench/tasks/621209/build/_deps/googletest-src/googletest/src/gtest_main.cc
8: [==========] Running 12 tests from 1 test suite.
8: [----------] Global test environment set-up.
8: [----------] 12 tests from SolutionTest
8: [ RUN      ] SolutionTest.TestSingleDay
8: [       OK ] SolutionTest.TestSingleDay (0 ms)
8: [ RUN      ] SolutionTest.TestSingleMeetingExactDays
8: [       OK ] SolutionTest.TestSingleMeetingExactDays (0 ms)
8: [ RUN      ] SolutionTest.TestMeetingsCoverPartialDays
8: [       OK ] SolutionTest.TestMeetingsCoverPartialDays (0 ms)
8: [ RUN      ] SolutionTest.TestOverlappingMeetings
8: [       OK ] SolutionTest.TestOverlappingMeetings (0 ms)
8: [ RUN      ] SolutionTest.TestNonOverlappingMeetings
8: [       OK ] SolutionTest.TestNonOverlappingMeetings (0 ms)
8: [ RUN      ] SolutionTest.TestAllDaysFree
8: [       OK ] SolutionTest.TestAllDaysFree (0 ms)
8: [ RUN      ] SolutionTest.TestAllDaysMeeting
8: [       OK ] SolutionTest.TestAllDaysMeeting (0 ms)
8: [ RUN      ] SolutionTest.TestSingleDayMeeting
8: [       OK ] SolutionTest.TestSingleDayMeeting (0 ms)
8: [ RUN      ] SolutionTest.TestMultipleOverlappingMeetings
8: [       OK ] SolutionTest.TestMultipleOverlappingMeetings (0 ms)
8: [ RUN      ] SolutionTest.TestEdgeDaysMeetings
8: [       OK ] SolutionTest.TestEdgeDaysMeetings (0 ms)
8: [ RUN      ] SolutionTest.TestEmptyInputZeroDays
8: [       OK ] SolutionTest.TestEmptyInputZeroDays (0 ms)
8: [ RUN      ] SolutionTest.TestLargeDaysSingleMeeting
8: [       OK ] SolutionTest.TestLargeDaysSingleMeeting (0 ms)
8: [----------] 12 tests from SolutionTest (0 ms total)
8: 
8: [----------] Global test environment tear-down
8: [==========] 12 tests from 1 test suite ran. (0 ms total)
8: [  PASSED  ] 12 tests.
 8/11 Test  #8: model6_tests .....................   Passed    0.33 sec
test 9
      Start  9: model7_tests

9: Test command: /Users/ittehad/Documents/Coding/Python/Turing/Tester_cpp_codebench/tasks/621209/build/model7_tests
9: Working Directory: /Users/ittehad/Documents/Coding/Python/Turing/Tester_cpp_codebench/tasks/621209/build
9: Test timeout computed to be: 5
9: Running main() from /Users/ittehad/Documents/Coding/Python/Turing/Tester_cpp_codebench/tasks/621209/build/_deps/googletest-src/googletest/src/gtest_main.cc
9: [==========] Running 12 tests from 1 test suite.
9: [----------] Global test environment set-up.
9: [----------] 12 tests from SolutionTest
9: [ RUN      ] SolutionTest.TestSingleDay
9: [       OK ] SolutionTest.TestSingleDay (0 ms)
9: [ RUN      ] SolutionTest.TestSingleMeetingExactDays
9: [       OK ] SolutionTest.TestSingleMeetingExactDays (0 ms)
9: [ RUN      ] SolutionTest.TestMeetingsCoverPartialDays
9: /Users/ittehad/Documents/Coding/Python/Turing/Tester_cpp_codebench/tasks/621209/test.cpp:21: Failure
9: Expected equality of these values:
9:   countDays(days, meetings)
9:     Which is: 3
9:   4
9: 
9: [  FAILED  ] SolutionTest.TestMeetingsCoverPartialDays (0 ms)
9: [ RUN      ] SolutionTest.TestOverlappingMeetings
9: [       OK ] SolutionTest.TestOverlappingMeetings (0 ms)
9: [ RUN      ] SolutionTest.TestNonOverlappingMeetings
9: [       OK ] SolutionTest.TestNonOverlappingMeetings (0 ms)
9: [ RUN      ] SolutionTest.TestAllDaysFree
9: [       OK ] SolutionTest.TestAllDaysFree (0 ms)
9: [ RUN      ] SolutionTest.TestAllDaysMeeting
9: [       OK ] SolutionTest.TestAllDaysMeeting (0 ms)
9: [ RUN      ] SolutionTest.TestSingleDayMeeting
9: /Users/ittehad/Documents/Coding/Python/Turing/Tester_cpp_codebench/tasks/621209/test.cpp:51: Failure
9: Expected equality of these values:
9:   countDays(days, meetings)
9:     Which is: 5
9:   9
9: 
9: [  FAILED  ] SolutionTest.TestSingleDayMeeting (0 ms)
9: [ RUN      ] SolutionTest.TestMultipleOverlappingMeetings
9: [       OK ] SolutionTest.TestMultipleOverlappingMeetings (0 ms)
9: [ RUN      ] SolutionTest.TestEdgeDaysMeetings
9: [       OK ] SolutionTest.TestEdgeDaysMeetings (0 ms)
9: [ RUN      ] SolutionTest.TestEmptyInputZeroDays
9: [       OK ] SolutionTest.TestEmptyInputZeroDays (0 ms)
9: [ RUN      ] SolutionTest.TestLargeDaysSingleMeeting
9: [       OK ] SolutionTest.TestLargeDaysSingleMeeting (0 ms)
9: [----------] 12 tests from SolutionTest (0 ms total)
9: 
9: [----------] Global test environment tear-down
9: [==========] 12 tests from 1 test suite ran. (0 ms total)
9: [  PASSED  ] 10 tests.
9: [  FAILED  ] 2 tests, listed below:
9: [  FAILED  ] SolutionTest.TestMeetingsCoverPartialDays
9: [  FAILED  ] SolutionTest.TestSingleDayMeeting
9: 
9:  2 FAILED TESTS
 9/11 Test  #9: model7_tests .....................***Failed    0.32 sec
test 10
      Start 10: model8_tests

10: Test command: /Users/ittehad/Documents/Coding/Python/Turing/Tester_cpp_codebench/tasks/621209/build/model8_tests
10: Working Directory: /Users/ittehad/Documents/Coding/Python/Turing/Tester_cpp_codebench/tasks/621209/build
10: Test timeout computed to be: 5
10: Running main() from /Users/ittehad/Documents/Coding/Python/Turing/Tester_cpp_codebench/tasks/621209/build/_deps/googletest-src/googletest/src/gtest_main.cc
10: [==========] Running 12 tests from 1 test suite.
10: [----------] Global test environment set-up.
10: [----------] 12 tests from SolutionTest
10: [ RUN      ] SolutionTest.TestSingleDay
10/11 Test #10: model8_tests .....................***Exception: SegFault  0.36 sec
test 11
      Start 11: model9_tests

11: Test command: /Users/ittehad/Documents/Coding/Python/Turing/Tester_cpp_codebench/tasks/621209/build/model9_tests
11: Working Directory: /Users/ittehad/Documents/Coding/Python/Turing/Tester_cpp_codebench/tasks/621209/build
11: Test timeout computed to be: 5
11: Running main() from /Users/ittehad/Documents/Coding/Python/Turing/Tester_cpp_codebench/tasks/621209/build/_deps/googletest-src/googletest/src/gtest_main.cc
11: [==========] Running 12 tests from 1 test suite.
11: [----------] Global test environment set-up.
11: [----------] 12 tests from SolutionTest
11: [ RUN      ] SolutionTest.TestSingleDay
11: [       OK ] SolutionTest.TestSingleDay (0 ms)
11: [ RUN      ] SolutionTest.TestSingleMeetingExactDays
11: [       OK ] SolutionTest.TestSingleMeetingExactDays (0 ms)
11: [ RUN      ] SolutionTest.TestMeetingsCoverPartialDays
11: [       OK ] SolutionTest.TestMeetingsCoverPartialDays (0 ms)
11: [ RUN      ] SolutionTest.TestOverlappingMeetings
11: [       OK ] SolutionTest.TestOverlappingMeetings (0 ms)
11: [ RUN      ] SolutionTest.TestNonOverlappingMeetingErrors while running CTest
Output from these tests are in: /Users/ittehad/Documents/Coding/Python/Turing/Tester_cpp_codebench/tasks/621209/build/Testing/Temporary/LastTest.log
Use "--rerun-failed --output-on-failure" to re-run the failed cases verbosely.
s
11: [       OK ] SolutionTest.TestNonOverlappingMeetings (0 ms)
11: [ RUN      ] SolutionTest.TestAllDaysFree
11: [       OK ] SolutionTest.TestAllDaysFree (0 ms)
11: [ RUN      ] SolutionTest.TestAllDaysMeeting
11: [       OK ] SolutionTest.TestAllDaysMeeting (0 ms)
11: [ RUN      ] SolutionTest.TestSingleDayMeeting
11: [       OK ] SolutionTest.TestSingleDayMeeting (0 ms)
11: [ RUN      ] SolutionTest.TestMultipleOverlappingMeetings
11: [       OK ] SolutionTest.TestMultipleOverlappingMeetings (0 ms)
11: [ RUN      ] SolutionTest.TestEdgeDaysMeetings
11: [       OK ] SolutionTest.TestEdgeDaysMeetings (0 ms)
11: [ RUN      ] SolutionTest.TestEmptyInputZeroDays
11: [       OK ] SolutionTest.TestEmptyInputZeroDays (0 ms)
11: [ RUN      ] SolutionTest.TestLargeDaysSingleMeeting
11: [       OK ] SolutionTest.TestLargeDaysSingleMeeting (0 ms)
11: [----------] 12 tests from SolutionTest (0 ms total)
11: 
11: [----------] Global test environment tear-down
11: [==========] 12 tests from 1 test suite ran. (0 ms total)
11: [  PASSED  ] 12 tests.
11/11 Test #11: model9_tests .....................   Passed    0.33 sec

55% tests passed, 5 tests failed out of 11

Total Test time (real) =   4.09 sec

The following tests FAILED:
	  1 - incorrect_solution_tests (SEGFAULT)
	  3 - model10_tests (SEGFAULT)
	  6 - model4_tests (Failed)
	  9 - model7_tests (Failed)
	 10 - model8_tests (SEGFAULT)
Test project /Users/ittehad/Documents/Coding/Python/Turing/Tester_cpp_codebench/tasks/621209/build
      Start  1: incorrect_solution_tests
 1/11 Test  #1: incorrect_solution_tests .........***Exception: SegFault  0.02 sec
      Start  2: model1_tests
 2/11 Test  #2: model1_tests .....................   Passed    0.00 sec
      Start  3: model10_tests
 3/11 Test  #3: model10_tests ....................***Exception: SegFault  0.01 sec
      Start  4: model2_tests
 4/11 Test  #4: model2_tests .....................   Passed    0.00 sec
      Start  5: model3_tests
 5/11 Test  #5: model3_tests .....................   Passed    0.00 sec
      Start  6: model4_tests
 6/11 Test  #6: model4_tests .....................***Failed    0.00 sec
      Start  7: model5_tests
 7/11 Test  #7: model5_tests .....................   Passed    0.00 sec
      Start  8: model6_tests
 8/11 Test  #8: model6_tests .....................   Passed    0.00 sec
      Start  9: model7_tests
 9/11 Test  #9: model7_tests .....................***Failed    0.00 sec
      Start 10: model8_tests
10/11 Test #10: model8_tests .....................***Exception: SegFault  0.01 sec
      Start 11: model9_tests
11/11 Test #11: model9_tests .....................   Passed    0.00 sec

55% tests passed, 5 tests failed out of 11

Total Test time (real) =   0.08 sec

The following tests FAILED:
	  1 - incorrect_solution_tests (SEGFAULT)
	  3 - model10_tests (SEGFAULT)
	  6 - model4_tests (Failed)
	  9 - model7_tests (Failed)
	 10 - model8_tests (SEGFAULT)
Errors while running CTest
Output from these tests are in: /Users/ittehad/Documents/Coding/Python/Turing/Tester_cpp_codebench/tasks/621209/build/Testing/Temporary/LastTest.log
Use "--rerun-failed --output-on-failure" to re-run the failed cases verbosely.
