UpdateCTestConfiguration  from :/Users/ittehad/Documents/Coding/Python/Turing/Tester_cpp_codebench/tasks/307623/build/DartConfiguration.tcl
UpdateCTestConfiguration  from :/Users/ittehad/Documents/Coding/Python/Turing/Tester_cpp_codebench/tasks/307623/build/DartConfiguration.tcl
Test project /Users/ittehad/Documents/Coding/Python/Turing/Tester_cpp_codebench/tasks/307623/build
Constructing a list of tests
Done constructing a list of tests
Updating test list for fixtures
Added 0 tests to meet fixture requirements
Checking test dependency graph...
Checking test dependency graph end
test 1
      Start  1: incorrect_solution_tests

1: Test command: /Users/ittehad/Documents/Coding/Python/Turing/Tester_cpp_codebench/tasks/307623/build/incorrect_solution_tests
1: Working Directory: /Users/ittehad/Documents/Coding/Python/Turing/Tester_cpp_codebench/tasks/307623/build
1: Test timeout computed to be: 5
1: Running main() from /Users/ittehad/Documents/Coding/Python/Turing/Tester_cpp_codebench/tasks/307623/build/_deps/googletest-src/googletest/src/gtest_main.cc
1: [==========] Running 8 tests from 1 test suite.
1: [----------] Global test environment set-up.
1: [----------] 8 tests from ThreadPoolTest
1: [ RUN      ] ThreadPoolTest.BasicTaskExecution
1: [       OK ] ThreadPoolTest.BasicTaskExecution (105 ms)
1: [ RUN      ] ThreadPoolTest.DynamicResizingIncrease
1: [       OK ] ThreadPoolTest.DynamicResizingIncrease (1005 ms)
1: [ RUN      ] ThreadPoolTest.TaskDependencies
1: [       OK ] ThreadPoolTest.TaskDependencies (210 ms)
1: [ RUN      ] ThreadPoolTest.SubmitAfterShutdown
1: [       OK ] ThreadPoolTest.SubmitAfterShutdown (1 ms)
1: [ RUN      ] ThreadPoolTest.CircularDependencies
1: [       OK ] ThreadPoolTest.CircularDependencies (1 ms)
1: [ RUN      ] ThreadPoolTest.ResizeToZero
 1/11 Test  #1: incorrect_solution_tests .........***Timeout   5.04 sec
test 2
      Start  2: model1_tests

2: Test command: /Users/ittehad/Documents/Coding/Python/Turing/Tester_cpp_codebench/tasks/307623/build/model1_tests
2: Working Directory: /Users/ittehad/Documents/Coding/Python/Turing/Tester_cpp_codebench/tasks/307623/build
2: Test timeout computed to be: 5
2: Running main() from /Users/ittehad/Documents/Coding/Python/Turing/Tester_cpp_codebench/tasks/307623/build/_deps/googletest-src/googletest/src/gtest_main.cc
2: [==========] Running 8 tests from 1 test suite.
2: [----------] Global test environment set-up.
2: [----------] 8 tests from ThreadPoolTest
2: [ RUN      ] ThreadPoolTest.BasicTaskExecution
2: [       OK ] ThreadPoolTest.BasicTaskExecution (105 ms)
2: [ RUN      ] ThreadPoolTest.DynamicResizingIncrease
2: [       OK ] ThreadPoolTest.DynamicResizingIncrease (1003 ms)
2: [ RUN      ] ThreadPoolTest.TaskDependencies
2: [       OK ] ThreadPoolTest.TaskDependencies (210 ms)
2: [ RUN      ] ThreadPoolTest.SubmitAfterShutdown
2: [       OK ] ThreadPoolTest.SubmitAfterShutdown (0 ms)
2: [ RUN      ] ThreadPoolTest.CircularDependencies
2: [       OK ] ThreadPoolTest.CircularDependencies (0 ms)
2: [ RUN      ] ThreadPoolTest.ResizeToZero
2: /Users/ittehad/Documents/Coding/Python/Turing/Tester_cpp_codebench/tasks/307623/test.cpp:180: Failure
2: Expected equality of these values:
2:   pool->getTotalTasksExecuted()
2:     Which is: 5
2:   2
2: 
2: [  FAILED  ] ThreadPoolTest.ResizeToZero (209 ms)
2: [ RUN      ] ThreadPoolTest.ComplexTaskDependencies
2: [       OK ] ThreadPoolTest.ComplexTaskDependencies (419 ms)
2: [ RUN      ] ThreadPoolTest.HighConcurrencySubmissions
2: [       OK ] ThreadPoolTest.HighConcurrencySubmissions (2539 ms)
2: [----------] 8 tests from ThreadPoolTest (4489 ms total)
2: 
2: [----------] Global test environment tear-down
2: [==========] 8 tests from 1 test suite ran. (4489 ms total)
2: [  PASSED  ] 7 tests.
2: [  FAILED  ] 1 test, listed below:
2: [  FAILED  ] ThreadPoolTest.ResizeToZero
2: 
2:  1 FAILED TEST
 2/11 Test  #2: model1_tests .....................***Failed    4.90 sec
test 3
      Start  3: model10_tests
Could not find executable /Users/ittehad/Documents/Coding/Python/Turing/Tester_cpp_codebench/tasks/3076Unable to find executable: /Users/ittehad/Documents/Coding/Python/Turing/Tester_cpp_codebench/tasks/307623/build/model10_tests
23/build/model10_tests
Looked in the following places:
Users/ittehad/Documents/Coding/Python/Turing/Tester_cpp_codebench/tasks/307623/build/model10_tests
Users/ittehad/Documents/Coding/Python/Turing/Tester_cpp_codebench/tasks/307623/build/model10_tests
Users/ittehad/Documents/Coding/Python/Turing/Tester_cpp_codebench/tasks/307623/build/Release/model10_tests
Users/ittehad/Documents/Coding/Python/Turing/Tester_cpp_codebench/tasks/307623/build/Release/model10_tests
Users/ittehad/Documents/Coding/Python/Turing/Tester_cpp_codebench/tasks/307623/build/Debug/model10_tests
Users/ittehad/Documents/Coding/Python/Turing/Tester_cpp_codebench/tasks/307623/build/Debug/model10_tests
Users/ittehad/Documents/Coding/Python/Turing/Tester_cpp_codebench/tasks/307623/build/MinSizeRel/model10_tests
Users/ittehad/Documents/Coding/Python/Turing/Tester_cpp_codebench/tasks/307623/build/MinSizeRel/model10_tests
Users/ittehad/Documents/Coding/Python/Turing/Tester_cpp_codebench/tasks/307623/build/RelWithDebInfo/model10_tests
Users/ittehad/Documents/Coding/Python/Turing/Tester_cpp_codebench/tasks/307623/build/RelWithDebInfo/model10_tests
Users/ittehad/Documents/Coding/Python/Turing/Tester_cpp_codebench/tasks/307623/build/Deployment/model10_tests
Users/ittehad/Documents/Coding/Python/Turing/Tester_cpp_codebench/tasks/307623/build/Deployment/model10_tests
Users/ittehad/Documents/Coding/Python/Turing/Tester_cpp_codebench/tasks/307623/build/Development/model10_tests
Users/ittehad/Documents/Coding/Python/Turing/Tester_cpp_codebench/tasks/307623/build/Development/model10_tests

3: Test command: 
3: Working Directory: /Users/ittehad/Documents/Coding/Python/Turing/Tester_cpp_codebench/tasks/307623/build
 3/11 Test  #3: model10_tests ....................***Not Run   0.00 sec
test 4
      Start  4: model2_tests

4: Test command: /Users/ittehad/Documents/Coding/Python/Turing/Tester_cpp_codebench/tasks/307623/build/model2_tests
4: Working Directory: /Users/ittehad/Documents/Coding/Python/Turing/Tester_cpp_codebench/tasks/307623/build
4: Test timeout computed to be: 5
4: Running main() from /Users/ittehad/Documents/Coding/Python/Turing/Tester_cpp_codebench/tasks/307623/build/_deps/googletest-src/googletest/src/gtest_main.cc
4: [==========] Running 8 tests from 1 test suite.
4: [----------] Global test environment set-up.
4: [----------] 8 tests from ThreadPoolTest
4: [ RUN      ] ThreadPoolTest.BasicTaskExecution
4: [       OK ] ThreadPoolTest.BasicTaskExecution (105 ms)
4: [ RUN      ] ThreadPoolTest.DynamicResizingIncrease
4: [       OK ] ThreadPoolTest.DynamicResizingIncrease (1005 ms)
4: [ RUN      ] ThreadPoolTest.TaskDependencies
4: [       OK ] ThreadPoolTest.TaskDependencies (209 ms)
4: [ RUN      ] ThreadPoolTest.SubmitAfterShutdown
4: [       OK ] ThreadPoolTest.SubmitAfterShutdown (0 ms)
4: [ RUN      ] ThreadPoolTest.CircularDependencies
4: [       OK ] ThreadPoolTest.CircularDependencies (0 ms)
4: [ RUN      ] ThreadPoolTest.ResizeToZero
 4/11 Test  #4: model2_tests .....................***Timeout   5.02 sec
test 5
      Start  5: model3_tests
Could not find executable /Users/ittehad/Documents/Coding/Python/Turing/Tester_cpp_codebench/tasks/307623/build/model3_tests
Looked in the following places:
Users/ittehad/Documents/Coding/Python/Turing/Tester_cpp_codebench/tasks/307623/build/model3_tests
Users/ittehad/Documents/Coding/Python/Turing/Tester_cpp_codebench/tasks/307623/build/model3_tests
Users/ittehad/Documents/Coding/Python/Turing/Tester_cpp_codebench/tasks/307623/build/Release/model3_tests
Users/ittehad/Documents/Coding/Python/Turing/Tester_cpp_codebench/tasks/307623/build/Release/model3_tests
Users/ittehad/Documents/Coding/Python/Turing/Tester_cpp_codebench/tasks/307623/build/Debug/model3_tests
Users/ittehad/Documents/Coding/Python/Turing/Tester_cpp_codebench/tasks/307623/build/Debug/model3_tests
Users/ittehad/Documents/Coding/Python/Turing/Tester_cpp_codebench/tasks/307623/build/MinSizeRel/model3_tests
Users/ittehad/Documents/Coding/Python/Turing/Tester_cpp_codebench/tasks/307623/build/MinSizeRel/model3_tests
Users/ittehad/Documents/Coding/PythoUnable to find executable: /Users/ittehad/Documents/Coding/Python/Turing/Tester_cpp_codebench/tasks/307623/build/model3_tests
n/Turing/Tester_cpp_codebench/tasks/307623/build/RelWithDebInfo/model3_tests
Users/ittehad/Documents/Coding/Python/Turing/Tester_cpp_codebench/tasks/307623/build/RelWithDebInfo/model3_tests
Users/ittehad/Documents/Coding/Python/Turing/Tester_cpp_codebench/tasks/307623/build/Deployment/model3_tests
Users/ittehad/Documents/Coding/Python/Turing/Tester_cpp_codebench/tasks/307623/build/Deployment/model3_tests
Users/ittehad/Documents/Coding/Python/Turing/Tester_cpp_codebench/tasks/307623/build/Development/model3_tests
Users/ittehad/Documents/Coding/Python/Turing/Tester_cpp_codebench/tasks/307623/build/Development/model3_tests

5: Test command: 
5: Working Directory: /Users/ittehad/Documents/Coding/Python/Turing/Tester_cpp_codebench/tasks/307623/build
 5/11 Test  #5: model3_tests .....................***Not Run   0.00 sec
test 6
      Start  6: model4_tests

6: Test command: /Users/ittehad/Documents/Coding/Python/Turing/Tester_cpp_codebench/tasks/307623/build/model4_tests
6: Working Directory: /Users/ittehad/Documents/Coding/Python/Turing/Tester_cpp_codebench/tasks/307623/build
6: Test timeout computed to be: 5
6: Running main() from /Users/ittehad/Documents/Coding/Python/Turing/Tester_cpp_codebench/tasks/307623/build/_deps/googletest-src/googletest/src/gtest_main.cc
6: [==========] Running 8 tests from 1 test suite.
6: [----------] Global test environment set-up.
6: [----------] 8 tests from ThreadPoolTest
6: [ RUN      ] ThreadPoolTest.BasicTaskExecution
6: [       OK ] ThreadPoolTest.BasicTaskExecution (105 ms)
6: [ RUN      ] ThreadPoolTest.DynamicResizingIncrease
6: [       OK ] ThreadPoolTest.DynamicResizingIncrease (1005 ms)
6: [ RUN      ] ThreadPoolTest.TaskDependencies
6: [       OK ] ThreadPoolTest.TaskDependencies (206 ms)
6: [ RUN      ] ThreadPoolTest.SubmitAfterShutdown
6: [       OK ] ThreadPoolTest.SubmitAfterShutdown (0 ms)
6: [ RUN      ] ThreadPoolTest.CircularDependencies
6: [       OK ] ThreadPoolTest.CircularDependencies (0 ms)
6: [ RUN      ] ThreadPoolTest.ResizeToZero
6: [       OK ] ThreadPoolTest.ResizeToZero (210 ms)
6: [ RUN      ] ThreadPoolTest.ComplexTaskDependencies
6: [       OK ] ThreadPoolTest.ComplexTaskDependencies (412 ms)
6: [ RUN      ] ThreadPoolTest.HighConcurrencySubmissions
6: [       OK ] ThreadPoolTest.HighConcurrencySubmissions (2545 ms)
6: [----------] 8 tests from ThreadPoolTest (4486 ms total)
6: 
6: [----------] Global test environment tear-down
6: [==========] 8 tests from 1 test suite ran. (4486 ms total)
6: [  PASSED  ] 8 tests.
 6/11 Test  #6: model4_tests .....................   Passed    4.88 sec
test 7
      Start  7: model5_tests

7: Test command: /Users/ittehad/Documents/Coding/Python/Turing/Tester_cpp_codebench/tasks/307623/build/model5_tests
7: Working Directory: /Users/ittehad/Documents/Coding/Python/Turing/Tester_cpp_codebench/tasks/307623/build
7: Test timeout computed to be: 5
7: Running main() from /Users/ittehad/Documents/Coding/Python/Turing/Tester_cpp_codebench/tasks/307623/build/_deps/googletest-src/googletest/src/gtest_main.cc
7: [==========] Running 8 tests from 1 test suite.
7: [----------] Global test environment set-up.
7: [----------] 8 tests from ThreadPoolTest
7: [ RUN      ] ThreadPoolTest.BasicTaskExecution
7: [       OK ] ThreadPoolTest.BasicTaskExecution (105 ms)
7: [ RUN      ] ThreadPoolTest.DynamicResizingIncrease
7: [       OK ] ThreadPoolTest.DynamicResizingIncrease (1002 ms)
7: [ RUN      ] ThreadPoolTest.TaskDependencies
7: [       OK ] ThreadPoolTest.TaskDependencies (208 ms)
7: [ RUN      ] ThreadPoolTest.SubmitAfterShutdown
7: [       OK ] ThreadPoolTest.SubmitAfterShutdown (0 ms)
7: [ RUN      ] ThreadPoolTest.CircularDependencies
7: [       OK ] ThreadPoolTest.CircularDependencies (0 ms)
7: [ RUN      ] ThreadPoolTest.ResizeToZero
 7/11 Test  #7: model5_tests .....................***Timeout   5.04 sec
test 8
      Start  8: model6_tests
Could not find executable /Users/ittehad/Documents/Coding/Python/Turing/Tester_cpp_codebench/tasks/307623/build/model6_tests
Looked in the following places:
Users/ittehad/Documents/Coding/Python/TuriUnable to find executable: /Users/ittehad/Documents/Coding/Python/Turing/Tester_cpp_codebench/tasks/307623/build/model6_tests
Unable to find executable: /Users/ittehad/Documents/Coding/Python/Turing/Tester_cpp_codebench/tasks/307623/build/model7_tests
ng/Tester_cpp_codebench/tasks/307623/build/model6_tests
Users/ittehad/Documents/Coding/Python/Turing/Tester_cpp_codebench/tasks/307623/build/model6_tests
Users/ittehad/Documents/Coding/Python/Turing/Tester_cpp_codebench/tasks/307623/build/Release/model6_tests
Users/ittehad/Documents/Coding/Python/Turing/Tester_cpp_codebench/tasks/307623/build/Release/model6_tests
Users/ittehad/Documents/Coding/Python/Turing/Tester_cpp_codebench/tasks/307623/build/Debug/model6_tests
Users/ittehad/Documents/Coding/Python/Turing/Tester_cpp_codebench/tasks/307623/build/Debug/model6_tests
Users/ittehad/Documents/Coding/Python/Turing/Tester_cpp_codebench/tasks/307623/build/MinSizeRel/model6_tests
Users/ittehad/Documents/Coding/Python/Turing/Tester_cpp_codebench/tasks/307623/build/MinSizeRel/model6_tests
Users/ittehad/Documents/Coding/Python/Turing/Tester_cpp_codebench/tasks/307623/build/RelWithDebInfo/model6_tests
Users/ittehad/Documents/Coding/Python/Turing/Tester_cpp_codebench/tasks/307623/build/RelWithDebInfo/model6_tests
Users/ittehad/Documents/Coding/Python/Turing/Tester_cpp_codebench/tasks/307623/build/Deployment/model6_tests
Users/ittehad/Documents/Coding/Python/Turing/Tester_cpp_codebench/tasks/307623/build/Deployment/model6_tests
Users/ittehad/Documents/Coding/Python/Turing/Tester_cpp_codebench/tasks/307623/build/Development/model6_tests
Users/ittehad/Documents/Coding/Python/Turing/Tester_cpp_codebench/tasks/307623/build/Development/model6_tests

8: Test command: 
8: Working Directory: /Users/ittehad/Documents/Coding/Python/Turing/Tester_cpp_codebench/tasks/307623/build
 8/11 Test  #8: model6_tests .....................***Not Run   0.00 sec
test 9
      Start  9: model7_tests
Could not find executable /Users/ittehad/Documents/Coding/Python/Turing/Tester_cpp_codebench/tasks/307623/build/model7_tests
Looked in the following places:
Users/ittehad/Documents/Coding/Python/Turing/Tester_cpp_codebench/tasks/307623/build/model7_tests
Users/ittehad/Documents/Coding/Python/Turing/Tester_cpp_codebench/tasks/307623/build/model7_tests
Users/ittehad/Documents/Coding/Python/Turing/Tester_cpp_codebench/tasks/307623/build/Release/model7_tests
Users/ittehad/Documents/Coding/Python/Turing/Tester_cpp_codebench/tasks/307623/build/Release/model7_tests
Users/ittehad/Documents/Coding/Python/Turing/Tester_cpp_codebench/tasks/307623/build/Debug/model7_tests
Users/ittehad/Documents/Coding/Python/Turing/Tester_cpp_codebench/tasks/307623/build/Debug/model7_tests
Users/ittehad/Documents/Coding/Python/Turing/Tester_cpp_codebench/tasks/307623/build/MinSizeRel/model7_tests
Users/ittehad/Documents/Coding/Python/Turing/Tester_cpp_codebench/tasks/307623/build/MinSizeRel/model7_tests
Users/ittehad/Documents/Coding/Python/Turing/Tester_cpp_codebench/tasks/307623/build/RelWithDebInfo/model7_tests
Users/ittehad/Documents/Coding/Python/Turing/Tester_cpp_codebench/tasks/307623/build/RelWithDebInfo/model7_tests
Users/ittehad/Documents/Coding/Python/Turing/Tester_cpp_codebench/tasks/307623/build/Deployment/model7_tests
Users/ittehad/Documents/Coding/Python/Turing/Tester_cpp_codebench/tasks/307623/build/Deployment/model7_tests
Users/ittehad/Documents/Coding/Python/Turing/Tester_cpp_codebench/tasks/307623/build/Development/model7_tests
Users/ittehad/Documents/Coding/Python/Turing/Tester_cpp_codebench/tasks/307623/build/Development/model7_tests

9: Test command: 
9: Working Directory: /Users/ittehad/Documents/Coding/Python/Turing/Tester_cpp_codebench/tasks/307623/build
 9/11 Test  #9: model7_tests .....................***Not Run   0.00 sec
test 10
      Start 10: model8_tests
Could not find executable /Users/ittehad/Documents/Coding/Python/Turing/Tester_cpp_codebench/tasks/307623/build/model8_tests
Looked in the following places:
Users/ittehad/Documents/Coding/Python/Turing/Tester_cpp_codebench/tasks/307623/build/model8_tests
Users/ittehad/Documents/Coding/Python/Turing/Tester_cpp_codebench/tasks/307623/build/model8_tests
Users/ittehad/Documents/Coding/Python/Turing/Tester_cpp_codebench/tasks/307623/build/Release/model8_tests
Users/ittehad/Documents/Coding/Python/Turing/Tester_cppUnable to find executable: /Users/ittehad/Documents/Coding/Python/Turing/Tester_cpp_codebench/tasks/307623/build/model8_tests
Unable to find executable: /Users/ittehad/Documents/Coding/Python/Turing/Tester_cpp_codebench/tasks/307623/build/model9_tests
Errors while running CTest
Output from these tests are in: /Users/ittehad/Documents/Coding/Python/Turing/Tester_cpp_codebench/tasks/307623/build/Testing/Temporary/LastTest.log
Use "--rerun-failed --output-on-failure" to re-run the failed cases verbosely.
_codebench/tasks/307623/build/Release/model8_tests
Users/ittehad/Documents/Coding/Python/Turing/Tester_cpp_codebench/tasks/307623/build/Debug/model8_tests
Users/ittehad/Documents/Coding/Python/Turing/Tester_cpp_codebench/tasks/307623/build/Debug/model8_tests
Users/ittehad/Documents/Coding/Python/Turing/Tester_cpp_codebench/tasks/307623/build/MinSizeRel/model8_tests
Users/ittehad/Documents/Coding/Python/Turing/Tester_cpp_codebench/tasks/307623/build/MinSizeRel/model8_tests
Users/ittehad/Documents/Coding/Python/Turing/Tester_cpp_codebench/tasks/307623/build/RelWithDebInfo/model8_tests
Users/ittehad/Documents/Coding/Python/Turing/Tester_cpp_codebench/tasks/307623/build/RelWithDebInfo/model8_tests
Users/ittehad/Documents/Coding/Python/Turing/Tester_cpp_codebench/tasks/307623/build/Deployment/model8_tests
Users/ittehad/Documents/Coding/Python/Turing/Tester_cpp_codebench/tasks/307623/build/Deployment/model8_tests
Users/ittehad/Documents/Coding/Python/Turing/Tester_cpp_codebench/tasks/307623/build/Development/model8_tests
Users/ittehad/Documents/Coding/Python/Turing/Tester_cpp_codebench/tasks/307623/build/Development/model8_tests

10: Test command: 
10: Working Directory: /Users/ittehad/Documents/Coding/Python/Turing/Tester_cpp_codebench/tasks/307623/build
10/11 Test #10: model8_tests .....................***Not Run   0.00 sec
test 11
      Start 11: model9_tests
Could not find executable /Users/ittehad/Documents/Coding/Python/Turing/Tester_cpp_codebench/tasks/307623/build/model9_tests
Looked in the following places:
Users/ittehad/Documents/Coding/Python/Turing/Tester_cpp_codebench/tasks/307623/build/model9_tests
Users/ittehad/Documents/Coding/Python/Turing/Tester_cpp_codebench/tasks/307623/build/model9_tests
Users/ittehad/Documents/Coding/Python/Turing/Tester_cpp_codebench/tasks/307623/build/Release/model9_tests
Users/ittehad/Documents/Coding/Python/Turing/Tester_cpp_codebench/tasks/307623/build/Release/model9_tests
Users/ittehad/Documents/Coding/Python/Turing/Tester_cpp_codebench/tasks/307623/build/Debug/model9_tests
Users/ittehad/Documents/Coding/Python/Turing/Tester_cpp_codebench/tasks/307623/build/Debug/model9_tests
Users/ittehad/Documents/Coding/Python/Turing/Tester_cpp_codebench/tasks/307623/build/MinSizeRel/model9_tests
Users/ittehad/Documents/Coding/Python/Turing/Tester_cpp_codebench/tasks/307623/build/MinSizeRel/model9_tests
Users/ittehad/Documents/Coding/Python/Turing/Tester_cpp_codebench/tasks/307623/build/RelWithDebInfo/model9_tests
Users/ittehad/Documents/Coding/Python/Turing/Tester_cpp_codebench/tasks/307623/build/RelWithDebInfo/model9_tests
Users/ittehad/Documents/Coding/Python/Turing/Tester_cpp_codebench/tasks/307623/build/Deployment/model9_tests
Users/ittehad/Documents/Coding/Python/Turing/Tester_cpp_codebench/tasks/307623/build/Deployment/model9_tests
Users/ittehad/Documents/Coding/Python/Turing/Tester_cpp_codebench/tasks/307623/build/Development/model9_tests
Users/ittehad/Documents/Coding/Python/Turing/Tester_cpp_codebench/tasks/307623/build/Development/model9_tests

11: Test command: 
11: Working Directory: /Users/ittehad/Documents/Coding/Python/Turing/Tester_cpp_codebench/tasks/307623/build
11/11 Test #11: model9_tests .....................***Not Run   0.00 sec

9% tests passed, 10 tests failed out of 11

Total Test time (real) =  24.88 sec

The following tests FAILED:
	  1 - incorrect_solution_tests (Timeout)
	  2 - model1_tests (Failed)
	  3 - model10_tests (Not Run)
	  4 - model2_tests (Timeout)
	  5 - model3_tests (Not Run)
	  7 - model5_tests (Timeout)
	  8 - model6_tests (Not Run)
	  9 - model7_tests (Not Run)
	 10 - model8_tests (Not Run)
	 11 - model9_tests (Not Run)
Test project /Users/ittehad/Documents/Coding/Python/Turing/Tester_cpp_codebench/tasks/307623/build
      Start  1: incorrect_solution_tests
 1/11 Test  #1: incorrect_solution_tests .........***Timeout   5.03 sec
      Start  2: model1_tests
 2/11 Test  #2: model1_tests .....................***Failed    4.52 sec
      Start  3: model10_tests
Could not find executable /Users/ittehad/Documents/Coding/Python/Turing/Tester_cpp_codebench/tasks/307623/build/model10_tests
Looked in the following places:
/Users/ittehad/Documents/Coding/Python/Turing/Tester_cpp_codebench/tasks/307623/build/model10_tests
/Users/ittehad/Documents/Coding/Python/Turing/Tester_cpp_codebench/tasks/307623/build/model10_tests
/Users/ittehad/Documents/Coding/Python/Turing/Tester_cpp_codebench/tasks/307623/build/Release/model10_tests
/Users/ittehad/Documents/Coding/Python/Turing/Tester_cpp_codebench/tasks/307623/build/Release/model10_tests
/Users/ittehad/Documents/Coding/Python/Turing/Tester_cpp_codebench/tasks/307623/build/Debug/model10_tests
/Users/ittehad/Documents/Coding/Python/Turing/Tester_cpp_codebench/tasks/307623/build/Debug/model10_tests
/Users/ittehad/Documents/Coding/Python/Turing/Tester_cpp_codebench/tasks/307623/build/MinSizeRel/model10_tests
/Users/ittehad/Documents/Coding/Python/Turing/Tester_cpp_codebench/tasks/307623/build/MinSizeRel/model10_tests
/Users/ittehad/Documents/Coding/Python/Turing/Tester_cpp_codebench/tasks/307623/build/RelWithDebInfo/model10_tests
/Users/ittehad/Documents/Coding/Python/Turing/Tester_cpp_codebench/tasks/307623/build/RelWithDebInfo/model10_tests
/Users/ittehad/Documents/Coding/Python/Turing/Tester_cpp_codebench/tasks/307623/build/Deployment/model10_tests
/Users/ittehad/Documents/Coding/Python/Turing/Tester_cpp_codebench/tasks/307623/build/Deployment/model10_tests
/Users/ittehad/Documents/Coding/Python/Turing/Tester_cpp_codebench/tasks/307623/build/Development/model10_tests
/Users/ittehad/Documents/Coding/Python/Turing/Tester_cpp_codebench/tasks/307623/build/Development/model10_tests
Users/ittehad/Documents/Coding/Python/Turing/Tester_cpp_codebench/tasks/307623/build/model10_tests
Users/ittehad/Documents/Coding/Python/Turing/Tester_cpp_codebench/tasks/307623/build/model10_tests
Users/ittehad/Documents/Coding/Python/Turing/Tester_cpp_codebench/tasks/307623/build/Release/model10_tests
Users/ittehad/Documents/Coding/Python/Turing/Tester_cpp_codebench/tasks/307623/build/Release/model10_tests
Users/ittehad/Documents/Coding/Python/Turing/Tester_cpp_codebench/tasks/307623/build/Debug/model10_tests
Users/ittehad/Documents/Coding/Python/Turing/Tester_cpp_codebench/tasks/307623/build/Debug/model10_tests
Users/ittehad/Documents/Coding/Python/Turing/Tester_cpp_codebench/tasks/307623/build/MinSizeRel/model10_tests
Users/ittehad/Documents/Coding/Python/Turing/Tester_cpp_codebench/tasks/307623/build/MinSizeRel/model10_tests
Users/ittehad/Documents/Coding/Python/Turing/Tester_cpp_codebench/tasks/307623/build/RelWithDebInfo/model10_tests
Users/ittehad/Documents/Coding/Python/Turing/Tester_cpp_codebench/tasks/307623/build/RelWithDebInfo/model10_tests
Users/ittehad/Documents/Coding/Python/Turing/Tester_cpp_codebench/tasks/307623/build/Deployment/model10_tests
Users/ittehad/Documents/Coding/Python/Turing/Tester_cpp_codebench/tasks/307623/build/Deployment/model10_tests
Users/ittehad/Documents/Coding/Python/Turing/Tester_cpp_codebench/tasks/307623/build/Development/model10_tests
Users/ittehad/Documents/Coding/Python/Turing/Tester_cpp_codebench/tasks/307623/build/Development/model10_tests
Unable to find executable: /Users/ittehad/Documents/Coding/Python/Turing/Tester_cpp_codebench/tasks/307623/build/model10_tests
 3/11 Test  #3: model10_tests ....................***Not Run   0.00 sec
      Start  4: model2_tests
 4/11 Test  #4: model2_tests .....................***Timeout   5.04 sec
      Start  5: model3_tests
Could not find executable /Users/ittehad/Documents/Coding/Python/Turing/Tester_cpp_codebench/tasks/307623/build/model3_tests
Looked in the following places:
/Users/ittehad/Documents/Coding/Python/Turing/Tester_cpp_codebench/tasks/307623/build/model3_tests
/Users/ittehad/Documents/Coding/Python/Turing/Tester_cpp_codebench/tasks/307623/build/model3_tests
/Users/ittehad/Documents/Coding/Python/Turing/Tester_cpp_codebench/tasks/307623/build/Release/model3_tests
/Users/ittehad/Documents/Coding/Python/Turing/Tester_cpp_codebench/tasks/307623/build/Release/model3_tests
/Users/ittehad/Documents/Coding/Python/Turing/Tester_cpp_codebench/tasks/307623/build/Debug/model3_tests
/Users/ittehad/Documents/Coding/Python/Turing/Tester_cpp_codebench/tasks/307623/build/Debug/model3_tests
/Users/ittehad/Documents/Coding/Python/Turing/Tester_cpp_codebench/tasks/307623/build/MinSizeRel/model3_tests
/Users/ittehad/Documents/Coding/Python/Turing/Tester_cpp_codebench/tasks/307623/build/MinSizeRel/model3_tests
/Users/ittehad/Documents/Coding/Python/Turing/Tester_cpp_codebench/tasks/307623/build/RelWithDebInfo/model3_tests
/Users/ittehad/Documents/Coding/Python/Turing/Tester_cpp_codebench/tasks/307623/build/RelWithDebInfo/model3_tests
/Users/ittehad/Documents/Coding/Python/Turing/Tester_cpp_codebench/tasks/307623/build/Deployment/model3_tests
/Users/ittehad/Documents/Coding/Python/Turing/Tester_cpp_codebench/tasks/307623/build/Deployment/model3_tests
/Users/ittehad/Documents/Coding/Python/Turing/Tester_cpp_codebench/tasks/307623/build/Development/model3_tests
/Users/ittehad/Documents/Coding/Python/Turing/Tester_cpp_codebench/tasks/307623/build/Development/model3_tests
Users/ittehad/Documents/Coding/Python/Turing/Tester_cpp_codebench/tasks/307623/build/model3_tests
Users/ittehad/Documents/Coding/Python/Turing/Tester_cpp_codebench/tasks/307623/build/model3_tests
Users/ittehad/Documents/Coding/Python/Turing/Tester_cpp_codebench/tasks/307623/build/Release/model3_tests
Users/ittehad/Documents/Coding/Python/Turing/Tester_cpp_codebench/tasks/307623/build/Release/model3_tests
Users/ittehad/Documents/Coding/Python/Turing/Tester_cpp_codebench/tasks/307623/build/Debug/model3_tests
Users/ittehad/Documents/Coding/Python/Turing/Tester_cpp_codebench/tasks/307623/build/Debug/model3_tests
Users/ittehad/Documents/Coding/Python/Turing/Tester_cpp_codebench/tasks/307623/build/MinSizeRel/model3_tests
Users/ittehad/Documents/Coding/Python/Turing/Tester_cpp_codebench/tasks/307623/build/MinSizeRel/model3_tests
Users/ittehad/Documents/Coding/Python/Turing/Tester_cpp_codebench/tasks/307623/build/RelWithDebInfo/model3_tests
Users/ittehad/Documents/Coding/Python/Turing/Tester_cpp_codebench/tasks/307623/build/RelWithDebInfo/model3_tests
Users/ittehad/Documents/Coding/Python/Turing/Tester_cpp_codebench/tasks/307623/build/Deployment/model3_tests
Users/ittehad/Documents/Coding/Python/Turing/Tester_cpp_codebench/tasks/307623/build/Deployment/model3_tests
Users/ittehad/Documents/Coding/Python/Turing/Tester_cpp_codebench/tasks/307623/build/Development/model3_tests
Users/ittehad/Documents/Coding/Python/Turing/Tester_cpp_codebench/tasks/307623/build/Development/model3_tests
Unable to find executable: /Users/ittehad/Documents/Coding/Python/Turing/Tester_cpp_codebench/tasks/307623/build/model3_tests
 5/11 Test  #5: model3_tests .....................***Not Run   0.00 sec
      Start  6: model4_tests
 6/11 Test  #6: model4_tests .....................   Passed    4.54 sec
      Start  7: model5_tests
 7/11 Test  #7: model5_tests .....................***Timeout   5.03 sec
      Start  8: model6_tests
Could not find executable /Users/ittehad/Documents/Coding/Python/Turing/Tester_cpp_codebench/tasks/307623/build/model6_tests
Looked in the following places:
/Users/ittehad/Documents/Coding/Python/Turing/Tester_cpp_codebench/tasks/307623/build/model6_tests
/Users/ittehad/Documents/Coding/Python/Turing/Tester_cpp_codebench/tasks/307623/build/model6_tests
/Users/ittehad/Documents/Coding/Python/Turing/Tester_cpp_codebench/tasks/307623/build/Release/model6_tests
/Users/ittehad/Documents/Coding/Python/Turing/Tester_cpp_codebench/tasks/307623/build/Release/model6_tests
/Users/ittehad/Documents/Coding/Python/Turing/Tester_cpp_codebench/tasks/307623/build/Debug/model6_tests
/Users/ittehad/Documents/Coding/Python/Turing/Tester_cpp_codebench/tasks/307623/build/Debug/model6_tests
/Users/ittehad/Documents/Coding/Python/Turing/Tester_cpp_codebench/tasks/307623/build/MinSizeRel/model6_tests
/Users/ittehad/Documents/Coding/Python/Turing/Tester_cpp_codebench/tasks/307623/build/MinSizeRel/model6_tests
/Users/ittehad/Documents/Coding/Python/Turing/Tester_cpp_codebench/tasks/307623/build/RelWithDebInfo/model6_tests
/Users/ittehad/Documents/Coding/Python/Turing/Tester_cpp_codebench/tasks/307623/build/RelWithDebInfo/model6_tests
/Users/ittehad/Documents/Coding/Python/Turing/Tester_cpp_codebench/tasks/307623/build/Deployment/model6_tests
/Users/ittehad/Documents/Coding/Python/Turing/Tester_cpp_codebench/tasks/307623/build/Deployment/model6_tests
/Users/ittehad/Documents/Coding/Python/Turing/Tester_cpp_codebench/tasks/307623/build/Development/model6_tests
/Users/ittehad/Documents/Coding/Python/Turing/Tester_cpp_codebench/tasks/307623/build/Development/model6_tests
Users/ittehad/Documents/Coding/Python/Turing/Tester_cpp_codebench/tasks/307623/build/model6_tests
Users/ittehad/Documents/Coding/Python/Turing/Tester_cpp_codebench/tasks/307623/build/model6_tests
Users/ittehad/Documents/Coding/Python/Turing/Tester_cpp_codebench/tasks/307623/build/Release/model6_tests
Users/ittehad/Documents/Coding/Python/Turing/Tester_cpp_codebench/tasks/307623/build/Release/model6_tests
Users/ittehad/Documents/Coding/Python/Turing/Tester_cpp_codebench/tasks/307623/build/Debug/model6_tests
Users/ittehad/Documents/Coding/Python/Turing/Tester_cpp_codebench/tasks/307623/build/Debug/model6_tests
Users/ittehad/Documents/Coding/Python/Turing/Tester_cpp_codebench/tasks/307623/build/MinSizeRel/model6_tests
Users/ittehad/Documents/Coding/Python/Turing/Tester_cpp_codebench/tasks/307623/build/MinSizeRel/model6_tests
Users/ittehad/Documents/Coding/Python/Turing/Tester_cpp_codebench/tasks/307623/build/RelWithDebInfo/model6_tests
Users/ittehad/Documents/Coding/Python/Turing/Tester_cpp_codebench/tasks/307623/build/RelWithDebInfo/model6_tests
Users/ittehad/Documents/Coding/Python/Turing/Tester_cpp_codebench/tasks/307623/build/Deployment/model6_tests
Users/ittehad/Documents/Coding/Python/Turing/Tester_cpp_codebench/tasks/307623/build/Deployment/model6_tests
Users/ittehad/Documents/Coding/Python/Turing/Tester_cpp_codebench/tasks/307623/build/Development/model6_tests
Users/ittehad/Documents/Coding/Python/Turing/Tester_cpp_codebench/tasks/307623/build/Development/model6_tests
Unable to find executable: /Users/ittehad/Documents/Coding/Python/Turing/Tester_cpp_codebench/tasks/307623/build/model6_tests
 8/11 Test  #8: model6_tests .....................***Not Run   0.00 sec
      Start  9: model7_tests
Could not find executable /Users/ittehad/Documents/Coding/Python/Turing/Tester_cpp_codebench/tasks/307623/build/model7_tests
Looked in the following places:
/Users/ittehad/Documents/Coding/Python/Turing/Tester_cpp_codebench/tasks/307623/build/model7_tests
/Users/ittehad/Documents/Coding/Python/Turing/Tester_cpp_codebench/tasks/307623/build/model7_tests
/Users/ittehad/Documents/Coding/Python/Turing/Tester_cpp_codebench/tasks/307623/build/Release/model7_tests
/Users/ittehad/Documents/Coding/Python/Turing/Tester_cpp_codebench/tasks/307623/build/Release/model7_tests
/Users/ittehad/Documents/Coding/Python/Turing/Tester_cpp_codebench/tasks/307623/build/Debug/model7_tests
/Users/ittehad/Documents/Coding/Python/Turing/Tester_cpp_codebench/tasks/307623/build/Debug/model7_tests
/Users/ittehad/Documents/Coding/Python/Turing/Tester_cpp_codebench/tasks/307623/build/MinSizeRel/model7_tests
/Users/ittehad/Documents/Coding/Python/Turing/Tester_cpp_codebench/tasks/307623/build/MinSizeRel/model7_tests
/Users/ittehad/Documents/Coding/Python/Turing/Tester_cpp_codebench/tasks/307623/build/RelWithDebInfo/model7_tests
/Users/ittehad/Documents/Coding/Python/Turing/Tester_cpp_codebench/tasks/307623/build/RelWithDebInfo/model7_tests
/Users/ittehad/Documents/Coding/Python/Turing/Tester_cpp_codebench/tasks/307623/build/Deployment/model7_tests
/Users/ittehad/Documents/Coding/Python/Turing/Tester_cpp_codebench/tasks/307623/build/Deployment/model7_tests
/Users/ittehad/Documents/Coding/Python/Turing/Tester_cpp_codebench/tasks/307623/build/Development/model7_tests
/Users/ittehad/Documents/Coding/Python/Turing/Tester_cpp_codebench/tasks/307623/build/Development/model7_tests
Users/ittehad/Documents/Coding/Python/Turing/Tester_cpp_codebench/tasks/307623/build/model7_tests
Users/ittehad/Documents/Coding/Python/Turing/Tester_cpp_codebench/tasks/307623/build/model7_tests
Users/ittehad/Documents/Coding/Python/Turing/Tester_cpp_codebench/tasks/307623/build/Release/model7_tests
Users/ittehad/Documents/Coding/Python/Turing/Tester_cpp_codebench/tasks/307623/build/Release/model7_tests
Users/ittehad/Documents/Coding/Python/Turing/Tester_cpp_codebench/tasks/307623/build/Debug/model7_tests
Users/ittehad/Documents/Coding/Python/Turing/Tester_cpp_codebench/tasks/307623/build/Debug/model7_tests
Users/ittehad/Documents/Coding/Python/Turing/Tester_cpp_codebench/tasks/307623/build/MinSizeRel/model7_tests
Users/ittehad/Documents/Coding/Python/Turing/Tester_cpp_codebench/tasks/307623/build/MinSizeRel/model7_tests
Users/ittehad/Documents/Coding/Python/Turing/Tester_cpp_codebench/tasks/307623/build/RelWithDebInfo/model7_tests
Users/ittehad/Documents/Coding/Python/Turing/Tester_cpp_codebench/tasks/307623/build/RelWithDebInfo/model7_tests
Users/ittehad/Documents/Coding/Python/Turing/Tester_cpp_codebench/tasks/307623/build/Deployment/model7_tests
Users/ittehad/Documents/Coding/Python/Turing/Tester_cpp_codebench/tasks/307623/build/Deployment/model7_tests
Users/ittehad/Documents/Coding/Python/Turing/Tester_cpp_codebench/tasks/307623/build/Development/model7_tests
Users/ittehad/Documents/Coding/Python/Turing/Tester_cpp_codebench/tasks/307623/build/Development/model7_tests
Unable to find executable: /Users/ittehad/Documents/Coding/Python/Turing/Tester_cpp_codebench/tasks/307623/build/model7_tests
 9/11 Test  #9: model7_tests .....................***Not Run   0.00 sec
      Start 10: model8_tests
Could not find executable /Users/ittehad/Documents/Coding/Python/Turing/Tester_cpp_codebench/tasks/307623/build/model8_tests
Looked in the following places:
/Users/ittehad/Documents/Coding/Python/Turing/Tester_cpp_codebench/tasks/307623/build/model8_tests
/Users/ittehad/Documents/Coding/Python/Turing/Tester_cpp_codebench/tasks/307623/build/model8_tests
/Users/ittehad/Documents/Coding/Python/Turing/Tester_cpp_codebench/tasks/307623/build/Release/model8_tests
/Users/ittehad/Documents/Coding/Python/Turing/Tester_cpp_codebench/tasks/307623/build/Release/model8_tests
/Users/ittehad/Documents/Coding/Python/Turing/Tester_cpp_codebench/tasks/307623/build/Debug/model8_tests
/Users/ittehad/Documents/Coding/Python/Turing/Tester_cpp_codebench/tasks/307623/build/Debug/model8_tests
/Users/ittehad/Documents/Coding/Python/Turing/Tester_cpp_codebench/tasks/307623/build/MinSizeRel/model8_tests
/Users/ittehad/Documents/Coding/Python/Turing/Tester_cpp_codebench/tasks/307623/build/MinSizeRel/model8_tests
/Users/ittehad/Documents/Coding/Python/Turing/Tester_cpp_codebench/tasks/307623/build/RelWithDebInfo/model8_tests
/Users/ittehad/Documents/Coding/Python/Turing/Tester_cpp_codebench/tasks/307623/build/RelWithDebInfo/model8_tests
/Users/ittehad/Documents/Coding/Python/Turing/Tester_cpp_codebench/tasks/307623/build/Deployment/model8_tests
/Users/ittehad/Documents/Coding/Python/Turing/Tester_cpp_codebench/tasks/307623/build/Deployment/model8_tests
/Users/ittehad/Documents/Coding/Python/Turing/Tester_cpp_codebench/tasks/307623/build/Development/model8_tests
/Users/ittehad/Documents/Coding/Python/Turing/Tester_cpp_codebench/tasks/307623/build/Development/model8_tests
Users/ittehad/Documents/Coding/Python/Turing/Tester_cpp_codebench/tasks/307623/build/model8_tests
Users/ittehad/Documents/Coding/Python/Turing/Tester_cpp_codebench/tasks/307623/build/model8_tests
Users/ittehad/Documents/Coding/Python/Turing/Tester_cpp_codebench/tasks/307623/build/Release/model8_tests
Users/ittehad/Documents/Coding/Python/Turing/Tester_cpp_codebench/tasks/307623/build/Release/model8_tests
Users/ittehad/Documents/Coding/Python/Turing/Tester_cpp_codebench/tasks/307623/build/Debug/model8_tests
Users/ittehad/Documents/Coding/Python/Turing/Tester_cpp_codebench/tasks/307623/build/Debug/model8_tests
Users/ittehad/Documents/Coding/Python/Turing/Tester_cpp_codebench/tasks/307623/build/MinSizeRel/model8_tests
Users/ittehad/Documents/Coding/Python/Turing/Tester_cpp_codebench/tasks/307623/build/MinSizeRel/model8_tests
Users/ittehad/Documents/Coding/Python/Turing/Tester_cpp_codebench/tasks/307623/build/RelWithDebInfo/model8_tests
Users/ittehad/Documents/Coding/Python/Turing/Tester_cpp_codebench/tasks/307623/build/RelWithDebInfo/model8_tests
Users/ittehad/Documents/Coding/Python/Turing/Tester_cpp_codebench/tasks/307623/build/Deployment/model8_tests
Users/ittehad/Documents/Coding/Python/Turing/Tester_cpp_codebench/tasks/307623/build/Deployment/model8_tests
Users/ittehad/Documents/Coding/Python/Turing/Tester_cpp_codebench/tasks/307623/build/Development/model8_tests
Users/ittehad/Documents/Coding/Python/Turing/Tester_cpp_codebench/tasks/307623/build/Development/model8_tests
Unable to find executable: /Users/ittehad/Documents/Coding/Python/Turing/Tester_cpp_codebench/tasks/307623/build/model8_tests
10/11 Test #10: model8_tests .....................***Not Run   0.00 sec
      Start 11: model9_tests
Could not find executable /Users/ittehad/Documents/Coding/Python/Turing/Tester_cpp_codebench/tasks/307623/build/model9_tests
Looked in the following places:
/Users/ittehad/Documents/Coding/Python/Turing/Tester_cpp_codebench/tasks/307623/build/model9_tests
/Users/ittehad/Documents/Coding/Python/Turing/Tester_cpp_codebench/tasks/307623/build/model9_tests
/Users/ittehad/Documents/Coding/Python/Turing/Tester_cpp_codebench/tasks/307623/build/Release/model9_tests
/Users/ittehad/Documents/Coding/Python/Turing/Tester_cpp_codebench/tasks/307623/build/Release/model9_tests
/Users/ittehad/Documents/Coding/Python/Turing/Tester_cpp_codebench/tasks/307623/build/Debug/model9_tests
/Users/ittehad/Documents/Coding/Python/Turing/Tester_cpp_codebench/tasks/307623/build/Debug/model9_tests
/Users/ittehad/Documents/Coding/Python/Turing/Tester_cpp_codebench/tasks/307623/build/MinSizeRel/model9_tests
/Users/ittehad/Documents/Coding/Python/Turing/Tester_cpp_codebench/tasks/307623/build/MinSizeRel/model9_tests
/Users/ittehad/Documents/Coding/Python/Turing/Tester_cpp_codebench/tasks/307623/build/RelWithDebInfo/model9_tests
/Users/ittehad/Documents/Coding/Python/Turing/Tester_cpp_codebench/tasks/307623/build/RelWithDebInfo/model9_tests
/Users/ittehad/Documents/Coding/Python/Turing/Tester_cpp_codebench/tasks/307623/build/Deployment/model9_tests
/Users/ittehad/Documents/Coding/Python/Turing/Tester_cpp_codebench/tasks/307623/build/Deployment/model9_tests
/Users/ittehad/Documents/Coding/Python/Turing/Tester_cpp_codebench/tasks/307623/build/Development/model9_tests
/Users/ittehad/Documents/Coding/Python/Turing/Tester_cpp_codebench/tasks/307623/build/Development/model9_tests
Users/ittehad/Documents/Coding/Python/Turing/Tester_cpp_codebench/tasks/307623/build/model9_tests
Users/ittehad/Documents/Coding/Python/Turing/Tester_cpp_codebench/tasks/307623/build/model9_tests
Users/ittehad/Documents/Coding/Python/Turing/Tester_cpp_codebench/tasks/307623/build/Release/model9_tests
Users/ittehad/Documents/Coding/Python/Turing/Tester_cpp_codebench/tasks/307623/build/Release/model9_tests
Users/ittehad/Documents/Coding/Python/Turing/Tester_cpp_codebench/tasks/307623/build/Debug/model9_tests
Users/ittehad/Documents/Coding/Python/Turing/Tester_cpp_codebench/tasks/307623/build/Debug/model9_tests
Users/ittehad/Documents/Coding/Python/Turing/Tester_cpp_codebench/tasks/307623/build/MinSizeRel/model9_tests
Users/ittehad/Documents/Coding/Python/Turing/Tester_cpp_codebench/tasks/307623/build/MinSizeRel/model9_tests
Users/ittehad/Documents/Coding/Python/Turing/Tester_cpp_codebench/tasks/307623/build/RelWithDebInfo/model9_tests
Users/ittehad/Documents/Coding/Python/Turing/Tester_cpp_codebench/tasks/307623/build/RelWithDebInfo/model9_tests
Users/ittehad/Documents/Coding/Python/Turing/Tester_cpp_codebench/tasks/307623/build/Deployment/model9_tests
Users/ittehad/Documents/Coding/Python/Turing/Tester_cpp_codebench/tasks/307623/build/Deployment/model9_tests
Users/ittehad/Documents/Coding/Python/Turing/Tester_cpp_codebench/tasks/307623/build/Development/model9_tests
Users/ittehad/Documents/Coding/Python/Turing/Tester_cpp_codebench/tasks/307623/build/Development/model9_tests
Unable to find executable: /Users/ittehad/Documents/Coding/Python/Turing/Tester_cpp_codebench/tasks/307623/build/model9_tests
11/11 Test #11: model9_tests .....................***Not Run   0.00 sec

9% tests passed, 10 tests failed out of 11

Total Test time (real) =  24.17 sec

The following tests FAILED:
	  1 - incorrect_solution_tests (Timeout)
	  2 - model1_tests (Failed)
	  3 - model10_tests (Not Run)
	  4 - model2_tests (Timeout)
	  5 - model3_tests (Not Run)
	  7 - model5_tests (Timeout)
	  8 - model6_tests (Not Run)
	  9 - model7_tests (Not Run)
	 10 - model8_tests (Not Run)
	 11 - model9_tests (Not Run)
Errors while running CTest
Output from these tests are in: /Users/ittehad/Documents/Coding/Python/Turing/Tester_cpp_codebench/tasks/307623/build/Testing/Temporary/LastTest.log
Use "--rerun-failed --output-on-failure" to re-run the failed cases verbosely.
