UpdateCTestConfiguration  from :/Users/ittehad/Documents/Coding/Python/Turing/Tester_cpp_codebench/tasks/473647/build/DartConfiguration.tcl
UpdateCTestConfiguration  from :/Users/ittehad/Documents/Coding/Python/Turing/Tester_cpp_codebench/tasks/473647/build/DartConfiguration.tcl
Test project /Users/ittehad/Documents/Coding/Python/Turing/Tester_cpp_codebench/tasks/473647/build
Constructing a list of tests
Done constructing a list of tests
Updating test list for fixtures
Added 0 tests to meet fixture requirements
Checking test dependency graph...
Checking test dependency graph end
test 1
      Start  1: incorrect_solution_tests

1: Test command: /Users/ittehad/Documents/Coding/Python/Turing/Tester_cpp_codebench/tasks/473647/build/incorrect_solution_tests
1: Working Directory: /Users/ittehad/Documents/Coding/Python/Turing/Tester_cpp_codebench/tasks/473647/build
1: Test timeout computed to be: 5
1: Running main() from /Users/ittehad/Documents/Coding/Python/Turing/Tester_cpp_codebench/tasks/473647/build/_deps/googletest-src/googletest/src/gtest_main.cc
1: [==========] Running 17 tests from 1 test suite.
1: [----------] Global test environment set-up.
1: [----------] 17 tests from LandUsageManagerTest
1: [ RUN      ] LandUsageManagerTest.Constructor
1: [       OK ] LandUsageManagerTest.Constructor (0 ms)
1: [ RUN      ] LandUsageManagerTest.LandInitiallyAvailable
1: [       OK ] LandUsageManagerTest.LandInitiallyAvailable (0 ms)
1: [ RUN      ] LandUsageManagerTest.SimpleAllocation
1: [       OK ] LandUsageManagerTest.SimpleAllocation (0 ms)
1: [ RUN      ] LandUsageManagerTest.FullyAllocatedRange
1: [       OK ] LandUsageManagerTest.FullyAllocatedRange (0 ms)
1: [ RUN      ] LandUsageManagerTest.OverlappingAllocation
1: /Users/ittehad/Documents/Coding/Python/Turing/Tester_cpp_codebench/tasks/473647/test.cpp:47: Failure
1: Expected equality of these values:
1:   manager.getIndividualAllocations()
1:     Which is: { (15, 25) }
1:   expectedIndividual
1:     Which is: { (10, 15), (15, 25) }
1: 
1: /Users/ittehad/Documents/Coding/Python/Turing/Tester_cpp_codebench/tasks/473647/test.cpp:51: Failure
1: Expected equality of these values:
1:   manager.getMergedAllocations()
1:     Which is: { (15, 25) }
1:   expectedMerged
1:     Which is: { (10, 25) }
1: 
1: [  FAILED  ] LandUsageManagerTest.OverlappingAllocation (0 ms)
1: [ RUN      ] LandUsageManagerTest.OverlappingAllocationMultipleRanges
1: /Users/ittehad/Documents/Coding/Python/Turing/Tester_cpp_codebench/tasks/473647/test.cpp:67: Failure
1: Expected equality of these values:
1:   manager.getIndividualAllocations()
1:     Which is: { (15, 35) }
1:   expectedIndividual
1:     Which is: { (10, 15), (15, 35), (35, 40) }
1: 
1: /Users/ittehad/Documents/Coding/Python/Turing/Tester_cpp_codebench/tasks/473647/test.cpp:71: Failure
1: Expected equality of these values:
1:   manager.getMergedAllocations()
1:     Which is: { (15, 35) }
1:   expectedMerged
1:     Which is: { (10, 40) }
1: 
1: [  FAILED  ] LandUsageManagerTest.OverlappingAllocationMultipleRanges (0 ms)
1: [ RUN      ] LandUsageManagerTest.PartialOverlapUnavailable
1: [       OK ] LandUsageManagerTest.PartialOverlapUnavailable (0 ms)
1: [ RUN      ] LandUsageManagerTest.PartialRelease
1: /Users/ittehad/Documents/Coding/Python/Turing/Tester_cpp_codebench/tasks/473647/test.cpp:89: Failure
1: Expected equality of these values:
1:   manager.getIndividualAllocations()
1:     Which is: {}
1:   expectedIndividual
1:     Which is: { (10, 15), (20, 30) }
1: 
1: /Users/ittehad/Documents/Coding/Python/Turing/Tester_cpp_codebench/tasks/473647/test.cpp:93: Failure
1: Expected equality of these values:
1:   manager.getMergedAllocations()
1:     Which is: {}
1:   expectedMerged
1:     Which is: { (10, 15), (20, 30) }
1: 
1: [  FAILED  ] LandUsageManagerTest.PartialRelease (0 ms)
1: [ RUN      ] LandUsageManagerTest.ReleaseAcrossMultipleRanges
1: /Users/ittehad/Documents/Coding/Python/Turing/Tester_cpp_codebench/tasks/473647/test.cpp:110: Failure
1: Expected equality of these values:
1:   manager.getIndividualAllocations()
1:     Which is: {}
1:   expectedIndividual
1:     Which is: { (10, 15), (55, 60) }
1: 
1: /Users/ittehad/Documents/Coding/Python/Turing/Tester_cpp_codebench/tasks/473647/test.cpp:114: Failure
1: Expected equality of these values:
1:   manager.getMergedAllocations()
1:     Which is: {}
1:   expectedMerged
1:     Which is: { (10, 15), (55, 60) }
1: 
1: [  FAILED  ] LandUsageManagerTest.ReleaseAcrossMultipleRanges (0 ms)
1: [ RUN      ] LandUsageManagerTest.CompleteReleaseIndividualView
1: [       OK ] LandUsageManagerTest.CompleteReleaseIndividualView (0 ms)
1: [ RUN      ] LandUsageManagerTest.CompleteReleaseAvailabilityCheck
1: [       OK ] LandUsageManagerTest.CompleteReleaseAvailabilityCheck (0 ms)
1: [ RUN      ] LandUsageManagerTest.BackToBackAllocations
1: [       OK ] LandUsageManagerTest.BackToBackAllocations (0 ms)
1: [ RUN      ] LandUsageManagerTest.AdjacentRangeAvailable
1: [       OK ] LandUsageManagerTest.AdjacentRangeAvailable (0 ms)
1: [ RUN      ] LandUsageManagerTest.LargeAllocations
1: [       OK ] LandUsageManagerTest.LargeAllocations (0 ms)
1: [ RUN      ] LandUsageManagerTest.InvalidAllocation
1: [       OK ] LandUsageManagerTest.InvalidAllocation (0 ms)
1: [ RUN      ] LandUsageManagerTest.InvalidAvailabilityCheck
1: [       OK ] LandUsageManagerTest.InvalidAvailabilityCheck (0 ms)
1: [ RUN      ] LandUsageManagerTest.InvalidRelease
1: [       OK ] LandUsageManagerTest.InvalidRelease (0 ms)
1: [----------] 17 tests from LandUsageManagerTest (0 ms total)
1: 
1: [----------] Global test environment tear-down
1: [==========] 17 tests from 1 test suite ran. (0 ms total)
1: [  PASSED  ] 13 tests.
1: [  FAILED  ] 4 tests, listed below:
1: [  FAILED  ] LandUsageManagerTest.OverlappingAllocation
1: [  FAILED  ] LandUsageManagerTest.OverlappingAllocationMultipleRanges
1: [  FAILED  ] LandUsageManagerTest.PartialRelease
1: [  FAILED  ] LandUsageManagerTest.ReleaseAcrossMultipleRanges
1: 
1:  4 FAILED TESTS
 1/11 Test  #1: incorrect_solution_tests .........***Failed    0.32 sec
test 2
      Start  2: model1_tests

2: Test command: /Users/ittehad/Documents/Coding/Python/Turing/Tester_cpp_codebench/tasks/473647/build/model1_tests
2: Working Directory: /Users/ittehad/Documents/Coding/Python/Turing/Tester_cpp_codebench/tasks/473647/build
2: Test timeout computed to be: 5
2: Running main() from /Users/ittehad/Documents/Coding/Python/Turing/Tester_cpp_codebench/tasks/473647/build/_deps/googletest-src/googletest/src/gtest_main.cc
2: [==========] Running 17 tests from 1 test suite.
2: [----------] Global test environment set-up.
2: [----------] 17 tests from LandUsageManagerTest
2: [ RUN      ] LandUsageManagerTest.Constructor
2: [       OK ] LandUsageManagerTest.Constructor (0 ms)
2: [ RUN      ] LandUsageManagerTest.LandInitiallyAvailable
2: [       OK ] LandUsageManagerTest.LandInitiallyAvailable (0 ms)
2: [ RUN      ] LandUsageManagerTest.SimpleAllocation
2: [       OK ] LandUsageManagerTest.SimpleAllocation (0 ms)
2: [ RUN      ] LandUsageManagerTest.FullyAllocatedRange
2: [       OK ] LandUsageManagerTest.FullyAllocatedRange (0 ms)
2: [ RUN      ] LandUsageManagerTest.OverlappingAllocation
2: [       OK ] LandUsageManagerTest.OverlappingAllocation (0 ms)
2: [ RUN      ] LandUsageManagerTest.OverlappingAllocationMultipleRanges
2: [       OK ] LandUsageManagerTest.OverlappingAllocationMultipleRanges (0 ms)
2: [ RUN      ] LandUsageManagerTest.PartialOverlapUnavailable
2: [       OK ] LandUsageManagerTest.PartialOverlapUnavailable (0 ms)
2: [ RUN      ] LandUsageManagerTest.PartialRelease
2: [       OK ] LandUsageManagerTest.PartialRelease (0 ms)
2: [ RUN      ] LandUsageManagerTest.ReleaseAcrossMultipleRanges
2: [       OK ] LandUsageManagerTest.ReleaseAcrossMultipleRanges (0 ms)
2: [ RUN      ] LandUsageManagerTest.CompleteReleaseIndividualView
2: [       OK ] LandUsageManagerTest.CompleteReleaseIndividualView (0 ms)
2: [ RUN      ] LandUsageManagerTest.CompleteReleaseAvailabilityCheck
2: [       OK ] LandUsageManagerTest.CompleteReleaseAvailabilityCheck (0 ms)
2: [ RUN      ] LandUsageManagerTest.BackToBackAllocations
2: [       OK ] LandUsageManagerTest.BackToBackAllocations (0 ms)
2: [ RUN      ] LandUsageManagerTest.AdjacentRangeAvailable
2: [       OK ] LandUsageManagerTest.AdjacentRangeAvailable (0 ms)
2: [ RUN      ] LandUsageManagerTest.LargeAllocations
2: [       OK ] LandUsageManagerTest.LargeAllocations (1 ms)
2: [ RUN      ] LandUsageManagerTest.InvalidAllocation
2: [       OK ] LandUsageManagerTest.InvalidAllocation (0 ms)
2: [ RUN      ] LandUsageManagerTest.InvalidAvailabilityCheck
2: [       OK ] LandUsageManagerTest.InvalidAvailabilityCheck (0 ms)
2: [ RUN      ] LandUsageManagerTest.InvalidRelease
2: [       OK ] LandUsageManagerTest.InvalidRelease (0 ms)
2: [----------] 17 tests from LandUsageManagerTest (2 ms total)
2: 
2: [----------] Global test environment tear-down
2: [==========] 17 tests from 1 test suite ran. (2 ms total)
2: [  PASSED  ] 17 tests.
 2/11 Test  #2: model1_tests .....................   Passed    0.32 sec
test 3
      Start  3: model10_tests

3: Test command: /Users/ittehad/Documents/Coding/Python/Turing/Tester_cpp_codebench/tasks/473647/build/model10_tests
3: Working Directory: /Users/ittehad/Documents/Coding/Python/Turing/Tester_cpp_codebench/tasks/473647/build
3: Test timeout computed to be: 5
3: Running main() from /Users/ittehad/Documents/Coding/Python/Turing/Tester_cpp_codebench/tasks/473647/build/_deps/googletest-src/googletest/src/gtest_main.cc
3: [==========] Running 17 tests from 1 test suite.
3: [----------] Global test environment set-up.
3: [----------] 17 tests from LandUsageManagerTest
3: [ RUN      ] LandUsageManagerTest.Constructor
3: [       OK ] LandUsageManagerTest.Constructor (0 ms)
3: [ RUN      ] LandUsageManagerTest.LandInitiallyAvailable
3: [       OK ] LandUsageManagerTest.LandInitiallyAvailable (0 ms)
3: [ RUN      ] LandUsageManagerTest.SimpleAllocation
3: [       OK ] LandUsageManagerTest.SimpleAllocation (0 ms)
3: [ RUN      ] LandUsageManagerTest.FullyAllocatedRange
3: [       OK ] LandUsageManagerTest.FullyAllocatedRange (0 ms)
3: [ RUN      ] LandUsageManagerTest.OverlappingAllocation
3: /Users/ittehad/Documents/Coding/Python/Turing/Tester_cpp_codebench/tasks/473647/test.cpp:47: Failure
3: Expected equality of these values:
3:   manager.getIndividualAllocations()
3:     Which is: { (15, 25) }
3:   expectedIndividual
3:     Which is: { (10, 15), (15, 25) }
3: 
3: /Users/ittehad/Documents/Coding/Python/Turing/Tester_cpp_codebench/tasks/473647/test.cpp:51: Failure
3: Expected equality of these values:
3:   manager.getMergedAllocations()
3:     Which is: { (15, 25) }
3:   expectedMerged
3:     Which is: { (10, 25) }
3: 
3: [  FAILED  ] LandUsageManagerTest.OverlappingAllocation (0 ms)
3: [ RUN      ] LandUsageManagerTest.OverlappingAllocationMultipleRanges
3: /Users/ittehad/Documents/Coding/Python/Turing/Tester_cpp_codebench/tasks/473647/test.cpp:67: Failure
3: Expected equality of these values:
3:   manager.getIndividualAllocations()
3:     Which is: { (15, 35) }
3:   expectedIndividual
3:     Which is: { (10, 15), (15, 35), (35, 40) }
3: 
3: /Users/ittehad/Documents/Coding/Python/Turing/Tester_cpp_codebench/tasks/473647/test.cpp:71: Failure
3: Expected equality of these values:
3:   manager.getMergedAllocations()
3:     Which is: { (15, 35) }
3:   expectedMerged
3:     Which is: { (10, 40) }
3: 
3: [  FAILED  ] LandUsageManagerTest.OverlappingAllocationMultipleRanges (0 ms)
3: [ RUN      ] LandUsageManagerTest.PartialOverlapUnavailable
3: [       OK ] LandUsageManagerTest.PartialOverlapUnavailable (0 ms)
3: [ RUN      ] LandUsageManagerTest.PartialRelease
3: /Users/ittehad/Documents/Coding/Python/Turing/Tester_cpp_codebench/tasks/473647/test.cpp:89: Failure
3: Expected equality of these values:
3:   manager.getIndividualAllocations()
3:     Which is: {}
3:   expectedIndividual
3:     Which is: { (10, 15), (20, 30) }
3: 
3: /Users/ittehad/Documents/Coding/Python/Turing/Tester_cpp_codebench/tasks/473647/test.cpp:93: Failure
3: Expected equality of these values:
3:   manager.getMergedAllocations()
3:     Which is: {}
3:   expectedMerged
3:     Which is: { (10, 15), (20, 30) }
3: 
3: [  FAILED  ] LandUsageManagerTest.PartialRelease (0 ms)
3: [ RUN      ] LandUsageManagerTest.ReleaseAcrossMultipleRanges
3: /Users/ittehad/Documents/Coding/Python/Turing/Tester_cpp_codebench/tasks/473647/test.cpp:110: Failure
3: Expected equality of these values:
3:   manager.getIndividualAllocations()
3:     Which is: {}
3:   expectedIndividual
3:     Which is: { (10, 15), (55, 60) }
3: 
3: /Users/ittehad/Documents/Coding/Python/Turing/Tester_cpp_codebench/tasks/473647/test.cpp:114: Failure
3: Expected equality of these values:
3:   manager.getMergedAllocations()
3:     Which is: {}
3:   expectedMerged
3:     Which is: { (10, 15), (55, 60) }
3: 
3: [  FAILED  ] LandUsageManagerTest.ReleaseAcrossMultipleRanges (0 ms)
3: [ RUN      ] LandUsageManagerTest.CompleteReleaseIndividualView
3: [       OK ] LandUsageManagerTest.CompleteReleaseIndividualView (0 ms)
3: [ RUN      ] LandUsageManagerTest.CompleteReleaseAvailabilityCheck
3: [       OK ] LandUsageManagerTest.CompleteReleaseAvailabilityCheck (0 ms)
3: [ RUN      ] LandUsageManagerTest.BackToBackAllocations
3: [       OK ] LandUsageManagerTest.BackToBackAllocations (0 ms)
3: [ RUN      ] LandUsageManagerTest.AdjacentRangeAvailable
3: [       OK ] LandUsageManagerTest.AdjacentRangeAvailable (0 ms)
3: [ RUN      ] LandUsageManagerTest.LargeAllocations
3: [       OK ] LandUsageManagerTest.LargeAllocations (0 ms)
3: [ RUN      ] LandUsageManagerTest.InvalidAllocation
3: [       OK ] LandUsageManagerTest.InvalidAllocation (0 ms)
3: [ RUN      ] LandUsageManagerTest.InvalidAvailabilityCheck
3: [       OK ] LandUsageManagerTest.InvalidAvailabilityCheck (0 ms)
3: [ RUN      ] LandUsageManagerTest.InvalidRelease
3: [       OK ] LandUsageManagerTest.InvalidRelease (0 ms)
3: [----------] 17 tests from LandUsageManagerTest (1 ms total)
3: 
3: [----------] Global test environment tear-down
3: [==========] 17 tests from 1 test suite ran. (1 ms total)
3: [  PASSED  ] 13 tests.
3: [  FAILED  ] 4 tests, listed below:
3: [  FAILED  ] LandUsageManagerTest.OverlappingAllocation
3: [  FAILED  ] LandUsageManagerTest.OverlappingAllocationMultipleRanges
3: [  FAILED  ] LandUsageManagerTest.PartialRelease
3: [  FAILED  ] LandUsageManagerTest.ReleaseAcrossMultipleRanges
3: 
3:  4 FAILED TESTS
 3/11 Test  #3: model10_tests ....................***Failed    0.32 sec
test 4
      Start  4: model2_tests

4: Test command: /Users/ittehad/Documents/Coding/Python/Turing/Tester_cpp_codebench/tasks/473647/build/model2_tests
4: Working Directory: /Users/ittehad/Documents/Coding/Python/Turing/Tester_cpp_codebench/tasks/473647/build
4: Test timeout computed to be: 5
4: Running main() from /Users/ittehad/Documents/Coding/Python/Turing/Tester_cpp_codebench/tasks/473647/build/_deps/googletest-src/googletest/src/gtest_main.cc
4: [==========] Running 17 tests from 1 test suite.
4: [----------] Global test environment set-up.
4: [----------] 17 tests from LandUsageManagerTest
4: [ RUN      ] LandUsageManagerTest.Constructor
4: [       OK ] LandUsageManagerTest.Constructor (0 ms)
4: [ RUN      ] LandUsageManagerTest.LandInitiallyAvailable
4: [       OK ] LandUsageManagerTest.LandInitiallyAvailable (0 ms)
4: [ RUN      ] LandUsageManagerTest.SimpleAllocation
4: [       OK ] LandUsageManagerTest.SimpleAllocation (0 ms)
4: [ RUN      ] LandUsageManagerTest.FullyAllocatedRange
4: [       OK ] LandUsageManagerTest.FullyAllocatedRange (0 ms)
4: [ RUN      ] LandUsageManagerTest.OverlappingAllocation
4: [       OK ] LandUsageManagerTest.OverlappingAllocation (0 ms)
4: [ RUN      ] LandUsageManagerTest.OverlappingAllocationMultipleRanges
4: [       OK ] LandUsageManagerTest.OverlappingAllocationMultipleRanges (0 ms)
4: [ RUN      ] LandUsageManagerTest.PartialOverlapUnavailable
4: [       OK ] LandUsageManagerTest.PartialOverlapUnavailable (0 ms)
4: [ RUN      ] LandUsageManagerTest.PartialRelease
4: [       OK ] LandUsageManagerTest.PartialRelease (0 ms)
4: [ RUN      ] LandUsageManagerTest.ReleaseAcrossMultipleRanges
4: [       OK ] LandUsageManagerTest.ReleaseAcrossMultipleRanges (0 ms)
4: [ RUN      ] LandUsageManagerTest.CompleteReleaseIndividualView
4: [       OK ] LandUsageManagerTest.CompleteReleaseIndividualView (0 ms)
4: [ RUN      ] LandUsageManagerTest.CompleteReleaseAvailabilityCheck
4: [       OK ] LandUsageManagerTest.CompleteReleaseAvailabilityCheck (0 ms)
4: [ RUN      ] LandUsageManagerTest.BackToBackAllocations
4: [       OK ] LandUsageManagerTest.BackToBackAllocations (0 ms)
4: [ RUN      ] LandUsageManagerTest.AdjacentRangeAvailable
4: [       OK ] LandUsageManagerTest.AdjacentRangeAvailable (0 ms)
4: [ RUN      ] LandUsageManagerTest.LargeAllocations
4: [       OK ] LandUsageManagerTest.LargeAllocations (1 ms)
4: [ RUN      ] LandUsageManagerTest.InvalidAllocation
4: [       OK ] LandUsageManagerTest.InvalidAllocation (0 ms)
4: [ RUN      ] LandUsageManagerTest.InvalidAvailabilityCheck
4: [       OK ] LandUsageManagerTest.InvalidAvailabilityCheck (0 ms)
4: [ RUN      ] LandUsageManagerTest.InvalidRelease
4: [       OK ] LandUsageManagerTest.InvalidRelease (0 ms)
4: [----------] 17 tests from LandUsageManagerTest (2 ms total)
4: 
4: [----------] Global test environment tear-down
4: [==========] 17 tests from 1 test suite ran. (2 ms total)
4: [  PASSED  ] 17 tests.
 4/11 Test  #4: model2_tests .....................   Passed    0.33 sec
test 5
      Start  5: model3_tests

5: Test command: /Users/ittehad/Documents/Coding/Python/Turing/Tester_cpp_codebench/tasks/473647/build/model3_tests
5: Working Directory: /Users/ittehad/Documents/Coding/Python/Turing/Tester_cpp_codebench/tasks/473647/build
5: Test timeout computed to be: 5
5: Running main() from /Users/ittehad/Documents/Coding/Python/Turing/Tester_cpp_codebench/tasks/473647/build/_deps/googletest-src/googletest/src/gtest_main.cc
5: [==========] Running 17 tests from 1 test suite.
5: [----------] Global test environment set-up.
5: [----------] 17 tests from LandUsageManagerTest
5: [ RUN      ] LandUsageManagerTest.Constructor
5: [       OK ] LandUsageManagerTest.Constructor (0 ms)
5: [ RUN      ] LandUsageManagerTest.LandInitiallyAvailable
5: [       OK ] LandUsageManagerTest.LandInitiallyAvailable (0 ms)
5: [ RUN      ] LandUsageManagerTest.SimpleAllocation
5: [       OK ] LandUsageManagerTest.SimpleAllocation (0 ms)
5: [ RUN      ] LandUsageManagerTest.FullyAllocatedRange
5: [       OK ] LandUsageManagerTest.FullyAllocatedRange (0 ms)
5: [ RUN      ] LandUsageManagerTest.OverlappingAllocation
5: /Users/ittehad/Documents/Coding/Python/Turing/Tester_cpp_codebench/tasks/473647/test.cpp:47: Failure
5: Expected equality of these values:
5:   manager.getIndividualAllocations()
5:     Which is: { (15, 25) }
5:   expectedIndividual
5:     Which is: { (10, 15), (15, 25) }
5: 
5: /Users/ittehad/Documents/Coding/Python/Turing/Tester_cpp_codebench/tasks/473647/test.cpp:51: Failure
5: Expected equality of these values:
5:   manager.getMergedAllocations()
5:     Which is: { (15, 25) }
5:   expectedMerged
5:     Which is: { (10, 25) }
5: 
5: [  FAILED  ] LandUsageManagerTest.OverlappingAllocation (0 ms)
5: [ RUN      ] LandUsageManagerTest.OverlappingAllocationMultipleRanges
5: /Users/ittehad/Documents/Coding/Python/Turing/Tester_cpp_codebench/tasks/473647/test.cpp:67: Failure
5: Expected equality of these values:
5:   manager.getIndividualAllocations()
5:     Which is: { (15, 35) }
5:   expectedIndividual
5:     Which is: { (10, 15), (15, 35), (35, 40) }
5: 
5: /Users/ittehad/Documents/Coding/Python/Turing/Tester_cpp_codebench/tasks/473647/test.cpp:71: Failure
5: Expected equality of these values:
5:   manager.getMergedAllocations()
5:     Which is: { (15, 35) }
5:   expectedMerged
5:     Which is: { (10, 40) }
5: 
5: [  FAILED  ] LandUsageManagerTest.OverlappingAllocationMultipleRanges (0 ms)
5: [ RUN      ] LandUsageManagerTest.PartialOverlapUnavailable
5: [       OK ] LandUsageManagerTest.PartialOverlapUnavailable (0 ms)
5: [ RUN      ] LandUsageManagerTest.PartialRelease
5: [       OK ] LandUsageManagerTest.PartialRelease (0 ms)
5: [ RUN      ] LandUsageManagerTest.ReleaseAcrossMultipleRanges
5: [       OK ] LandUsageManagerTest.ReleaseAcrossMultipleRanges (0 ms)
5: [ RUN      ] LandUsageManagerTest.CompleteReleaseIndividualView
5: [       OK ] LandUsageManagerTest.CompleteReleaseIndividualView (0 ms)
5: [ RUN      ] LandUsageManagerTest.CompleteReleaseAvailabilityCheck
5: [       OK ] LandUsageManagerTest.CompleteReleaseAvailabilityCheck (0 ms)
5: [ RUN      ] LandUsageManagerTest.BackToBackAllocations
5: [       OK ] LandUsageManagerTest.BackToBackAllocations (0 ms)
5: [ RUN      ] LandUsageManagerTest.AdjacentRangeAvailable
5: [       OK ] LandUsageManagerTest.AdjacentRangeAvailable (0 ms)
5: [ RUN      ] LandUsageManagerTest.LargeAllocations
5: [       OK ] LandUsageManagerTest.LargeAllocations (1 ms)
5: [ RUN      ] LandUsageManagerTest.InvalidAllocation
5: [       OK ] LandUsageManagerTest.InvalidAllocation (0 ms)
5: [ RUN      ] LandUsageManagerTest.InvalidAvailabilityCheck
5: [       OK ] LandUsageManagerTest.InvalidAvailabilityCheck (0 ms)
5: [ RUN      ] LandUsageManagerTest.InvalidRelease
5: [       OK ] LandUsageManagerTest.InvalidRelease (0 ms)
5: [----------] 17 tests from LandUsageManagerTest (2 ms total)
5: 
5: [----------] Global test environment tear-down
5: [==========] 17 tests from 1 test suite ran. (2 ms total)
5: [  PASSED  ] 15 tests.
5: [  FAILED  ] 2 tests, listed below:
5: [  FAILED  ] LandUsageManagerTest.OverlappingAllocation
5: [  FAILED  ] LandUsageManagerTest.OverlappingAllocationMultipleRanges
5: 
5:  2 FAILED TESTS
 5/11 Test  #5: model3_tests .....................***Failed    0.32 sec
test 6
      Start  6: model4_tests

6: Test command: /Users/ittehad/Documents/Coding/Python/Turing/Tester_cpp_codebench/tasks/473647/build/model4_tests
6: Working Directory: /Users/ittehad/Documents/Coding/Python/Turing/Tester_cpp_codebench/tasks/473647/build
6: Test timeout computed to be: 5
6: Running main() from /Users/ittehad/Documents/Coding/Python/Turing/Tester_cpp_codebench/tasks/473647/build/_deps/googletest-src/googletest/src/gtest_main.cc
6: [==========] Running 17 tests from 1 test suite.
6: [----------] Global test environment set-up.
6: [----------] 17 tests from LandUsageManagerTest
6: [ RUN      ] LandUsageManagerTest.Constructor
6: [       OK ] LandUsageManagerTest.Constructor (0 ms)
6: [ RUN      ] LandUsageManagerTest.LandInitiallyAvailable
6: [       OK ] LandUsageManagerTest.LandInitiallyAvailable (0 ms)
6: [ RUN      ] LandUsageManagerTest.SimpleAllocation
6: [       OK ] LandUsageManagerTest.SimpleAllocation (0 ms)
6: [ RUN      ] LandUsageManagerTest.FullyAllocatedRange
6: [       OK ] LandUsageManagerTest.FullyAllocatedRange (0 ms)
6: [ RUN      ] LandUsageManagerTest.OverlappingAllocation
6: [       OK ] LandUsageManagerTest.OverlappingAllocation (0 ms)
6: [ RUN      ] LandUsageManagerTest.OverlappingAllocationMultipleRanges
6: [       OK ] LandUsageManagerTest.OverlappingAllocationMultipleRanges (0 ms)
6: [ RUN      ] LandUsageManagerTest.PartialOverlapUnavailable
6: [       OK ] LandUsageManagerTest.PartialOverlapUnavailable (0 ms)
6: [ RUN      ] LandUsageManagerTest.PartialRelease
6: [       OK ] LandUsageManagerTest.PartialRelease (0 ms)
6: [ RUN      ] LandUsageManagerTest.ReleaseAcrossMultipleRanges
6: [       OK ] LandUsageManagerTest.ReleaseAcrossMultipleRanges (0 ms)
6: [ RUN      ] LandUsageManagerTest.CompleteReleaseIndividualView
6: [       OK ] LandUsageManagerTest.CompleteReleaseIndividualView (0 ms)
6: [ RUN      ] LandUsageManagerTest.CompleteReleaseAvailabilityCheck
6: [       OK ] LandUsageManagerTest.CompleteReleaseAvailabilityCheck (0 ms)
6: [ RUN      ] LandUsageManagerTest.BackToBackAllocations
6: [       OK ] LandUsageManagerTest.BackToBackAllocations (0 ms)
6: [ RUN      ] LandUsageManagerTest.AdjacentRangeAvailable
6: [       OK ] LandUsageManagerTest.AdjacentRangeAvailable (0 ms)
6: [ RUN      ] LandUsageManagerTest.LargeAllocations
6: [       OK ] LandUsageManagerTest.LargeAllocations (0 ms)
6: [ RUN      ] LandUsageManagerTest.InvalidAllocation
6: [       OK ] LandUsageManagerTest.InvalidAllocation (0 ms)
6: [ RUN      ] LandUsageManagerTest.InvalidAvailabilityCheck
6: [       OK ] LandUsageManagerTest.InvalidAvailabilityCheck (0 ms)
6: [ RUN      ] LandUsageManagerTest.InvalidRelease
6: [       OK ] LandUsageManagerTest.InvalidRelease (0 ms)
6: [----------] 17 tests from LandUsageManagerTest (1 ms total)
6: 
6: [----------] Global test environment tear-down
6: [==========] 17 tests from 1 test suite ran. (1 ms total)
6: [  PASSED  ] 17 tests.
 6/11 Test  #6: model4_tests .....................   Passed    0.45 sec
test 7
      Start  7: model5_tests

7: Test command: /Users/ittehad/Documents/Coding/Python/Turing/Tester_cpp_codebench/tasks/473647/build/model5_tests
7: Working Directory: /Users/ittehad/Documents/Coding/Python/Turing/Tester_cpp_codebench/tasks/473647/build
7: Test timeout computed to be: 5
7: Running main() from /Users/ittehad/Documents/Coding/Python/Turing/Tester_cpp_codebench/tasks/473647/build/_deps/googletest-src/googletest/src/gtest_main.cc
7: [==========] Running 17 tests from 1 test suite.
7: [----------] Global test environment set-up.
7: [----------] 17 tests from LandUsageManagerTest
7: [ RUN      ] LandUsageManagerTest.Constructor
7: [       OK ] LandUsageManagerTest.Constructor (0 ms)
7: [ RUN      ] LandUsageManagerTest.LandInitiallyAvailable
7: [       OK ] LandUsageManagerTest.LandInitiallyAvailable (0 ms)
7: [ RUN      ] LandUsageManagerTest.SimpleAllocation
7: [       OK ] LandUsageManagerTest.SimpleAllocation (0 ms)
7: [ RUN      ] LandUsageManagerTest.FullyAllocatedRange
7: [       OK ] LandUsageManagerTest.FullyAllocatedRange (0 ms)
7: [ RUN      ] LandUsageManagerTest.OverlappingAllocation
7: /Users/ittehad/Documents/Coding/Python/Turing/Tester_cpp_codebench/tasks/473647/test.cpp:47: Failure
7: Expected equality of these values:
7:   manager.getIndividualAllocations()
7:     Which is: { (10, 25) }
7:   expectedIndividual
7:     Which is: { (10, 15), (15, 25) }
7: 
7: [  FAILED  ] LandUsageManagerTest.OverlappingAllocation (0 ms)
7: [ RUN      ] LandUsageManagerTest.OverlappingAllocationMultipleRanges
7: /Users/ittehad/Documents/Coding/Python/Turing/Tester_cpp_codebench/tasks/473647/test.cpp:67: Failure
7: Expected equality of these values:
7:   manager.getIndividualAllocations()
7:     Which is: { (10, 40) }
7:   expectedIndividual
7:     Which is: { (10, 15), (15, 35), (35, 40) }
7: 
7: [  FAILED  ] LandUsageManagerTest.OverlappingAllocationMultipleRanges (0 ms)
7: [ RUN      ] LandUsageManagerTest.PartialOverlapUnavailable
7: [       OK ] LandUsageManagerTest.PartialOverlapUnavailable (0 ms)
7: [ RUN      ] LandUsageManagerTest.PartialRelease
7: [       OK ] LandUsageManagerTest.PartialRelease (0 ms)
7: [ RUN      ] LandUsageManagerTest.ReleaseAcrossMultipleRanges
7: [       OK ] LandUsageManagerTest.ReleaseAcrossMultipleRanges (0 ms)
7: [ RUN      ] LandUsageManagerTest.CompleteReleaseIndividualView
7: [       OK ] LandUsageManagerTest.CompleteReleaseIndividualView (0 ms)
7: [ RUN      ] LandUsageManagerTest.CompleteReleaseAvailabilityCheck
7: [       OK ] LandUsageManagerTest.CompleteReleaseAvailabilityCheck (0 ms)
7: [ RUN      ] LandUsageManagerTest.BackToBackAllocations
7: /Users/ittehad/Documents/Coding/Python/Turing/Tester_cpp_codebench/tasks/473647/test.cpp:145: Failure
7: Expected equality of these values:
7:   manager.getIndividualAllocations()
7:     Which is: { (10, 30) }
7:   expectedIndividual
7:     Which is: { (10, 20), (20, 30) }
7: 
7: [  FAILED  ] LandUsageManagerTest.BackToBackAllocations (0 ms)
7: [ RUN      ] LandUsageManagerTest.AdjacentRangeAvailable
7: [       OK ] LandUsageManagerTest.AdjacentRangeAvailable (0 ms)
7: [ RUN      ] LandUsageManagerTest.LargeAllocations
7: [       OK ] LandUsageManagerTest.LargeAllocations (3 ms)
7: [ RUN      ] LandUsageManagerTest.InvalidAllocation
7: [       OK ] LandUsageManagerTest.InvalidAllocation (0 ms)
7: [ RUN      ] LandUsageManagerTest.InvalidAvailabilityCheck
7: [       OK ] LandUsageManagerTest.InvalidAvailabilityCheck (0 ms)
7: [ RUN      ] LandUsageManagerTest.InvalidRelease
7: [       OK ] LandUsageManagerTest.InvalidRelease (0 ms)
7: [----------] 17 tests from LandUsageManagerTest (4 ms total)
7: 
7: [----------] Global test environment tear-down
7: [==========] 17 tests from 1 test suite ran. (4 ms total)
7: [  PASSED  ] 14 tests.
7: [  FAILED  ] 3 tests, listed below:
7: [  FAILED  ] LandUsageManagerTest.OverlappingAllocation
7: [  FAILED  ] LandUsageManagerTest.OverlappingAllocationMultipleRanges
7: [  FAILED  ] LandUsageManagerTest.BackToBackAllocations
7: 
7:  3 FAILED TESTS
 7/11 Test  #7: model5_tests .....................***Failed    0.34 sec
test 8
      Start  8: model6_tests

8: Test command: /Users/ittehad/Documents/Coding/Python/Turing/Tester_cpp_codebench/tasks/473647/build/model6_tests
8: Working Directory: /Users/ittehad/Documents/Coding/Python/Turing/Tester_cpp_codebench/tasks/473647/build
8: Test timeout computed to be: 5
8: Running main() from /Users/ittehad/Documents/Coding/Python/Turing/Tester_cpp_codebench/tasks/473647/build/_deps/googletest-src/googletest/src/gtest_main.cc
8: [==========] Running 17 tests from 1 test suite.
8: [----------] Global test environment set-up.
8: [----------] 17 tests from LandUsageManagerTest
8: [ RUN      ] LandUsageManagerTest.Constructor
8: [       OK ] LandUsageManagerTest.Constructor (0 ms)
8: [ RUN      ] LandUsageManagerTest.LandInitiallyAvailable
8: [       OK ] LandUsageManagerTest.LandInitiallyAvailable (0 ms)
8: [ RUN      ] LandUsageManagerTest.SimpleAllocation
8: [       OK ] LandUsageManagerTest.SimpleAllocation (0 ms)
8: [ RUN      ] LandUsageManagerTest.FullyAllocatedRange
8: [       OK ] LandUsageManagerTest.FullyAllocatedRange (0 ms)
8: [ RUN      ] LandUsageManagerTest.OverlappingAllocation
8: /Users/ittehad/Documents/Coding/Python/Turing/Tester_cpp_codebench/tasks/473647/test.cpp:47: Failure
8: Expected equality of these values:
8:   manager.getIndividualAllocations()
8:     Which is: { (15, 25) }
8:   expectedIndividual
8:     Which is: { (10, 15), (15, 25) }
8: 
8: /Users/ittehad/Documents/Coding/Python/Turing/Tester_cpp_codebench/tasks/473647/test.cpp:51: Failure
8: Expected equality of these values:
8:   manager.getMergedAllocations()
8:     Which is: { (15, 25) }
8:   expectedMerged
8:     Which is: { (10, 25) }
8: 
8: [  FAILED  ] LandUsageManagerTest.OverlappingAllocation (0 ms)
8: [ RUN      ] LandUsageManagerTest.OverlappingAllocationMultipleRanges
8: /Users/ittehad/Documents/Coding/Python/Turing/Tester_cpp_codebench/tasks/473647/test.cpp:67: Failure
8: Expected equality of these values:
8:   manager.getIndividualAllocations()
8:     Which is: { (15, 35) }
8:   expectedIndividual
8:     Which is: { (10, 15), (15, 35), (35, 40) }
8: 
8: /Users/ittehad/Documents/Coding/Python/Turing/Tester_cpp_codebench/tasks/473647/test.cpp:71: Failure
8: Expected equality of these values:
8:   manager.getMergedAllocations()
8:     Which is: { (15, 35) }
8:   expectedMerged
8:     Which is: { (10, 40) }
8: 
8: [  FAILED  ] LandUsageManagerTest.OverlappingAllocationMultipleRanges (0 ms)
8: [ RUN      ] LandUsageManagerTest.PartialOverlapUnavailable
8: [       OK ] LandUsageManagerTest.PartialOverlapUnavailable (0 ms)
8: [ RUN      ] LandUsageManagerTest.PartialRelease
8: /Users/ittehad/Documents/Coding/Python/Turing/Tester_cpp_codebench/tasks/473647/test.cpp:89: Failure
8: Expected equality of these values:
8:   manager.getIndividualAllocations()
8:     Which is: {}
8:   expectedIndividual
8:     Which is: { (10, 15), (20, 30) }
8: 
8: /Users/ittehad/Documents/Coding/Python/Turing/Tester_cpp_codebench/tasks/473647/test.cpp:93: Failure
8: Expected equality of these values:
8:   manager.getMergedAllocations()
8:     Which is: {}
8:   expectedMerged
8:     Which is: { (10, 15), (20, 30) }
8: 
8: [  FAILED  ] LandUsageManagerTest.PartialRelease (0 ms)
8: [ RUN      ] LandUsageManagerTest.ReleaseAcrossMultipleRanges
8: /Users/ittehad/Documents/Coding/Python/Turing/Tester_cpp_codebench/tasks/473647/test.cpp:110: Failure
8: Expected equality of these values:
8:   manager.getIndividualAllocations()
8:     Which is: {}
8:   expectedIndividual
8:     Which is: { (10, 15), (55, 60) }
8: 
8: /Users/ittehad/Documents/Coding/Python/Turing/Tester_cpp_codebench/tasks/473647/test.cpp:114: Failure
8: Expected equality of these values:
8:   manager.getMergedAllocations()
8:     Which is: {}
8:   expectedMerged
8:     Which is: { (10, 15), (55, 60) }
8: 
8: [  FAILED  ] LandUsageManagerTest.ReleaseAcrossMultipleRanges (0 ms)
8: [ RUN      ] LandUsageManagerTest.CompleteReleaseIndividualView
8: [       OK ] LandUsageManagerTest.CompleteReleaseIndividualView (0 ms)
8: [ RUN      ] LandUsageManagerTest.CompleteReleaseAvailabilityCheck
8: [       OK ] LandUsageManagerTest.CompleteReleaseAvailabilityCheck (0 ms)
8: [ RUN      ] LandUsageManagerTest.BackToBackAllocations
8: [       OK ] LandUsageManagerTest.BackToBackAllocations (0 ms)
8: [ RUN      ] LandUsageManagerTest.AdjacentRangeAvailable
8: [       OK ] LandUsageManagerTest.AdjacentRangeAvailable (0 ms)
8: [ RUN      ] LandUsageManagerTest.LargeAllocations
8: [       OK ] LandUsageManagerTest.LargeAllocations (0 ms)
8: [ RUN      ] LandUsageManagerTest.InvalidAllocation
8: [       OK ] LandUsageManagerTest.InvalidAllocation (0 ms)
8: [ RUN      ] LandUsageManagerTest.InvalidAvailabilityCheck
8: [       OK ] LandUsageManagerTest.InvalidAvailabilityCheck (0 ms)
8: [ RUN      ] LandUsageManagerTest.InvalidRelease
8: [       OK ] LandUsageManagerTest.InvalidRelease (0 ms)
8: [----------] 17 tests from LandUsageManagerTest (1 ms total)
8: 
8: [----------] Global test environment tear-down
8: [==========] 17 tests from 1 test suite ran. (1 ms total)
8: [  PASSED  ] 13 tests.
8: [  FAILED  ] 4 tests, listed below:
8: [  FAILED  ] LandUsageManagerTest.OverlappingAllocation
8: [  FAILED  ] LandUsageManagerTest.OverlappingAllocationMultipleRanges
8: [  FAILED  ] LandUsageManagerTest.PartialRelease
8: [  FAILED  ] LandUsageManagerTest.ReleaseAcrossMultipleRanges
8: 
8:  4 FAILED TESTS
 8/11 Test  #8: model6_tests .....................***Failed    0.32 sec
test 9
      Start  9: model7_tests

9: Test command: /Users/ittehad/Documents/Coding/Python/Turing/Tester_cpp_codebench/tasks/473647/build/model7_tests
9: Working Directory: /Users/ittehad/Documents/Coding/Python/Turing/Tester_cpp_codebench/tasks/473647/build
9: Test timeout computed to be: 5
9: Running main() from /Users/ittehad/Documents/Coding/Python/Turing/Tester_cpp_codebench/tasks/473647/build/_deps/googletest-src/googletest/src/gtest_main.cc
9: [==========] Running 17 tests from 1 test suite.
9: [----------] Global test environment set-up.
9: [----------] 17 tests from LandUsageManagerTest
9: [ RUN      ] LandUsageManagerTest.Constructor
9: [       OK ] LandUsageManagerTest.Constructor (0 ms)
9: [ RUN      ] LandUsageManagerTest.LandInitiallyAvailable
9: [       OK ] LandUsageManagerTest.LandInitiallyAvailable (0 ms)
9: [ RUN      ] LandUsageManagerTest.SimpleAllocation
9: [       OK ] LandUsageManagerTest.SimpleAllocation (0 ms)
9: [ RUN      ] LandUsageManagerTest.FullyAllocatedRange
9: [       OK ] LandUsageManagerTest.FullyAllocatedRange (0 ms)
9: [ RUN      ] LandUsageManagerTest.OverlappingAllocation
9: /Users/ittehad/Documents/Coding/Python/Turing/Tester_cpp_codebench/tasks/473647/test.cpp:47: Failure
9: Expected equality of these values:
9:   manager.getIndividualAllocations()
9:     Which is: { (15, 25) }
9:   expectedIndividual
9:     Which is: { (10, 15), (15, 25) }
9: 
9: /Users/ittehad/Documents/Coding/Python/Turing/Tester_cpp_codebench/tasks/473647/test.cpp:51: Failure
9: Expected equality of these values:
9:   manager.getMergedAllocations()
9:     Which is: { (15, 25) }
9:   expectedMerged
9:     Which is: { (10, 25) }
9: 
9: [  FAILED  ] LandUsageManagerTest.OverlappingAllocation (0 ms)
9: [ RUN      ] LandUsageManagerTest.OverlappingAllocationMultipleRanges
9: /Users/ittehad/Documents/Coding/Python/Turing/Tester_cpp_codebench/tasks/473647/test.cpp:67: Failure
9: Expected equality of these values:
9:   manager.getIndividualAllocations()
9:     Which is: { (15, 35) }
9:   expectedIndividual
9:     Which is: { (10, 15), (15, 35), (35, 40) }
9: 
9: /Users/ittehad/Documents/Coding/Python/Turing/Tester_cpp_codebench/tasks/473647/test.cpp:71: Failure
9: Expected equality of these values:
9:   manager.getMergedAllocations()
9:     Which is: { (15, 35) }
9:   expectedMerged
9:     Which is: { (10, 40) }
9: 
9: [  FAILED  ] LandUsageManagerTest.OverlappingAllocationMultipleRanges (0 ms)
9: [ RUN      ] LandUsageManagerTest.PartialOverlapUnavailable
9: [       OK ] LandUsageManagerTest.PartialOverlapUnavailable (0 ms)
9: [ RUN      ] LandUsageManagerTest.PartialRelease
9: /Users/ittehad/Documents/Coding/Python/Turing/Tester_cpp_codebench/tasks/473647/test.cpp:89: Failure
9: Expected equality of these values:
9:   manager.getIndividualAllocations()
9:     Which is: {}
9:   expectedIndividual
9:     Which is: { (10, 15), (20, 30) }
9: 
9: /Users/ittehad/Documents/Coding/Python/Turing/Tester_cpp_codebench/tasks/473647/test.cpp:93: Failure
9: Expected equality of these values:
9:   manager.getMergedAllocations()
9:     Which is: {}
9:   expectedMerged
9:     Which is: { (10, 15), (20, 30) }
9: 
9: [  FAILED  ] LandUsageManagerTest.PartialRelease (0 ms)
9: [ RUN      ] LandUsageManagerTest.ReleaseAcrossMultipleRanges
9: /Users/ittehad/Documents/Coding/Python/Turing/Tester_cpp_codebench/tasks/473647/test.cpp:110: Failure
9: Expected equality of these values:
9:   manager.getIndividualAllocations()
9:     Which is: {}
9:   expectedIndividual
9:     Which is: { (10, 15), (55, 60) }
9: 
9: /Users/ittehad/Documents/Coding/Python/Turing/Tester_cpp_codebench/tasks/473647/test.cpp:114: Failure
9: Expected equality of these values:
9:   manager.getMergedAllocations()
9:     Which is: {}
9:   expectedMerged
9:     Which is: { (10, 15), (55, 60) }
9: 
9: [  FAILED  ] LandUsageManagerTest.ReleaseAcrossMultipleRanges (0 ms)
9: [ RUN      ] LandUsageManagerTest.CompleteReleaseIndividualView
9: [       OK ] LandUsageManagerTest.CompleteReleaseIndividualView (0 ms)
9: [ RUN      ] LandUsageManagerTest.CompleteReleaseAvailabilityCheck
9: [       OK ] LandUsageManagerTest.CompleteReleaseAvailabilityCheck (0 ms)
9: [ RUN      ] LandUsageManagerTest.BackToBackAllocations
9: [       OK ] LandUsageManagerTest.BackToBackAllocations (0 ms)
9: [ RUN      ] LandUsageManagerTest.AdjacentRangeAvailable
9: [       OK ] LandUsageManagerTest.AdjacentRangeAvailable (0 ms)
9: [ RUN      ] LandUsageManagerTest.LargeAllocations
9: [       OK ] LandUsageManagerTest.LargeAllocations (0 ms)
9: [ RUN      ] LandUsageManagerTest.InvalidAllocation
9: [       OK ] LandUsageManagerTest.InvalidAllocation (0 ms)
9: [ RUN      ] LandUsageManagerTest.InvalidAvailabilityCheck
9: [       OK ] LandUsageManagerTest.InvalidAvailabilityCheck (0 ms)
9: [ RUN      ] LandUsageManagerTest.InvalidRelease
9: [       OK ] LandUsageManagerTest.InvalidRelease (0 ms)
9: [----------] 17 tests from LandUsageManagerTest (0 ms total)
9: 
9: [----------] Global test environment tear-down
9: [==========] 17 tests from 1 test suite ran. (0 ms total)
9: [  PASSED  ] 13 tests.
9: [  FAILED  ] 4 tests, listed below:
9: [  FAILED  ] LandUsageManagerTest.OverlappingAllocation
9: [  FAILED  ] LandUsageManagerTest.OverlappingAllocationMultipleRanges
9: [  FAILED  ] LandUsageManagerTest.PartialRelease
9: [  FAILED  ] LandUsageManagerTest.ReleaseAcrossMultipleRanges
9: 
9:  4 FAILED TESTS
 9/11 Test  #9: model7_tests .....................***Failed    0.36 sec
test 10
      Start 10: model8_tests

10: Test command: /Users/ittehad/Documents/Coding/Python/Turing/Tester_cpp_codebench/tasks/473647/build/model8_tests
10: Working Directory: /Users/ittehad/Documents/Coding/Python/Turing/Tester_cpp_codebench/tasks/473647/build
10: Test timeout computed to be: 5
10: Running main() from /Users/ittehad/Documents/Coding/Python/Turing/Tester_cpp_codebench/tasks/473647/build/_deps/googletest-src/googletest/src/gtest_main.cc
10: [==========] Running 17 tests from 1 test suite.
10: [----------] Global test environment set-up.
10: [----------] 17 tests from LandUsageManagerTest
10: [ RUN      ] LandUsageManagerTest.Constructor
10: [       OK ] LandUsageManagerTest.Constructor (0 ms)
10: [ RUN      ] LandUsageManagerTest.LandInitiallyAvailable
10: [       OK ] LandUsageManagerTest.LandInitiallyAvailable (0 ms)
10: [ RUN      ] LandUsageManagerTest.SimpleAllocation
10: [       OK ] LandUsageManagerTest.SimpleAllocation (0 ms)
10: [ RUN      ] LandUsageManagerTest.FullyAllocatedRange
10: [       OK ] LandUsageManagerTest.FullyAllocatedRange (0 ms)
10: [ RUN      ] LandUsageManagerTest.OverlappingAllocation
10: /Users/ittehad/Documents/Coding/Python/Turing/Tester_cpp_codebench/tasks/473647/test.cpp:47: Failure
10: Expected equality of these values:
10:   manager.getIndividualAllocations()
10:     Which is: { (10, 20), (15, 25) }
10:   expectedIndividual
10:     Which is: { (10, 15), (15, 25) }
10: 
10: [  FAILED  ] LandUsageManagerTest.OverlappingAllocation (0 ms)
10: [ RUN      ] LandUsageManagerTest.OverlappingAllocationMultipleRanges
10: /Users/ittehad/Documents/Coding/Python/Turing/Tester_cpp_codebench/tasks/473647/test.cpp:67: Failure
10: Expected equality of these values:
10:   manager.getIndividualAllocations()
10:     Which is: { (10, 20), (15, 35), (30, 40) }
10:   expectedIndividual
10:     Which is: { (10, 15), (15, 35), (35, 40) }
10: 
10: [  FAILED  ] LandUsageManagerTest.OverlappingAllocationMultipleRanges (0 ms)
10: [ RUN      ] LandUsageManagerTest.PartialOverlapUnavailable
10: [       OK ] LandUsageManagerTest.PartialOverlapUnavailable (0 ms)
10: [ RUN      ] LandUsageManagerTest.PartialRelease
10: /Users/ittehad/Documents/Coding/Python/Turing/Tester_cpp_codebench/tasks/473647/test.cpp:89: Failure
10: Expected equality of these values:
10:   manager.getIndividualAllocations()
10:     Which is: { (10, 30) }
10:   expectedIndividual
10:     Which is: { (10, 15), (20, 30) }
10: 
10: /Users/ittehad/Documents/Coding/Python/Turing/Tester_cpp_codebench/tasks/473647/test.cpp:93: Failure
10: Expected equality of these values:
10:   manager.getMergedAllocations()
10:     Which is: { (10, 30) }
10:   expectedMerged
10:     Which is: { (10, 15), (20, 30) }
10: 
10: [  FAILED  ] LandUsageManagerTest.PartialRelease (0 ms)
10: [ RUN      ] LandUsageManagerTest.ReleaseAcrossMultipleRanges
10: /Users/ittehad/Documents/Coding/Python/Turing/Tester_cpp_codebench/tasks/473647/test.cpp:110: Failure
10: Expected equality of these values:
10:   manager.getIndividualAllocations()
10:     Which is: { (10, 20), (50, 60) }
10:   expectedIndividual
10:     Which is: { (10, 15), (55, 60) }
10: 
10: /Users/ittehad/Documents/Coding/Python/Turing/Tester_cpp_codebench/tasks/473647/test.cpp:114: Failure
10: Expected equality of these values:
10:   manager.getMergedAllocations()
10:     Which is: { (10, 20), (50, 60) }
10:   expectedMerged
10:     Which is: { (10, 15), (55, 60) }
10: 
10: [  FAILED  ] LandUsageManagerTest.ReleaseAcrossMultipleRanges (0 ms)
10: [ RUN      ] LandUsageManagerTest.CompleteReleaseIndividualView
10: [       OK ] LandUsageManagerTest.CompleteReleaseIndividualView (0 ms)
10: [ RUN      ] LandUsageManagerTest.CompleteReleaseAvailabilityCheck
10: [       OK ] LandUsageManagerTest.CompleteReleaseAvailabilityCheck (0 ms)
10: [ RUN      ] LandUsageManagerTest.BackToBackAllocations
10: [       OK ] LandUsageManagerTest.BackToBackAllocations (0 ms)
10: [ RUN      ] LandUsageManagerTest.AdjacentRangeAvailable
10: [       OK ] LandUsageManagerTest.AdjacentRangeAvailable (0 ms)
10: [ RUN      ] LandUsageManagerTest.LargeAllocations
10: [       OK ] LandUsageManagerTest.LargeAllocations (0 ms)
10: [ RUN      ] LandUsageManagerTest.InvalidAllocation
10: [       OK ] LandUsageManagerTest.InvalidAllocation (0 ms)
10: [ RUN      ] LandUsageManagerTest.InvalidAvailabilityCheck
10: [       OK ] LandUsageManagerTest.InvalidAvailabilityCheck (0 ms)
10: [ RUN      ] LandUsageManagerTest.InvalidRelease
10: [       OK ] LandUsageManagerTest.InvalidRelease (0 ms)
10: [----------] 17 tests from LandUsageManagerTest (0 ms total)
10: 
10: [----------] Global test environment tear-down
10: [==========] 17 tests from 1 test suite ran. (0 ms total)
10: [  PASSED  ] 13 tests.
10: [  FAILED  ] 4 tests, listed below:
10: [  FAILED  ] LandUsageManagerTest.OverlappingAllocation
10: [  FAILED  ] LandUsageManagerTest.OverlappingAllocationMultipleRanges
10: [  FAILED  ] LandUsageManagerTest.PartialRelease
10: [  FAILED  ] LandUsageManagerTest.ReleaseAcrossMultipleRanges
10: 
10:  4 FAILED TESTS
10/11 Test #10: model8_tests .....................***Failed    0.41 sec
test 11
      Start 11: model9_tests

11: Test command: /Users/ittehad/Documents/Coding/Python/Turing/Tester_cpp_codebench/tasks/473647/build/model9_tests
11: Working Directory: /Users/ittehad/Documents/Coding/Python/Turing/Tester_cpp_codebench/tasks/473647/build
11: Test timeout computed to be: 5
11: Running main() from /Users/ittehad/Documents/Coding/Python/Turing/Tester_cpp_codebench/tasks/473647/build/_deps/googletest-src/googletest/src/gtest_main.cc
11: [==========] Running 17 tests from 1 test suite.
11: [----------] Global test environment set-up.
11: [----------] 17 tests from LandUsageManagerTest
11: [ RUN      ] LandUsageManagerTest.Constructor
11: [       OK ] LandUsageManagerTest.Constructor (0 ms)
11: [ RUN      ] LandUsageManagerTest.LandInitiallyAvailable
11: [       OK ] LandUsageManagerTest.LandInitiallyAvailable (0 ms)
11: [ RUN      ] LandUsageManagerTest.SimpleAllocation
11: [       OK ] LandUsageManagerTest.SimpleAllocation (0 ms)
11: [ RUN      ] LandUsageManagerTest.FullyAllocatedRange
11: [       OK ] LandUsageManagerTest.FullyAllocatedRange (0 ms)
11: [ RUN      ] LandUsageManagerTest.OverlappingAllocation
11: /Users/ittehad/Documents/Coding/Python/Turing/Tester_cpp_codebench/tasks/473647/test.cpp:47: Failure
11: Expected equality of these values:
11:   manager.getIndividualAllocations()
11:     Which is: { (15, 25) }
11:   expectedIndividual
11:     Which is: { (10, 15), (15, 25) }
11: 
11: /Users/ittehad/Documents/Coding/Python/Turing/Tester_cpp_codebench/tasks/473647/test.cpp:51: Failure
11: Expected equality of these values:
11:   manager.getMergedAllocations()
11:     Which is: { (15, 25) }
11:   expectedMerged
11:     Which is: { (10, 25) }
11: 
11: [  FAILED  ] LandUsageManagerTest.OverlappingAllocation (0 ms)
11: [ RUN      ] LandUsageManagerTest.OverlappingAllocationMultipleRanges
11: /Users/ittehad/Documents/Coding/Python/Turing/Tester_cpp_codebench/tasks/473647/test.cpp:67: Failure
11: Expected equality of these values:
11:   manager.getIndividualAllocations()
11:     Which is: { (15, 35) }
11:   expectedIndividual
11:     Which is: { (10, 15), (15, 35), (35, 40) }
11: 
11: /Users/ittehad/Documents/Coding/Python/Turing/Tester_cpp_codebench/tasks/473647/test.cpp:71: Failure
11: Expected equality of these values:
11:   manager.getMergedAllocations()
11:     Which is: { (15, 35) }
11:   expectedMerged
11:     Which is: { (10, 40) }
11: 
11: [  FAILED  ] LandUsageManagerTest.OverlappingAllocationMultipleRanges (0 ms)
11: [ RUN      ] LandUsageManagerTest.PartialOverlapUnavailable
11: [       OK ] LandUsageManagerTest.PartialOverlapUnavailable (0 ms)
11: [ RUN      ] LandUsageManagerTest.PartialRelease
11: /Users/ittehad/Documents/Coding/Python/Turing/Tester_cpp_codebench/tasks/473647/test.cpp:89: Failure
11: Expected equality of these values:
11:   manager.getIndividualAllocations()
11:     Which is: {}
11:   expectedIndividual
11:     Which is: { (10, 15), (20, 30) }
11: 
11: /Users/ittehad/Documents/Coding/Python/Turing/Tester_cpp_codebench/tasks/473647/test.cpp:93: Failure
11: Expected equality of these values:
11:   manager.getMergedAllocations()
11:     Which is: {}
11:   expectedMerged
11:     Which is: { (10, 15), (20, 30) }
11: 
11: [  FAILED  ] LandUsageManagerTest.PartialRelease (0 ms)
11: [ RUN      ] LandUsageManagerTest.ReleaseAcrossMultipleRanges
11: /Users/ittehad/Documents/Coding/Python/Turing/Tester_cpp_codebench/tasks/473647/test.cpp:110: Failure
11: Expected equality of these values:
11:   manager.getIndividualAllocations()
11:     Which is: {}
11:   expectedIndividual
11:     Which is: { (10, 15), (55, 60) }
11: 
11: /Users/ittehad/Documents/Coding/Python/Turing/Tester_cpp_codebench/tasks/473647/test.cpp:114: Failure
11: Expected equality of these values:
11:   manager.getMergedAllocations()
11:     Which is: {}
11:   expectedMerged
11:     Which is: { (10, 15), (55, 60) }
11: 
Errors while running CTest
Output from these tests are in: /Users/ittehad/Documents/Coding/Python/Turing/Tester_cpp_codebench/tasks/473647/build/Testing/Temporary/LastTest.log
Use "--rerun-failed --output-on-failure" to re-run the failed cases verbosely.
11: [  FAILED  ] LandUsageManagerTest.ReleaseAcrossMultipleRanges (0 ms)
11: [ RUN      ] LandUsageManagerTest.CompleteReleaseIndividualView
11: [       OK ] LandUsageManagerTest.CompleteReleaseIndividualView (0 ms)
11: [ RUN      ] LandUsageManagerTest.CompleteReleaseAvailabilityCheck
11: [       OK ] LandUsageManagerTest.CompleteReleaseAvailabilityCheck (0 ms)
11: [ RUN      ] LandUsageManagerTest.BackToBackAllocations
11: [       OK ] LandUsageManagerTest.BackToBackAllocations (0 ms)
11: [ RUN      ] LandUsageManagerTest.AdjacentRangeAvailable
11: [       OK ] LandUsageManagerTest.AdjacentRangeAvailable (0 ms)
11: [ RUN      ] LandUsageManagerTest.LargeAllocations
11: [       OK ] LandUsageManagerTest.LargeAllocations (0 ms)
11: [ RUN      ] LandUsageManagerTest.InvalidAllocation
11: [       OK ] LandUsageManagerTest.InvalidAllocation (0 ms)
11: [ RUN      ] LandUsageManagerTest.InvalidAvailabilityCheck
11: [       OK ] LandUsageManagerTest.InvalidAvailabilityCheck (0 ms)
11: [ RUN      ] LandUsageManagerTest.InvalidRelease
11: [       OK ] LandUsageManagerTest.InvalidRelease (0 ms)
11: [----------] 17 tests from LandUsageManagerTest (1 ms total)
11: 
11: [----------] Global test environment tear-down
11: [==========] 17 tests from 1 test suite ran. (1 ms total)
11: [  PASSED  ] 13 tests.
11: [  FAILED  ] 4 tests, listed below:
11: [  FAILED  ] LandUsageManagerTest.OverlappingAllocation
11: [  FAILED  ] LandUsageManagerTest.OverlappingAllocationMultipleRanges
11: [  FAILED  ] LandUsageManagerTest.PartialRelease
11: [  FAILED  ] LandUsageManagerTest.ReleaseAcrossMultipleRanges
11: 
11:  4 FAILED TESTS
11/11 Test #11: model9_tests .....................***Failed    0.39 sec

27% tests passed, 8 tests failed out of 11

Total Test time (real) =   3.88 sec

The following tests FAILED:
	  1 - incorrect_solution_tests (Failed)
	  3 - model10_tests (Failed)
	  5 - model3_tests (Failed)
	  7 - model5_tests (Failed)
	  8 - model6_tests (Failed)
	  9 - model7_tests (Failed)
	 10 - model8_tests (Failed)
	 11 - model9_tests (Failed)
Test project /Users/ittehad/Documents/Coding/Python/Turing/Tester_cpp_codebench/tasks/473647/build
      Start  1: incorrect_solution_tests
 1/11 Test  #1: incorrect_solution_tests .........***Failed    0.01 sec
      Start  2: model1_tests
 2/11 Test  #2: model1_tests .....................   Passed    0.01 sec
      Start  3: model10_tests
 3/11 Test  #3: model10_tests ....................***Failed    0.01 sec
      Start  4: model2_tests
 4/11 Test  #4: model2_tests .....................   Passed    0.01 sec
      Start  5: model3_tests
 5/11 Test  #5: model3_tests .....................***Failed    0.01 sec
      Start  6: model4_tests
 6/11 Test  #6: model4_tests .....................   Passed    0.01 sec
      Start  7: model5_tests
 7/11 Test  #7: model5_tests .....................***Failed    0.01 sec
      Start  8: model6_tests
 8/11 Test  #8: model6_tests .....................***Failed    0.00 sec
      Start  9: model7_tests
 9/11 Test  #9: model7_tests .....................***Failed    0.00 sec
      Start 10: model8_tests
10/11 Test #10: model8_tests .....................***Failed    0.00 sec
      Start 11: model9_tests
11/11 Test #11: model9_tests .....................***Failed    0.00 sec

27% tests passed, 8 tests failed out of 11

Total Test time (real) =   0.06 sec

The following tests FAILED:
	  1 - incorrect_solution_tests (Failed)
	  3 - model10_tests (Failed)
	  5 - model3_tests (Failed)
	  7 - model5_tests (Failed)
	  8 - model6_tests (Failed)
	  9 - model7_tests (Failed)
	 10 - model8_tests (Failed)
	 11 - model9_tests (Failed)
Errors while running CTest
Output from these tests are in: /Users/ittehad/Documents/Coding/Python/Turing/Tester_cpp_codebench/tasks/473647/build/Testing/Temporary/LastTest.log
Use "--rerun-failed --output-on-failure" to re-run the failed cases verbosely.
