UpdateCTestConfiguration  from :/Users/ittehad/Documents/Coding/Python/Turing/Tester_cpp_codebench/tasks/307577/build/DartConfiguration.tcl
UpdateCTestConfiguration  from :/Users/ittehad/Documents/Coding/Python/Turing/Tester_cpp_codebench/tasks/307577/build/DartConfiguration.tcl
Test project /Users/ittehad/Documents/Coding/Python/Turing/Tester_cpp_codebench/tasks/307577/build
Constructing a list of tests
Done constructing a list of tests
Updating test list for fixtures
Added 0 tests to meet fixture requirements
Checking test dependency graph...
Checking test dependency graph end
test 1
      Start  1: incorrect_solution_tests

1: Test command: /Users/ittehad/Documents/Coding/Python/Turing/Tester_cpp_codebench/tasks/307577/build/incorrect_solution_tests
1: Working Directory: /Users/ittehad/Documents/Coding/Python/Turing/Tester_cpp_codebench/tasks/307577/build
1: Test timeout computed to be: 5
1: [==========] Running 12 tests from 1 test suite.
1: [----------] Global test environment set-up.
1: [----------] 12 tests from MatrixTest
1: [ RUN      ] MatrixTest.MatrixMultiplication
1: [       OK ] MatrixTest.MatrixMultiplication (0 ms)
1: [ RUN      ] MatrixTest.Determinant2x2
1: [       OK ] MatrixTest.Determinant2x2 (0 ms)
1: [ RUN      ] MatrixTest.Determinant3x3
1: [       OK ] MatrixTest.Determinant3x3 (0 ms)
1: [ RUN      ] MatrixTest.DeterminantMatrixSizeMoreThan3
1: [       OK ] MatrixTest.DeterminantMatrixSizeMoreThan3 (0 ms)
1: [ RUN      ] MatrixTest.IncompatibleMultiplication
1: [       OK ] MatrixTest.IncompatibleMultiplication (0 ms)
1: [ RUN      ] MatrixTest.NonSquareMatrixDeterminant
1: [       OK ] MatrixTest.NonSquareMatrixDeterminant (0 ms)
1: [ RUN      ] MatrixTest.ZeroSizedMatrix
1: /Users/ittehad/Documents/Coding/Python/Turing/Tester_cpp_codebench/tasks/307577/test.cpp:98: Failure
1: Expected: Matrix(0, 0) throws an exception of type std::invalid_argument.
1:   Actual: it throws nothing.
1: 
1: [  FAILED  ] MatrixTest.ZeroSizedMatrix (0 ms)
1: [ RUN      ] MatrixTest.Determinant1x1
1: [       OK ] MatrixTest.Determinant1x1 (0 ms)
1: [ RUN      ] MatrixTest.LargeMatrixMultiplication
1: [       OK ] MatrixTest.LargeMatrixMultiplication (0 ms)
1: [ RUN      ] MatrixTest.MultiplicationOverflow
1: [       OK ] MatrixTest.MultiplicationOverflow (0 ms)
1: [ RUN      ] MatrixTest.DeterminantOverflow
1: [       OK ] MatrixTest.DeterminantOverflow (0 ms)
1: [ RUN      ] MatrixTest.Determinant4x4Overflow
1: [       OK ] MatrixTest.Determinant4x4Overflow (0 ms)
1: [----------] 12 tests from MatrixTest (0 ms total)
1: 
1: [----------] Global test environment tear-down
1: [==========] 12 tests from 1 test suite ran. (0 ms total)
1: [  PASSED  ] 11 tests.
1: [  FAILED  ] 1 test, listed below:
1: [  FAILED  ] MatrixTest.ZeroSizedMatrix
1: 
1:  1 FAILED TEST
 1/11 Test  #1: incorrect_solution_tests .........***Failed    0.33 sec
test 2
      Start  2: model1_tests

2: Test command: /Users/ittehad/Documents/Coding/Python/Turing/Tester_cpp_codebench/tasks/307577/build/model1_tests
2: Working Directory: /Users/ittehad/Documents/Coding/Python/Turing/Tester_cpp_codebench/tasks/307577/build
2: Test timeout computed to be: 5
2: [==========] Running 12 tests from 1 test suite.
2: [----------] Global test environment set-up.
2: [----------] 12 tests from MatrixTest
2: [ RUN      ] MatrixTest.MatrixMultiplication
2: [       OK ] MatrixTest.MatrixMultiplication (0 ms)
2: [ RUN      ] MatrixTest.Determinant2x2
2: [       OK ] MatrixTest.Determinant2x2 (0 ms)
2: [ RUN      ] MatrixTest.Determinant3x3
2: [       OK ] MatrixTest.Determinant3x3 (0 ms)
2: [ RUN      ] MatrixTest.DeterminantMatrixSizeMoreThan3
2: [       OK ] MatrixTest.DeterminantMatrixSizeMoreThan3 (0 ms)
2: [ RUN      ] MatrixTest.IncompatibleMultiplication
2: [       OK ] MatrixTest.IncompatibleMultiplication (0 ms)
2: [ RUN      ] MatrixTest.NonSquareMatrixDeterminant
2: [       OK ] MatrixTest.NonSquareMatrixDeterminant (0 ms)
2: [ RUN      ] MatrixTest.ZeroSizedMatrix
2: [       OK ] MatrixTest.ZeroSizedMatrix (0 ms)
2: [ RUN      ] MatrixTest.Determinant1x1
2: [       OK ] MatrixTest.Determinant1x1 (0 ms)
2: [ RUN      ] MatrixTest.LargeMatrixMultiplication
2: [       OK ] MatrixTest.LargeMatrixMultiplication (0 ms)
2: [ RUN      ] MatrixTest.MultiplicationOverflow
2: [       OK ] MatrixTest.MultiplicationOverflow (0 ms)
2: [ RUN      ] MatrixTest.DeterminantOverflow
2: [       OK ] MatrixTest.DeterminantOverflow (0 ms)
2: [ RUN      ] MatrixTest.Determinant4x4Overflow
2: [       OK ] MatrixTest.Determinant4x4Overflow (0 ms)
2: [----------] 12 tests from MatrixTest (0 ms total)
2: 
2: [----------] Global test environment tear-down
2: [==========] 12 tests from 1 test suite ran. (0 ms total)
2: [  PASSED  ] 12 tests.
 2/11 Test  #2: model1_tests .....................   Passed    0.33 sec
test 3
      Start  3: model10_tests

3: Test command: /Users/ittehad/Documents/Coding/Python/Turing/Tester_cpp_codebench/tasks/307577/build/model10_tests
3: Working Directory: /Users/ittehad/Documents/Coding/Python/Turing/Tester_cpp_codebench/tasks/307577/build
3: Test timeout computed to be: 5
3: [==========] Running 12 tests from 1 test suite.
3: [----------] Global test environment set-up.
3: [----------] 12 tests from MatrixTest
3: [ RUN      ] MatrixTest.MatrixMultiplication
3: [       OK ] MatrixTest.MatrixMultiplication (0 ms)
3: [ RUN      ] MatrixTest.Determinant2x2
3: [       OK ] MatrixTest.Determinant2x2 (0 ms)
3: [ RUN      ] MatrixTest.Determinant3x3
3: [       OK ] MatrixTest.Determinant3x3 (0 ms)
3: [ RUN      ] MatrixTest.DeterminantMatrixSizeMoreThan3
3: [       OK ] MatrixTest.DeterminantMatrixSizeMoreThan3 (0 ms)
3: [ RUN      ] MatrixTest.IncompatibleMultiplication
3: [       OK ] MatrixTest.IncompatibleMultiplication (0 ms)
3: [ RUN      ] MatrixTest.NonSquareMatrixDeterminant
3: [       OK ] MatrixTest.NonSquareMatrixDeterminant (0 ms)
3: [ RUN      ] MatrixTest.ZeroSizedMatrix
3: [       OK ] MatrixTest.ZeroSizedMatrix (0 ms)
3: [ RUN      ] MatrixTest.Determinant1x1
3: [       OK ] MatrixTest.Determinant1x1 (0 ms)
3: [ RUN      ] MatrixTest.LargeMatrixMultiplication
3: [       OK ] MatrixTest.LargeMatrixMultiplication (0 ms)
3: [ RUN      ] MatrixTest.MultiplicationOverflow
3: [       OK ] MatrixTest.MultiplicationOverflow (0 ms)
3: [ RUN      ] MatrixTest.DeterminantOverflow
3: [       OK ] MatrixTest.DeterminantOverflow (0 ms)
3: [ RUN      ] MatrixTest.Determinant4x4Overflow
3: [       OK ] MatrixTest.Determinant4x4Overflow (0 ms)
3: [----------] 12 tests from MatrixTest (1 ms total)
3: 
3: [----------] Global test environment tear-down
3: [==========] 12 tests from 1 test suite ran. (1 ms total)
3: [  PASSED  ] 12 tests.
 3/11 Test  #3: model10_tests ....................   Passed    0.33 sec
test 4
      Start  4: model2_tests

4: Test command: /Users/ittehad/Documents/Coding/Python/Turing/Tester_cpp_codebench/tasks/307577/build/model2_tests
4: Working Directory: /Users/ittehad/Documents/Coding/Python/Turing/Tester_cpp_codebench/tasks/307577/build
4: Test timeout computed to be: 5
4: [==========] Running 12 tests from 1 test suite.
4: [----------] Global test environment set-up.
4: [----------] 12 tests from MatrixTest
4: [ RUN      ] MatrixTest.MatrixMultiplication
4: [       OK ] MatrixTest.MatrixMultiplication (0 ms)
4: [ RUN      ] MatrixTest.Determinant2x2
4: [       OK ] MatrixTest.Determinant2x2 (0 ms)
4: [ RUN      ] MatrixTest.Determinant3x3
4: [       OK ] MatrixTest.Determinant3x3 (0 ms)
4: [ RUN      ] MatrixTest.DeterminantMatrixSizeMoreThan3
4: [       OK ] MatrixTest.DeterminantMatrixSizeMoreThan3 (0 ms)
4: [ RUN      ] MatrixTest.IncompatibleMultiplication
4: [       OK ] MatrixTest.IncompatibleMultiplication (0 ms)
4: [ RUN      ] MatrixTest.NonSquareMatrixDeterminant
4: [       OK ] MatrixTest.NonSquareMatrixDeterminant (0 ms)
4: [ RUN      ] MatrixTest.ZeroSizedMatrix
4: [       OK ] MatrixTest.ZeroSizedMatrix (0 ms)
4: [ RUN      ] MatrixTest.Determinant1x1
4: [       OK ] MatrixTest.Determinant1x1 (0 ms)
4: [ RUN      ] MatrixTest.LargeMatrixMultiplication
4: [       OK ] MatrixTest.LargeMatrixMultiplication (0 ms)
4: [ RUN      ] MatrixTest.MulUnable to find executable: /Users/ittehad/Documents/Coding/Python/Turing/Tester_cpp_codebench/tasks/307577/build/model3_tests
tiplicationOverflow
4: [       OK ] MatrixTest.MultiplicationOverflow (0 ms)
4: [ RUN      ] MatrixTest.DeterminantOverflow
4: [       OK ] MatrixTest.DeterminantOverflow (0 ms)
4: [ RUN      ] MatrixTest.Determinant4x4Overflow
4: [       OK ] MatrixTest.Determinant4x4Overflow (0 ms)
4: [----------] 12 tests from MatrixTest (0 ms total)
4: 
4: [----------] Global test environment tear-down
4: [==========] 12 tests from 1 test suite ran. (0 ms total)
4: [  PASSED  ] 12 tests.
 4/11 Test  #4: model2_tests .....................   Passed    0.32 sec
test 5
      Start  5: model3_tests
Could not find executable /Users/ittehad/Documents/Coding/Python/Turing/Tester_cpp_codebench/tasks/307577/build/model3_tests
Looked in the following places:
Users/ittehad/Documents/Coding/Python/Turing/Tester_cpp_codebench/tasks/307577/build/model3_tests
Users/ittehad/Documents/Coding/Python/Turing/Tester_cpp_codebench/tasks/307577/build/model3_tests
Users/ittehad/Documents/Coding/Python/Turing/Tester_cpp_codebench/tasks/307577/build/Release/model3_tests
Users/ittehad/Documents/Coding/Python/Turing/Tester_cpp_codebench/tasks/307577/build/Release/model3_tests
Users/ittehad/Documents/Coding/Python/Turing/Tester_cpp_codebench/tasks/307577/build/Debug/model3_tests
Users/ittehad/Documents/Coding/Python/Turing/Tester_cpp_codebench/tasks/307577/build/Debug/model3_tests
Users/ittehad/Documents/Coding/Python/Turing/Tester_cpp_codebench/tasks/307577/build/MinSizeRel/model3_tests
Users/ittehad/Documents/Coding/Python/Turing/Tester_cpp_codebench/tasks/307577/build/MinSizeRel/model3_tests
Users/ittehad/Documents/Coding/Python/Turing/Tester_cpp_codebench/tasks/307577/build/RelWithDebInfo/model3_tests
Users/ittehad/Documents/Coding/Python/Turing/Tester_cpp_codebench/tasks/307577/build/RelWithDebInfo/model3_tests
Users/ittehad/Documents/Coding/Python/Turing/Tester_cpp_codebench/tasks/307577/build/Deployment/model3_tests
Users/ittehad/Documents/Coding/Python/Turing/Tester_cpp_codebench/tasks/307577/build/Deployment/model3_tests
Users/ittehad/Documents/Coding/Python/Turing/Tester_cpp_codebench/tasks/307577/build/Development/model3_tests
Users/ittehad/Documents/Coding/Python/Turing/Tester_cpp_codebench/tasks/307577/build/Development/model3_tests

5: Test command: 
5: Working Directory: /Users/ittehad/Documents/Coding/Python/Turing/Tester_cpp_codebench/tasks/307577/build
 5/11 Test  #5: model3_tests .....................***Not Run   0.00 sec
test 6
      Start  6: model4_tests

6: Test command: /Users/ittehad/Documents/Coding/Python/Turing/Tester_cpp_codebench/tasks/307577/build/model4_tests
6: Working Directory: /Users/ittehad/Documents/Coding/Python/Turing/Tester_cpp_codebench/tasks/307577/build
6: Test timeout computed to be: 5
6: [==========] Running 12 tests from 1 test suite.
6: [----------] Global test environment set-up.
6: [----------] 12 tests from MatrixTest
6: [ RUN      ] MatrixTest.MatrixMultiplication
6: unknown file: Failure
6: C++ exception with description "Integer overflow in addition" thrown in the test body.
6: 
6: [  FAILED  ] MatrixTest.MatrixMultiplication (0 ms)
6: [ RUN      ] MatrixTest.Determinant2x2
6: [       OK ] MatrixTest.Determinant2x2 (0 ms)
6: [ RUN      ] MatrixTest.Determinant3x3
6: [       OK ] MatrixTest.Determinant3x3 (0 ms)
6: [ RUN      ] MatrixTest.DeterminantMatrixSizeMoreThan3
6: [       OK ] MatrixTest.DeterminantMatrixSizeMoreThan3 (0 ms)
6: [ RUN      ] MatrixTest.IncompatibleMultiplication
6: [       OK ] MatrixTest.IncompatibleMultiplication (0 ms)
6: [ RUN      ] MatrixTest.NonSquareMatrixDeterminant
6: [       OK ] MatrixTest.NonSquareMatrixDeterminant (0 ms)
6: [ RUN      ] MatrixTest.ZeroSizedMatrix
6: [       OK ] MatrixTest.ZeroSizedMatrix (0 ms)
6: [ RUN      ] MatrixTest.Determinant1x1
6: [       OK ] MatrixTest.Determinant1x1 (0 ms)
6: [ RUN      ] MatrixTest.LargeMatrixMultiplication
6: [       OK ] MatrixTest.LargeMatrixMultiplication (0 ms)
6: [ RUN      ] MatrixTest.MultiplicationOverflow
6: [       OK ] MatrixTest.MultiplicationOverflow (0 ms)
6: [ RUN      ] MatrixTest.DeterminantOverflow
6: [       OK ] MatrixTest.DeterminantOverflow (0 ms)
6: [ RUN      ] MatrixTest.Determinant4x4Overflow
6: [       OK ] MatrixTest.Determinant4x4Overflow (0 ms)
6: [----------] 12 tests from MatrixTest (0 ms total)
6: 
6: [----------] Global test environment tear-down
6: [==========] 12 tests from 1 test suite ran. (0 ms total)
6: [  PASSED  ] 11 tests.
6: [  FAILED  ] 1 test, listed below:
6: [  FAILED  ] MatrixTest.MatrixMultiplication
6: 
6:  1 FAILED TEST
 6/11 Test  #6: model4_tests .....................***Failed    0.32 sec
test 7
      Start  7: model5_tests

7: Test command: /Users/ittehad/Documents/Coding/Python/Turing/Tester_cpp_codebench/tasks/307577/build/model5_tests
7: Working Directory: /Users/ittehad/Documents/Coding/Python/Turing/Tester_cpp_codebench/tasks/307577/build
7: Test timeout computed to be: 5
7: [==========] Running 12 tests from 1 test suite.
7: [----------] Global test environment set-up.
7: [----------] 12 tests from MatrixTest
7: [ RUN      ] MatrixTest.MatrixMultiplication
7: [       OK ] MatrixTest.MatrixMultiplication (0 ms)
7: [ RUN      ] MatrixTest.Determinant2x2
7: [       OK ] MatrixTest.Determinant2x2 (0 ms)
7: [ RUN      ] MatrixTest.Determinant3x3
7: [       OK ] MatrixTest.Determinant3x3 (0 ms)
7: [ RUN      ] MatrixTest.DeterminantMatrixSizeMoreThan3
7: [       OK ] MatrixTest.DeterminantMatrixSizeMoreThan3 (0 ms)
7: [ RUN      ] MatrixTest.IncompatibleMultiplication
7: [       OK ] MatrixTest.IncompatibleMultiplication (0 ms)
7: [ RUN      ] MatrixTest.NonSquareMatrixDeterminant
7: [       OK ] MatrixTest.NonSquareMatrixDeterminant (0 ms)
7: [ RUN      ] MatrixTest.ZeroSizedMatrix
7: [       OK ] MatrixTest.ZeroSizedMatrix (0 ms)
7: [ RUN      ] MatrixTest.Determinant1x1
7: [       OK ] MatrixTest.Determinant1x1 (0 ms)
7: [ RUN      ] MatrixTest.LargeMatrixMultiplication
7: [       OK ] MatrixTest.LargeMatrixMultiplication (0 ms)
7: [ RUN      ] MatrixTest.MultiplicationOverflow
7: [       OK ] MatrixTest.MultiplicationOverflow (0 ms)
7: [ RUN      ] MatrixTest.DeterminantOverflow
7: [       OK ] MatrixTest.DeterminantOverflow (0 ms)
7: [ RUN      ] MatrixTest.Determinant4x4Overflow
7: [       OK ] MatrixTest.Determinant4x4Overflow (0 ms)
7: [----------] 12 tests from MatrixTest (0 ms total)
7: 
7: [----------] Global test environment tear-down
7: [==========] 12 tests from 1 test suite ran. (0 ms total)
7: [  PASSED  ] 12 tests.
 7/11 Test  #7: model5_tests .....................   Passed    0.40 sec
test 8
      Start  8: model6_tests

8: Test command: /Users/ittehad/Documents/Coding/Python/Turing/Tester_cpp_codebench/tasks/307577/build/model6_tests
8: Working Directory: /Users/ittehad/Documents/Coding/Python/Turing/Tester_cpp_codebench/tasks/307577/build
8: Test timeout computed to be: 5
8: [==========] Running 12 tests from 1 test suite.
8: [----------] Global test environment set-up.
8: [----------] 12 tests from MatrixTest
8: [ RUN      ] MatrixTest.MatrixMultiplication
8: [       OK ] MatrixTest.MatrixMultiplication (0 ms)
8: [ RUN      ] MatrixTest.Determinant2x2
8: [       OK ] MatrixTest.Determinant2x2 (0 ms)
8: [ RUN      ] MatrixTest.Determinant3x3
8: [       OK ] MatrixTest.Determinant3x3 (0 ms)
8: [ RUN      ] MatrixTest.DeterminantMatrixSizeMoreThan3
8: /Users/ittehad/Documents/Coding/Python/Turing/Tester_cpp_codebench/tasks/307577/test.cpp:80: Failure
8: Expected equality of these values:
8:   mat.determinant()
8:     Which is: 3640
8:   0
8: 
8: [  FAILED  ] MatrixTest.DeterminantMatrixSizeMoreThan3 (0 ms)
8: [ RUN      ] MatrixTest.IncompatibleMultiplication
8: [       OK ] MatrixTest.IncompatibleMultiplication (0 ms)
8: [ RUN      ] MatrixTest.NonSquareMatrixDeterminant
8: [       OK ] MatrixTest.NonSquareMatrixDeterminant (0 ms)
8: [ RUN      ] MatrixTest.ZeroSizedMatrix
8: [       OK ] MatrixTest.ZeroSizedMatrix (0 ms)
8: [ RUN      ] MatrixTest.Determinant1x1
8: [       OK ] MatrixTest.Determinant1x1 (0 ms)
8: [ RUN      ] MatrixTest.LargeMatrixMultiplication
8: [       OK ] MatrixTest.LargeMatrixMultiplication (0 ms)
8: [ RUN      ] MatrixTest.MultiplicationOverflow
8: /Users/ittehad/Documents/Coding/Python/Turing/Tester_cpp_codebench/tasks/307577/test.cpp:128: Failure
8: Expected: mat1.multiply(mat2) throws an exception of type std::overflow_error.
8:   Actual: it throws nothing.
8: 
8: [  FAILED  ] MatrixTest.MultiplicationOverflow (0 ms)
8: [ RUN      ] MatrixTest.DeterminantOverflow
8: /Users/ittehad/Documents/Coding/Python/Turing/Tester_cpp_codebench/tasks/307577/test.cpp:143: Failure
8: Expected: mat.determinant() throws an exception of type std::overflow_error.
8:   Actual: it throws nothing.
8: 
8: [  FAILED  ] MatrixTest.DeterminantOverflow (0 ms)
8: [ RUN      ] MatrixTest.Determinant4x4Overflow
8: /Users/ittehad/Documents/Coding/Python/Turing/Tester_cpp_codebench/tasks/307577/test.cpp:170: Failure
8: Expected: mat.determinant() throws an exception of type std::overflow_error.
8:   Actual: it throws nothing.
8: 
8: [  FAILED  ] MatrixTest.Determinant4x4Overflow (0 ms)
8: [----------] 12 tests from MatrixTest (0 ms total)
8: 
8: [----------] Global test environment tear-down
8: [==========] 12 tests from 1 test suite ran. (0 ms total)
8: [  PASSED  ] 8 tests.
8: [  FAILED  ] 4 tests, listed below:
8: [  FAILED  ] MatrixTest.DeterminantMatrixSizeMoreThan3
8: [  FAILED  ] MatrixTest.MultiplicationOverflow
8: [  FAILED  ] MatrixTest.DeterminantOverflow
8: [  FAILED  ] MatrixTest.Determinant4x4Overflow
8: 
8:  4 FAILED TESTS
 8/11 Test  #8: model6_tests .....................***Failed    0.34 sec
test 9
      Start  9: model7_tests

9: Test command: /Users/ittehad/Documents/Coding/Python/Turing/Tester_cpp_codebench/tasks/307577/build/model7_tests
9: Working Directory: /Users/ittehad/Documents/Coding/Python/Turing/Tester_cpp_codebench/tasks/307577/build
9: Test timeout computed to be: 5
9: [==========] Running 12 tests from 1 test suite.
9: [----------] Global test environment set-up.
9: [----------] 12 tests from MatrixTest
9: [ RUN      ] MatrixTest.MatrixMultiplication
9: [       OK ] MatrixTest.MatrixMultiplication (0 ms)
9: [ RUN      ] MatrixTest.Determinant2x2
9: [       OK ] MatrixTest.Determinant2x2 (0 ms)
9: [ RUN      ] MatrixTest.Determinant3x3
9: [       OK ] MatrixTest.Determinant3x3 (0 ms)
9: [ RUN      ] MatrixTest.DeterminantMatrixSizeMoreThan3
9: [       OK ] MatrixTest.DeterminantMatrixSizeMoreThan3 (0 ms)
9: [ RUN      ] MatrixTest.IncompatibleMultiplication
9: [       OK ] MatrixTest.IncompatibleMultiplication (0 ms)
9: [ RUN      ] MatrixTest.NonSquareMatrixDeterminant
9: [       OK ] MatrixTest.NonSquareMatrixDeterminant (0 ms)
9: [ RUN      ] MatrixTest.ZeroSizedMatrix
9: [       OK ] MatrixTest.ZeroSizedMatrix (0 ms)
9: [ RUN      ] MatrixTest.Determinant1x1
9: [       OK ] MatrixTest.Determinant1x1 (0 ms)
9: [ RUN      ] MatrixTest.LargeMatrixMultiplication
9: [       OK ] MatrixTest.LargeMatrixMultiplication (0 ms)
9: [ RUN      ] MatrixTest.MultiplicationOverflow
9: [       OK ] MatrixTest.MultiplicationOverflow (0 ms)
9: [ RUN      ] MatrixTest.DeterminantOverflow
9: /Users/ittehad/Documents/Coding/Python/Turing/Tester_cpp_codebench/tasks/307577/test.cpp:143: Failure
9: Expected: mat.determinant() throws an exception of type std::overflow_error.
9:   Actual: it throws nothing.
9: 
9: [  FAILED  ] MatrixTest.DeterminantOverflow (0 ms)
9: [ RUN      ] MatrixTest.Determinant4x4Overflow
9: /Users/ittehad/Documents/Coding/Python/Turing/Tester_cpp_codebench/tasks/307577/test.cpp:170: Failure
9: Expected: mat.determinant() throws an exception of type std::overflow_error.
9:   Actual: it throws nothing.
9: 
9: [  FAILED  ] MatrixTest.Determinant4x4Overflow (0 ms)
9: [----------] 12 tests from MatrixTest (0 ms total)
9: 
9: [----------] Global test environment tear-down
9: [==========] 12 tests from 1 test suite ran. (0 ms total)
9: [  PASSED  ] 10 tests.
9: [  FAILED  ] 2 tests, listed below:
9: [  FAILED  ] MatrixTest.DeterminantOverflow
9: [  FAILED  ] MatrixTest.Determinant4x4Overflow
9: 
9:  2 FAILED TESTS
 9/11 Test  #9: model7_tests .....................***Failed    0.33 sec
test 10
      Start 10: model8_tests

10: Test command: /Users/ittehad/Documents/Coding/Python/Turing/Tester_cpp_codebench/tasks/307577/build/model8_tests
10: Working Directory: /Users/ittehad/Documents/Coding/Python/Turing/Tester_cpp_codebench/tasks/307577/build
10: Test timeout computed to be: 5
10: [==========] Running 12 tests from 1 test suite.
10: [----------] Global test environment set-up.
10: [----------] 12 tests from MatrixTest
10: [ RUN      ] MatrixTest.MatrixMultiplication
10: [       OK ] MatrixTest.MatrixMultiplication (0 ms)
10: [ RUN      ] MatrixTest.Determinant2x2
10: [       OK ] MatrixTest.Determinant2x2 (0 ms)
10: [ RUN      ] MatrixTest.Determinant3x3
10: [       OK ] MatrixTest.Determinant3x3 (0 ms)
10: [ RUN      ] MatrixTest.DeterminantMatrixSizeMoreThan3
10: /Users/ittehad/Documents/Coding/Python/Turing/Tester_cpp_codebench/tasks/307577/test.cpp:80: Failure
10: Expected equality of these values:
10:   mat.determinant()
10:     Which is: 3640
10:   0
10: 
10: [  FAILED  ] MatrixTest.DeterminantMatrixSizeMoreThan3 (0 ms)
10: [ RUN      ] MatrixTest.IncompatibleMultiplication
10: [       OK ] MatrixTest.IncompatibleMultiplication (0 ms)
10: [ RUN      ] MatrixTest.NonSquareMatrixDeterminant
10: [       OK ] MatrixTest.NonSquareMatrixDeterminant (0 ms)
10: [ RUN      ] MatrixTest.ZeroSizedMatrix
10: [       OK ] MatrixTest.ZeroSizedMatrix (0 ms)
10: [ RUN      ] MatrixTest.Determinant1x1
10: [       OK ] MatrixTest.Determinant1x1 (0 ms)
10: [ RUN      ] MatrixTest.LargeMatrixMultiplication
10: [       OK ] MatrixTest.LargeMatrixMultiplication (0 ms)
10: [ RUN      ] MatrixTest.MultiplicationOverflow
10: [       OK ] MatrixTest.MultiplicationOverflow (0 ms)
10: [ RUN      ] MatrixTest.DeterminantOverflow
10: /Users/ittehad/Documents/Coding/Python/Turing/Tester_cpp_codebench/tasks/307577/test.cpp:143: Failure
10: Expected: mat.determinant() throws an exception of type std::overflow_error.
10:   Actual: it throws nothing.
10: 
10: [  FAILED  ] MatrixTest.DeterminantOverflow (0 ms)
10: [ RUN      ] MatrixTest.Determinant4x4Overflow
10: /Users/ittehad/Documents/Coding/Python/Turing/Tester_cpp_codebench/tasks/307577/test.cpp:170: Failure
10: Expected: mat.determinant() throws an exception of type std::overflow_error.
10:   Actual: it throws nothing.
10: 
10: [  FAILED  ] MatrixTest.Determinant4x4Overflow (0 ms)
10: [----------] 12 tests from MatrixTest (0 ms total)
10: 
10: [----------] Global test environment tear-down
10: [==========] 12 tests from 1 test suite ran. (0 ms total)
10: [  PASSED  ] 9 tests.
10: [  FAILED  ] 3 tests, listed below:
10: [  FAILED  ] MatrixTest.DeterminantMatrixSizeMoreThan3
10: [  FAILED  ] MatrixTest.DeterminantOverflow
10: [  FAILED  ] MatrixTest.Determinant4x4Overflow
10: 
10:  3 FAILED TESTS
10/11 Test #10: model8_tests .....................***Failed    0.87 sec
test 11
      Start 11: model9_tests
Could not find executable /Users/ittehad/Documents/Coding/Python/Turing/Tester_cpp_codebench/tasks/307577/build/model9_tests
Looked in the following places:
Users/ittehad/Documents/Coding/Python/Turing/Tester_cpp_codebench/tasks/307577/build/model9_tests
Users/ittehad/Documents/Coding/Python/Turing/Tester_cpp_codebench/tasks/307577/build/model9_tests
Users/ittehad/Documents/Coding/Python/Turing/Tester_cpp_codebench/tasks/307577/build/Release/model9_tests
Users/ittehad/Documents/Coding/Python/Turing/Tester_cpp_codebench/tasks/307577/build/Release/model9_tests
Users/ittehad/Documents/Coding/Python/Turing/Tester_cpp_codebench/tasks/307577/build/Debug/model9_tests
Users/ittehad/Documents/Coding/Python/Turing/Tester_cpp_codebench/tasks/307577/build/Debug/model9_tests
Users/ittehad/Documents/Coding/Python/Turing/Tester_cpp_codebench/tasks/307577/build/MinSizeRel/model9_tests
Users/ittehad/Documents/Coding/Python/Turing/Tester_cpp_codebench/tasks/307577/build/MinSizeRel/model9_tests
Users/ittehad/Documents/Coding/Python/Turing/Tester_cpp_codebench/tasks/307577/build/RelWithDebInfo/model9_tests
Users/ittehad/Documents/Coding/Python/Turing/Tester_cpp_codebench/tasks/307577/build/RelWithDebInfo/model9_tests
Users/ittehad/Documents/Coding/Python/Turing/Tester_cpUnable to find executable: /Users/ittehad/Documents/Coding/Python/Turing/Tester_cpp_codebench/tasks/307577/build/model9_tests
Errors while running CTest
Output from these tests are in: /Users/ittehad/Documents/Coding/Python/Turing/Tester_cpp_codebench/tasks/307577/build/Testing/Temporary/LastTest.log
Use "--rerun-failed --output-on-failure" to re-run the failed cases verbosely.
p_codebench/tasks/307577/build/Deployment/model9_tests
Users/ittehad/Documents/Coding/Python/Turing/Tester_cpp_codebench/tasks/307577/build/Deployment/model9_tests
Users/ittehad/Documents/Coding/Python/Turing/Tester_cpp_codebench/tasks/307577/build/Development/model9_tests
Users/ittehad/Documents/Coding/Python/Turing/Tester_cpp_codebench/tasks/307577/build/Development/model9_tests

11: Test command: 
11: Working Directory: /Users/ittehad/Documents/Coding/Python/Turing/Tester_cpp_codebench/tasks/307577/build
11/11 Test #11: model9_tests .....................***Not Run   0.00 sec

36% tests passed, 7 tests failed out of 11

Total Test time (real) =   3.58 sec

The following tests FAILED:
	  1 - incorrect_solution_tests (Failed)
	  5 - model3_tests (Not Run)
	  6 - model4_tests (Failed)
	  8 - model6_tests (Failed)
	  9 - model7_tests (Failed)
	 10 - model8_tests (Failed)
	 11 - model9_tests (Not Run)
Test project /Users/ittehad/Documents/Coding/Python/Turing/Tester_cpp_codebench/tasks/307577/build
      Start  1: incorrect_solution_tests
 1/11 Test  #1: incorrect_solution_tests .........***Failed    0.01 sec
      Start  2: model1_tests
 2/11 Test  #2: model1_tests .....................   Passed    0.01 sec
      Start  3: model10_tests
 3/11 Test  #3: model10_tests ....................   Passed    0.01 sec
      Start  4: model2_tests
 4/11 Test  #4: model2_tests .....................   Passed    0.01 sec
      Start  5: model3_tests
Could not find executable /Users/ittehad/Documents/Coding/Python/Turing/Tester_cpp_codebench/tasks/307577/build/model3_tests
Looked in the following places:
/Users/ittehad/Documents/Coding/Python/Turing/Tester_cpp_codebench/tasks/307577/build/model3_tests
/Users/ittehad/Documents/Coding/Python/Turing/Tester_cpp_codebench/tasks/307577/build/model3_tests
/Users/ittehad/Documents/Coding/Python/Turing/Tester_cpp_codebench/tasks/307577/build/Release/model3_tests
/Users/ittehad/Documents/Coding/Python/Turing/Tester_cpp_codebench/tasks/307577/build/Release/model3_tests
/Users/ittehad/Documents/Coding/Python/Turing/Tester_cpp_codebench/tasks/307577/build/Debug/model3_tests
/Users/ittehad/Documents/Coding/Python/Turing/Tester_cpp_codebench/tasks/307577/build/Debug/model3_tests
/Users/ittehad/Documents/Coding/Python/Turing/Tester_cpp_codebench/tasks/307577/build/MinSizeRel/model3_tests
/Users/ittehad/Documents/Coding/Python/Turing/Tester_cpp_codebench/tasks/307577/build/MinSizeRel/model3_tests
/Users/ittehad/Documents/Coding/Python/Turing/Tester_cpp_codebench/tasks/307577/build/RelWithDebInfo/model3_tests
/Users/ittehad/Documents/Coding/Python/Turing/Tester_cpp_codebench/tasks/307577/build/RelWithDebInfo/model3_tests
/Users/ittehad/Documents/Coding/Python/Turing/Tester_cpp_codebench/tasks/307577/build/Deployment/model3_tests
/Users/ittehad/Documents/Coding/Python/Turing/Tester_cpp_codebench/tasks/307577/build/Deployment/model3_tests
/Users/ittehad/Documents/Coding/Python/Turing/Tester_cpp_codebench/tasks/307577/build/Development/model3_tests
/Users/ittehad/Documents/Coding/Python/Turing/Tester_cpp_codebench/tasks/307577/build/Development/model3_tests
Users/ittehad/Documents/Coding/Python/Turing/Tester_cpp_codebench/tasks/307577/build/model3_tests
Users/ittehad/Documents/Coding/Python/Turing/Tester_cpp_codebench/tasks/307577/build/model3_tests
Users/ittehad/Documents/Coding/Python/Turing/Tester_cpp_codebench/tasks/307577/build/Release/model3_tests
Users/ittehad/Documents/Coding/Python/Turing/Tester_cpp_codebench/tasks/307577/build/Release/model3_tests
Users/ittehad/Documents/Coding/Python/Turing/Tester_cpp_codebench/tasks/307577/build/Debug/model3_tests
Users/ittehad/Documents/Coding/Python/Turing/Tester_cpp_codebench/tasks/307577/build/Debug/model3_tests
Users/ittehad/Documents/Coding/Python/Turing/Tester_cpp_codebench/tasks/307577/build/MinSizeRel/model3_tests
Users/ittehad/Documents/Coding/Python/Turing/Tester_cpp_codebench/tasks/307577/build/MinSizeRel/model3_tests
Users/ittehad/Documents/Coding/Python/Turing/Tester_cpp_codebench/tasks/307577/build/RelWithDebInfo/model3_tests
Users/ittehad/Documents/Coding/Python/Turing/Tester_cpp_codebench/tasks/307577/build/RelWithDebInfo/model3_tests
Users/ittehad/Documents/Coding/Python/Turing/Tester_cpp_codebench/tasks/307577/build/Deployment/model3_tests
Users/ittehad/Documents/Coding/Python/Turing/Tester_cpp_codebench/tasks/307577/build/Deployment/model3_tests
Users/ittehad/Documents/Coding/Python/Turing/Tester_cpp_codebench/tasks/307577/build/Development/model3_tests
Users/ittehad/Documents/Coding/Python/Turing/Tester_cpp_codebench/tasks/307577/build/Development/model3_tests
Unable to find executable: /Users/ittehad/Documents/Coding/Python/Turing/Tester_cpp_codebench/tasks/307577/build/model3_tests
 5/11 Test  #5: model3_tests .....................***Not Run   0.00 sec
      Start  6: model4_tests
 6/11 Test  #6: model4_tests .....................***Failed    0.00 sec
      Start  7: model5_tests
 7/11 Test  #7: model5_tests .....................   Passed    0.00 sec
      Start  8: model6_tests
 8/11 Test  #8: model6_tests .....................***Failed    0.00 sec
      Start  9: model7_tests
 9/11 Test  #9: model7_tests .....................***Failed    0.00 sec
      Start 10: model8_tests
10/11 Test #10: model8_tests .....................***Failed    0.00 sec
      Start 11: model9_tests
Could not find executable /Users/ittehad/Documents/Coding/Python/Turing/Tester_cpp_codebench/tasks/307577/build/model9_tests
Looked in the following places:
/Users/ittehad/Documents/Coding/Python/Turing/Tester_cpp_codebench/tasks/307577/build/model9_tests
/Users/ittehad/Documents/Coding/Python/Turing/Tester_cpp_codebench/tasks/307577/build/model9_tests
/Users/ittehad/Documents/Coding/Python/Turing/Tester_cpp_codebench/tasks/307577/build/Release/model9_tests
/Users/ittehad/Documents/Coding/Python/Turing/Tester_cpp_codebench/tasks/307577/build/Release/model9_tests
/Users/ittehad/Documents/Coding/Python/Turing/Tester_cpp_codebench/tasks/307577/build/Debug/model9_tests
/Users/ittehad/Documents/Coding/Python/Turing/Tester_cpp_codebench/tasks/307577/build/Debug/model9_tests
/Users/ittehad/Documents/Coding/Python/Turing/Tester_cpp_codebench/tasks/307577/build/MinSizeRel/model9_tests
/Users/ittehad/Documents/Coding/Python/Turing/Tester_cpp_codebench/tasks/307577/build/MinSizeRel/model9_tests
/Users/ittehad/Documents/Coding/Python/Turing/Tester_cpp_codebench/tasks/307577/build/RelWithDebInfo/model9_tests
/Users/ittehad/Documents/Coding/Python/Turing/Tester_cpp_codebench/tasks/307577/build/RelWithDebInfo/model9_tests
/Users/ittehad/Documents/Coding/Python/Turing/Tester_cpp_codebench/tasks/307577/build/Deployment/model9_tests
/Users/ittehad/Documents/Coding/Python/Turing/Tester_cpp_codebench/tasks/307577/build/Deployment/model9_tests
/Users/ittehad/Documents/Coding/Python/Turing/Tester_cpp_codebench/tasks/307577/build/Development/model9_tests
/Users/ittehad/Documents/Coding/Python/Turing/Tester_cpp_codebench/tasks/307577/build/Development/model9_tests
Users/ittehad/Documents/Coding/Python/Turing/Tester_cpp_codebench/tasks/307577/build/model9_tests
Users/ittehad/Documents/Coding/Python/Turing/Tester_cpp_codebench/tasks/307577/build/model9_tests
Users/ittehad/Documents/Coding/Python/Turing/Tester_cpp_codebench/tasks/307577/build/Release/model9_tests
Users/ittehad/Documents/Coding/Python/Turing/Tester_cpp_codebench/tasks/307577/build/Release/model9_tests
Users/ittehad/Documents/Coding/Python/Turing/Tester_cpp_codebench/tasks/307577/build/Debug/model9_tests
Users/ittehad/Documents/Coding/Python/Turing/Tester_cpp_codebench/tasks/307577/build/Debug/model9_tests
Users/ittehad/Documents/Coding/Python/Turing/Tester_cpp_codebench/tasks/307577/build/MinSizeRel/model9_tests
Users/ittehad/Documents/Coding/Python/Turing/Tester_cpp_codebench/tasks/307577/build/MinSizeRel/model9_tests
Users/ittehad/Documents/Coding/Python/Turing/Tester_cpp_codebench/tasks/307577/build/RelWithDebInfo/model9_tests
Users/ittehad/Documents/Coding/Python/Turing/Tester_cpp_codebench/tasks/307577/build/RelWithDebInfo/model9_tests
Users/ittehad/Documents/Coding/Python/Turing/Tester_cpp_codebench/tasks/307577/build/Deployment/model9_tests
Users/ittehad/Documents/Coding/Python/Turing/Tester_cpp_codebench/tasks/307577/build/Deployment/model9_tests
Users/ittehad/Documents/Coding/Python/Turing/Tester_cpp_codebench/tasks/307577/build/Development/model9_tests
Users/ittehad/Documents/Coding/Python/Turing/Tester_cpp_codebench/tasks/307577/build/Development/model9_tests
Unable to find executable: /Users/ittehad/Documents/Coding/Python/Turing/Tester_cpp_codebench/tasks/307577/build/model9_tests
11/11 Test #11: model9_tests .....................***Not Run   0.00 sec

36% tests passed, 7 tests failed out of 11

Total Test time (real) =   0.05 sec

The following tests FAILED:
	  1 - incorrect_solution_tests (Failed)
	  5 - model3_tests (Not Run)
	  6 - model4_tests (Failed)
	  8 - model6_tests (Failed)
	  9 - model7_tests (Failed)
	 10 - model8_tests (Failed)
	 11 - model9_tests (Not Run)
Errors while running CTest
Output from these tests are in: /Users/ittehad/Documents/Coding/Python/Turing/Tester_cpp_codebench/tasks/307577/build/Testing/Temporary/LastTest.log
Use "--rerun-failed --output-on-failure" to re-run the failed cases verbosely.
