Unable to find executable: /Users/ittehad/Documents/Coding/Python/Turing/Tester_cpp_codebench/tasks/304044/build/model1_tests
UpdateCTestConfiguration  from :/Users/ittehad/Documents/Coding/Python/Turing/Tester_cpp_codebench/tasks/304044/build/DartConfiguration.tcl
UpdateCTestConfiguration  from :/Users/ittehad/Documents/Coding/Python/Turing/Tester_cpp_codebench/tasks/304044/build/DartConfiguration.tcl
Test project /Users/ittehad/Documents/Coding/Python/Turing/Tester_cpp_codebench/tasks/304044/build
Constructing a list of tests
Done constructing a list of tests
Updating test list for fixtures
Added 0 tests to meet fixture requirements
Checking test dependency graph...
Checking test dependency graph end
test 1
      Start  1: incorrect_solution_tests

1: Test command: /Users/ittehad/Documents/Coding/Python/Turing/Tester_cpp_codebench/tasks/304044/build/incorrect_solution_tests
1: Working Directory: /Users/ittehad/Documents/Coding/Python/Turing/Tester_cpp_codebench/tasks/304044/build
1: Test timeout computed to be: 5
1: Running main() from /Users/ittehad/Documents/Coding/Python/Turing/Tester_cpp_codebench/tasks/304044/build/_deps/googletest-src/googletest/src/gtest_main.cc
1: [==========] Running 1 test from 1 test suite.
1: [----------] Global test environment set-up.
1: [----------] 1 test from PermutationFactoryTest
1: [ RUN      ] PermutationFactoryTest.HandlesTestCases
1: /Users/ittehad/Documents/Coding/Python/Turing/Tester_cpp_codebench/tasks/304044/test.cpp:95: Failure
1: Expected equality of these values:
1:   result[i].size()
1:     Which is: 2
1:   expected[i].size()
1:     Which is: 4
1: Mismatch in number of operations for test case 4
1: 
1: [  FAILED  ] PermutationFactoryTest.HandlesTestCases (0 ms)
1: [----------] 1 test from PermutationFactoryTest (0 ms total)
1: 
1: [----------] Global test environment tear-down
1: [==========] 1 test from 1 test suite ran. (0 ms total)
1: [  PASSED  ] 0 tests.
1: [  FAILED  ] 1 test, listed below:
1: [  FAILED  ] PermutationFactoryTest.HandlesTestCases
1: 
1:  1 FAILED TEST
 1/11 Test  #1: incorrect_solution_tests .........***Failed    0.83 sec
test 2
      Start  2: model1_tests
Could not find executable /Users/ittehad/Documents/Coding/Python/Turing/Tester_cpp_codebench/tasks/304044/build/model1_tests
Looked in the following places:
Users/ittehad/Documents/Coding/Python/Turing/Tester_cpp_codebench/tasks/304044/build/model1_tests
Users/ittehad/Documents/Coding/Python/Turing/Tester_cpp_codebench/tasks/304044/build/model1_tests
Users/ittehad/Documents/Coding/Python/Turing/Tester_cpp_codebench/tasks/304044/build/Release/model1_tests
Users/ittehad/Documents/Coding/Python/Turing/Tester_cpp_codebench/tasks/304044/build/Release/model1_tests
Users/ittehad/Documents/Coding/Python/Turing/Tester_cpp_codebench/tasks/304044/build/Debug/model1_tests
Users/ittehad/Documents/Coding/Python/Turing/Tester_cpp_codebench/tasks/304044/build/Debug/model1_tests
Users/ittehad/Documents/Coding/Python/Turing/Tester_cpp_codebench/tasks/304044/build/MinSizeRel/model1_tests
Users/ittehad/Documents/Coding/Python/Turing/Tester_cpp_codebench/tasks/304044/build/MinSizeRel/model1_tests
Users/ittehad/Documents/Coding/Python/Turing/Tester_cpp_codebench/tasks/304044/build/RelWithDebInfo/model1_tests
Users/ittehad/Documents/Coding/Python/Turing/Tester_cpp_codebench/tasks/304044/build/RelWithDebInfo/model1_tests
Users/ittehad/Documents/Coding/Python/Turing/Tester_cpp_codebench/tasks/304044/build/Deployment/model1_tests
Users/ittehad/Documents/Coding/Python/Turing/Tester_cpp_codebench/tasks/304044/build/Deployment/model1_tests
Users/ittehad/Documents/Coding/Python/Turing/Tester_cpp_codebench/tasks/304044/build/Development/model1_tests
Users/ittehad/Documents/Coding/Python/Turing/Tester_cpp_codebench/tasks/304044/build/Development/model1_tests

2: Test command: 
2: Working Directory: /Users/ittehad/Documents/Coding/Python/Turing/Tester_cpp_codebench/tasks/304044/build
 2/11 Test  #2: model1_tests .....................***Not Run   0.00 sec
test 3
      Start  3: model10_tests

3: Test command: /Users/ittehad/Documents/Coding/Python/Turing/Tester_cpp_codebench/tasks/304044/build/model10_tests
3: Working Directory: /Users/ittehad/Documents/Coding/Python/Turing/Tester_cpp_codebench/tasks/304044/build
3: Test timeout computed to be: 5
3: Running main() from /Users/ittehad/Documents/Coding/Python/Turing/Tester_cpp_codebench/tasks/304044/build/_deps/googletest-src/googletest/src/gtest_main.cc
3: [==========] Running 1 test from 1 test suite.
3: [----------] Global test environment set-up.
3: [----------] 1 test from PermutationFactoryTest
3: [ RUN      ] PermutationFactoryTest.HandlesTestCases
3: /Users/ittehad/Documents/Coding/Python/Turing/Tester_cpp_codebench/tasks/304044/test.cpp:95: Failure
3: Expected equality of these values:
3:   result[i].size()
3:     Which is: 2
3:   expected[i].size()
3:     Which is: 4
3: Mismatch in number of operations for test case 4
3: 
3: [  FAILED  ] PermutationFactoryTest.HandlesTestCases (0 ms)
3: [----------] 1 test from PermutationFactoryTest (0 ms total)
3: 
3: [----------] Global test environment tear-down
3: [==========] 1 test from 1 test suite ran. (0 ms total)
3: [  PASSED  ] 0 tests.
3: [  FAILED  ] 1 test, listed below:
3: [  FAILED  ] PermutationFactoryTest.HandlesTestCases
3: 
3:  1 FAILED TEST
 3/11 Test  #3: model10_tests ....................***Failed    0.61 sec
test 4
      Start  4: model2_tests

4: Test command: /Users/ittehad/Documents/Coding/Python/Turing/Tester_cpp_codebench/tasks/304044/build/model2_tests
4: Working Directory: /Users/ittehad/Documents/Coding/Python/Turing/Tester_cpp_codebench/tasks/304044/build
4: Test timeout computed to be: 5
4: Running main() from /Users/ittehad/Documents/Coding/Python/Turing/Tester_cpp_codebench/tasks/304044/build/_deps/googletest-src/googletest/src/gtest_main.cc
4: [==========] Running 1 test from 1 test suite.
4: [----------] Global test environment set-up.
4: [----------] 1 test from PermutationFactoryTest
4: [ RUN      ] PermutationFactoryTest.HandlesTestCases
4: /Users/ittehad/Documents/Coding/Python/Turing/Tester_cpp_codebench/tasks/304044/test.cpp:95: Failure
4: Expected equality of these values:
4:   result[i].size()
4:     Which is: 2
4:   expected[i].size()
4:     Which is: 4
4: Mismatch in number of operations for test case 4
4: 
4: [  FAILED  ] PermutationFactoryTest.HandlesTestCases (0 ms)
4: [----------] 1 test from PermutationFactoryTest (0 ms total)
4: 
4: [----------] Global test environment tear-down
4: [==========] 1 test from 1 test suite ran. (0 ms total)
4: [  PASSED  ] 0 tests.
4: [  FAILED  ] 1 test, listed below:
4: [  FAILED  ] PermutationFactoryTest.HandlesTestCases
4: 
4:  1 FAILED TEST
 4/11 Test  #4: model2_tests .....................***Failed    0.88 sec
test 5
      Start  5: model3_tests

5: Test command: /Users/ittehad/Documents/Coding/Python/Turing/Tester_cpp_codebench/tasks/304044/build/model3_tests
5: Working Directory: /Users/ittehad/Documents/Coding/Python/Turing/Tester_cpp_codebench/tasks/304044/build
5: Test timeout computed to be: 5
5: Running main() from /Users/ittehad/Documents/Coding/Python/Turing/Tester_cpp_codebench/tasks/304044/build/_deps/googletest-src/googletest/src/gtest_main.cc
5: [==========] Running 1 test from 1 test suite.
5: [----------] Global test environment set-up.
5: [----------] 1 test from PermutationFactoryTest
5: [ RUN      ] PermutationFactoryTest.HandlesTestCases
5: /Users/ittehad/Documents/Coding/Python/Turing/Tester_cpp_codebench/tasks/304044/test.cpp:95: Failure
5: Expected equality of these values:
5:   result[i].size()
5:     Which is: 2
5:   expected[i].size()
5:     Which is: 4
5: Mismatch in number of operations for test case 4
5: 
5: [  FAILED  ] PermutationFactoryTest.HandlesTestCases (0 ms)
5: [----------] 1 test from PermutationFactoryTest (0 ms total)
5: 
5: [----------] Global test environment tear-down
5: [==========] 1 test from 1 test suite ran. (0 ms total)
5: [  PASSED  ] 0 tests.
5: [  FAILED  ] 1 test, listed below:
5: [  FAILED  ] PermutationFactoryTest.HandlesTestCases
5: 
5:  1 FAILED TEST
 5/11 Test  #5: model3_tests .....................***Failed    0.58 sec
test 6
      Start  6: model4_tests
Could not find executable /Users/ittehad/Documents/Coding/Python/Turing/TesterUnable to find executable: /Users/ittehad/Documents/Coding/Python/Turing/Tester_cpp_codebench/tasks/304044/build/model4_tests
Unable to find executable: /Users/ittehad/Documents/Coding/Python/Turing/Tester_cpp_codebench/tasks/304044/build/model5_tests
_cpp_codebench/tasks/304044/build/model4_tests
Looked in the following places:
Users/ittehad/Documents/Coding/Python/Turing/Tester_cpp_codebench/tasks/304044/build/model4_tests
Users/ittehad/Documents/Coding/Python/Turing/Tester_cpp_codebench/tasks/304044/build/model4_tests
Users/ittehad/Documents/Coding/Python/Turing/Tester_cpp_codebench/tasks/304044/build/Release/model4_tests
Users/ittehad/Documents/Coding/Python/Turing/Tester_cpp_codebench/tasks/304044/build/Release/model4_tests
Users/ittehad/Documents/Coding/Python/Turing/Tester_cpp_codebench/tasks/304044/build/Debug/model4_tests
Users/ittehad/Documents/Coding/Python/Turing/Tester_cpp_codebench/tasks/304044/build/Debug/model4_tests
Users/ittehad/Documents/Coding/Python/Turing/Tester_cpp_codebench/tasks/304044/build/MinSizeRel/model4_tests
Users/ittehad/Documents/Coding/Python/Turing/Tester_cpp_codebench/tasks/304044/build/MinSizeRel/model4_tests
Users/ittehad/Documents/Coding/Python/Turing/Tester_cpp_codebench/tasks/304044/build/RelWithDebInfo/model4_tests
Users/ittehad/Documents/Coding/Python/Turing/Tester_cpp_codebench/tasks/304044/build/RelWithDebInfo/model4_tests
Users/ittehad/Documents/Coding/Python/Turing/Tester_cpp_codebench/tasks/304044/build/Deployment/model4_tests
Users/ittehad/Documents/Coding/Python/Turing/Tester_cpp_codebench/tasks/304044/build/Deployment/model4_tests
Users/ittehad/Documents/Coding/Python/Turing/Tester_cpp_codebench/tasks/304044/build/Development/model4_tests
Users/ittehad/Documents/Coding/Python/Turing/Tester_cpp_codebench/tasks/304044/build/Development/model4_tests

6: Test command: 
6: Working Directory: /Users/ittehad/Documents/Coding/Python/Turing/Tester_cpp_codebench/tasks/304044/build
 6/11 Test  #6: model4_tests .....................***Not Run   0.00 sec
test 7
      Start  7: model5_tests
Could not find executable /Users/ittehad/Documents/Coding/Python/Turing/Tester_cpp_codebench/tasks/304044/build/model5_tests
Looked in the following places:
Users/ittehad/Documents/Coding/Python/Turing/Tester_cpp_codebench/tasks/304044/build/model5_tests
Users/ittehad/Documents/Coding/Python/Turing/Tester_cpp_codebench/tasks/304044/build/model5_tests
Users/ittehad/Documents/Coding/Python/Turing/Tester_cpp_codebench/tasks/304044/build/Release/model5_tests
Users/ittehad/Documents/Coding/Python/Turing/Tester_cpp_codebench/tasks/304044/build/Release/model5_tests
Users/ittehad/Documents/Coding/Python/Turing/Tester_cpp_codebench/tasks/304044/build/Debug/model5_tests
Users/ittehad/Documents/Coding/Python/Turing/Tester_cpp_codebench/tasks/304044/build/Debug/model5_tests
Users/ittehad/Documents/Coding/Python/Turing/Tester_cpp_codebench/tasks/304044/build/MinSizeRel/model5_tests
Users/ittehad/Documents/Coding/Python/Turing/Tester_cpp_codebench/tasks/304044/build/MinSizeRel/model5_tests
Users/ittehad/Documents/Coding/Python/Turing/Tester_cpp_codebench/tasks/304044/build/RelWithDebInfo/model5_tests
Users/ittehad/Documents/Coding/Python/Turing/Tester_cpp_codebench/tasks/304044/build/RelWithDebInfo/model5_tests
Users/ittehad/Documents/Coding/Python/Turing/Tester_cpp_codebench/tasks/304044/build/Deployment/model5_tests
Users/ittehad/Documents/Coding/Python/Turing/Tester_cpp_codebench/tasks/304044/build/Deployment/model5_tests
Users/ittehad/Documents/Coding/Python/Turing/Tester_cpp_codebench/tasks/304044/build/Development/model5_tests
Users/ittehad/Documents/Coding/Python/Turing/Tester_cpp_codebench/tasks/304044/build/Development/model5_tests

7: Test command: 
7: Working Directory: /Users/ittehad/Documents/Coding/Python/Turing/Tester_cpp_codebench/tasks/304044/build
 7/11 Test  #7: model5_tests .....................***Not Run   0.00 sec
test 8
      Start  8: model6_tests

8: Test command: /Users/ittehad/Documents/Coding/Python/Turing/Tester_cpp_codebench/tasks/304044/build/model6_tests
8: Working Directory: /Users/ittehad/Documents/Coding/Python/Turing/Tester_cpp_codebench/tasks/304044/build
8: Test timeout computed to be: 5
8: Running main() from /Users/ittehad/Documents/Coding/Python/Turing/Tester_cpp_codebench/tasks/304044/build/_deps/googletest-src/googletest/src/gtest_main.cc
8: [==========] Running 1 test from 1 test suite.
8: [----------] Global test environment set-up.
8: [----------] 1 test from PermutationFactoryTest
8: [ RUN      ] PermutationFactoryTest.HandlesTestCases
8: /Users/ittehad/Documents/Coding/Python/Turing/Tester_cpp_codebench/tasks/304044/test.cpp:95: Failure
8: Expected equality of these values:
8:   result[i].size()
8:     Which is: 2
8:   expected[i].size()
8:     Which is: 4
8: Mismatch in number of operations for test case 4
8: 
8: [  FAILED  ] PermutationFactoryTest.HandlesTestCases (0 ms)
8: [----------] 1 test from PermutationFactoryTest (0 ms total)
8: 
8: [----------] Global test environment tear-down
8: [==========] 1 test from 1 test suite ran. (0 ms total)
8: [  PASSED  ] 0 tests.
8: [  FAILED  ] 1 test, listed below:
8: [  FAILED  ] PermutationFactoryTest.HandlesTestCases
8: 
8:  1 FAILED TEST
 8/11 Test  #8: model6_tests .....................***Failed    0.41 sec
test 9
      Start  9: model7_tests

9: Test command: /Users/ittehad/Documents/Coding/Python/Turing/Tester_cpp_codebench/tasks/304044/build/model7_tests
9: Working Directory: /Users/ittehad/Documents/Coding/Python/Turing/Tester_cpp_codebench/tasks/304044/build
9: Test timeout computed to be: 5
9: Running main() from /Users/ittehad/Documents/Coding/Python/Turing/Tester_cpp_codebench/tasks/304044/build/_deps/googletest-src/googletest/src/gtest_main.cc
9: [==========] Running 1 test from 1 test suite.
9: [----------] Global test environment set-up.
9: [----------] 1 test from PermutationFactoryTest
9: [ RUN      ] PermutationFactoryTest.HandlesTestCases
9: /Users/ittehad/Documents/Coding/Python/Turing/Tester_cpp_codebench/tasks/304044/test.cpp:95: Failure
9: Expected equality of these values:
9:   result[i].size()
9:     Which is: 2
9:   expected[i].size()
9:     Which is: 4
9: Mismatch in number of operations for test case 4
9: 
9: [  FAILED  ] PermutationFactoryTest.HandlesTestCases (0 ms)
9: [----------] 1 test from PermutationFactoryTest (0 ms total)
9: 
9: [----------] Global test environment tear-down
9: [==========] 1 test from 1 test suite ran. (0 ms total)
9: [  PASSED  ] 0 tests.
9: [  FAILED  ] 1 test, listed below:
9: [  FAILED  ] PermutationFactoryTest.HandlesTestCases
9: 
9:  1 FAILED TEST
 9/11 Test  #9: model7_tests .....................***Failed    0.53 sec
test 10
      Start 10: model8_tests

10: Test command: /Users/ittehad/Documents/Coding/Python/Turing/Tester_cpp_codebench/tasks/304044/build/model8_tests
10: Working Directory: /Users/ittehad/Documents/Coding/Python/Turing/Tester_cpp_codebench/tasks/304044/build
10: Test timeout computed to be: 5
10: Running main() from /Users/ittehad/Documents/Coding/Python/Turing/Tester_cpp_codebench/tasks/304044/build/_deps/googletest-src/googletest/src/gtest_main.cc
10: [==========] Running 1 test from 1 test suite.
10: [----------] Global test environment set-up.
10: [----------] 1 test from PermutationFactoryTest
10: [ RUN      ] PermutationFactoryTest.HandlesTestCases
10: /Users/ittehad/Documents/Coding/Python/Turing/Tester_cpp_codebench/tasks/304044/test.cpp:95: Failure
10: Expected equality of these values:
10:   result[i].size()
10:     Which is: 2
10:   expected[i].size()
10:     Which is: 4
10: Mismatch in number of operations for test case 4
10: 
10: [  FAILED  ] PermutationFactoryTest.HandlesTestCases (0 ms)
10: [----------] 1 test from PermutationFactoryTest (0 ms total)
10: 
10: [----------] Global test environment tear-down
10: [==========] 1 test from 1 test suite ran. (0 ms total)
10: [  PASSED  ] 0 tests.
10: [  FAILED  ] 1 test, listed below:
10: [  FAILED  ] PermutationFactoryTest.HandlesTestCases
10: 
10:  1 FAILED TEST
10/11 Test #10: model8_tests .....................***Failed    0.58 sec
test 11
      Start 11: model9_tests
Could not find executable /Users/ittehad/Documents/Coding/Python/Turing/Tester_cpp_codebench/tasks/304044/build/model9_tests
Looked in the following places:
Users/ittehad/Documents/Coding/Python/Turing/Tester_cpp_codebench/tasks/304044/build/model9_tests
Users/ittehad/Documents/CUnable to find executable: /Users/ittehad/Documents/Coding/Python/Turing/Tester_cpp_codebench/tasks/304044/build/model9_tests
Errors while running CTest
Output from these tests are in: /Users/ittehad/Documents/Coding/Python/Turing/Tester_cpp_codebench/tasks/304044/build/Testing/Temporary/LastTest.log
Use "--rerun-failed --output-on-failure" to re-run the failed cases verbosely.
oding/Python/Turing/Tester_cpp_codebench/tasks/304044/build/model9_tests
Users/ittehad/Documents/Coding/Python/Turing/Tester_cpp_codebench/tasks/304044/build/Release/model9_tests
Users/ittehad/Documents/Coding/Python/Turing/Tester_cpp_codebench/tasks/304044/build/Release/model9_tests
Users/ittehad/Documents/Coding/Python/Turing/Tester_cpp_codebench/tasks/304044/build/Debug/model9_tests
Users/ittehad/Documents/Coding/Python/Turing/Tester_cpp_codebench/tasks/304044/build/Debug/model9_tests
Users/ittehad/Documents/Coding/Python/Turing/Tester_cpp_codebench/tasks/304044/build/MinSizeRel/model9_tests
Users/ittehad/Documents/Coding/Python/Turing/Tester_cpp_codebench/tasks/304044/build/MinSizeRel/model9_tests
Users/ittehad/Documents/Coding/Python/Turing/Tester_cpp_codebench/tasks/304044/build/RelWithDebInfo/model9_tests
Users/ittehad/Documents/Coding/Python/Turing/Tester_cpp_codebench/tasks/304044/build/RelWithDebInfo/model9_tests
Users/ittehad/Documents/Coding/Python/Turing/Tester_cpp_codebench/tasks/304044/build/Deployment/model9_tests
Users/ittehad/Documents/Coding/Python/Turing/Tester_cpp_codebench/tasks/304044/build/Deployment/model9_tests
Users/ittehad/Documents/Coding/Python/Turing/Tester_cpp_codebench/tasks/304044/build/Development/model9_tests
Users/ittehad/Documents/Coding/Python/Turing/Tester_cpp_codebench/tasks/304044/build/Development/model9_tests

11: Test command: 
11: Working Directory: /Users/ittehad/Documents/Coding/Python/Turing/Tester_cpp_codebench/tasks/304044/build
11/11 Test #11: model9_tests .....................***Not Run   0.00 sec

0% tests passed, 11 tests failed out of 11

Total Test time (real) =   4.42 sec

The following tests FAILED:
	  1 - incorrect_solution_tests (Failed)
	  2 - model1_tests (Not Run)
	  3 - model10_tests (Failed)
	  4 - model2_tests (Failed)
	  5 - model3_tests (Failed)
	  6 - model4_tests (Not Run)
	  7 - model5_tests (Not Run)
	  8 - model6_tests (Failed)
	  9 - model7_tests (Failed)
	 10 - model8_tests (Failed)
	 11 - model9_tests (Not Run)
Test project /Users/ittehad/Documents/Coding/Python/Turing/Tester_cpp_codebench/tasks/304044/build
      Start  1: incorrect_solution_tests
 1/11 Test  #1: incorrect_solution_tests .........***Failed    0.02 sec
      Start  2: model1_tests
Could not find executable /Users/ittehad/Documents/Coding/Python/Turing/Tester_cpp_codebench/tasks/304044/build/model1_tests
Looked in the following places:
/Users/ittehad/Documents/Coding/Python/Turing/Tester_cpp_codebench/tasks/304044/build/model1_tests
/Users/ittehad/Documents/Coding/Python/Turing/Tester_cpp_codebench/tasks/304044/build/model1_tests
/Users/ittehad/Documents/Coding/Python/Turing/Tester_cpp_codebench/tasks/304044/build/Release/model1_tests
/Users/ittehad/Documents/Coding/Python/Turing/Tester_cpp_codebench/tasks/304044/build/Release/model1_tests
/Users/ittehad/Documents/Coding/Python/Turing/Tester_cpp_codebench/tasks/304044/build/Debug/model1_tests
/Users/ittehad/Documents/Coding/Python/Turing/Tester_cpp_codebench/tasks/304044/build/Debug/model1_tests
/Users/ittehad/Documents/Coding/Python/Turing/Tester_cpp_codebench/tasks/304044/build/MinSizeRel/model1_tests
/Users/ittehad/Documents/Coding/Python/Turing/Tester_cpp_codebench/tasks/304044/build/MinSizeRel/model1_tests
/Users/ittehad/Documents/Coding/Python/Turing/Tester_cpp_codebench/tasks/304044/build/RelWithDebInfo/model1_tests
/Users/ittehad/Documents/Coding/Python/Turing/Tester_cpp_codebench/tasks/304044/build/RelWithDebInfo/model1_tests
/Users/ittehad/Documents/Coding/Python/Turing/Tester_cpp_codebench/tasks/304044/build/Deployment/model1_tests
/Users/ittehad/Documents/Coding/Python/Turing/Tester_cpp_codebench/tasks/304044/build/Deployment/model1_tests
/Users/ittehad/Documents/Coding/Python/Turing/Tester_cpp_codebench/tasks/304044/build/Development/model1_tests
/Users/ittehad/Documents/Coding/Python/Turing/Tester_cpp_codebench/tasks/304044/build/Development/model1_tests
Users/ittehad/Documents/Coding/Python/Turing/Tester_cpp_codebench/tasks/304044/build/model1_tests
Users/ittehad/Documents/Coding/Python/Turing/Tester_cpp_codebench/tasks/304044/build/model1_tests
Users/ittehad/Documents/Coding/Python/Turing/Tester_cpp_codebench/tasks/304044/build/Release/model1_tests
Users/ittehad/Documents/Coding/Python/Turing/Tester_cpp_codebench/tasks/304044/build/Release/model1_tests
Users/ittehad/Documents/Coding/Python/Turing/Tester_cpp_codebench/tasks/304044/build/Debug/model1_tests
Users/ittehad/Documents/Coding/Python/Turing/Tester_cpp_codebench/tasks/304044/build/Debug/model1_tests
Users/ittehad/Documents/Coding/Python/Turing/Tester_cpp_codebench/tasks/304044/build/MinSizeRel/model1_tests
Users/ittehad/Documents/Coding/Python/Turing/Tester_cpp_codebench/tasks/304044/build/MinSizeRel/model1_tests
Users/ittehad/Documents/Coding/Python/Turing/Tester_cpp_codebench/tasks/304044/build/RelWithDebInfo/model1_tests
Users/ittehad/Documents/Coding/Python/Turing/Tester_cpp_codebench/tasks/304044/build/RelWithDebInfo/model1_tests
Users/ittehad/Documents/Coding/Python/Turing/Tester_cpp_codebench/tasks/304044/build/Deployment/model1_tests
Users/ittehad/Documents/Coding/Python/Turing/Tester_cpp_codebench/tasks/304044/build/Deployment/model1_tests
Users/ittehad/Documents/Coding/Python/Turing/Tester_cpp_codebench/tasks/304044/build/Development/model1_tests
Users/ittehad/Documents/Coding/Python/Turing/Tester_cpp_codebench/tasks/304044/build/Development/model1_tests
Unable to find executable: /Users/ittehad/Documents/Coding/Python/Turing/Tester_cpp_codebench/tasks/304044/build/model1_tests
 2/11 Test  #2: model1_tests .....................***Not Run   0.00 sec
      Start  3: model10_tests
 3/11 Test  #3: model10_tests ....................***Failed    0.02 sec
      Start  4: model2_tests
 4/11 Test  #4: model2_tests .....................***Failed    0.02 sec
      Start  5: model3_tests
 5/11 Test  #5: model3_tests .....................***Failed    0.02 sec
      Start  6: model4_tests
Could not find executable /Users/ittehad/Documents/Coding/Python/Turing/Tester_cpp_codebench/tasks/304044/build/model4_tests
Looked in the following places:
/Users/ittehad/Documents/Coding/Python/Turing/Tester_cpp_codebench/tasks/304044/build/model4_tests
/Users/ittehad/Documents/Coding/Python/Turing/Tester_cpp_codebench/tasks/304044/build/model4_tests
/Users/ittehad/Documents/Coding/Python/Turing/Tester_cpp_codebench/tasks/304044/build/Release/model4_tests
/Users/ittehad/Documents/Coding/Python/Turing/Tester_cpp_codebench/tasks/304044/build/Release/model4_tests
/Users/ittehad/Documents/Coding/Python/Turing/Tester_cpp_codebench/tasks/304044/build/Debug/model4_tests
/Users/ittehad/Documents/Coding/Python/Turing/Tester_cpp_codebench/tasks/304044/build/Debug/model4_tests
/Users/ittehad/Documents/Coding/Python/Turing/Tester_cpp_codebench/tasks/304044/build/MinSizeRel/model4_tests
/Users/ittehad/Documents/Coding/Python/Turing/Tester_cpp_codebench/tasks/304044/build/MinSizeRel/model4_tests
/Users/ittehad/Documents/Coding/Python/Turing/Tester_cpp_codebench/tasks/304044/build/RelWithDebInfo/model4_tests
/Users/ittehad/Documents/Coding/Python/Turing/Tester_cpp_codebench/tasks/304044/build/RelWithDebInfo/model4_tests
/Users/ittehad/Documents/Coding/Python/Turing/Tester_cpp_codebench/tasks/304044/build/Deployment/model4_tests
/Users/ittehad/Documents/Coding/Python/Turing/Tester_cpp_codebench/tasks/304044/build/Deployment/model4_tests
/Users/ittehad/Documents/Coding/Python/Turing/Tester_cpp_codebench/tasks/304044/build/Development/model4_tests
/Users/ittehad/Documents/Coding/Python/Turing/Tester_cpp_codebench/tasks/304044/build/Development/model4_tests
Users/ittehad/Documents/Coding/Python/Turing/Tester_cpp_codebench/tasks/304044/build/model4_tests
Users/ittehad/Documents/Coding/Python/Turing/Tester_cpp_codebench/tasks/304044/build/model4_tests
Users/ittehad/Documents/Coding/Python/Turing/Tester_cpp_codebench/tasks/304044/build/Release/model4_tests
Users/ittehad/Documents/Coding/Python/Turing/Tester_cpp_codebench/tasks/304044/build/Release/model4_tests
Users/ittehad/Documents/Coding/Python/Turing/Tester_cpp_codebench/tasks/304044/build/Debug/model4_tests
Users/ittehad/Documents/Coding/Python/Turing/Tester_cpp_codebench/tasks/304044/build/Debug/model4_tests
Users/ittehad/Documents/Coding/Python/Turing/Tester_cpp_codebench/tasks/304044/build/MinSizeRel/model4_tests
Users/ittehad/Documents/Coding/Python/Turing/Tester_cpp_codebench/tasks/304044/build/MinSizeRel/model4_tests
Users/ittehad/Documents/Coding/Python/Turing/Tester_cpp_codebench/tasks/304044/build/RelWithDebInfo/model4_tests
Users/ittehad/Documents/Coding/Python/Turing/Tester_cpp_codebench/tasks/304044/build/RelWithDebInfo/model4_tests
Users/ittehad/Documents/Coding/Python/Turing/Tester_cpp_codebench/tasks/304044/build/Deployment/model4_tests
Users/ittehad/Documents/Coding/Python/Turing/Tester_cpp_codebench/tasks/304044/build/Deployment/model4_tests
Users/ittehad/Documents/Coding/Python/Turing/Tester_cpp_codebench/tasks/304044/build/Development/model4_tests
Users/ittehad/Documents/Coding/Python/Turing/Tester_cpp_codebench/tasks/304044/build/Development/model4_tests
Unable to find executable: /Users/ittehad/Documents/Coding/Python/Turing/Tester_cpp_codebench/tasks/304044/build/model4_tests
 6/11 Test  #6: model4_tests .....................***Not Run   0.00 sec
      Start  7: model5_tests
Could not find executable /Users/ittehad/Documents/Coding/Python/Turing/Tester_cpp_codebench/tasks/304044/build/model5_tests
Looked in the following places:
/Users/ittehad/Documents/Coding/Python/Turing/Tester_cpp_codebench/tasks/304044/build/model5_tests
/Users/ittehad/Documents/Coding/Python/Turing/Tester_cpp_codebench/tasks/304044/build/model5_tests
/Users/ittehad/Documents/Coding/Python/Turing/Tester_cpp_codebench/tasks/304044/build/Release/model5_tests
/Users/ittehad/Documents/Coding/Python/Turing/Tester_cpp_codebench/tasks/304044/build/Release/model5_tests
/Users/ittehad/Documents/Coding/Python/Turing/Tester_cpp_codebench/tasks/304044/build/Debug/model5_tests
/Users/ittehad/Documents/Coding/Python/Turing/Tester_cpp_codebench/tasks/304044/build/Debug/model5_tests
/Users/ittehad/Documents/Coding/Python/Turing/Tester_cpp_codebench/tasks/304044/build/MinSizeRel/model5_tests
/Users/ittehad/Documents/Coding/Python/Turing/Tester_cpp_codebench/tasks/304044/build/MinSizeRel/model5_tests
/Users/ittehad/Documents/Coding/Python/Turing/Tester_cpp_codebench/tasks/304044/build/RelWithDebInfo/model5_tests
/Users/ittehad/Documents/Coding/Python/Turing/Tester_cpp_codebench/tasks/304044/build/RelWithDebInfo/model5_tests
/Users/ittehad/Documents/Coding/Python/Turing/Tester_cpp_codebench/tasks/304044/build/Deployment/model5_tests
/Users/ittehad/Documents/Coding/Python/Turing/Tester_cpp_codebench/tasks/304044/build/Deployment/model5_tests
/Users/ittehad/Documents/Coding/Python/Turing/Tester_cpp_codebench/tasks/304044/build/Development/model5_tests
/Users/ittehad/Documents/Coding/Python/Turing/Tester_cpp_codebench/tasks/304044/build/Development/model5_tests
Users/ittehad/Documents/Coding/Python/Turing/Tester_cpp_codebench/tasks/304044/build/model5_tests
Users/ittehad/Documents/Coding/Python/Turing/Tester_cpp_codebench/tasks/304044/build/model5_tests
Users/ittehad/Documents/Coding/Python/Turing/Tester_cpp_codebench/tasks/304044/build/Release/model5_tests
Users/ittehad/Documents/Coding/Python/Turing/Tester_cpp_codebench/tasks/304044/build/Release/model5_tests
Users/ittehad/Documents/Coding/Python/Turing/Tester_cpp_codebench/tasks/304044/build/Debug/model5_tests
Users/ittehad/Documents/Coding/Python/Turing/Tester_cpp_codebench/tasks/304044/build/Debug/model5_tests
Users/ittehad/Documents/Coding/Python/Turing/Tester_cpp_codebench/tasks/304044/build/MinSizeRel/model5_tests
Users/ittehad/Documents/Coding/Python/Turing/Tester_cpp_codebench/tasks/304044/build/MinSizeRel/model5_tests
Users/ittehad/Documents/Coding/Python/Turing/Tester_cpp_codebench/tasks/304044/build/RelWithDebInfo/model5_tests
Users/ittehad/Documents/Coding/Python/Turing/Tester_cpp_codebench/tasks/304044/build/RelWithDebInfo/model5_tests
Users/ittehad/Documents/Coding/Python/Turing/Tester_cpp_codebench/tasks/304044/build/Deployment/model5_tests
Users/ittehad/Documents/Coding/Python/Turing/Tester_cpp_codebench/tasks/304044/build/Deployment/model5_tests
Users/ittehad/Documents/Coding/Python/Turing/Tester_cpp_codebench/tasks/304044/build/Development/model5_tests
Users/ittehad/Documents/Coding/Python/Turing/Tester_cpp_codebench/tasks/304044/build/Development/model5_tests
Unable to find executable: /Users/ittehad/Documents/Coding/Python/Turing/Tester_cpp_codebench/tasks/304044/build/model5_tests
 7/11 Test  #7: model5_tests .....................***Not Run   0.00 sec
      Start  8: model6_tests
 8/11 Test  #8: model6_tests .....................***Failed    0.02 sec
      Start  9: model7_tests
 9/11 Test  #9: model7_tests .....................***Failed    0.02 sec
      Start 10: model8_tests
10/11 Test #10: model8_tests .....................***Failed    0.02 sec
      Start 11: model9_tests
Could not find executable /Users/ittehad/Documents/Coding/Python/Turing/Tester_cpp_codebench/tasks/304044/build/model9_tests
Looked in the following places:
/Users/ittehad/Documents/Coding/Python/Turing/Tester_cpp_codebench/tasks/304044/build/model9_tests
/Users/ittehad/Documents/Coding/Python/Turing/Tester_cpp_codebench/tasks/304044/build/model9_tests
/Users/ittehad/Documents/Coding/Python/Turing/Tester_cpp_codebench/tasks/304044/build/Release/model9_tests
/Users/ittehad/Documents/Coding/Python/Turing/Tester_cpp_codebench/tasks/304044/build/Release/model9_tests
/Users/ittehad/Documents/Coding/Python/Turing/Tester_cpp_codebench/tasks/304044/build/Debug/model9_tests
/Users/ittehad/Documents/Coding/Python/Turing/Tester_cpp_codebench/tasks/304044/build/Debug/model9_tests
/Users/ittehad/Documents/Coding/Python/Turing/Tester_cpp_codebench/tasks/304044/build/MinSizeRel/model9_tests
/Users/ittehad/Documents/Coding/Python/Turing/Tester_cpp_codebench/tasks/304044/build/MinSizeRel/model9_tests
/Users/ittehad/Documents/Coding/Python/Turing/Tester_cpp_codebench/tasks/304044/build/RelWithDebInfo/model9_tests
/Users/ittehad/Documents/Coding/Python/Turing/Tester_cpp_codebench/tasks/304044/build/RelWithDebInfo/model9_tests
/Users/ittehad/Documents/Coding/Python/Turing/Tester_cpp_codebench/tasks/304044/build/Deployment/model9_tests
/Users/ittehad/Documents/Coding/Python/Turing/Tester_cpp_codebench/tasks/304044/build/Deployment/model9_tests
/Users/ittehad/Documents/Coding/Python/Turing/Tester_cpp_codebench/tasks/304044/build/Development/model9_tests
/Users/ittehad/Documents/Coding/Python/Turing/Tester_cpp_codebench/tasks/304044/build/Development/model9_tests
Users/ittehad/Documents/Coding/Python/Turing/Tester_cpp_codebench/tasks/304044/build/model9_tests
Users/ittehad/Documents/Coding/Python/Turing/Tester_cpp_codebench/tasks/304044/build/model9_tests
Users/ittehad/Documents/Coding/Python/Turing/Tester_cpp_codebench/tasks/304044/build/Release/model9_tests
Users/ittehad/Documents/Coding/Python/Turing/Tester_cpp_codebench/tasks/304044/build/Release/model9_tests
Users/ittehad/Documents/Coding/Python/Turing/Tester_cpp_codebench/tasks/304044/build/Debug/model9_tests
Users/ittehad/Documents/Coding/Python/Turing/Tester_cpp_codebench/tasks/304044/build/Debug/model9_tests
Users/ittehad/Documents/Coding/Python/Turing/Tester_cpp_codebench/tasks/304044/build/MinSizeRel/model9_tests
Users/ittehad/Documents/Coding/Python/Turing/Tester_cpp_codebench/tasks/304044/build/MinSizeRel/model9_tests
Users/ittehad/Documents/Coding/Python/Turing/Tester_cpp_codebench/tasks/304044/build/RelWithDebInfo/model9_tests
Users/ittehad/Documents/Coding/Python/Turing/Tester_cpp_codebench/tasks/304044/build/RelWithDebInfo/model9_tests
Users/ittehad/Documents/Coding/Python/Turing/Tester_cpp_codebench/tasks/304044/build/Deployment/model9_tests
Users/ittehad/Documents/Coding/Python/Turing/Tester_cpp_codebench/tasks/304044/build/Deployment/model9_tests
Users/ittehad/Documents/Coding/Python/Turing/Tester_cpp_codebench/tasks/304044/build/Development/model9_tests
Users/ittehad/Documents/Coding/Python/Turing/Tester_cpp_codebench/tasks/304044/build/Development/model9_tests
Unable to find executable: /Users/ittehad/Documents/Coding/Python/Turing/Tester_cpp_codebench/tasks/304044/build/model9_tests
11/11 Test #11: model9_tests .....................***Not Run   0.00 sec

0% tests passed, 11 tests failed out of 11

Total Test time (real) =   0.16 sec

The following tests FAILED:
	  1 - incorrect_solution_tests (Failed)
	  2 - model1_tests (Not Run)
	  3 - model10_tests (Failed)
	  4 - model2_tests (Failed)
	  5 - model3_tests (Failed)
	  6 - model4_tests (Not Run)
	  7 - model5_tests (Not Run)
	  8 - model6_tests (Failed)
	  9 - model7_tests (Failed)
	 10 - model8_tests (Failed)
	 11 - model9_tests (Not Run)
Errors while running CTest
Output from these tests are in: /Users/ittehad/Documents/Coding/Python/Turing/Tester_cpp_codebench/tasks/304044/build/Testing/Temporary/LastTest.log
Use "--rerun-failed --output-on-failure" to re-run the failed cases verbosely.
