Unable to find executable: /Users/ittehad/Documents/Coding/Python/Turing/Tester_cpp_codebench/tasks/473608/build/incorrect_solution_tests
UpdateCTestConfiguration  from :/Users/ittehad/Documents/Coding/Python/Turing/Tester_cpp_codebench/tasks/473608/build/DartConfiguration.tcl
UpdateCTestConfiguration  from :/Users/ittehad/Documents/Coding/Python/Turing/Tester_cpp_codebench/tasks/473608/build/DartConfiguration.tcl
Test project /Users/ittehad/Documents/Coding/Python/Turing/Tester_cpp_codebench/tasks/473608/build
Constructing a list of tests
Done constructing a list of tests
Updating test list for fixtures
Added 0 tests to meet fixture requirements
Checking test dependency graph...
Checking test dependency graph end
test 1
      Start  1: incorrect_solution_tests
Could not find executable /Users/ittehad/Documents/Coding/Python/Turing/Tester_cpp_codebench/tasks/473608/build/incorrect_solution_tests
Looked in the following places:
Users/ittehad/Documents/Coding/Python/Turing/Tester_cpp_codebench/tasks/473608/build/incorrect_solution_tests
Users/ittehad/Documents/Coding/Python/Turing/Tester_cpp_codebench/tasks/473608/build/incorrect_solution_tests
Users/ittehad/Documents/Coding/Python/Turing/Tester_cpp_codebench/tasks/473608/build/Release/incorrect_solution_tests
Users/ittehad/Documents/Coding/Python/Turing/Tester_cpp_codebench/tasks/473608/build/Release/incorrect_solution_tests
Users/ittehad/Documents/Coding/Python/Turing/Tester_cpp_codebench/tasks/473608/build/Debug/incorrect_solution_tests
Users/ittehad/Documents/Coding/Python/Turing/Tester_cpp_codebench/tasks/473608/build/Debug/incorrect_solution_tests
Users/ittehad/Documents/Coding/Python/Turing/Tester_cpp_codebench/tasks/473608/build/MinSizeRel/incorrect_solution_tests
Users/ittehad/Documents/Coding/Python/Turing/Tester_cpp_codebench/tasks/473608/build/MinSizeRel/incorrect_solution_tests
Users/ittehad/Documents/Coding/Python/Turing/Tester_cpp_codebench/tasks/473608/build/RelWithDebInfo/incorrect_solution_tests
Users/ittehad/Documents/Coding/Python/Turing/Tester_cpp_codebench/tasks/473608/build/RelWithDebInfo/incorrect_solution_tests
Users/ittehad/Documents/Coding/Python/Turing/Tester_cpp_codebench/tasks/473608/build/Deployment/incorrect_solution_tests
Users/ittehad/Documents/Coding/Python/Turing/Tester_cpp_codebench/tasks/473608/build/Deployment/incorrect_solution_tests
Users/ittehad/Documents/Coding/Python/Turing/Tester_cpp_codebench/tasks/473608/build/Development/incorrect_solution_tests
Users/ittehad/Documents/Coding/Python/Turing/Tester_cpp_codebench/tasks/473608/build/Development/incorrect_solution_tests

1: Test command: 
1: Working Directory: /Users/ittehad/Documents/Coding/Python/Turing/Tester_cpp_codebench/tasks/473608/build
 1/11 Test  #1: incorrect_solution_tests .........***Not Run   0.00 sec
test 2
      Start  2: model1_tests

2: Test command: /Users/ittehad/Documents/Coding/Python/Turing/Tester_cpp_codebench/tasks/473608/build/model1_tests
2: Working Directory: /Users/ittehad/Documents/Coding/Python/Turing/Tester_cpp_codebench/tasks/473608/build
2: Test timeout computed to be: 5
2: Running main() from /Users/ittehad/Documents/Coding/Python/Turing/Tester_cpp_codebench/tasks/473608/build/_deps/googletest-src/googletest/src/gtest_main.cc
2: [==========] Running 7 tests from 1 test suite.
2: [----------] Global test environment set-up.
2: [----------] 7 tests from FindMatchingContactsTest
2: [ RUN      ] FindMatchingContactsTest.BasicMatching
2: [       OK ] FindMatchingContactsTest.BasicMatching (0 ms)
2: [ RUN      ] FindMatchingContactsTest.ResultIsSorted
2: [       OK ] FindMatchingContactsTest.ResultIsSorted (0 ms)
2: [ RUN      ] FindMatchingContactsTest.EmptyQuery
2: [       OK ] FindMatchingContactsTest.EmptyQuery (0 ms)
2: [ RUN      ] FindMatchingContactsTest.CaseInsensitiveMatching
2: [       OK ] FindMatchingContactsTest.CaseInsensitiveMatching (0 ms)
2: [ RUN      ] FindMatchingContactsTest.LeadingAndTrailingSpacesInQuery
2: [       OK ] FindMatchingContactsTest.LeadingAndTrailingSpacesInQuery (0 ms)
2: [ RUN      ] FindMatchingContactsTest.SpecialCharacterSupport
2: [       OK ] FindMatchingContactsTest.SpecialCharacterSupport (0 ms)
2: [ RUN      ] FindMatchingContactsTest.NoMatches
2: [       OK ] FindMatchingContactsTest.NoMatches (0 ms)
2: [----------] 7 tests from FindMatchingContactsTest (0 ms total)
2: 
2: [----------] Global test environment tear-down
2: [==========] 7 tests from 1 test suite ran. (0 ms total)
2: [  PASSED  ] 7 tests.
 2/11 Test  #2: model1_tests .....................   Passed    0.52 sec
test 3
      Start  3: model10_tests

3: Test command: /Users/ittehad/Documents/Coding/Python/Turing/Tester_cpp_codebench/tasks/473608/build/model10_tests
3: Working Directory: /Users/ittehad/Documents/Coding/Python/Turing/Tester_cpp_codebench/tasks/473608/build
3: Test timeout computed to be: 5
3: Running main() from /Users/ittehad/Documents/Coding/Python/Turing/Tester_cpp_codebench/tasks/473608/build/_deps/googletest-src/googletest/src/gtest_main.cc
3: [==========] Running 7 tests from 1 test suite.
3: [----------] Global test environment set-up.
3: [----------] 7 tests from FindMatchingContactsTest
3: [ RUN      ] FindMatchingContactsTest.BasicMatching
3: /Users/ittehad/Documents/Coding/Python/Turing/Tester_cpp_codebench/tasks/473608/test.cpp:17: Failure
3: Expected equality of these values:
3:   findMatchingContacts(contacts, "Ali")
3:     Which is: {}
3:   expected
3:     Which is: { ("Alice", 1), ("Alicia", 2) }
3: 
3: [  FAILED  ] FindMatchingContactsTest.BasicMatching (0 ms)
3: [ RUN      ] FindMatchingContactsTest.ResultIsSorted
3: [       OK ] FindMatchingContactsTest.ResultIsSorted (0 ms)
3: [ RUN      ] FindMatchingContactsTest.EmptyQuery
3: [       OK ] FindMatchingContactsTest.EmptyQuery (0 ms)
3: [ RUN      ] FindMatchingContactsTest.CaseInsensitiveMatching
3: /Users/ittehad/Documents/Coding/Python/Turing/Tester_cpp_codebench/tasks/473608/test.cpp:48: Failure
3: Expected equality of these values:
3:   findMatchingContacts(contacts, "alice")
3:     Which is: { ("alice", 1), ("alice", 2) }
3:   expected
3:     Which is: { ("Alice", 1), ("aLICE", 2) }
3: 
3: [  FAILED  ] FindMatchingContactsTest.CaseInsensitiveMatching (0 ms)
3: [ RUN      ] FindMatchingContactsTest.LeadingAndTrailingSpacesInQuery
3: /Users/ittehad/Documents/Coding/Python/Turing/Tester_cpp_codebench/tasks/473608/test.cpp:60: Failure
3: Expected equality of these values:
3:   findMatchingContacts(contacts, "  Alice  ")
3:     Which is: { ("alice", 1) }
3:   expected
3:     Which is: { ("Alice", 1) }
3: 
3: [  FAILED  ] FindMatchingContactsTest.LeadingAndTrailingSpacesInQuery (0 ms)
3: [ RUN      ] FindMatchingContactsTest.SpecialCharacterSupport
3: /Users/ittehad/Documents/Coding/Python/Turing/Tester_cpp_codebench/tasks/473608/test.cpp:72: Failure
3: Expected equality of these values:
3:   findMatchingContacts(contacts, "Al!c")
3:     Which is: {}
3:   expected
3:     Which is: { ("Al!ce", 1) }
3: 
3: [  FAILED  ] FindMatchingContactsTest.SpecialCharacterSupport (0 ms)
3: [ RUN      ] FindMatchingContactsTest.NoMatches
3: [       OK ] FindMatchingContactsTest.NoMatches (0 ms)
3: [----------] 7 tests from FindMatchingContactsTest (0 ms total)
3: 
3: [----------] Global test environment tear-down
3: [==========] 7 tests from 1 test suite ran. (0 ms total)
3: [  PASSED  ] 3 tests.
3: [  FAILED  ] 4 tests, listed below:
3: [  FAILED  ] FindMatchingContactsTest.BasicMatching
3: [  FAILED  ] FindMatchingContactsTest.CaseInsensitiveMatching
3: [  FAILED  ] FindMatchingContactsTest.LeadingAndTrailingSpacesInQuery
3: [  FAILED  ] FindMatchingContactsTest.SpecialCharacterSupport
3: 
3:  4 FAILED TESTS
 3/11 Test  #3: model10_tests ....................***Failed    0.33 sec
test 4
      Start  4: model2_tests

4: Test command: /Users/ittehad/Documents/Coding/Python/Turing/Tester_cpp_codebench/tasks/473608/build/model2_tests
4: Working Directory: /Users/ittehad/Documents/Coding/Python/Turing/Tester_cpp_codebench/tasks/473608/build
4: Test timeout computed to be: 5
4: Running main() from /Users/ittehad/Documents/Coding/Python/Turing/Tester_cpp_codebench/tasks/473608/build/_deps/googletest-src/googletest/src/gtest_main.cc
4: [==========] Running 7 tests from 1 test suite.
4: [----------] Global test environment set-up.
4: [----------] 7 tests from FindMatchingContactsTest
4: [ RUN      ] FindMatchingContactsTest.BasicMatching
4: [       OK ] FindMatchingContactsTest.BasicMatching (0 ms)
4: [ RUN      ] FindMatchingContactsTest.ResultIsSorted
4: [       OK ] FindMatchingContactsTest.ResultIsSorted (0 ms)
4: [ RUN      ] FindMatchingContactsTest.EmptyQuery
4: [       OK ] FindMatchingContactsTest.EmptyQuery (0 ms)
4: [ RUN      ] FindMatchingContactsTest.CaseInsensitiveMatching
4: [       OK ] FindMatchingContactsTest.CaseInsensitiveMatching (0 ms)
4: [ RUN      ] FindMatchingContactsTest.LeadingAndTrailingSpacesInQuery
4: [       OK ] FindMatchingContactsTest.LeadingAndTrailingSpacesInQuery (0 ms)
4: [ RUN      ] FindMatchingContactsTest.SpecialCharacterSupport
4: [       OK ] FindMatchingContactsTest.SpecialCharacterSupport (0 ms)
4: [ RUN      ] FindMatchingContactsTest.NoMatches
4: [       OK ] FindMatchingContactsTest.NoMatches (0 ms)
4: [----------] 7 tests from FindMatchingContactsTest (0 ms total)
4: 
4: [----------] Global test environment tear-down
4: [==========] 7 tests from 1 test suite ran. (0 ms total)
4: [  PASSED  ] 7 tests.
 4/11 Test  #4: model2_tests .....................   Passed    0.32 sec
test 5
      Start  5: model3_tests

5: Test command: /Users/ittehad/Documents/Coding/Python/Turing/Tester_cpp_codebench/tasks/473608/build/model3_tests
5: Working Directory: /Users/ittehad/Documents/Coding/Python/Turing/Tester_cpp_codebench/tasks/473608/build
5: Test timeout computed to be: 5
5: Running main() from /Users/ittehad/Documents/Coding/Python/Turing/Tester_cpp_codebench/tasks/473608/build/_deps/googletest-src/googletest/src/gtest_main.cc
5: [==========] Running 7 tests from 1 test suite.
5: [----------] Global test environment set-up.
5: [----------] 7 tests from FindMatchingContactsTest
5: [ RUN      ] FindMatchingContactsTest.BasicMatching
5: [       OK ] FindMatchingContactsTest.BasicMatching (0 ms)
5: [ RUN      ] FindMatchingContactsTest.ResultIsSorted
5: [       OK ] FindMatchingContactsTest.ResultIsSorted (0 ms)
5: [ RUN      ] FindMatchingContactsTest.EmptyQuery
5: [       OK ] FindMatchingContactsTest.EmptyQuery (0 ms)
5: [ RUN      ] FindMatchingContactsTest.CaseInsensitiveMatching
5: /Users/ittehad/Documents/Coding/Python/Turing/Tester_cpp_codebench/tasks/473608/test.cpp:48: Failure
5: Expected equality of these values:
5:   findMatchingContacts(contacts, "alice")
5:     Which is: { ("Alice", 1), ("Alice", 1), ("Alice", 1), ("aLICE", 2) }
5:   expected
5:     Which is: { ("Alice", 1), ("aLICE", 2) }
5: 
5: [  FAILED  ] FindMatchingContactsTest.CaseInsensitiveMatching (0 ms)
5: [ RUN      ] FindMatchingContactsTest.LeadingAndTrailingSpacesInQuery
5: /Users/ittehad/Documents/Coding/Python/Turing/Tester_cpp_codebench/tasks/473608/test.cpp:60: Failure
5: Expected equality of these values:
5:   findMatchingContacts(contacts, "  Alice  ")
5:     Which is: { ("Alice", 1), ("Alice", 1), ("Alice", 1), ("Alice", 1), ("aLICE", 2) }
5:   expected
5:     Which is: { ("Alice", 1) }
5: 
5: [  FAILED  ] FindMatchingContactsTest.LeadingAndTrailingSpacesInQuery (0 ms)
5: [ RUN      ] FindMatchingContactsTest.SpecialCharacterSupport
5: [       OK ] FindMatchingContactsTest.SpecialCharacterSupport (0 ms)
5: [ RUN      ] FindMatchingContactsTest.NoMatches
5: [       OK ] FindMatchingContactsTest.NoMatches (0 ms)
5: [----------] 7 tests from FindMatchingContactsTest (0 ms total)
5: 
5: [----------] Global test environment tear-down
5: [==========] 7 tests from 1 test suite ran. (0 ms total)
5: [  PASSED  ] 5 tests.
5: [  FAILED  ] 2 tests, listed below:
5: [  FAILED  ] FindMatchingContactsTest.CaseInsensitiveMatching
5: [  FAILED  ] FindMatchingContactsTest.LeadingAndTrailingSpacesInQuery
5: 
5:  2 FAILED TESTS
 5/11 Test  #5: model3_tests .....................***Failed    0.38 sec
test 6
      Start  6: model4_tests
Could not find executable /Users/ittehad/Documents/Coding/Python/Turing/Tester_cpp_codebench/tasks/473608/build/model4_tests
Looked in the following places:
Users/ittehad/Documents/Coding/Python/Turing/Tester_cpp_codebenUnable to find executable: /Users/ittehad/Documents/Coding/Python/Turing/Tester_cpp_codebench/tasks/473608/build/model4_tests
ch/tasks/473608/build/model4_tests
Users/ittehad/Documents/Coding/Python/Turing/Tester_cpp_codebench/tasks/473608/build/model4_tests
Users/ittehad/Documents/Coding/Python/Turing/Tester_cpp_codebench/tasks/473608/build/Release/model4_tests
Users/ittehad/Documents/Coding/Python/Turing/Tester_cpp_codebench/tasks/473608/build/Release/model4_tests
Users/ittehad/Documents/Coding/Python/Turing/Tester_cpp_codebench/tasks/473608/build/Debug/model4_tests
Users/ittehad/Documents/Coding/Python/Turing/Tester_cpp_codebench/tasks/473608/build/Debug/model4_tests
Users/ittehad/Documents/Coding/Python/Turing/Tester_cpp_codebench/tasks/473608/build/MinSizeRel/model4_tests
Users/ittehad/Documents/Coding/Python/Turing/Tester_cpp_codebench/tasks/473608/build/MinSizeRel/model4_tests
Users/ittehad/Documents/Coding/Python/Turing/Tester_cpp_codebench/tasks/473608/build/RelWithDebInfo/model4_tests
Users/ittehad/Documents/Coding/Python/Turing/Tester_cpp_codebench/tasks/473608/build/RelWithDebInfo/model4_tests
Users/ittehad/Documents/Coding/Python/Turing/Tester_cpp_codebench/tasks/473608/build/Deployment/model4_tests
Users/ittehad/Documents/Coding/Python/Turing/Tester_cpp_codebench/tasks/473608/build/Deployment/model4_tests
Users/ittehad/Documents/Coding/Python/Turing/Tester_cpp_codebench/tasks/473608/build/Development/model4_tests
Users/ittehad/Documents/Coding/Python/Turing/Tester_cpp_codebench/tasks/473608/build/Development/model4_tests

6: Test command: 
6: Working Directory: /Users/ittehad/Documents/Coding/Python/Turing/Tester_cpp_codebench/tasks/473608/build
 6/11 Test  #6: model4_tests .....................***Not Run   0.00 sec
test 7
      Start  7: model5_tests

7: Test command: /Users/ittehad/Documents/Coding/Python/Turing/Tester_cpp_codebench/tasks/473608/build/model5_tests
7: Working Directory: /Users/ittehad/Documents/Coding/Python/Turing/Tester_cpp_codebench/tasks/473608/build
7: Test timeout computed to be: 5
7: Running main() from /Users/ittehad/Documents/Coding/Python/Turing/Tester_cpp_codebench/tasks/473608/build/_deps/googletest-src/googletest/src/gtest_main.cc
7: [==========] Running 7 tests from 1 test suite.
7: [----------] Global test environment set-up.
7: [----------] 7 tests from FindMatchingContactsTest
7: [ RUN      ] FindMatchingContactsTest.BasicMatching
7: [       OK ] FindMatchingContactsTest.BasicMatching (0 ms)
7: [ RUN      ] FindMatchingContactsTest.ResultIsSorted
7: [       OK ] FindMatchingContactsTest.ResultIsSorted (0 ms)
7: [ RUN      ] FindMatchingContactsTest.EmptyQuery
7: [       OK ] FindMatchingContactsTest.EmptyQuery (0 ms)
7: [ RUN      ] FindMatchingContactsTest.CaseInsensitiveMatching
7: [       OK ] FindMatchingContactsTest.CaseInsensitiveMatching (0 ms)
7: [ RUN      ] FindMatchingContactsTest.LeadingAndTrailingSpacesInQuery
7: [       OK ] FindMatchingContactsTest.LeadingAndTrailingSpacesInQuery (0 ms)
7: [ RUN      ] FindMatchingContactsTest.SpecialCharacterSupport
7: [       OK ] FindMatchingContactsTest.SpecialCharacterSupport (0 ms)
7: [ RUN      ] FindMatchingContactsTest.NoMatches
7: [       OK ] FindMatchingContactsTest.NoMatches (0 ms)
7: [----------] 7 tests from FindMatchingContactsTest (0 ms total)
7: 
7: [----------] Global test environment tear-down
7: [==========] 7 tests from 1 test suite ran. (0 ms total)
7: [  PASSED  ] 7 tests.
 7/11 Test  #7: model5_tests .....................   Passed    0.33 sec
test 8
      Start  8: model6_tests

8: Test command: /Users/ittehad/Documents/Coding/Python/Turing/Tester_cpp_codebench/tasks/473608/build/model6_tests
8: Working Directory: /Users/ittehad/Documents/Coding/Python/Turing/Tester_cpp_codebench/tasks/473608/build
8: Test timeout computed to be: 5
8: Running main() from /Users/ittehad/Documents/Coding/Python/Turing/Tester_cpp_codebench/tasks/473608/build/_deps/googletest-src/googletest/src/gtest_main.cc
8: [==========] Running 7 tests from 1 test suite.
8: [----------] Global test environment set-up.
8: [----------] 7 tests from FindMatchingContactsTest
8: [ RUN      ] FindMatchingContactsTest.BasicMatching
8: /Users/ittehad/Documents/Coding/Python/Turing/Tester_cpp_codebench/tasks/473608/test.cpp:17: Failure
8: Expected equality of these values:
8:   findMatchingContacts(contacts, "Ali")
8:     Which is: {}
8:   expected
8:     Which is: { ("Alice", 1), ("Alicia", 2) }
8: 
8: [  FAILED  ] FindMatchingContactsTest.BasicMatching (0 ms)
8: [ RUN      ] FindMatchingContactsTest.ResultIsSorted
8: [       OK ] FindMatchingContactsTest.ResultIsSorted (0 ms)
8: [ RUN      ] FindMatchingContactsTest.EmptyQuery
8: [       OK ] FindMatchingContactsTest.EmptyQuery (0 ms)
8: [ RUN      ] FindMatchingContactsTest.CaseInsensitiveMatching
8: /Users/ittehad/Documents/Coding/Python/Turing/Tester_cpp_codebench/tasks/473608/test.cpp:48: Failure
8: Expected equality of these values:
8:   findMatchingContacts(contacts, "alice")
8:     Which is: { ("alice", 1), ("alice", 2) }
8:   expected
8:     Which is: { ("Alice", 1), ("aLICE", 2) }
8: 
8: [  FAILED  ] FindMatchingContactsTest.CaseInsensitiveMatching (0 ms)
8: [ RUN      ] FindMatchingContactsTest.LeadingAndTrailingSpacesInQuery
8: /Users/ittehad/Documents/Coding/Python/Turing/Tester_cpp_codebench/tasks/473608/test.cpp:60: Failure
8: Expected equality of these values:
8:   findMatchingContacts(contacts, "  Alice  ")
8:     Which is: { ("alice", 1) }
8:   expected
8:     Which is: { ("Alice", 1) }
8: 
8: [  FAILED  ] FindMatchingContactsTest.LeadingAndTrailingSpacesInQuery (0 ms)
8: [ RUN      ] FindMatchingContactsTest.SpecialCharacterSupport
8: /Users/ittehad/Documents/Coding/Python/Turing/Tester_cpp_codebench/tasks/473608/test.cpp:72: Failure
8: Expected equality of these values:
8:   findMatchingContacts(contacts, "Al!c")
8:     Which is: {}
8:   expected
8:     Which is: { ("Al!ce", 1) }
8: 
8: [  FAILED  ] FindMatchingContactsTest.SpecialCharacterSupport (0 ms)
8: [ RUN      ] FindMatchingContactsTest.NoMatches
8: [       OK ] FindMatchingContactsTest.NoMatches (0 ms)
8: [----------] 7 tests from FindMatchingContactsTest (0 ms total)
8: 
8: [----------] Global test environment tear-down
8: [==========] 7 tests from 1 test suite ran. (0 ms total)
8: [  PASSED  ] 3 tests.
8: [  FAILED  ] 4 tests, listed below:
8: [  FAILED  ] FindMatchingContactsTest.BasicMatching
8: [  FAILED  ] FindMatchingContactsTest.CaseInsensitiveMatching
8: [  FAILED  ] FindMatchingContactsTest.LeadingAndTrailingSpacesInQuery
8: [  FAILED  ] FindMatchingContactsTest.SpecialCharacterSupport
8: 
8:  4 FAILED TESTS
 8/11 Test  #8: model6_tests .....................***Failed    0.33 sec
test 9
      Start  9: model7_tests

9: Test command: /Users/ittehad/Documents/Coding/Python/Turing/Tester_cpp_codebench/tasks/473608/build/model7_tests
9: Working Directory: /Users/ittehad/Documents/Coding/Python/Turing/Tester_cpp_codebench/tasks/473608/build
9: Test timeout computed to be: 5
9: Running main() from /Users/ittehad/Documents/Coding/Python/Turing/Tester_cpp_codebench/tasks/473608/build/_deps/googletest-src/googletest/src/gtest_main.cc
9: [==========] Running 7 tests from 1 test suite.
9: [----------] Global test environment set-up.
9: [----------] 7 tests from FindMatchingContactsTest
9: [ RUN      ] FindMatchingContactsTest.BasicMatching
9: /Users/ittehad/Documents/Coding/Python/Turing/Tester_cpp_codebench/tasks/473608/test.cpp:17: Failure
9: Expected equality of these values:
9:   findMatchingContacts(contacts, "Ali")
9:     Which is: {}
9:   expected
9:     Which is: { ("Alice", 1), ("Alicia", 2) }
9: 
9: [  FAILED  ] FindMatchingContactsTest.BasicMatching (0 ms)
9: [ RUN      ] FindMatchingContactsTest.ResultIsSorted
9: [       OK ] FindMatchingContactsTest.ResultIsSorted (0 ms)
9: [ RUN      ] FindMatchingContactsTest.EmptyQuery
9: [       OK ] FindMatchingContactsTest.EmptyQuery (0 ms)
9: [ RUN      ] FindMatchingContactsTest.CaseInsensitiveMatching
9: /Users/ittehad/Documents/Coding/Python/Turing/Tester_cpp_codebench/tasks/473608/test.cpp:48: Failure
9: Expected equality of these values:
9:   findMatchingContacts(contacts, "alice")
9:     Which is: { ("alice", 1), ("alice", 2) }
9:   expected
9:     Which is: { ("Alice", 1), ("aLICE", 2) }
9: 
9: [  FAILED  ] FindMatchingContactsTest.CaseInsensitiveMatching (0 ms)
9: [ RUN      ] FindMatchingContactsTest.LeadingAndTrailingSpacesInQuery
9: /Users/ittehad/Documents/Coding/Python/Turing/Tester_cpp_codebench/tasks/473608/test.cpp:60: Failure
9: Expected equality of these values:
9:   findMatchingContacts(contacts, "  Alice  ")
9:     Which is: { ("alice", 1) }
9:   expected
9:     Which is: { ("Alice", 1) }
9: 
9: [  FAILED  ] FindMatchingContactsTest.LeadingAndTrailingSpacesInQuery (0 ms)
9: [ RUN      ] FindMatchingContactsTest.SpecialCharacterSupport
9: /Users/ittehad/Documents/Coding/Python/Turing/Tester_cpp_codebench/tasks/473608/test.cpp:72: Failure
9: Expected equality of these values:
9:   findMatchingContacts(contacts, "Al!c")
9:     Which is: {}
9:   expected
9:     Which is: { ("Al!ce", 1) }
9: 
9: [  FAILED  ] FindMatchingContactsTest.SpecialCharacterSupport (0 ms)
9: [ RUN      ] FindMatchingContactsTest.NoMatches
9: [       OK ] FindMatchingContactsTest.NoMatches (0 ms)
9: [----------] 7 tests from FindMatchingContactsTest (0 ms total)
9: 
9: [----------] Global test environment tear-down
9: [==========] 7 tests from 1 test suite ran. (0 ms total)
9: [  PASSED  ] 3 tests.
9: [  FAILED  ] 4 tests, listed below:
9: [  FAILED  ] FindMatchingContactsTest.BasicMatching
9: [  FAILED  ] FindMatchingContactsTest.CaseInsensitiveMatching
9: [  FAILED  ] FindMatchingContactsTest.LeadingAndTrailingSpacesInQuery
9: [  FAILED  ] FindMatchingContactsTest.SpecialCharacterSupport
9: 
9:  4 FAILED TESTS
 9/11 Test  #9: model7_tests .....................***Failed    0.35 sec
test 10
      Start 10: model8_tests

10: Test command: /Users/ittehad/Documents/Coding/Python/Turing/Tester_cpp_codebench/tasks/473608/build/model8_tests
10: Working Directory: /Users/ittehad/Documents/Coding/Python/Turing/Tester_cpp_codebench/tasks/473608/build
10: Test timeout computed to be: 5
10: Running main() from /Users/ittehad/Documents/Coding/Python/Turing/Tester_cpp_codebench/tasks/473608/build/_deps/googletest-src/googletest/src/gtest_main.cc
10: [==========] Running 7 tests from 1 test suite.
10: [----------] Global test environment set-up.
10: [----------] 7 tests from FindMatchingContactsTest
10: [ RUN      ] FindMatchingContactsTest.BasicMatching
10: [       OK ] FindMatchingContactsTest.BasicMatching (0 ms)
10: [ RUN      ] FindMatchingContactsTest.ResultIsSorted
10: [       OK ] FindMatchingContactsTest.ResultIsSorted (0 ms)
10: [ RUN      ] FindMatchingContactsTest.EmptyQuery
10: [       OK ] FindMatchingContactsTest.EmptyQuery (0 ms)
10: [ RUN      ] FindMatchingContactsTest.CaseInsensitiveMatching
10: [       OK ] FindMatchingContactsTest.CaseInsensitiveMatching (0 ms)
10: [ RUN      ] FindMatchingContactsTest.LeadingAndTrailingSpacesInQuery
10: [       OK ] FindMatchingContactsTest.LeadingAndTrailingSpacesInQuery (0 ms)
10: [ RUN      ] FindMatchingContactsTest.SpecialCharacterSupport
10: [       OK ] FindMatchingContactsTest.SpecialCharacterSupport (0 ms)
10: [ RUN      ] FindMatchingContactsTest.NoMatches
10: [       OK ] FindMatchingContactsTest.NoMatches (0 ms)
10: [----------] 7 tests from FindMatchingContactsTest (0 ms total)
10: 
10: [----------] Global test environment tear-down
10: [==========] 7 tests from 1 test suite ran. (0 ms total)
10: [  PASSED  ] 7 tests.
10/11 Test #10: model8_tests .....................   Passed    0.35 sec
test 11
      Start 11: model9_tests

11: Test command: /Users/ittehad/Documents/Coding/Python/Turing/Tester_cpp_codebench/tasks/473608/build/model9_tests
11: Working Directory: /Users/ittehad/Documents/Coding/Python/Turing/Tester_cpp_codebench/tasks/473608/build
11: Test timeout computed to be: 5
11: Running main() from /Users/ittehad/Documents/Coding/Python/Turing/Tester_cpp_codebench/tasks/473608/build/_deps/googletest-src/googletest/src/gtest_main.cc
11: [==========] Running 7 tests from 1 test suite.
11: [----------] Global test environment set-up.
11: [----------] 7 tests from FindMatchingContactsTest
11: [ RUN      ] FindMatchingContactsTest.BasicMatching
11: /Users/ittehad/DocumentsErrors while running CTest
Output from these tests are in: /Users/ittehad/Documents/Coding/Python/Turing/Tester_cpp_codebench/tasks/473608/build/Testing/Temporary/LastTest.log
Use "--rerun-failed --output-on-failure" to re-run the failed cases verbosely.
/Coding/Python/Turing/Tester_cpp_codebench/tasks/473608/test.cpp:17: Failure
11: Expected equality of these values:
11:   findMatchingContacts(contacts, "Ali")
11:     Which is: {}
11:   expected
11:     Which is: { ("Alice", 1), ("Alicia", 2) }
11: 
11: [  FAILED  ] FindMatchingContactsTest.BasicMatching (0 ms)
11: [ RUN      ] FindMatchingContactsTest.ResultIsSorted
11: [       OK ] FindMatchingContactsTest.ResultIsSorted (0 ms)
11: [ RUN      ] FindMatchingContactsTest.EmptyQuery
11: [       OK ] FindMatchingContactsTest.EmptyQuery (0 ms)
11: [ RUN      ] FindMatchingContactsTest.CaseInsensitiveMatching
11: [       OK ] FindMatchingContactsTest.CaseInsensitiveMatching (0 ms)
11: [ RUN      ] FindMatchingContactsTest.LeadingAndTrailingSpacesInQuery
11: [       OK ] FindMatchingContactsTest.LeadingAndTrailingSpacesInQuery (0 ms)
11: [ RUN      ] FindMatchingContactsTest.SpecialCharacterSupport
11: /Users/ittehad/Documents/Coding/Python/Turing/Tester_cpp_codebench/tasks/473608/test.cpp:72: Failure
11: Expected equality of these values:
11:   findMatchingContacts(contacts, "Al!c")
11:     Which is: {}
11:   expected
11:     Which is: { ("Al!ce", 1) }
11: 
11: [  FAILED  ] FindMatchingContactsTest.SpecialCharacterSupport (0 ms)
11: [ RUN      ] FindMatchingContactsTest.NoMatches
11: [       OK ] FindMatchingContactsTest.NoMatches (0 ms)
11: [----------] 7 tests from FindMatchingContactsTest (0 ms total)
11: 
11: [----------] Global test environment tear-down
11: [==========] 7 tests from 1 test suite ran. (0 ms total)
11: [  PASSED  ] 5 tests.
11: [  FAILED  ] 2 tests, listed below:
11: [  FAILED  ] FindMatchingContactsTest.BasicMatching
11: [  FAILED  ] FindMatchingContactsTest.SpecialCharacterSupport
11: 
11:  2 FAILED TESTS
11/11 Test #11: model9_tests .....................***Failed    0.36 sec

36% tests passed, 7 tests failed out of 11

Total Test time (real) =   3.29 sec

The following tests FAILED:
	  1 - incorrect_solution_tests (Not Run)
	  3 - model10_tests (Failed)
	  5 - model3_tests (Failed)
	  6 - model4_tests (Not Run)
	  8 - model6_tests (Failed)
	  9 - model7_tests (Failed)
	 11 - model9_tests (Failed)
Test project /Users/ittehad/Documents/Coding/Python/Turing/Tester_cpp_codebench/tasks/473608/build
      Start  1: incorrect_solution_tests
Could not find executable /Users/ittehad/Documents/Coding/Python/Turing/Tester_cpp_codebench/tasks/473608/build/incorrect_solution_tests
Looked in the following places:
/Users/ittehad/Documents/Coding/Python/Turing/Tester_cpp_codebench/tasks/473608/build/incorrect_solution_tests
/Users/ittehad/Documents/Coding/Python/Turing/Tester_cpp_codebench/tasks/473608/build/incorrect_solution_tests
/Users/ittehad/Documents/Coding/Python/Turing/Tester_cpp_codebench/tasks/473608/build/Release/incorrect_solution_tests
/Users/ittehad/Documents/Coding/Python/Turing/Tester_cpp_codebench/tasks/473608/build/Release/incorrect_solution_tests
/Users/ittehad/Documents/Coding/Python/Turing/Tester_cpp_codebench/tasks/473608/build/Debug/incorrect_solution_tests
/Users/ittehad/Documents/Coding/Python/Turing/Tester_cpp_codebench/tasks/473608/build/Debug/incorrect_solution_tests
/Users/ittehad/Documents/Coding/Python/Turing/Tester_cpp_codebench/tasks/473608/build/MinSizeRel/incorrect_solution_tests
/Users/ittehad/Documents/Coding/Python/Turing/Tester_cpp_codebench/tasks/473608/build/MinSizeRel/incorrect_solution_tests
/Users/ittehad/Documents/Coding/Python/Turing/Tester_cpp_codebench/tasks/473608/build/RelWithDebInfo/incorrect_solution_tests
/Users/ittehad/Documents/Coding/Python/Turing/Tester_cpp_codebench/tasks/473608/build/RelWithDebInfo/incorrect_solution_tests
/Users/ittehad/Documents/Coding/Python/Turing/Tester_cpp_codebench/tasks/473608/build/Deployment/incorrect_solution_tests
/Users/ittehad/Documents/Coding/Python/Turing/Tester_cpp_codebench/tasks/473608/build/Deployment/incorrect_solution_tests
/Users/ittehad/Documents/Coding/Python/Turing/Tester_cpp_codebench/tasks/473608/build/Development/incorrect_solution_tests
/Users/ittehad/Documents/Coding/Python/Turing/Tester_cpp_codebench/tasks/473608/build/Development/incorrect_solution_tests
Users/ittehad/Documents/Coding/Python/Turing/Tester_cpp_codebench/tasks/473608/build/incorrect_solution_tests
Users/ittehad/Documents/Coding/Python/Turing/Tester_cpp_codebench/tasks/473608/build/incorrect_solution_tests
Users/ittehad/Documents/Coding/Python/Turing/Tester_cpp_codebench/tasks/473608/build/Release/incorrect_solution_tests
Users/ittehad/Documents/Coding/Python/Turing/Tester_cpp_codebench/tasks/473608/build/Release/incorrect_solution_tests
Users/ittehad/Documents/Coding/Python/Turing/Tester_cpp_codebench/tasks/473608/build/Debug/incorrect_solution_tests
Users/ittehad/Documents/Coding/Python/Turing/Tester_cpp_codebench/tasks/473608/build/Debug/incorrect_solution_tests
Users/ittehad/Documents/Coding/Python/Turing/Tester_cpp_codebench/tasks/473608/build/MinSizeRel/incorrect_solution_tests
Users/ittehad/Documents/Coding/Python/Turing/Tester_cpp_codebench/tasks/473608/build/MinSizeRel/incorrect_solution_tests
Users/ittehad/Documents/Coding/Python/Turing/Tester_cpp_codebench/tasks/473608/build/RelWithDebInfo/incorrect_solution_tests
Users/ittehad/Documents/Coding/Python/Turing/Tester_cpp_codebench/tasks/473608/build/RelWithDebInfo/incorrect_solution_tests
Users/ittehad/Documents/Coding/Python/Turing/Tester_cpp_codebench/tasks/473608/build/Deployment/incorrect_solution_tests
Users/ittehad/Documents/Coding/Python/Turing/Tester_cpp_codebench/tasks/473608/build/Deployment/incorrect_solution_tests
Users/ittehad/Documents/Coding/Python/Turing/Tester_cpp_codebench/tasks/473608/build/Development/incorrect_solution_tests
Users/ittehad/Documents/Coding/Python/Turing/Tester_cpp_codebench/tasks/473608/build/Development/incorrect_solution_tests
Unable to find executable: /Users/ittehad/Documents/Coding/Python/Turing/Tester_cpp_codebench/tasks/473608/build/incorrect_solution_tests
 1/11 Test  #1: incorrect_solution_tests .........***Not Run   0.00 sec
      Start  2: model1_tests
 2/11 Test  #2: model1_tests .....................   Passed    0.00 sec
      Start  3: model10_tests
 3/11 Test  #3: model10_tests ....................***Failed    0.00 sec
      Start  4: model2_tests
 4/11 Test  #4: model2_tests .....................   Passed    0.00 sec
      Start  5: model3_tests
 5/11 Test  #5: model3_tests .....................***Failed    0.00 sec
      Start  6: model4_tests
Could not find executable /Users/ittehad/Documents/Coding/Python/Turing/Tester_cpp_codebench/tasks/473608/build/model4_tests
Looked in the following places:
/Users/ittehad/Documents/Coding/Python/Turing/Tester_cpp_codebench/tasks/473608/build/model4_tests
/Users/ittehad/Documents/Coding/Python/Turing/Tester_cpp_codebench/tasks/473608/build/model4_tests
/Users/ittehad/Documents/Coding/Python/Turing/Tester_cpp_codebench/tasks/473608/build/Release/model4_tests
/Users/ittehad/Documents/Coding/Python/Turing/Tester_cpp_codebench/tasks/473608/build/Release/model4_tests
/Users/ittehad/Documents/Coding/Python/Turing/Tester_cpp_codebench/tasks/473608/build/Debug/model4_tests
/Users/ittehad/Documents/Coding/Python/Turing/Tester_cpp_codebench/tasks/473608/build/Debug/model4_tests
/Users/ittehad/Documents/Coding/Python/Turing/Tester_cpp_codebench/tasks/473608/build/MinSizeRel/model4_tests
/Users/ittehad/Documents/Coding/Python/Turing/Tester_cpp_codebench/tasks/473608/build/MinSizeRel/model4_tests
/Users/ittehad/Documents/Coding/Python/Turing/Tester_cpp_codebench/tasks/473608/build/RelWithDebInfo/model4_tests
/Users/ittehad/Documents/Coding/Python/Turing/Tester_cpp_codebench/tasks/473608/build/RelWithDebInfo/model4_tests
/Users/ittehad/Documents/Coding/Python/Turing/Tester_cpp_codebench/tasks/473608/build/Deployment/model4_tests
/Users/ittehad/Documents/Coding/Python/Turing/Tester_cpp_codebench/tasks/473608/build/Deployment/model4_tests
/Users/ittehad/Documents/Coding/Python/Turing/Tester_cpp_codebench/tasks/473608/build/Development/model4_tests
/Users/ittehad/Documents/Coding/Python/Turing/Tester_cpp_codebench/tasks/473608/build/Development/model4_tests
Users/ittehad/Documents/Coding/Python/Turing/Tester_cpp_codebench/tasks/473608/build/model4_tests
Users/ittehad/Documents/Coding/Python/Turing/Tester_cpp_codebench/tasks/473608/build/model4_tests
Users/ittehad/Documents/Coding/Python/Turing/Tester_cpp_codebench/tasks/473608/build/Release/model4_tests
Users/ittehad/Documents/Coding/Python/Turing/Tester_cpp_codebench/tasks/473608/build/Release/model4_tests
Users/ittehad/Documents/Coding/Python/Turing/Tester_cpp_codebench/tasks/473608/build/Debug/model4_tests
Users/ittehad/Documents/Coding/Python/Turing/Tester_cpp_codebench/tasks/473608/build/Debug/model4_tests
Users/ittehad/Documents/Coding/Python/Turing/Tester_cpp_codebench/tasks/473608/build/MinSizeRel/model4_tests
Users/ittehad/Documents/Coding/Python/Turing/Tester_cpp_codebench/tasks/473608/build/MinSizeRel/model4_tests
Users/ittehad/Documents/Coding/Python/Turing/Tester_cpp_codebench/tasks/473608/build/RelWithDebInfo/model4_tests
Users/ittehad/Documents/Coding/Python/Turing/Tester_cpp_codebench/tasks/473608/build/RelWithDebInfo/model4_tests
Users/ittehad/Documents/Coding/Python/Turing/Tester_cpp_codebench/tasks/473608/build/Deployment/model4_tests
Users/ittehad/Documents/Coding/Python/Turing/Tester_cpp_codebench/tasks/473608/build/Deployment/model4_tests
Users/ittehad/Documents/Coding/Python/Turing/Tester_cpp_codebench/tasks/473608/build/Development/model4_tests
Users/ittehad/Documents/Coding/Python/Turing/Tester_cpp_codebench/tasks/473608/build/Development/model4_tests
Unable to find executable: /Users/ittehad/Documents/Coding/Python/Turing/Tester_cpp_codebench/tasks/473608/build/model4_tests
 6/11 Test  #6: model4_tests .....................***Not Run   0.00 sec
      Start  7: model5_tests
 7/11 Test  #7: model5_tests .....................   Passed    0.00 sec
      Start  8: model6_tests
 8/11 Test  #8: model6_tests .....................***Failed    0.00 sec
      Start  9: model7_tests
 9/11 Test  #9: model7_tests .....................***Failed    0.00 sec
      Start 10: model8_tests
10/11 Test #10: model8_tests .....................   Passed    0.00 sec
      Start 11: model9_tests
11/11 Test #11: model9_tests .....................***Failed    0.00 sec

36% tests passed, 7 tests failed out of 11

Total Test time (real) =   0.04 sec

The following tests FAILED:
	  1 - incorrect_solution_tests (Not Run)
	  3 - model10_tests (Failed)
	  5 - model3_tests (Failed)
	  6 - model4_tests (Not Run)
	  8 - model6_tests (Failed)
	  9 - model7_tests (Failed)
	 11 - model9_tests (Failed)
Errors while running CTest
Output from these tests are in: /Users/ittehad/Documents/Coding/Python/Turing/Tester_cpp_codebench/tasks/473608/build/Testing/Temporary/LastTest.log
Use "--rerun-failed --output-on-failure" to re-run the failed cases verbosely.
