UpdateCTestConfiguration  from :/Users/ittehad/Documents/Coding/Python/Turing/Tester_cpp_codebench/tasks/303992/build/DartConfiguration.tcl
UpdateCTestConfiguration  from :/Users/ittehad/Documents/Coding/Python/Turing/Tester_cpp_codebench/tasks/303992/build/DartConfiguration.tcl
Test project /Users/ittehad/Documents/Coding/Python/Turing/Tester_cpp_codebench/tasks/303992/build
Constructing a list of tests
Done constructing a list of tests
Updating test list for fixtures
Added 0 tests to meet fixture requirements
Checking test dependency graph...
Checking test dependency graph end
test 1
      Start  1: A_tests

1: Test command: /Users/ittehad/Documents/Coding/Python/Turing/Tester_cpp_codebench/tasks/303992/build/A_tests
1: Working Directory: /Users/ittehad/Documents/Coding/Python/Turing/Tester_cpp_codebench/tasks/303992/build
1: Test timeout computed to be: 5
1: Running main() from /Users/ittehad/Documents/Coding/Python/Turing/Tester_cpp_codebench/tasks/303992/build/_deps/googletest-src/googletest/src/gtest_main.cc
1: [==========] Running 10 tests from 1 test suite.
1: [----------] Global test environment set-up.
1: [----------] 10 tests from GaussianEliminationTests
1: [ RUN      ] GaussianEliminationTests.Simple2x2
1: [       OK ] GaussianEliminationTests.Simple2x2 (0 ms)
1: [ RUN      ] GaussianEliminationTests.Simple3x3
1: [       OK ] GaussianEliminationTests.Simple3x3 (0 ms)
1: [ RUN      ] GaussianEliminationTests.SingularMatrix
1: [       OK ] GaussianEliminationTests.SingularMatrix (0 ms)
1: [ RUN      ] GaussianEliminationTests.InconsistentSystem
1: [       OK ] GaussianEliminationTests.InconsistentSystem (0 ms)
1: [ RUN      ] GaussianEliminationTests.OneByOneMatrix
1: [       OK ] GaussianEliminationTests.OneByOneMatrix (0 ms)
1: [ RUN      ] GaussianEliminationTests.ZeroMatrix
1: [       OK ] GaussianEliminationTests.ZeroMatrix (0 ms)
1: [ RUN      ] GaussianEliminationTests.SmallValues
1: [       OK ] GaussianEliminationTests.SmallValues (0 ms)
1: [ RUN      ] GaussianEliminationTests.LargeValues
1: [       OK ] GaussianEliminationTests.LargeValues (0 ms)
1: [ RUN      ] GaussianEliminationTests.EmptyMatrix
1: [       OK ] GaussianEliminationTests.EmptyMatrix (0 ms)
1: [ RUN      ] GaussianEliminationTests.NonSquareMatrix
1: [       OK ] GaussianEliminationTests.NonSquareMatrix (0 ms)
1: [----------] 10 tests from GaussianEliminationTests (2 ms total)
1: 
1: [----------] Global test environment tear-down
1: [==========] 10 tests from 1 test suite ran. (2 ms total)
1: [  PASSED  ] 10 tests.
 1/11 Test  #1: A_tests ..........................   Passed    0.58 sec
test 2
      Start  2: B_tests

2: Test command: /Users/ittehad/Documents/Coding/Python/Turing/Tester_cpp_codebench/tasks/303992/build/B_tests
2: Working Directory: /Users/ittehad/Documents/Coding/Python/Turing/Tester_cpp_codebench/tasks/303992/build
2: Test timeout computed to be: 5
2: Running main() from /Users/ittehad/Documents/Coding/Python/Turing/Tester_cpp_codebench/tasks/303992/build/_deps/googletest-src/googletest/src/gtest_main.cc
2: [==========] Running 10 tests from 1 test suite.
2: [----------] Global test environment set-up.
2: [----------] 10 tests from GaussianEliminationTests
2: [ RUN      ] GaussianEliminationTests.Simple2x2
2: /Users/ittehad/Documents/Coding/Python/Turing/Tester_cpp_codebench/tasks/303992/test.cpp:15: Failure
2: The difference between result[i] and expected[i] is 3.75, which exceeds 1e-6, where
2: result[i] evaluates to -0.75,
2: expected[i] evaluates to -4.5, and
2: 1e-6 evaluates to 9.9999999999999995e-07.
2: 
2: /Users/ittehad/Documents/Coding/Python/Turing/Tester_cpp_codebench/tasks/303992/test.cpp:15: Failure
2: The difference between result[i] and expected[i] is 3, which exceeds 1e-6, where
2: result[i] evaluates to 2,
2: expected[i] evaluates to 5, and
2: 1e-6 evaluates to 9.9999999999999995e-07.
2: 
2: [  FAILED  ] GaussianEliminationTests.Simple2x2 (0 ms)
2: [ RUN      ] GaussianEliminationTests.Simple3x3
2: /Users/ittehad/Documents/Coding/Python/Turing/Tester_cpp_codebench/tasks/303992/test.cpp:27: Failure
2: The difference between result[i] and expected[i] is 16.619047619047624, which exceeds 1e-6, where
2: result[i] evaluates to -3.3333333333333335,
2: expected[i] evaluates to 13.285714285714292, and
2: 1e-6 evaluates to 9.9999999999999995e-07.
2: 
2: /Users/ittehad/Documents/Coding/Python/Turing/Tester_cpp_codebench/tasks/303992/test.cpp:27: Failure
2: The difference between result[i] and expected[i] is 6.3571428571428603, which exceeds 1e-6, where
2: result[i] evaluates to -0.5,
2: expected[i] evaluates to 5.8571428571428603, and
2: 1e-6 evaluates to 9.9999999999999995e-07.
2: 
2: /Users/ittehad/Documents/Coding/Python/Turing/Tester_cpp_codebench/tasks/303992/test.cpp:27: Failure
2: The difference between result[i] and expected[i] is 7.4285714285714315, which exceeds 1e-6, where
2: result[i] evaluates to 3,
2: expected[i] evaluates to -4.4285714285714315, and
2: 1e-6 evaluates to 9.9999999999999995e-07.
2: 
2: [  FAILED  ] GaussianEliminationTests.Simple3x3 (0 ms)
2: [ RUN      ] GaussianEliminationTests.SingularMatrix
2: /Users/ittehad/Documents/Coding/Python/Turing/Tester_cpp_codebench/tasks/303992/test.cpp:36: Failure
2: Value of: result.empty()
2:   Actual: false
2: Expected: true
2: 
2: [  FAILED  ] GaussianEliminationTests.SingularMatrix (0 ms)
2: [ RUN      ] GaussianEliminationTests.InconsistentSystem
2: /Users/ittehad/Documents/Coding/Python/Turing/Tester_cpp_codebench/tasks/303992/test.cpp:44: Failure
2: Value of: result.empty()
2:   Actual: false
2: Expected: true
2: 
2: [  FAILED  ] GaussianEliminationTests.InconsistentSystem (0 ms)
2: [ RUN      ] GaussianEliminationTests.OneByOneMatrix
2: [       OK ] GaussianEliminationTests.OneByOneMatrix (0 ms)
2: [ RUN      ] GaussianEliminationTests.ZeroMatrix
2: [       OK ] GaussianEliminationTests.ZeroMatrix (0 ms)
2: [ RUN      ] GaussianEliminationTests.SmallValues
2: [       OK ] GaussianEliminationTests.SmallValues (0 ms)
2: [ RUN      ] GaussianEliminationTests.LargeValues
2: /Users/ittehad/Documents/Coding/Python/Turing/Tester_cpp_codebench/tasks/303992/test.cpp:87: Failure
2: The difference between result[i] and expected[i] is 2.6666666666666652, which exceeds 1e-6, where
2: result[i] evaluates to -1.3333333333333333,
2: expected[i] evaluates to -3.9999999999999987, and
2: 1e-6 evaluates to 9.9999999999999995e-07.
2: 
2: /Users/ittehad/Documents/Coding/Python/Turing/Tester_cpp_codebench/tasks/303992/test.cpp:87: Failure
2: The difference between result[i] and expected[i] is 1.9999999999999991, which exceeds 1e-6, where
2: result[i] evaluates to 2.5,
2: expected[i] evaluates to 4.4999999999999991, and
2: 1e-6 evaluates to 9.9999999999999995e-07.
2: 
2: [  FAILED  ] GaussianEliminationTests.LargeValues (0 ms)
2: [ RUN      ] GaussianEliminationTests.EmptyMatrix
2: unknown file: Failure
2: C++ exception with description "Invalid input dimensions" thrown in the test body.
2: 
2: [  FAILED  ] GaussianEliminationTests.EmptyMatrix (0 ms)
2: [ RUN      ] GaussianEliminationTests.NonSquareMatrix
2: unknown file: Failure
2: C++ exception with description "Matrix must be square" thrown in the test body.
2: 
2: [  FAILED  ] GaussianEliminationTests.NonSquareMatrix (0 ms)
2: [----------] 10 tests from GaussianEliminationTests (2 ms total)
2: 
2: [----------] Global test environment tear-down
2: [==========] 10 tests from 1 test suite ran. (2 ms total)
2: [  PASSED  ] 3 tests.
2: [  FAILED  ] 7 tests, listed below:
2: [  FAILED  ] GaussianEliminationTests.Simple2x2
2: [  FAILED  ] GaussianEliminationTests.Simple3x3
2: [  FAILED  ] GaussianEliminationTests.SingularMatrix
2: [  FAILED  ] GaussianEliminationTests.InconsistentSystem
2: [  FAILED  ] GaussianEliminationTests.LargeValues
2: [  FAILED  ] GaussianEliminationTests.EmptyMatrix
2: [  FAILED  ] GaussianEliminationTests.NonSquareMatrix
2: 
2:  7 FAILED TESTS
 2/11 Test  #2: B_tests ..........................***Failed    0.32 sec
test 3
      Start  3: C_tests

3: Test command: /Users/ittehad/Documents/Coding/Python/Turing/Tester_cpp_codebench/tasks/303992/build/C_tests
3: Working Directory: /Users/ittehad/Documents/Coding/Python/Turing/Tester_cpp_codebench/tasks/303992/build
3: Test timeout computed to be: 5
3: Running main() from /Users/ittehad/Documents/Coding/Python/Turing/Tester_cpp_codebench/tasks/303992/build/_deps/googletest-src/googletest/src/gtest_main.cc
3: [==========] Running 10 tests from 1 test suite.
3: [----------] Global test environment set-up.
3: [----------] 10 tests from GaussianEliminationTests
3: [ RUN      ] GaussianEliminationTests.Simple2x2
3: [       OK ] GaussianEliminationTests.Simple2x2 (0 ms)
3: [ RUN      ] GaussianEliminationTests.Simple3x3
3: [       OK ] GaussianEliminationTests.Simple3x3 (0 ms)
3: [ RUN      ] GaussianEliminationTests.SingularMatrix
3: [       OK ] GaussianEliminationTests.SingularMatrix (0 ms)
3: [ RUN      ] GaussianEliminationTests.InconsistentSystem
3: [       OK ] GaussianEliminationTests.InconsistentSystem (0 ms)
3: [ RUN      ] GaussianEliminationTests.OneByOneMatrix
3: [       OK ] GaussianEliminationTests.OneByOneMatrix (0 ms)
3: [ RUN      ] GaussianEliminationTests.ZeroMatrix
3: [       OK ] GaussianEliminationTests.ZeroMatrix (0 ms)
3: [ RUN      ] GaussianEliminationTests.SmallValues
3: [       OK ] GaussianEliminationTests.SmallValues (0 ms)
3: [ RUN      ] GaussianEliminationTests.LargeValues
3: [       OK ] GaussianEliminationTests.LargeValues (0 ms)
3: [ RUN      ] GaussianEliminationTests.EmptyMatrix
3: [       OK ] GaussianEliminationTests.EmptyMatrix (0 ms)
3: [ RUN      ] GaussianEliminationTests.NonSquareMatrix
3: [       OK ] GaussianEliminationTests.NonSquareMatrix (0 ms)
3: [----------] 10 tests from GaussianEliminationTests (0 ms total)
3: 
3: [----------] Global test environment tear-down
3: [==========] 10 tests from 1 test suite ran. (0 ms total)
3: [  PASSED  ] 10 tests.
 3/11 Test  #3: C_tests ..........................   Passed    0.41 sec
test 4
      Start  4: D_tests

4: Test command: /Users/ittehad/Documents/Coding/Python/Turing/Tester_cpp_codebench/tasks/303992/build/D_tests
4: Working Directory: /Users/ittehad/Documents/Coding/Python/Turing/Tester_cpp_codebench/tasks/303992/build
4: Test timeout computed to be: 5
4: Running main() from /Users/ittehad/Documents/Coding/Python/Turing/Tester_cpp_codebench/tasks/303992/build/_deps/googletest-src/googletest/src/gtest_main.cc
4: [==========] Running 10 tests from 1 test suite.
4: [----------] Global test environment set-up.
4: [----------] 10 tests from GaussianEliminationTests
4: [ RUN      ] GaussianEliminationTests.Simple2x2
4: [       OK ] GaussianEliminationTests.Simple2x2 (0 ms)
4: [ RUN      ] GaussianEliminationTests.Simple3x3
4: [       OK ] GaussianEliminationTests.Simple3x3 (0 ms)
4: [ RUN      ] GaussianEliminationTests.SingularMatrix
4: /Users/ittehad/Documents/Coding/Python/Turing/Tester_cpp_codebench/tasks/303992/test.cpp:36: Failure
4: Value of: result.empty()
4:   Actual: false
4: Expected: true
4: 
4: [  FAILED  ] GaussianEliminationTests.SingularMatrix (0 ms)
4: [ RUN      ] GaussianEliminationTests.InconsistentSystem
4: [       OK ] GaussianEliminationTests.InconsistentSystem (0 ms)
4: [ RUN      ] GaussianEliminationTests.OneByOneMatrix
4: [       OK ] GaussianEliminationTests.OneByOneMatrix (0 ms)
4: [ RUN      ] GaussianEliminationTests.ZeroMatrix
4: [       OK ] GaussianEliminationTests.ZeroMatrix (0 ms)
4: [ RUN      ] GaussianEliminationTests.SmallValues
4: [       OK ] GaussianEliminationTests.SmallValues (0 ms)
4: [ RUN      ] GaussianEliminationTests.LargeValues
4: [       OK ] GaussianEliminationTests.LargeValues (0 ms)
4: [ RUN      ] GaussianEliminationTests.EmptyMatrix
4: [       OK ] GaussianEliminationTests.EmptyMatrix (0 ms)
4: [ RUN      ] GaussianEliminationTests.NonSquareMatrix
4: [       OK ] GaussianEliminationTests.NonSquareMatrix (0 ms)
4: [----------] 10 tests from GaussianEliminationTests (0 ms total)
4: 
4: [----------] Global test environment tear-down
4: [==========] 10 tests from 1 test suite ran. (0 ms total)
4: [  PASSED  ] 9 tests.
4: [  FAILED  ] 1 test, listed below:
4: [  FAILED  ] GaussianEliminationTests.SingularMatrix
4: 
4:  1 FAILED TEST
 4/11 Test  #4: D_tests ..........................***Failed    0.33 sec
test 5
      Start  5: E_tests

5: Test command: /Users/ittehad/Documents/Coding/Python/Turing/Tester_cpp_codebench/tasks/303992/build/E_tests
5: Working Directory: /Users/ittehad/Documents/Coding/Python/Turing/Tester_cpp_codebench/tasks/303992/build
5: Test timeout computed to be: 5
5: Running main() from /Users/ittehad/Documents/Coding/Python/Turing/Tester_cpp_codebench/tasks/303992/build/_deps/googletest-src/googletest/src/gtest_main.cc
5: [==========] Running 10 tests from 1 test suite.
5: [----------] Global test environment set-up.
5: [----------] 10 tests from GaussianEliminationTests
5: [ RUN      ] GaussianEliminationTests.Simple2x2
5: [       OK ] GaussianEliminationTests.Simple2x2 (0 ms)
5: [ RUN      ] GaussianEliminationTests.Simple3x3
5: [       OK ] GaussianEliminationTests.Simple3x3 (0 ms)
5: [ RUN      ] GaussianEliminationTests.SingularMatrix
5: [       OK ] GaussianEliminationTests.SingularMatrix (0 ms)
5: [ RUN      ] GaussianEliminationTests.InconsistentSystem
5: [       OK ] GaussianEliminationTests.InconsistentSystem (0 ms)
5: [ RUN      ] GaussianEliminationTests.OneByOneMatrix
5: [       OK ] GaussianEliminationTests.OneByOneMatrix (0 ms)
5: [ RUN      ] GaussianEliminationTests.ZeroMatrix
5: [       OK ] GaussianEliminationTests.ZeroMatrix (0 ms)
5: [ RUN      ] GaussianEliminationTests.SmallValues
5: [       OK ] GaussianEliminationTests.SmallValues (0 ms)
5: [ RUN      ] GaussianEliminationTests.LargeValues
5: [       OK ] GaussianEliminationTests.LargeValues (0 ms)
5: [ RUN      ] GaussianEliminationTests.EmptyMatrix
5: [       OK ] GaussianEliminationTests.EmptyMatrix (0 ms)
5: [ RUN      ] GaussianEliminationTests.NonSquareMatrix
5: [       OK ] GaussianEliminationTests.NonSquareMatrix (0 ms)
5: [----------] 10 tests from GaussianEliminationTests (0 ms total)
5: 
5: [----------] Global test environment tear-down
5: [==========] 10 tests from 1 test suite ran. (0 ms total)
5: [  PASSED  ] 10 tests.
 5/11 Test  #5: E_tests ..........................   Passed    0.33 sec
test 6
      Start  6: F_tests

6: Test command: /Users/ittehad/Documents/Coding/Python/Turing/Tester_cpp_codebench/tasks/303992/build/F_tests
6: Working Directory: /Users/ittehad/Documents/Coding/Python/Turing/Tester_cpp_codebench/tasks/303992/build
6: Test timeout computed to be: 5
6: Running main() from /Users/ittehad/Documents/Coding/Python/Turing/Tester_cpp_codebench/tasks/303992/build/_deps/googletest-src/googletest/src/gtest_main.cc
6: [==========] Running 10 tests from 1 test suite.
6: [----------] Global test environment set-up.
6: [----------] 10 tests from GaussianEliminationTests
6: [ RUN      ] GaussianEliminationTests.Simple2x2
6: [       OK ] GaussianEliminationTests.Simple2x2 (0 ms)
6: [ RUN      ] GaussianEliminationTests.Simple3x3
6: [       OK ] GaussianEliminationTests.Simple3x3 (0 ms)
6: [ RUN      ] GaussianEliminationTests.SingularMatrix
6: /Users/ittehad/Documents/Coding/Python/Turing/Tester_cpp_codebench/tasks/303992/test.cpp:36: Failure
6: Value of: result.empty()
6:   Actual: false
6: Expected: true
6: 
6: [  FAILED  ] GaussianEliminationTests.SingularMatrix (0 ms)
6: [ RUN      ] GaussianEliminationTests.InconsistentSystem
6: /Users/ittehad/Documents/Coding/Python/Turing/Tester_cpp_codebench/tasks/303992/test.cpp:44: Failure
6: Value of: result.empty()
6:   Actual: false
6: Expected: true
6: 
6: [  FAILED  ] GaussianEliminationTests.InconsistentSystem (0 ms)
6: [ RUN      ] GaussianEliminationTests.OneByOneMatrix
6: [       OK ] GaussianEliminationTests.OneByOneMatrix (0 ms)
6: [ RUN      ] GaussianEliminationTests.ZeroMatrix
6: /Users/ittehad/Documents/Coding/Python/Turing/Tester_cpp_codebench/tasks/303992/test.cpp:64: Failure
6: Value of: result.empty()
6:   Actual: false
6: Expected: true
6: 
6: [  FAILED  ] GaussianEliminationTests.ZeroMatrix (0 ms)
6: [ RUN      ] GaussianEliminationTests.SmallValues
6: [       OK ] GaussianEliminationTests.SmallValues (0 ms)
6: [ RUN      ] GaussianEliminationTests.LargeValues
6: [       OK ] GaussianEliminationTests.LargeValues (0 ms)
6: [ RUN      ] GaussianEliminationTests.EmptyMatrix
6: [       OK ] GaussianEliminationTests.EmptyMatrix (0 ms)
6: [ RUN      ] GaussianEliminationTests.NonSquareMatrix
6: [       OK ] GaussianEliminationTests.NonSquareMatrix (0 ms)
6: [----------] 10 tests from GaussianEliminationTests (1 ms total)
6: 
6: [----------] Global test environment tear-down
6: [==========] 10 tests from 1 test suite ran. (1 ms total)
6: [  PASSED  ] 7 tests.
6: [  FAILED  ] 3 tests, listed below:
6: [  FAILED  ] GaussianEliminationTests.SingularMatrix
6: [  FAILED  ] GaussianEliminationTests.InconsistentSystem
6: [  FAILED  ] GaussianEliminationTests.ZeroMatrix
6: 
6:  3 FAILED TESTS
 6/11 Test  #6: F_tests ..........................***Failed    0.37 sec
test 7
      Start  7: G_tests

7: Test command: /Users/ittehad/Documents/Coding/Python/Turing/Tester_cpp_codebench/tasks/303992/build/G_tests
7: Working Directory: /Users/ittehad/Documents/Coding/Python/Turing/Tester_cpp_codebench/tasks/303992/build
7: Test timeout computed to be: 5
7: Running main() from /Users/ittehad/Documents/Coding/Python/Turing/Tester_cpp_codebench/tasks/303992/build/_deps/googletest-src/googletest/src/gtest_main.cc
7: [==========] Running 10 tests from 1 test suite.
7: [----------] Global test environment set-up.
7: [----------] 10 tests from GaussianEliminationTests
7: [ RUN      ] GaussianEliminationTests.Simple2x2
7: [       OK ] GaussianEliminationTests.Simple2x2 (0 ms)
7: [ RUN      ] GaussianEliminationTests.Simple3x3
7: [       OK ] GaussianEliminationTests.Simple3x3 (0 ms)
7: [ RUN      ] GaussianEliminationTests.SingularMatrix
7: /Users/ittehad/Documents/Coding/Python/Turing/Tester_cpp_codebench/tasks/303992/test.cpp:36: Failure
7: Value of: result.empty()
7:   Actual: false
7: Expected: true
7: 
7: [  FAILED  ] GaussianEliminationTests.SingularMatrix (0 ms)
7: [ RUN      ] GaussianEliminationTests.InconsistentSystem
7: /Users/ittehad/Documents/Coding/Python/Turing/Tester_cpp_codebench/tasks/303992/test.cpp:44: Failure
7: Value of: result.empty()
7:   Actual: false
7: Expected: true
7: 
7: [  FAILED  ] GaussianEliminationTests.InconsistentSystem (0 ms)
7: [ RUN      ] GaussianEliminationTests.OneByOneMatrix
7: [       OK ] GaussianEliminationTests.OneByOneMatrix (0 ms)
7: [ RUN      ] GaussianEliminationTests.ZeroMatrix
7: /Users/ittehad/Documents/Coding/Python/Turing/Tester_cpp_codebench/tasks/303992/test.cpp:64: Failure
7: Value of: result.empty()
7:   Actual: false
7: Expected: true
7: 
7: [  FAILED  ] GaussianEliminationTests.ZeroMatrix (0 ms)
7: [ RUN      ] GaussianEliminationTests.SmallValues
7: [       OK ] GaussianEliminationTests.SmallValues (0 ms)
7: [ RUN      ] GaussianEliminationTests.LargeValues
7: [       OK ] GaussianEliminationTests.LargeValues (0 ms)
7: [ RUN      ] GaussianEliminationTests.EmptyMatrix
7: [       OK ] GaussianEliminationTests.EmptyMatrix (0 ms)
7: [ RUN      ] GaussianEliminationTests.NonSquareMatrix
7: [       OK ] GaussianEliminationTests.NonSquareMatrix (0 ms)
7: [----------] 10 tests from GaussianEliminationTests (0 ms total)
7: 
7: [----------] Global test environment tear-down
7: [==========] 10 tests from 1 test suite ran. (0 ms total)
7: [  PASSED  ] 7 tests.
7: [  FAILED  ] 3 tests, listed below:
7: [  FAILED  ] GaussianEliminationTests.SingularMatrix
7: [  FAILED  ] GaussianEliminationTests.InconsistentSystem
7: [  FAILED  ] GaussianEliminationTests.ZeroMatrix
7: 
7:  3 FAILED TESTS
 7/11 Test  #7: G_tests ..........................***Failed    0.36 sec
test 8
      Start  8: H_tests

8: Test command: /Users/ittehad/Documents/Coding/Python/Turing/Tester_cpp_codebench/tasks/303992/build/H_tests
8: Working Directory: /Users/ittehad/Documents/Coding/Python/Turing/Tester_cpp_codebench/tasks/303992/build
8: Test timeout computed to be: 5
8: Running main() from /Users/ittehad/Documents/Coding/Python/Turing/Tester_cpp_codebench/tasks/303992/build/_deps/googletest-src/googletest/src/gtest_main.cc
8: [==========] Running 10 tests from 1 test suite.
8: [----------] Global test environment set-up.
8: [----------] 10 tests from GaussianEliminationTests
8: [ RUN      ] GaussianEliminationTests.Simple2x2
8: [       OK ] GaussianEliminationTests.Simple2x2 (0 ms)
8: [ RUN      ] GaussianEliminationTests.Simple3x3
8: [       OK ] GaussianEliminationTests.Simple3x3 (0 ms)
8: [ RUN      ] GaussianEliminationTests.SingularMatrix
8: /Users/ittehad/Documents/Coding/Python/Turing/Tester_cpp_codebench/tasks/303992/test.cpp:36: Failure
8: Value of: result.empty()
8:   Actual: false
8: Expected: true
8: 
8: [  FAILED  ] GaussianEliminationTests.SingularMatrix (0 ms)
8: [ RUN      ] GaussianEliminationTests.InconsistentSystem
8: /Users/ittehad/Documents/Coding/Python/Turing/Tester_cpp_codebench/tasks/303992/test.cpp:44: Failure
8: Value of: result.empty()
8:   Actual: false
8: Expected: true
8: 
8: [  FAILED  ] GaussianEliminationTests.InconsistentSystem (0 ms)
8: [ RUN      ] GaussianEliminationTests.OneByOneMatrix
8: [       OK ] GaussianEliminationTests.OneByOneMatrix (0 ms)
8: [ RUN      ] GaussianEliminationTests.ZeroMatrix
8: /Users/ittehad/Documents/Coding/Python/Turing/Tester_cpp_codebench/tasks/303992/test.cpp:64: Failure
8: Value of: result.empty()
8:   Actual: false
8: Expected: true
8: 
8: [  FAILED  ] GaussianEliminationTests.ZeroMatrix (0 ms)
8: [ RUN      ] GaussianEliminationTests.SmallValues
8: [       OK ] GaussianEliminationTests.SmallValues (0 ms)
8: [ RUN      ] GaussianEliminationTests.LargeValues
8: [       OK ] GaussianEliminationTests.LargeValues (0 ms)
8: [ RUN      ] GaussianEliminationTests.EmptyMatrix
8: [       OK ] GaussianEliminationTests.EmptyMatrix (0 ms)
8: [ RUN      ] GaussianEliminationTests.NonSquareMatrix
8: [       OK ] GaussianEliminationTests.NonSquareMatrix (0 ms)
8: [----------] 10 tests from GaussianEliminationTests (1 ms total)
8: 
8: [----------] Global test environment tear-down
8: [==========] 10 tests from 1 test suite ran. (1 ms total)
8: [  PASSED  ] 7 tests.
8: [  FAILED  ] 3 tests, listed below:
8: [  FAILED  ] GaussianEliminationTests.SingularMatrix
8: [  FAILED  ] GaussianEliminationTests.InconsistentSystem
8: [  FAILED  ] GaussianEliminationTests.ZeroMatrix
8: 
8:  3 FAILED TESTS
 8/11 Test  #8: H_tests ..........................***Failed    0.32 sec
test 9
      Start  9: I_tests

9: Test command: /Users/ittehad/Documents/Coding/Python/Turing/Tester_cpp_codebench/tasks/303992/build/I_tests
9: Working Directory: /Users/ittehad/Documents/Coding/Python/Turing/Tester_cpp_codebench/tasks/303992/build
9: Test timeout computed to be: 5
9: Running main() from /Users/ittehad/Documents/Coding/Python/Turing/Tester_cpp_codebench/tasks/303992/build/_deps/googletest-src/googletest/src/gtest_main.cc
9: [==========] Running 10 tests from 1 test suite.
9: [----------] Global test environment set-up.
9: [----------] 10 tests from GaussianEliminationTests
9: [ RUN      ] GaussianEliminationTests.Simple2x2
9: [       OK ] GaussianEliminationTests.Simple2x2 (0 ms)
9: [ RUN      ] GaussianEliminationTests.Simple3x3
9: [       OK ] GaussianEliminationTests.Simple3x3 (0 ms)
9: [ RUN      ] GaussianEliminationTests.SingularMatrix
9: /Users/ittehad/Documents/Coding/Python/Turing/Tester_cpp_codebench/tasks/303992/test.cpp:36: Failure
9: Value of: result.empty()
9:   Actual: false
9: Expected: true
9: 
9: [  FAILED  ] GaussianEliminationTests.SingularMatrix (0 ms)
9: [ RUN      ] GaussianEliminationTests.InconsistentSystem
9: /Users/ittehad/Documents/Coding/Python/Turing/Tester_cpp_codebench/tasks/303992/test.cpp:44: Failure
9: Value of: result.empty()
9:   Actual: false
9: Expected: true
9: 
9: [  FAILED  ] GaussianEliminationTests.InconsistentSystem (0 ms)
9: [ RUN      ] GaussianEliminationTests.OneByOneMatrix
9: [       OK ] GaussianEliminationTests.OneByOneMatrix (0 ms)
9: [ RUN      ] GaussianEliminationTests.ZeroMatrix
9: /Users/ittehad/Documents/Coding/Python/Turing/Tester_cpp_codebench/tasks/303992/test.cpp:64: Failure
9: Value of: result.empty()
9:   Actual: false
9: Expected: true
9: 
9: [  FAILED  ] GaussianEliminationTests.ZeroMatrix (0 ms)
9: [ RUN      ] GaussianEliminationTests.SmallValues
9: [       OK ] GaussianEliminationTests.SmallValues (0 ms)
9: [ RUN      ] GaussianEliminationTests.LargeValues
9: [       OK ] GaussianEliminationTests.LargeValues (0 ms)
9: [ RUN      ] GaussianEliminationTests.EmptyMatrix
9: [       OK ] GaussianEliminationTests.EmptyMatrix (0 ms)
9: [ RUN      ] GaussianEliminationTests.NonSquareMatrix
9: [       OK ] GaussianEliminationTests.NonSquareMatrix (0 ms)
9: [----------] 10 tests from GaussianEliminationTests (1 ms total)
9: 
9: [----------] Global test environment tear-down
9: [==========] 10 tests from 1 test suite ran. (1 ms total)
9: [  PASSED  ] 7 tests.
9: [  FAILED  ] 3 tests, listed below:
9: [  FAILED  ] GaussianEliminationTests.SingularMatrix
9: [  FAILED  ] GaussianEliminationTests.InconsistentSystem
9: [  FAILED  ] GaussianEliminationTests.ZeroMatrix
9: 
9:  3 FAILED TESTS
 9/11 Test  #9: I_tests ..........................***Failed    0.39 sec
test 10
      Start 10: J_tests

10: Test command: /Users/ittehad/Documents/Coding/Python/Turing/Tester_cpp_codebench/tasks/303992/build/J_tests
10: Working Directory: /Users/ittehad/Documents/Coding/Python/Turing/Tester_cpp_codebench/tasks/303992/build
10: Test timeout computed to be: 5
10: Running main() from /Users/ittehad/Documents/Coding/Python/Turing/Tester_cpp_codebench/tasks/303992/build/_deps/googletest-src/googletest/src/gtest_main.cc
10: [==========] Running 10 tests from 1 test suite.
10: [----------] Global test environment set-up.
10: [----------] 10 tests from GaussianEliminationTests
10: [ RUN      ] GaussianEliminationTests.Simple2x2
10: [       OK ] GaussianEliminationTests.Simple2x2 (0 ms)
10: [ RUN      ] GaussianEliminationTests.Simple3x3
10: [       OK ] GaussianEliminationTests.Simple3x3 (0 ms)
10: [ RUN      ] GaussianEliminationTests.SingularMatrix
10: [       OK ] GaussianEliminationTests.SingularMatrix (0 ms)
10: [ RUN      ] GaussianEliminationTests.InconsistentSystem
10: [       OK ] GaussianEliminationTests.InconsistentSystem (0 ms)
10: [ RUN      ] GaussianEliminationTests.OneByOneMatrix
10: [       OK ] GaussianEliminationTests.OneByOneMatrix (0 ms)
10: [ RUN      ] GaussianEliminationTests.ZeroMatrix
10: [       OK ] GaussianEliminationTests.ZeroMatrix (0 ms)
10: [ RUN      ] GaussianEliminationTests.SmallValues
10: [       OK ] GaussianEliminationTests.SmallValues (0 ms)
10: [ RUN      ] GaussianEliminationTests.LargeValues
10: [       OK ] GaussianEliminationTests.LargeValues (0 ms)
10: [ RUN      ] GaussianEliminationTests.EmptyMatrix
10: [       OK ] GaussianEliminationTests.EmptyMatrix (0 ms)
10: [ RUN      ] GaussianEliminationTests.NonSquareMatrix
10: [       OK ] GaussianEliminationTests.NonSquareMatrix (0 ms)
10: [----------] 10 tests from GaussianEliminationTests (1 ms total)
10: 
10: [----------] Global test environment tear-down
10: [==========] 10 tests from 1 test suite ran. (1 ms total)
10: [  PASSED  ] 10 tests.
10/11 Test #10: J_tests ..........................   Passed    0.53 sec
test 11
      Start 11: incorrect_tests
Could not find executable /Users/ittehad/Documents/Coding/Python/Turing/Tester_cpp_codebench/tasks/303992/build/incorrect_tests
Looked in the following places:
Users/ittehad/Documents/Coding/Python/Turing/Tester_cpp_codebench/tasks/303992/build/incorrect_tests
Users/ittehad/Documents/Coding/Python/Turing/Tester_cpp_codebench/tasks/303992/build/incorrect_tests
Users/ittehad/Documents/Coding/Python/Turing/Tester_cpp_codebench/tasks/303992/build/Release/incorrect_tests
Users/ittehad/Documents/Coding/Python/Turing/Tester_cpp_codebench/tasks/303992/build/Release/incorrect_tests
Users/ittehad/Documents/Coding/Python/Turing/Tester_cpp_codebench/tasks/303992/build/Debug/incorrect_tests
Users/ittehad/Documents/Coding/Python/Turing/Tester_cpp_codebench/tasks/303992/build/Debug/incorrect_tests
Users/ittehad/Documents/Coding/Python/Turing/Tester_cpp_codebench/tasks/303992/build/MinSizeRel/incorrect_tests
Users/ittehad/Documents/Coding/Python/Turing/Tester_cpp_codebench/tasks/303992/build/MinSizeRel/incorrect_tests
Users/ittehad/Documents/CodingUnable to find executable: /Users/ittehad/Documents/Coding/Python/Turing/Tester_cpp_codebench/tasks/303992/build/incorrect_tests
Errors while running CTest
Output from these tests are in: /Users/ittehad/Documents/Coding/Python/Turing/Tester_cpp_codebench/tasks/303992/build/Testing/Temporary/LastTest.log
Use "--rerun-failed --output-on-failure" to re-run the failed cases verbosely.
/Python/Turing/Tester_cpp_codebench/tasks/303992/build/RelWithDebInfo/incorrect_tests
Users/ittehad/Documents/Coding/Python/Turing/Tester_cpp_codebench/tasks/303992/build/RelWithDebInfo/incorrect_tests
Users/ittehad/Documents/Coding/Python/Turing/Tester_cpp_codebench/tasks/303992/build/Deployment/incorrect_tests
Users/ittehad/Documents/Coding/Python/Turing/Tester_cpp_codebench/tasks/303992/build/Deployment/incorrect_tests
Users/ittehad/Documents/Coding/Python/Turing/Tester_cpp_codebench/tasks/303992/build/Development/incorrect_tests
Users/ittehad/Documents/Coding/Python/Turing/Tester_cpp_codebench/tasks/303992/build/Development/incorrect_tests

11: Test command: 
11: Working Directory: /Users/ittehad/Documents/Coding/Python/Turing/Tester_cpp_codebench/tasks/303992/build
11/11 Test #11: incorrect_tests ..................***Not Run   0.00 sec

36% tests passed, 7 tests failed out of 11

Total Test time (real) =   3.95 sec

The following tests FAILED:
	  2 - B_tests (Failed)
	  4 - D_tests (Failed)
	  6 - F_tests (Failed)
	  7 - G_tests (Failed)
	  8 - H_tests (Failed)
	  9 - I_tests (Failed)
	 11 - incorrect_tests (Not Run)
Test project /Users/ittehad/Documents/Coding/Python/Turing/Tester_cpp_codebench/tasks/303992/build
      Start  1: A_tests
 1/11 Test  #1: A_tests ..........................   Passed    0.01 sec
      Start  2: B_tests
 2/11 Test  #2: B_tests ..........................***Failed    0.01 sec
      Start  3: C_tests
 3/11 Test  #3: C_tests ..........................   Passed    0.01 sec
      Start  4: D_tests
 4/11 Test  #4: D_tests ..........................***Failed    0.00 sec
      Start  5: E_tests
 5/11 Test  #5: E_tests ..........................   Passed    0.00 sec
      Start  6: F_tests
 6/11 Test  #6: F_tests ..........................***Failed    0.00 sec
      Start  7: G_tests
 7/11 Test  #7: G_tests ..........................***Failed    0.00 sec
      Start  8: H_tests
 8/11 Test  #8: H_tests ..........................***Failed    0.00 sec
      Start  9: I_tests
 9/11 Test  #9: I_tests ..........................***Failed    0.00 sec
      Start 10: J_tests
10/11 Test #10: J_tests ..........................   Passed    0.00 sec
      Start 11: incorrect_tests
Could not find executable /Users/ittehad/Documents/Coding/Python/Turing/Tester_cpp_codebench/tasks/303992/build/incorrect_tests
Looked in the following places:
/Users/ittehad/Documents/Coding/Python/Turing/Tester_cpp_codebench/tasks/303992/build/incorrect_tests
/Users/ittehad/Documents/Coding/Python/Turing/Tester_cpp_codebench/tasks/303992/build/incorrect_tests
/Users/ittehad/Documents/Coding/Python/Turing/Tester_cpp_codebench/tasks/303992/build/Release/incorrect_tests
/Users/ittehad/Documents/Coding/Python/Turing/Tester_cpp_codebench/tasks/303992/build/Release/incorrect_tests
/Users/ittehad/Documents/Coding/Python/Turing/Tester_cpp_codebench/tasks/303992/build/Debug/incorrect_tests
/Users/ittehad/Documents/Coding/Python/Turing/Tester_cpp_codebench/tasks/303992/build/Debug/incorrect_tests
/Users/ittehad/Documents/Coding/Python/Turing/Tester_cpp_codebench/tasks/303992/build/MinSizeRel/incorrect_tests
/Users/ittehad/Documents/Coding/Python/Turing/Tester_cpp_codebench/tasks/303992/build/MinSizeRel/incorrect_tests
/Users/ittehad/Documents/Coding/Python/Turing/Tester_cpp_codebench/tasks/303992/build/RelWithDebInfo/incorrect_tests
/Users/ittehad/Documents/Coding/Python/Turing/Tester_cpp_codebench/tasks/303992/build/RelWithDebInfo/incorrect_tests
/Users/ittehad/Documents/Coding/Python/Turing/Tester_cpp_codebench/tasks/303992/build/Deployment/incorrect_tests
/Users/ittehad/Documents/Coding/Python/Turing/Tester_cpp_codebench/tasks/303992/build/Deployment/incorrect_tests
/Users/ittehad/Documents/Coding/Python/Turing/Tester_cpp_codebench/tasks/303992/build/Development/incorrect_tests
/Users/ittehad/Documents/Coding/Python/Turing/Tester_cpp_codebench/tasks/303992/build/Development/incorrect_tests
Users/ittehad/Documents/Coding/Python/Turing/Tester_cpp_codebench/tasks/303992/build/incorrect_tests
Users/ittehad/Documents/Coding/Python/Turing/Tester_cpp_codebench/tasks/303992/build/incorrect_tests
Users/ittehad/Documents/Coding/Python/Turing/Tester_cpp_codebench/tasks/303992/build/Release/incorrect_tests
Users/ittehad/Documents/Coding/Python/Turing/Tester_cpp_codebench/tasks/303992/build/Release/incorrect_tests
Users/ittehad/Documents/Coding/Python/Turing/Tester_cpp_codebench/tasks/303992/build/Debug/incorrect_tests
Users/ittehad/Documents/Coding/Python/Turing/Tester_cpp_codebench/tasks/303992/build/Debug/incorrect_tests
Users/ittehad/Documents/Coding/Python/Turing/Tester_cpp_codebench/tasks/303992/build/MinSizeRel/incorrect_tests
Users/ittehad/Documents/Coding/Python/Turing/Tester_cpp_codebench/tasks/303992/build/MinSizeRel/incorrect_tests
Users/ittehad/Documents/Coding/Python/Turing/Tester_cpp_codebench/tasks/303992/build/RelWithDebInfo/incorrect_tests
Users/ittehad/Documents/Coding/Python/Turing/Tester_cpp_codebench/tasks/303992/build/RelWithDebInfo/incorrect_tests
Users/ittehad/Documents/Coding/Python/Turing/Tester_cpp_codebench/tasks/303992/build/Deployment/incorrect_tests
Users/ittehad/Documents/Coding/Python/Turing/Tester_cpp_codebench/tasks/303992/build/Deployment/incorrect_tests
Users/ittehad/Documents/Coding/Python/Turing/Tester_cpp_codebench/tasks/303992/build/Development/incorrect_tests
Users/ittehad/Documents/Coding/Python/Turing/Tester_cpp_codebench/tasks/303992/build/Development/incorrect_tests
Unable to find executable: /Users/ittehad/Documents/Coding/Python/Turing/Tester_cpp_codebench/tasks/303992/build/incorrect_tests
11/11 Test #11: incorrect_tests ..................***Not Run   0.00 sec

36% tests passed, 7 tests failed out of 11

Total Test time (real) =   0.06 sec

The following tests FAILED:
	  2 - B_tests (Failed)
	  4 - D_tests (Failed)
	  6 - F_tests (Failed)
	  7 - G_tests (Failed)
	  8 - H_tests (Failed)
	  9 - I_tests (Failed)
	 11 - incorrect_tests (Not Run)
Errors while running CTest
Output from these tests are in: /Users/ittehad/Documents/Coding/Python/Turing/Tester_cpp_codebench/tasks/303992/build/Testing/Temporary/LastTest.log
Use "--rerun-failed --output-on-failure" to re-run the failed cases verbosely.
