UpdateCTestConfiguration  from :/Users/ittehad/Documents/Coding/Python/Turing/Tester_cpp_codebench/tasks/473714/build/DartConfiguration.tcl
UpdateCTestConfiguration  from :/Users/ittehad/Documents/Coding/Python/Turing/Tester_cpp_codebench/tasks/473714/build/DartConfiguration.tcl
Test project /Users/ittehad/Documents/Coding/Python/Turing/Tester_cpp_codebench/tasks/473714/build
Constructing a list of tests
Done constructing a list of tests
Updating test list for fixtures
Added 0 tests to meet fixture requirements
Checking test dependency graph...
Checking test dependency graph end
test 1
      Start  1: incorrect_solution_tests

1: Test command: /Users/ittehad/Documents/Coding/Python/Turing/Tester_cpp_codebench/tasks/473714/build/incorrect_solution_tests
1: Working Directory: /Users/ittehad/Documents/Coding/Python/Turing/Tester_cpp_codebench/tasks/473714/build
1: Test timeout computed to be: 5
1: Running main() from /Users/ittehad/Documents/Coding/Python/Turing/Tester_cpp_codebench/tasks/473714/build/_deps/googletest-src/googletest/src/gtest_main.cc
1: [==========] Running 7 tests from 1 test suite.
1: [----------] Global test environment set-up.
1: [----------] 7 tests from MaxProductArrangementTest
1: [ RUN      ] MaxProductArrangementTest.BasicCase
1: /Users/ittehad/Documents/Coding/Python/Turing/Tester_cpp_codebench/tasks/473714/test.cpp:19: Failure
1: Expected equality of these values:
1:   result
1:     Which is: ({ 3, 4 }, { 1, 2 })
1:   expected
1:     Which is: ({ 3, 2 }, { 1, 4 })
1: 
1: [  FAILED  ] MaxProductArrangementTest.BasicCase (0 ms)
1: [ RUN      ] MaxProductArrangementTest.NoSwapsNeeded
1: /Users/ittehad/Documents/Coding/Python/Turing/Tester_cpp_codebench/tasks/473714/test.cpp:33: Failure
1: Expected equality of these values:
1:   result
1:     Which is: ({ 7, 8 }, { 5, 6 })
1:   expected
1:     Which is: ({ 7, 6 }, { 5, 8 })
1: 
1: [  FAILED  ] MaxProductArrangementTest.NoSwapsNeeded (0 ms)
1: [ RUN      ] MaxProductArrangementTest.AllSwapsNeeded
1: /Users/ittehad/Documents/Coding/Python/Turing/Tester_cpp_codebench/tasks/473714/test.cpp:47: Failure
1: Expected equality of these values:
1:   result
1:     Which is: ({ 9, 8 }, { 1, 2 })
1:   expected
1:     Which is: ({ 9, 2 }, { 1, 8 })
1: 
1: [  FAILED  ] MaxProductArrangementTest.AllSwapsNeeded (0 ms)
1: [ RUN      ] MaxProductArrangementTest.SingleElementVectors
1: [       OK ] MaxProductArrangementTest.SingleElementVectors (0 ms)
1: [ RUN      ] MaxProductArrangementTest.EdgeCaseEmptyVectors
1: [       OK ] MaxProductArrangementTest.EdgeCaseEmptyVectors (0 ms)
1: [ RUN      ] MaxProductArrangementTest.EdgeCaseSameDigitNumbers
1: [       OK ] MaxProductArrangementTest.EdgeCaseSameDigitNumbers (0 ms)
1: [ RUN      ] MaxProductArrangementTest.EdgeCaseMaxSize
1: /Users/ittehad/Documents/Coding/Python/Turing/Tester_cpp_codebench/tasks/473714/test.cpp:104: Failure
1: Expected equality of these values:
1:   result
1:     Which is: ({ 9, 8, 6, 7, 9, 2, 7, 6, 8, 9, 8, 6, 5, 7, 9, 7, 5, 6, 9, 8 }, { 1, 3, 5, 4, 2, 1, 4, 5, 3, 1, 1, 3, 4, 2, 1, 2, 4, 3, 8, 1 })
1:   expected
1:     Which is: ({ 9, 3, 5, 4, 2, 1, 4, 5, 3, 1, 1, 3, 4, 2, 1, 2, 4, 3, 8, 1 }, { 1, 8, 6, 7, 9, 2, 7, 6, 8, 9, 8, 6, 5, 7, 9, 7, 5, 6, 9, 8 })
1: 
1: [  FAILED  ] MaxProductArrangementTest.EdgeCaseMaxSize (0 ms)
1: [----------] 7 tests from MaxProductArrangementTest (0 ms total)
1: 
1: [----------] Global test environment tear-down
1: [==========] 7 tests from 1 test suite ran. (0 ms total)
1: [  PASSED  ] 3 tests.
1: [  FAILED  ] 4 tests, listed below:
1: [  FAILED  ] MaxProductArrangementTest.BasicCase
1: [  FAILED  ] MaxProductArrangementTest.NoSwapsNeeded
1: [  FAILED  ] MaxProductArrangementTest.AllSwapsNeeded
1: [  FAILED  ] MaxProductArrangementTest.EdgeCaseMaxSize
1: 
1:  4 FAILED TESTS
 1/11 Test  #1: incorrect_solution_tests .........***Failed    0.35 sec
test 2
      Start  2: model1_tests

2: Test command: /Users/ittehad/Documents/Coding/Python/Turing/Tester_cpp_codebench/tasks/473714/build/model1_tests
2: Working Directory: /Users/ittehad/Documents/Coding/Python/Turing/Tester_cpp_codebench/tasks/473714/build
2: Test timeout computed to be: 5
2: Running main() from /Users/ittehad/Documents/Coding/Python/Turing/Tester_cpp_codebench/tasks/473714/build/_deps/googletest-src/googletest/src/gtest_main.cc
2: [==========] Running 7 tests from 1 test suite.
2: [----------] Global test environment set-up.
2: [----------] 7 tests from MaxProductArrangementTest
2: [ RUN      ] MaxProductArrangementTest.BasicCase
2: /Users/ittehad/Documents/Coding/Python/Turing/Tester_cpp_codebench/tasks/473714/test.cpp:19: Failure
2: Expected equality of these values:
2:   result
2:     Which is: ({ 3, 4 }, { 1, 2 })
2:   expected
2:     Which is: ({ 3, 2 }, { 1, 4 })
2: 
2: [  FAILED  ] MaxProductArrangementTest.BasicCase (0 ms)
2: [ RUN      ] MaxProductArrangementTest.NoSwapsNeeded
2: /Users/ittehad/Documents/Coding/Python/Turing/Tester_cpp_codebench/tasks/473714/test.cpp:33: Failure
2: Expected equality of these values:
2:   result
2:     Which is: ({ 7, 8 }, { 5, 6 })
2:   expected
2:     Which is: ({ 7, 6 }, { 5, 8 })
2: 
2: [  FAILED  ] MaxProductArrangementTest.NoSwapsNeeded (0 ms)
2: [ RUN      ] MaxProductArrangementTest.AllSwapsNeeded
2: /Users/ittehad/Documents/Coding/Python/Turing/Tester_cpp_codebench/tasks/473714/test.cpp:47: Failure
2: Expected equality of these values:
2:   result
2:     Which is: ({ 9, 8 }, { 1, 2 })
2:   expected
2:     Which is: ({ 9, 2 }, { 1, 8 })
2: 
2: [  FAILED  ] MaxProductArrangementTest.AllSwapsNeeded (0 ms)
2: [ RUN      ] MaxProductArrangementTest.SingleElementVectors
2: [       OK ] MaxProductArrangementTest.SingleElementVectors (0 ms)
2: [ RUN      ] MaxProductArrangementTest.EdgeCaseEmptyVectors
2: [       OK ] MaxProductArrangementTest.EdgeCaseEmptyVectors (0 ms)
2: [ RUN      ] MaxProductArrangementTest.EdgeCaseSameDigitNumbers
2: [       OK ] MaxProductArrangementTest.EdgeCaseSameDigitNumbers (0 ms)
2: [ RUN      ] MaxProductArrangementTest.EdgeCaseMaxSize
2: /Users/ittehad/Documents/Coding/Python/Turing/Tester_cpp_codebench/tasks/473714/test.cpp:104: Failure
2: Expected equality of these values:
2:   result
2:     Which is: ({ 9, 8, 6, 7, 9, 2, 7, 6, 8, 9, 8, 6, 5, 7, 9, 7, 5, 6, 9, 8 }, { 1, 3, 5, 4, 2, 1, 4, 5, 3, 1, 1, 3, 4, 2, 1, 2, 4, 3, 8, 1 })
2:   expected
2:     Which is: ({ 9, 3, 5, 4, 2, 1, 4, 5, 3, 1, 1, 3, 4, 2, 1, 2, 4, 3, 8, 1 }, { 1, 8, 6, 7, 9, 2, 7, 6, 8, 9, 8, 6, 5, 7, 9, 7, 5, 6, 9, 8 })
2: 
2: [  FAILED  ] MaxProductArrangementTest.EdgeCaseMaxSize (0 ms)
2: [----------] 7 tests from MaxProductArrangementTest (0 ms total)
2: 
2: [----------] Global test environment tear-down
2: [==========] 7 tests from 1 test suite ran. (0 ms total)
2: [  PASSED  ] 3 tests.
2: [  FAILED  ] 4 tests, listed below:
2: [  FAILED  ] MaxProductArrangementTest.BasicCase
2: [  FAILED  ] MaxProductArrangementTest.NoSwapsNeeded
2: [  FAILED  ] MaxProductArrangementTest.AllSwapsNeeded
2: [  FAILED  ] MaxProductArrangementTest.EdgeCaseMaxSize
2: 
2:  4 FAILED TESTS
 2/11 Test  #2: model1_tests .....................***Failed    0.31 sec
test 3
      Start  3: model10_tests

3: Test command: /Users/ittehad/Documents/Coding/Python/Turing/Tester_cpp_codebench/tasks/473714/build/model10_tests
3: Working Directory: /Users/ittehad/Documents/Coding/Python/Turing/Tester_cpp_codebench/tasks/473714/build
3: Test timeout computed to be: 5
3: Running main() from /Users/ittehad/Documents/Coding/Python/Turing/Tester_cpp_codebench/tasks/473714/build/_deps/googletest-src/googletest/src/gtest_main.cc
3: [==========] Running 7 tests from 1 test suite.
3: [----------] Global test environment set-up.
3: [----------] 7 tests from MaxProductArrangementTest
3: [ RUN      ] MaxProductArrangementTest.BasicCase
3: /Users/ittehad/Documents/Coding/Python/Turing/Tester_cpp_codebench/tasks/473714/test.cpp:19: Failure
3: Expected equality of these values:
3:   result
3:     Which is: ({ 3, 4 }, { 1, 2 })
3:   expected
3:     Which is: ({ 3, 2 }, { 1, 4 })
3: 
3: [  FAILED  ] MaxProductArrangementTest.BasicCase (0 ms)
3: [ RUN      ] MaxProductArrangementTest.NoSwapsNeeded
3: /Users/ittehad/Documents/Coding/Python/Turing/Tester_cpp_codebench/tasks/473714/test.cpp:33: Failure
3: Expected equality of these values:
3:   result
3:     Which is: ({ 7, 8 }, { 5, 6 })
3:   expected
3:     Which is: ({ 7, 6 }, { 5, 8 })
3: 
3: [  FAILED  ] MaxProductArrangementTest.NoSwapsNeeded (0 ms)
3: [ RUN      ] MaxProductArrangementTest.AllSwapsNeeded
3: /Users/ittehad/Documents/Coding/Python/Turing/Tester_cpp_codebench/tasks/473714/test.cpp:47: Failure
3: Expected equality of these values:
3:   result
3:     Which is: ({ 9, 8 }, { 1, 2 })
3:   expected
3:     Which is: ({ 9, 2 }, { 1, 8 })
3: 
3: [  FAILED  ] MaxProductArrangementTest.AllSwapsNeeded (0 ms)
3: [ RUN      ] MaxProductArrangementTest.SingleElementVectors
3: [       OK ] MaxProductArrangementTest.SingleElementVectors (0 ms)
3: [ RUN      ] MaxProductArrangementTest.EdgeCaseEmptyVectors
3: [       OK ] MaxProductArrangementTest.EdgeCaseEmptyVectors (0 ms)
3: [ RUN      ] MaxProductArrangementTest.EdgeCaseSameDigitNumbers
3: [       OK ] MaxProductArrangementTest.EdgeCaseSameDigitNumbers (0 ms)
3: [ RUN      ] MaxProductArrangementTest.EdgeCaseMaxSize
3: /Users/ittehad/Documents/Coding/Python/Turing/Tester_cpp_codebench/tasks/473714/test.cpp:104: Failure
3: Expected equality of these values:
3:   result
3:     Which is: ({ 9, 8, 6, 7, 9, 2, 7, 6, 8, 9, 8, 6, 5, 7, 9, 7, 5, 6, 9, 8 }, { 1, 3, 5, 4, 2, 1, 4, 5, 3, 1, 1, 3, 4, 2, 1, 2, 4, 3, 8, 1 })
3:   expected
3:     Which is: ({ 9, 3, 5, 4, 2, 1, 4, 5, 3, 1, 1, 3, 4, 2, 1, 2, 4, 3, 8, 1 }, { 1, 8, 6, 7, 9, 2, 7, 6, 8, 9, 8, 6, 5, 7, 9, 7, 5, 6, 9, 8 })
3: 
3: [  FAILED  ] MaxProductArrangementTest.EdgeCaseMaxSize (0 ms)
3: [----------] 7 tests from MaxProductArrangementTest (0 ms total)
3: 
3: [----------] Global test environment tear-down
3: [==========] 7 tests from 1 test suite ran. (0 ms total)
3: [  PASSED  ] 3 tests.
3: [  FAILED  ] 4 tests, listed below:
3: [  FAILED  ] MaxProductArrangementTest.BasicCase
3: [  FAILED  ] MaxProductArrangementTest.NoSwapsNeeded
3: [  FAILED  ] MaxProductArrangementTest.AllSwapsNeeded
3: [  FAILED  ] MaxProductArrangementTest.EdgeCaseMaxSize
3: 
3:  4 FAILED TESTS
 3/11 Test  #3: model10_tests ....................***Failed    0.32 sec
test 4
      Start  4: model2_tests

4: Test command: /Users/ittehad/Documents/Coding/Python/Turing/Tester_cpp_codebench/tasks/473714/build/model2_tests
4: Working Directory: /Users/ittehad/Documents/Coding/Python/Turing/Tester_cpp_codebench/tasks/473714/build
4: Test timeout computed to be: 5
4: Running main() from /Users/ittehad/Documents/Coding/Python/Turing/Tester_cpp_codebench/tasks/473714/build/_deps/googletest-src/googletest/src/gtest_main.cc
4: [==========] Running 7 tests from 1 test suite.
4: [----------] Global test environment set-up.
4: [----------] 7 tests from MaxProductArrangementTest
4: [ RUN      ] MaxProductArrangementTest.BasicCase
4: [       OK ] MaxProductArrangementTest.BasicCase (0 ms)
4: [ RUN      ] MaxProductArrangementTest.NoSwapsNeeded
4: [       OK ] MaxProductArrangementTest.NoSwapsNeeded (0 ms)
4: [ RUN      ] MaxProductArrangementTest.AllSwapsNeeded
4: /Users/ittehad/Documents/Coding/Python/Turing/Tester_cpp_codebench/tasks/473714/test.cpp:47: Failure
4: Expected equality of these values:
4:   result
4:     Which is: ({ 1, 8 }, { 9, 2 })
4:   expected
4:     Which is: ({ 9, 2 }, { 1, 8 })
4: 
4: [  FAILED  ] MaxProductArrangementTest.AllSwapsNeeded (0 ms)
4: [ RUN      ] MaxProductArrangementTest.SingleElementVectors
4: /Users/ittehad/Documents/Coding/Python/Turing/Tester_cpp_codebench/tasks/473714/test.cpp:61: Failure
4: Expected equality of these values:
4:   result
4:     Which is: ({ 5 }, { 9 })
4:   expected
4:     Which is: ({ 9 }, { 5 })
4: 
4: [  FAILED  ] MaxProductArrangementTest.SingleElementVectors (0 ms)
4: [ RUN      ] MaxProductArrangementTest.EdgeCaseEmptyVectors
4: [       OK ] MaxProductArrangementTest.EdgeCaseEmptyVectors (0 ms)
4: [ RUN      ] MaxProductArrangementTest.EdgeCaseSameDigitNumbers
4: [       OK ] MaxProductArrangementTest.EdgeCaseSameDigitNumbers (0 ms)
4: [ RUN      ] MaxProductArrangementTest.EdgeCaseMaxSize
4: /Users/ittehad/Documents/Coding/Python/Turing/Tester_cpp_codebench/tasks/473714/test.cpp:104: Failure
4: Expected equality of these values:
4:   result
4:     Which is: ({ 9, 3, 5, 7, 9, 2, 4, 6, 8, 1, 1, 3, 5, 7, 9, 2, 4, 6, 8, 1 }, { 1, 8, 6, 4, 2, 1, 7, 5, 3, 9, 8, 6, 4, 2, 1, 7, 5, 3, 9, 8 })
4:   expected
4:     Which is: ({ 9, 3, 5, 4, 2, 1, 4, 5, 3, 1, 1, 3, 4, 2, 1, 2, 4, 3, 8, 1 }, { 1, 8, 6, 7, 9, 2, 7, 6, 8, 9, 8, 6, 5, 7, 9, 7, 5, 6, 9, 8 })
4: 
4: [  FAILED  ] MaxProductArrangementTest.EdgeCaseMaxSize (0 ms)
4: [----------] 7 tests from MaxProductArrangementTest (0 ms total)
4: 
4: [----------] Global test environment tear-down
4: [==========] 7 tests from 1 test suite ran. (0 ms total)
4: [  PASSED  ] 4 tests.
4: [  FAILED  ] 3 tests, listed below:
4: [  FAILED  ] MaxProductArrangementTest.AllSwapsNeeded
4: [  FAILED  ] MaxProductArrangementTest.SingleElementVectors
4: [  FAILED  ] MaxProductArrangementTest.EdgeCaseMaxSize
4: 
4:  3 FAILED TESTS
 4/11 Test  #4: model2_tests .....................***Failed    0.36 sec
test 5
      Start  5: model3_tests

5: Test command: /Users/ittehad/Documents/Coding/Python/Turing/Tester_cpp_codebench/tasks/473714/build/model3_tests
5: Working Directory: /Users/ittehad/Documents/Coding/Python/Turing/Tester_cpp_codebench/tasks/473714/build
5: Test timeout computed to be: 5
5: Running main() from /Users/ittehad/Documents/Coding/Python/Turing/Tester_cpp_codebench/tasks/473714/build/_deps/googletest-src/googletest/src/gtest_main.cc
5: [==========] Running 7 tests from 1 test suite.
5: [----------] Global test environment set-up.
5: [----------] 7 tests from MaxProductArrangementTest
5: [ RUN      ] MaxProductArrangementTest.BasicCase
5: /Users/ittehad/Documents/Coding/Python/Turing/Tester_cpp_codebench/tasks/473714/test.cpp:19: Failure
5: Expected equality of these values:
5:   result
5:     Which is: ({ 3, 4 }, { 1, 2 })
5:   expected
5:     Which is: ({ 3, 2 }, { 1, 4 })
5: 
5: [  FAILED  ] MaxProductArrangementTest.BasicCase (0 ms)
5: [ RUN      ] MaxProductArrangementTest.NoSwapsNeeded
5: /Users/ittehad/Documents/Coding/Python/Turing/Tester_cpp_codebench/tasks/473714/test.cpp:33: Failure
5: Expected equality of these values:
5:   result
5:     Which is: ({ 7, 8 }, { 5, 6 })
5:   expected
5:     Which is: ({ 7, 6 }, { 5, 8 })
5: 
5: [  FAILED  ] MaxProductArrangementTest.NoSwapsNeeded (0 ms)
5: [ RUN      ] MaxProductArrangementTest.AllSwapsNeeded
5: /Users/ittehad/Documents/Coding/Python/Turing/Tester_cpp_codebench/tasks/473714/test.cpp:47: Failure
5: Expected equality of these values:
5:   result
5:     Which is: ({ 9, 8 }, { 1, 2 })
5:   expected
5:     Which is: ({ 9, 2 }, { 1, 8 })
5: 
5: [  FAILED  ] MaxProductArrangementTest.AllSwapsNeeded (0 ms)
5: [ RUN      ] MaxProductArrangementTest.SingleElementVectors
5: [       OK ] MaxProductArrangementTest.SingleElementVectors (0 ms)
5: [ RUN      ] MaxProductArrangementTest.EdgeCaseEmptyVectors
5: [       OK ] MaxProductArrangementTest.EdgeCaseEmptyVectors (0 ms)
5: [ RUN      ] MaxProductArrangementTest.EdgeCaseSameDigitNumbers
5: [       OK ] MaxProductArrangementTest.EdgeCaseSameDigitNumbers (0 ms)
5: [ RUN      ] MaxProductArrangementTest.EdgeCaseMaxSize
5: /Users/ittehad/Documents/Coding/Python/Turing/Tester_cpp_codebench/tasks/473714/test.cpp:104: Failure
5: Expected equality of these values:
5:   result
5:     Which is: ({ 9, 8, 6, 7, 9, 2, 7, 6, 8, 9, 8, 6, 5, 7, 9, 7, 5, 6, 9, 8 }, { 1, 3, 5, 4, 2, 1, 4, 5, 3, 1, 1, 3, 4, 2, 1, 2, 4, 3, 8, 1 })
5:   expected
5:     Which is: ({ 9, 3, 5, 4, 2, 1, 4, 5, 3, 1, 1, 3, 4, 2, 1, 2, 4, 3, 8, 1 }, { 1, 8, 6, 7, 9, 2, 7, 6, 8, 9, 8, 6, 5, 7, 9, 7, 5, 6, 9, 8 })
5: 
5: [  FAILED  ] MaxProductArrangementTest.EdgeCaseMaxSize (0 ms)
5: [----------] 7 tests from MaxProductArrangementTest (0 ms total)
5: 
5: [----------] Global test environment tear-down
5: [==========] 7 tests from 1 test suite ran. (0 ms total)
5: [  PASSED  ] 3 tests.
5: [  FAILED  ] 4 tests, listed below:
5: [  FAILED  ] MaxProductArrangementTest.BasicCase
5: [  FAILED  ] MaxProductArrangementTest.NoSwapsNeeded
5: [  FAILED  ] MaxProductArrangementTest.AllSwapsNeeded
5: [  FAILED  ] MaxProductArrangementTest.EdgeCaseMaxSize
5: 
5:  4 FAILED TESTS
 5/11 Test  #5: model3_tests .....................***Failed    0.33 sec
test 6
      Start  6: model4_tests

6: Test command: /Users/ittehad/Documents/Coding/Python/Turing/Tester_cpp_codebench/tasks/473714/build/model4_tests
6: Working Directory: /Users/ittehad/Documents/Coding/Python/Turing/Tester_cpp_codebench/tasks/473714/build
6: Test timeout computed to be: 5
6: Running main() from /Users/ittehad/Documents/Coding/Python/Turing/Tester_cpp_codebench/tasks/473714/build/_deps/googletest-src/googletest/src/gtest_main.cc
6: [==========] Running 7 tests from 1 test suite.
6: [----------] Global test environment set-up.
6: [----------] 7 tests from MaxProductArrangementTest
6: [ RUN      ] MaxProductArrangementTest.BasicCase
6: [       OK ] MaxProductArrangementTest.BasicCase (0 ms)
6: [ RUN      ] MaxProductArrangementTest.NoSwapsNeeded
6: [       OK ] MaxProductArrangementTest.NoSwapsNeeded (0 ms)
6: [ RUN      ] MaxProductArrangementTest.AllSwapsNeeded
6: [       OK ] MaxProductArrangementTest.AllSwapsNeeded (0 ms)
6: [ RUN      ] MaxProductArrangementTest.SingleElementVectors
6: [       OK ] MaxProductArrangementTest.SingleElementVectors (0 ms)
6: [ RUN      ] MaxProductArrangementTest.EdgeCaseEmptyVectors
6: [       OK ] MaxProductArrangementTest.EdgeCaseEmptyVectors (0 ms)
6: [ RUN      ] MaxProductArrangementTest.EdgeCaseSameDigitNumbers
6: [       OK ] MaxProductArrangementTest.EdgeCaseSameDigitNumbers (0 ms)
6: [ RUN      ] MaxProductArrangementTest.EdgeCaseMaxSize
6: /Users/ittehad/Documents/Coding/Python/Turing/Tester_cpp_codebench/tasks/473714/test.cpp:104: Failure
6: Expected equality of these values:
6:   result
6:     Which is: ({ 9, 3, 5, 7, 9, 2, 4, 6, 8, 1, 1, 3, 5, 7, 9, 2, 4, 6, 8, 1 }, { 1, 8, 6, 4, 2, 1, 7, 5, 3, 9, 8, 6, 4, 2, 1, 7, 5, 3, 9, 8 })
6:   expected
6:     Which is: ({ 9, 3, 5, 4, 2, 1, 4, 5, 3, 1, 1, 3, 4, 2, 1, 2, 4, 3, 8, 1 }, { 1, 8, 6, 7, 9, 2, 7, 6, 8, 9, 8, 6, 5, 7, 9, 7, 5, 6, 9, 8 })
6: 
6: [  FAILED  ] MaxProductArrangementTest.EdgeCaseMaxSize (0 ms)
6: [----------] 7 tests from MaxProductArrangementTest (0 ms total)
6: 
6: [----------] Global test environment tear-down
6: [==========] 7 tests from 1 test suite ran. (0 ms total)
6: [  PASSED  ] 6 tests.
6: [  FAILED  ] 1 test, listed below:
6: [  FAILED  ] MaxProductArrangementTest.EdgeCaseMaxSize
6: 
6:  1 FAILED TEST
 6/11 Test  #6: model4_tests .....................***Failed    0.35 sec
test 7
      Start  7: model5_tests

7: Test command: /Users/ittehad/Documents/Coding/Python/Turing/Tester_cpp_codebench/tasks/473714/build/model5_tests
7: Working Directory: /Users/ittehad/Documents/Coding/Python/Turing/Tester_cpp_codebench/tasks/473714/build
7: Test timeout computed to be: 5
7: Running main() from /Users/ittehad/Documents/Coding/Python/Turing/Tester_cpp_codebench/tasks/473714/build/_deps/googletest-src/googletest/src/gtest_main.cc
7: [==========] Running 7 tests from 1 test suite.
7: [----------] Global test environment set-up.
7: [----------] 7 tests from MaxProductArrangementTest
7: [ RUN      ] MaxProductArrangementTest.BasicCase
7: [       OK ] MaxProductArrangementTest.BasicCase (0 ms)
7: [ RUN      ] MaxProductArrangementTest.NoSwapsNeeded
7: [       OK ] MaxProductArrangementTest.NoSwapsNeeded (0 ms)
7: [ RUN      ] MaxProductArrangementTest.AllSwapsNeeded
7: [       OK ] MaxProductArrangementTest.AllSwapsNeeded (0 ms)
7: [ RUN      ] MaxProductArrangementTest.SingleElementVectors
7: [       OK ] MaxProductArrangementTest.SingleElementVectors (0 ms)
7: [ RUN      ] MaxProductArrangementTest.EdgeCaseEmptyVectors
7: [       OK ] MaxProductArrangementTest.EdgeCaseEmptyVectors (0 ms)
7: [ RUN      ] MaxProductArrangementTest.EdgeCaseSameDigitNumbers
7: [       OK ] MaxProductArrangementTest.EdgeCaseSameDigitNumbers (0 ms)
7: [ RUN      ] MaxProductArrangementTest.EdgeCaseMaxSize
7: /Users/ittehad/Documents/Coding/Python/Turing/Tester_cpp_codebench/tasks/473714/test.cpp:104: Failure
7: Expected equality of these values:
7:   result
7:     Which is: ({ 9, 3, 5, 7, 9, 2, 4, 6, 8, 1, 1, 3, 5, 7, 9, 2, 4, 6, 8, 1 }, { 1, 8, 6, 4, 2, 1, 7, 5, 3, 9, 8, 6, 4, 2, 1, 7, 5, 3, 9, 8 })
7:   expected
7:     Which is: ({ 9, 3, 5, 4, 2, 1, 4, 5, 3, 1, 1, 3, 4, 2, 1, 2, 4, 3, 8, 1 }, { 1, 8, 6, 7, 9, 2, 7, 6, 8, 9, 8, 6, 5, 7, 9, 7, 5, 6, 9, 8 })
7: 
7: [  FAILED  ] MaxProductArrangementTest.EdgeCaseMaxSize (0 ms)
7: [----------] 7 tests from MaxProductArrangementTest (0 ms total)
7: 
7: [----------] Global test environment tear-down
7: [==========] 7 tests from 1 test suite ran. (0 ms total)
7: [  PASSED  ] 6 tests.
7: [  FAILED  ] 1 test, listed below:
7: [  FAILED  ] MaxProductArrangementTest.EdgeCaseMaxSize
7: 
7:  1 FAILED TEST
 7/11 Test  #7: model5_tests .....................***Failed    0.31 sec
test 8
      Start  8: model6_tests

8: Test command: /Users/ittehad/Documents/Coding/Python/Turing/Tester_cpp_codebench/tasks/473714/build/model6_tests
8: Working Directory: /Users/ittehad/Documents/Coding/Python/Turing/Tester_cpp_codebench/tasks/473714/build
8: Test timeout computed to be: 5
8: Running main() from /Users/ittehad/Documents/Coding/Python/Turing/Tester_cpp_codebench/tasks/473714/build/_deps/googletest-src/googletest/src/gtest_main.cc
8: [==========] Running 7 tests from 1 test suite.
8: [----------] Global test environment set-up.
8: [----------] 7 tests from MaxProductArrangementTest
8: [ RUN      ] MaxProductArrangementTest.BasicCase
8: /Users/ittehad/Documents/Coding/Python/Turing/Tester_cpp_codebench/tasks/473714/test.cpp:19: Failure
8: Expected equality of these values:
8:   result
8:     Which is: ({ 3, 4 }, { 1, 2 })
8:   expected
8:     Which is: ({ 3, 2 }, { 1, 4 })
8: 
8: [  FAILED  ] MaxProductArrangementTest.BasicCase (0 ms)
8: [ RUN      ] MaxProductArrangementTest.NoSwapsNeeded
8: /Users/ittehad/Documents/Coding/Python/Turing/Tester_cpp_codebench/tasks/473714/test.cpp:33: Failure
8: Expected equality of these values:
8:   result
8:     Which is: ({ 7, 8 }, { 5, 6 })
8:   expected
8:     Which is: ({ 7, 6 }, { 5, 8 })
8: 
8: [  FAILED  ] MaxProductArrangementTest.NoSwapsNeeded (0 ms)
8: [ RUN      ] MaxProductArrangementTest.AllSwapsNeeded
8: /Users/ittehad/Documents/Coding/Python/Turing/Tester_cpp_codebench/tasks/473714/test.cpp:47: Failure
8: Expected equality of these values:
8:   result
8:     Which is: ({ 9, 8 }, { 1, 2 })
8:   expected
8:     Which is: ({ 9, 2 }, { 1, 8 })
8: 
8: [  FAILED  ] MaxProductArrangementTest.AllSwapsNeeded (0 ms)
8: [ RUN      ] MaxProductArrangementTest.SingleElementVectors
8: [       OK ] MaxProductArrangementTest.SingleElementVectors (0 ms)
8: [ RUN      ] MaxProductArrangementTest.EdgeCaseEmptyVectors
8: [       OK ] MaxProductArrangementTest.EdgeCaseEmptyVectors (0 ms)
8: [ RUN      ] MaxProductArrangementTest.EdgeCaseSameDigitNumbers
8: [       OK ] MaxProductArrangementTest.EdgeCaseSameDigitNumbers (0 ms)
8: [ RUN      ] MaxProductArrangementTest.EdgeCaseMaxSize
8: /Users/ittehad/Documents/Coding/Python/Turing/Tester_cpp_codebench/tasks/473714/test.cpp:104: Failure
8: Expected equality of these values:
8:   result
8:     Which is: ({ 9, 8, 6, 7, 9, 2, 7, 6, 8, 9, 8, 6, 5, 7, 9, 7, 5, 6, 9, 8 }, { 1, 3, 5, 4, 2, 1, 4, 5, 3, 1, 1, 3, 4, 2, 1, 2, 4, 3, 8, 1 })
8:   expected
8:     Which is: ({ 9, 3, 5, 4, 2, 1, 4, 5, 3, 1, 1, 3, 4, 2, 1, 2, 4, 3, 8, 1 }, { 1, 8, 6, 7, 9, 2, 7, 6, 8, 9, 8, 6, 5, 7, 9, 7, 5, 6, 9, 8 })
8: 
8: [  FAILED  ] MaxProductArrangementTest.EdgeCaseMaxSize (0 ms)
8: [----------] 7 tests from MaxProductArrangementTest (0 ms total)
8: 
8: [----------] Global test environment tear-down
8: [==========] 7 tests from 1 test suite ran. (0 ms total)
8: [  PASSED  ] 3 tests.
8: [  FAILED  ] 4 tests, listed below:
8: [  FAILED  ] MaxProductArrangementTest.BasicCase
8: [  FAILED  ] MaxProductArrangementTest.NoSwapsNeeded
8: [  FAILED  ] MaxProductArrangementTest.AllSwapsNeeded
8: [  FAILED  ] MaxProductArrangementTest.EdgeCaseMaxSize
8: 
8:  4 FAILED TESTS
 8/11 Test  #8: model6_tests .....................***Failed    0.50 sec
test 9
      Start  9: model7_tests

9: Test command: /Users/ittehad/Documents/Coding/Python/Turing/Tester_cpp_codebench/tasks/473714/build/model7_tests
9: Working Directory: /Users/ittehad/Documents/Coding/Python/Turing/Tester_cpp_codebench/tasks/473714/build
9: Test timeout computed to be: 5
9: Running main() from /Users/ittehad/Documents/Coding/Python/Turing/Tester_cpp_codebench/tasks/473714/build/_deps/googletest-src/googletest/src/gtest_main.cc
9: [==========] Running 7 tests from 1 test suite.
9: [----------] Global test environment set-up.
9: [----------] 7 tests from MaxProductArrangementTest
9: [ RUN      ] MaxProductArrangementTest.BasicCase
9: /Users/ittehad/Documents/Coding/Python/Turing/Tester_cpp_codebench/tasks/473714/test.cpp:19: Failure
9: Expected equality of these values:
9:   result
9:     Which is: ({ 3 }, { 4 })
9:   expected
9:     Which is: ({ 3, 2 }, { 1, 4 })
9: 
9: [  FAILED  ] MaxProductArrangementTest.BasicCase (0 ms)
9: [ RUN      ] MaxProductArrangementTest.NoSwapsNeeded
9: /Users/ittehad/Documents/Coding/Python/Turing/Tester_cpp_codebench/tasks/473714/test.cpp:33: Failure
9: Expected equality of these values:
9:   result
9:     Which is: ({ 7 }, { 8 })
9:   expected
9:     Which is: ({ 7, 6 }, { 5, 8 })
9: 
9: [  FAILED  ] MaxProductArrangementTest.NoSwapsNeeded (0 ms)
9: [ RUN      ] MaxProductArrangementTest.AllSwapsNeeded
9: /Users/ittehad/Documents/Coding/Python/Turing/Tester_cpp_codebench/tasks/473714/test.cpp:47: Failure
9: Expected equality of these values:
9:   result
9:     Which is: ({}, { 9, 8 })
9:   expected
9:     Which is: ({ 9, 2 }, { 1, 8 })
9: 
9: [  FAILED  ] MaxProductArrangementTest.AllSwapsNeeded (0 ms)
9: [ RUN      ] MaxProductArrangementTest.SingleElementVectors
9: /Users/ittehad/Documents/Coding/Python/Turing/Tester_cpp_codebench/tasks/473714/test.cpp:61: Failure
9: Expected equality of these values:
9:   result
9:     Which is: ({}, { 9 })
9:   expected
9:     Which is: ({ 9 }, { 5 })
9: 
9: [  FAILED  ] MaxProductArrangementTest.SingleElementVectors (0 ms)
9: [ RUN      ] MaxProductArrangementTest.EdgeCaseEmptyVectors
9: [       OK ] MaxProductArrangementTest.EdgeCaseEmptyVectors (0 ms)
9: [ RUN      ] MaxProductArrangementTest.EdgeCaseSameDigitNumbers
9: /Users/ittehad/Documents/Coding/Python/Turing/Tester_cpp_codebench/tasks/473714/test.cpp:89: Failure
9: Expected equality of these values:
9:   result
9:     Which is: ({}, { 1, 1, 1, 1 })
9:   expected
9:     Which is: ({ 1, 1, 1, 1 }, { 1, 1, 1, 1 })
9: 
9: [  FAILED  ] MaxProductArrangementTest.EdgeCaseSameDigitNumbers (0 ms)
9: [ RUN      ] MaxProductArrangementTest.EdgeCaseMaxSize
9: /Users/ittehad/Documents/Coding/Python/Turing/Tester_cpp_codebench/tasks/473714/test.cpp:104: Failure
9: Expected equality of these values:
9:   result
9:     Which is: ({ 9, 6, 7, 9, 2, 9, 6, 2, 9, 5, 9 }, { 8, 7, 6, 8, 8, 4, 7, 3, 8 })
9:   expected
9:     Which is: ({ 9, 3, 5, 4, 2, 1, 4, 5, 3, 1, 1, 3, 4, 2, 1, 2, 4, 3, 8, 1 }, { 1, 8, 6, 7, 9, 2, 7, 6, 8, 9, 8, 6, 5, 7, 9, 7, 5, 6, 9, 8 })
9: 
9: [  FAILED  ] MaxProductArrangementTest.EdgeCaseMaxSize (0 ms)
9: [----------] 7 tests from MaxProductArrangementTest (0 ms total)
9: 
9: [----------] Global test environment tear-down
9: [==========] 7 tests from 1 test suite ran. (0 ms total)
9: [  PASSED  ] 1 test.
9: [  FAILED  ] 6 tests, listed below:
9: [  FAILED  ] MaxProductArrangementTest.BasicCase
9: [  FAILED  ] MaxProductArrangementTest.NoSwapsNeeded
9: [  FAILED  ] MaxProductArrangementTest.AllSwapsNeeded
9: [  FAILED  ] MaxProductArrangementTest.SingleElementVectors
9: [  FAILED  ] MaxProductArrangementTest.EdgeCaseSameDigitNumbers
9: [  FAILED  ] MaxProductArrangementTest.EdgeCaseMaxSize
9: 
9:  6 FAILED TESTS
 9/11 Test  #9: model7_tests .....................***Failed    0.34 sec
test 10
      Start 10: model8_tests

10: Test command: /Users/ittehad/Documents/Coding/Python/Turing/Tester_cpp_codebench/tasks/473714/build/model8_tests
10: Working Directory: /Users/ittehad/Documents/Coding/Python/Turing/Tester_cpp_codebench/tasks/473714/build
10: Test timeout computed to be: 5
10: Running main() from /Users/ittehad/Documents/Coding/Python/Turing/Tester_cpp_codebench/tasks/473714/build/_deps/googletest-src/googletest/src/gtest_main.cc
10: [==========] Running 7 tests from 1 test suite.
10: [----------] Global test environment set-up.
10: [----------] 7 tests from MaxProductArrangementTest
10: [ RUN      ] MaxProductArrangementTest.BasicCase
10: /Users/ittehad/Documents/Coding/Python/Turing/Tester_cpp_codebench/tasks/473714/test.cpp:19: Failure
10: Expected equality of these values:
10:   result
10:     Which is: ({ 3, 4 }, { 1, 2 })
10:   expected
10:     Which is: ({ 3, 2 }, { 1, 4 })
10: 
10: [  FAILED  ] MaxProductArrangementTest.BasicCase (0 ms)
10: [ RUN      ] MaxProductArrangementTest.NoSwapsNeeded
10: /Users/ittehad/Documents/Coding/Python/Turing/Tester_cpp_codebench/tasks/473714/test.cpp:33: Failure
10: Expected equality of these values:
10:   result
10:     Which is: ({ 7, 8 }, { 5, 6 })
10:   expected
10:     Which is: ({ 7, 6 }, { 5, 8 })
10: 
10: [  FAILED  ] MaxProductArrangementTest.NoSwapsNeeded (0 ms)
10: [ RUN      ] MaxProductArrangementTest.AllSwapsNeeded
10: /Users/ittehad/Documents/Coding/Python/Turing/Tester_cpp_codebench/tasks/473714/test.cpp:47: Failure
10: Expected equality of these values:
10:   result
10:     Which is: ({ 9, 8 }, { 1, 2 })
10:   expected
10:     Which is: ({ 9, 2 }, { 1, 8 })
10: 
10: [  FAILED  ] MaxProductArrangementTest.AllSwapsNeeded (0 ms)
10: [ RUN      ] MaxProductArrangementTest.SingleElementVectors
10: [       OK ] MaxProductArrangementTest.SingleElementVectors (0 ms)
10: [ RUN      ] MaxProductArrangementTest.EdgeCaseEmptyVectors
10: [       OK ] MaxProductArrangementTest.EdgeCaseEmptyVectors (0 ms)
10: [ RUN      ] MaxProductArrangementTest.EdgeCaseSameDigitNumbers
10: [       OK ] MaxProductArrangementTest.EdgeCaseSameDigitNumbers (0 ms)
10: [ RUN      ] MaxProductArrangementTest.EdgeCaseMaxSize
10: /Users/ittehad/Documents/Coding/Python/Turing/Tester_cpp_codebench/tasks/473714/test.cpp:104: Failure
10: Expected equality of these values:
10:   result
10:     Which is: ({ 9, 8, 6, 7, 9, 2, 7, 6, 8, 9, 8, 6, 5, 7, 9, 7, 5, 6, 9, 8 }, { 1, 3, 5, 4, 2, 1, 4, 5, 3, 1, 1, 3, 4, 2, 1, 2, 4, 3, 8, 1 })
10:   expected
10:     Which is: ({ 9, 3, 5, 4, 2, 1, 4, 5, 3, 1, 1, 3, 4, 2, 1, 2, 4, 3, 8, 1 }, { 1, 8, 6, 7, 9, 2, 7, 6, 8, 9, 8, 6, 5, 7, 9, 7, 5, 6, 9, 8 })
10: 
10: [  FAILED  ] MaxProductArrangementTest.EdgeCaseMaxSize (0 ms)
10: [----------] 7 tests from MaxProductArrangementTest (0 ms total)
10: 
10: [----------] Global test environment tear-down
10: [==========] 7 tests from 1 test suite ran. (0 ms total)
10: [  PASSED  ] 3 tests.
10: [  FAILED  ] 4 tests, listed below:
10: [  FAILED  ] MaxProductArrangementTest.BasicCase
10: [  FAILED  ] MaxProductArrangementTest.NoSwapsNeeded
10: [  FAILED  ] MaxProductArrangementTest.AllSwapsNeeded
10: [  FAILED  ] MaxProductArrangementTest.EdgeCaseMaxSize
10: 
10:  4 FAILED TESTS
10/11 Test #10: model8_tests .....................***Failed    1.62 sec
test 11
      Start 11: model9_tests

11: Test command: /Users/ittehad/Documents/Coding/Python/Turing/Tester_cpp_codebench/tasks/473714/build/model9_tests
11: Working Directory: /Users/ittehad/Documents/Coding/Python/Turing/Tester_cpp_codebench/tasks/473714/build
11: Test timeout computed to be: 5
11: Running main() from /Users/ittehad/Documents/Coding/Python/Turing/Tester_cpp_codebench/tasks/473714/build/_deps/googletest-src/googletest/src/gtest_main.cc
11: [==========] Running 7 tests from 1 test suite.
11: [----------] Global test environment set-up.
11: [----------] 7 tests from MaxProductArrangementTest
11: [ RUN      ] MaxProductArrangementTest.BasicCase
11: /Users/ittehad/Documents/Coding/Python/Turing/Tester_cpp_codebench/tasks/473714/test.cpp:19: Failure
11: Expected equality of these values:
11:   result
11:     Which is: ({ 3, 0 }, { 1, 0 })
11:   expected
11:     Which is: ({ 3, 2 }, { 1, 4 })
11: 
11: [  FAILED  ] MaxProductArrangementTest.BasicCase (0 ms)
11: [ RUN      ] MaxProductArrangementTest.NoSwapsNeeded
11: /Users/ittehErrors while running CTest
Output from these tests are in: /Users/ittehad/Documents/Coding/Python/Turing/Tester_cpp_codebench/tasks/473714/build/Testing/Temporary/LastTest.log
Use "--rerun-failed --output-on-failure" to re-run the failed cases verbosely.
ad/Documents/Coding/Python/Turing/Tester_cpp_codebench/tasks/473714/test.cpp:33: Failure
11: Expected equality of these values:
11:   result
11:     Which is: ({ 7, 0 }, { 5, 0 })
11:   expected
11:     Which is: ({ 7, 6 }, { 5, 8 })
11: 
11: [  FAILED  ] MaxProductArrangementTest.NoSwapsNeeded (0 ms)
11: [ RUN      ] MaxProductArrangementTest.AllSwapsNeeded
11: /Users/ittehad/Documents/Coding/Python/Turing/Tester_cpp_codebench/tasks/473714/test.cpp:47: Failure
11: Expected equality of these values:
11:   result
11:     Which is: ({ 8, 0 }, { 2, 0 })
11:   expected
11:     Which is: ({ 9, 2 }, { 1, 8 })
11: 
11: [  FAILED  ] MaxProductArrangementTest.AllSwapsNeeded (0 ms)
11: [ RUN      ] MaxProductArrangementTest.SingleElementVectors
11: [       OK ] MaxProductArrangementTest.SingleElementVectors (0 ms)
11: [ RUN      ] MaxProductArrangementTest.EdgeCaseEmptyVectors
11: [       OK ] MaxProductArrangementTest.EdgeCaseEmptyVectors (0 ms)
11: [ RUN      ] MaxProductArrangementTest.EdgeCaseSameDigitNumbers
11: /Users/ittehad/Documents/Coding/Python/Turing/Tester_cpp_codebench/tasks/473714/test.cpp:89: Failure
11: Expected equality of these values:
11:   result
11:     Which is: ({ 1, 1, 0, 0 }, { 1, 1, 0, 0 })
11:   expected
11:     Which is: ({ 1, 1, 1, 1 }, { 1, 1, 1, 1 })
11: 
11: [  FAILED  ] MaxProductArrangementTest.EdgeCaseSameDigitNumbers (0 ms)
11: [ RUN      ] MaxProductArrangementTest.EdgeCaseMaxSize
11: /Users/ittehad/Documents/Coding/Python/Turing/Tester_cpp_codebench/tasks/473714/test.cpp:104: Failure
11: Expected equality of these values:
11:   result
11:     Which is: ({ 9, 9, 8, 8, 7, 7, 6, 6, 5, 2, 0, 0, 0, 0, 0, 0, 0, 0, 0, 0 }, { 2, 1, 3, 1, 4, 2, 5, 3, 4, 1, 0, 0, 0, 0, 0, 0, 0, 0, 0, 0 })
11:   expected
11:     Which is: ({ 9, 3, 5, 4, 2, 1, 4, 5, 3, 1, 1, 3, 4, 2, 1, 2, 4, 3, 8, 1 }, { 1, 8, 6, 7, 9, 2, 7, 6, 8, 9, 8, 6, 5, 7, 9, 7, 5, 6, 9, 8 })
11: 
11: [  FAILED  ] MaxProductArrangementTest.EdgeCaseMaxSize (0 ms)
11: [----------] 7 tests from MaxProductArrangementTest (0 ms total)
11: 
11: [----------] Global test environment tear-down
11: [==========] 7 tests from 1 test suite ran. (0 ms total)
11: [  PASSED  ] 2 tests.
11: [  FAILED  ] 5 tests, listed below:
11: [  FAILED  ] MaxProductArrangementTest.BasicCase
11: [  FAILED  ] MaxProductArrangementTest.NoSwapsNeeded
11: [  FAILED  ] MaxProductArrangementTest.AllSwapsNeeded
11: [  FAILED  ] MaxProductArrangementTest.EdgeCaseSameDigitNumbers
11: [  FAILED  ] MaxProductArrangementTest.EdgeCaseMaxSize
11: 
11:  5 FAILED TESTS
11/11 Test #11: model9_tests .....................***Failed    0.35 sec

0% tests passed, 11 tests failed out of 11

Total Test time (real) =   5.16 sec

The following tests FAILED:
	  1 - incorrect_solution_tests (Failed)
	  2 - model1_tests (Failed)
	  3 - model10_tests (Failed)
	  4 - model2_tests (Failed)
	  5 - model3_tests (Failed)
	  6 - model4_tests (Failed)
	  7 - model5_tests (Failed)
	  8 - model6_tests (Failed)
	  9 - model7_tests (Failed)
	 10 - model8_tests (Failed)
	 11 - model9_tests (Failed)
Test project /Users/ittehad/Documents/Coding/Python/Turing/Tester_cpp_codebench/tasks/473714/build
      Start  1: incorrect_solution_tests
 1/11 Test  #1: incorrect_solution_tests .........***Failed    0.01 sec
      Start  2: model1_tests
 2/11 Test  #2: model1_tests .....................***Failed    0.01 sec
      Start  3: model10_tests
 3/11 Test  #3: model10_tests ....................***Failed    0.01 sec
      Start  4: model2_tests
 4/11 Test  #4: model2_tests .....................***Failed    0.01 sec
      Start  5: model3_tests
 5/11 Test  #5: model3_tests .....................***Failed    0.00 sec
      Start  6: model4_tests
 6/11 Test  #6: model4_tests .....................***Failed    0.00 sec
      Start  7: model5_tests
 7/11 Test  #7: model5_tests .....................***Failed    0.00 sec
      Start  8: model6_tests
 8/11 Test  #8: model6_tests .....................***Failed    0.00 sec
      Start  9: model7_tests
 9/11 Test  #9: model7_tests .....................***Failed    0.00 sec
      Start 10: model8_tests
10/11 Test #10: model8_tests .....................***Failed    0.00 sec
      Start 11: model9_tests
11/11 Test #11: model9_tests .....................***Failed    0.00 sec

0% tests passed, 11 tests failed out of 11

Total Test time (real) =   0.06 sec

The following tests FAILED:
	  1 - incorrect_solution_tests (Failed)
	  2 - model1_tests (Failed)
	  3 - model10_tests (Failed)
	  4 - model2_tests (Failed)
	  5 - model3_tests (Failed)
	  6 - model4_tests (Failed)
	  7 - model5_tests (Failed)
	  8 - model6_tests (Failed)
	  9 - model7_tests (Failed)
	 10 - model8_tests (Failed)
	 11 - model9_tests (Failed)
Errors while running CTest
Output from these tests are in: /Users/ittehad/Documents/Coding/Python/Turing/Tester_cpp_codebench/tasks/473714/build/Testing/Temporary/LastTest.log
Use "--rerun-failed --output-on-failure" to re-run the failed cases verbosely.
