UpdateCTestConfiguration  from :/Users/ittehad/Documents/Coding/Python/Turing/Tester_cpp_codebench/tasks/473677/build/DartConfiguration.tcl
UpdateCTestConfiguration  from :/Users/ittehad/Documents/Coding/Python/Turing/Tester_cpp_codebench/tasks/473677/build/DartConfiguration.tcl
Test project /Users/ittehad/Documents/Coding/Python/Turing/Tester_cpp_codebench/tasks/473677/build
Constructing a list of tests
Done constructing a list of tests
Updating test list for fixtures
Added 0 tests to meet fixture requirements
Checking test dependency graph...
Checking test dependency graph end
test 1
      Start  1: incorrect_solution_tests

1: Test command: /Users/ittehad/Documents/Coding/Python/Turing/Tester_cpp_codebench/tasks/473677/build/incorrect_solution_tests
1: Working Directory: /Users/ittehad/Documents/Coding/Python/Turing/Tester_cpp_codebench/tasks/473677/build
1: Test timeout computed to be: 5
1: [==========] Running 10 tests from 1 test suite.
1: [----------] Global test environment set-up.
1: [----------] 10 tests from CalculateMaxChannelQualityTest
1: [ RUN      ] CalculateMaxChannelQualityTest.BasicTests
1: /Users/ittehad/Documents/Coding/Python/Turing/Tester_cpp_codebench/tasks/473677/test.cpp:10: Failure
1: Expected equality of these values:
1:   calculateMaxChannelQuality(packetSizes_1, numChannels_1)
1:     Which is: 6
1:   8
1: 
1: /Users/ittehad/Documents/Coding/Python/Turing/Tester_cpp_codebench/tasks/473677/test.cpp:14: Failure
1: Expected equality of these values:
1:   calculateMaxChannelQuality(packetSizes_2, numChannels_2)
1:     Which is: 5
1:   7
1: 
1: [  FAILED  ] CalculateMaxChannelQualityTest.BasicTests (0 ms)
1: [ RUN      ] CalculateMaxChannelQualityTest.SingleChannel
1: [       OK ] CalculateMaxChannelQualityTest.SingleChannel (0 ms)
1: [ RUN      ] CalculateMaxChannelQualityTest.EqualPacketAndChannels
1: [       OK ] CalculateMaxChannelQualityTest.EqualPacketAndChannels (0 ms)
1: [ RUN      ] CalculateMaxChannelQualityTest.FewPacketsAndManyChannels
1: [       OK ] CalculateMaxChannelQualityTest.FewPacketsAndManyChannels (0 ms)
1: [ RUN      ] CalculateMaxChannelQualityTest.LargePacketSizes
1: /Users/ittehad/Documents/Coding/Python/Turing/Tester_cpp_codebench/tasks/473677/test.cpp:42: Failure
1: Expected equality of these values:
1:   calculateMaxChannelQuality(packetSizes, numChannels)
1:     Which is: 9000000
1:   11000000
1: 
1: [  FAILED  ] CalculateMaxChannelQualityTest.LargePacketSizes (0 ms)
1: [ RUN      ] CalculateMaxChannelQualityTest.OnePacketOneChannel
1: [       OK ] CalculateMaxChannelQualityTest.OnePacketOneChannel (0 ms)
1: [ RUN      ] CalculateMaxChannelQualityTest.OnePacketManyChannels
1: [       OK ] CalculateMaxChannelQualityTest.OnePacketManyChannels (0 ms)
1: [ RUN      ] CalculateMaxChannelQualityTest.ZeroChannels
1: [       OK ] CalculateMaxChannelQualityTest.ZeroChannels (0 ms)
1: [ RUN      ] CalculateMaxChannelQualityTest.EmptyPacketSizes
1: [       OK ] CalculateMaxChannelQualityTest.EmptyPacketSizes (0 ms)
1: [ RUN      ] CalculateMaxChannelQualityTest.PacketsLessThanChannels
1: [       OK ] CalculateMaxChannelQualityTest.PacketsLessThanChannels (0 ms)
1: [----------] 10 tests from CalculateMaxChannelQualityTest (0 ms total)
1: 
1: [----------] Global test environment tear-down
1: [==========] 10 tests from 1 test suite ran. (0 ms total)
1: [  PASSED  ] 8 tests.
1: [  FAILED  ] 2 tests, listed below:
1: [  FAILED  ] CalculateMaxChannelQualityTest.BasicTests
1: [  FAILED  ] CalculateMaxChannelQualityTest.LargePacketSizes
1: 
1:  2 FAILED TESTS
 1/11 Test  #1: incorrect_solution_tests .........***Failed    0.36 sec
test 2
      Start  2: model1_tests

2: Test command: /Users/ittehad/Documents/Coding/Python/Turing/Tester_cpp_codebench/tasks/473677/build/model1_tests
2: Working Directory: /Users/ittehad/Documents/Coding/Python/Turing/Tester_cpp_codebench/tasks/473677/build
2: Test timeout computed to be: 5
2: [==========] Running 10 tests from 1 test suite.
2: [----------] Global test environment set-up.
2: [----------] 10 tests from CalculateMaxChannelQualityTest
2: [ RUN      ] CalculateMaxChannelQualityTest.BasicTests
2: /Users/ittehad/Documents/Coding/Python/Turing/Tester_cpp_codebench/tasks/473677/test.cpp:10: Failure
2: Expected equality of these values:
2:   calculateMaxChannelQuality(packetSizes_1, numChannels_1)
2:     Which is: 6
2:   8
2: 
2: /Users/ittehad/Documents/Coding/Python/Turing/Tester_cpp_codebench/tasks/473677/test.cpp:14: Failure
2: Expected equality of these values:
2:   calculateMaxChannelQuality(packetSizes_2, numChannels_2)
2:     Which is: 5
2:   7
2: 
2: [  FAILED  ] CalculateMaxChannelQualityTest.BasicTests (0 ms)
2: [ RUN      ] CalculateMaxChannelQualityTest.SingleChannel
2: [       OK ] CalculateMaxChannelQualityTest.SingleChannel (0 ms)
2: [ RUN      ] CalculateMaxChannelQualityTest.EqualPacketAndChannels
2: [       OK ] CalculateMaxChannelQualityTest.EqualPacketAndChannels (0 ms)
2: [ RUN      ] CalculateMaxChannelQualityTest.FewPacketsAndManyChannels
2: [       OK ] CalculateMaxChannelQualityTest.FewPacketsAndManyChannels (0 ms)
2: [ RUN      ] CalculateMaxChannelQualityTest.LargePacketSizes
2: /Users/ittehad/Documents/Coding/Python/Turing/Tester_cpp_codebench/tasks/473677/test.cpp:42: Failure
2: Expected equality of these values:
2:   calculateMaxChannelQuality(packetSizes, numChannels)
2:     Which is: 9000000
2:   11000000
2: 
2: [  FAILED  ] CalculateMaxChannelQualityTest.LargePacketSizes (0 ms)
2: [ RUN      ] CalculateMaxChannelQualityTest.OnePacketOneChannel
2: [       OK ] CalculateMaxChannelQualityTest.OnePacketOneChannel (0 ms)
2: [ RUN      ] CalculateMaxChannelQualityTest.OnePacketManyChannels
2: [       OK ] CalculateMaxChannelQualityTest.OnePacketManyChannels (0 ms)
2: [ RUN      ] CalculateMaxChannelQualityTest.ZeroChannels
2: [       OK ] CalculateMaxChannelQualityTest.ZeroChannels (0 ms)
2: [ RUN      ] CalculateMaxChannelQualityTest.EmptyPacketSizes
2: [       OK ] CalculateMaxChannelQualityTest.EmptyPacketSizes (0 ms)
2: [ RUN      ] CalculateMaxChannelQualityTest.PacketsLessThanChannels
2: [       OK ] CalculateMaxChannelQualityTest.PacketsLessThanChannels (0 ms)
2: [----------] 10 tests from CalculateMaxChannelQualityTest (0 ms total)
2: 
2: [----------] Global test environment tear-down
2: [==========] 10 tests from 1 test suite ran. (0 ms total)
2: [  PASSED  ] 8 tests.
2: [  FAILED  ] 2 tests, listed below:
2: [  FAILED  ] CalculateMaxChannelQualityTest.BasicTests
2: [  FAILED  ] CalculateMaxChannelQualityTest.LargePacketSizes
2: 
2:  2 FAILED TESTS
 2/11 Test  #2: model1_tests .....................***Failed    0.40 sec
test 3
      Start  3: model10_tests
Could not find executable /Users/ittehad/Documents/Coding/Python/Turing/Tester_cpp_codebench/tasks/473677/build/model10_tests
Looked in the following places:
Users/ittehad/Documents/Coding/Python/Turing/Tester_cpp_codebench/tasks/473677/build/model10_tests
Users/ittehad/Documents/Coding/Python/Turing/Tester_cpp_codebench/tasks/473677/build/model10_tests
Users/ittehad/Documents/Coding/Python/Turing/Tester_cpp_codebench/tasks/473677/build/Release/model10_tests
Users/ittehad/Documents/Coding/Python/Turing/Tester_cpp_codebench/tasks/473677/build/Release/model10_tests
Users/ittehad/Documents/Coding/Python/Turing/Tester_cpp_codebench/tasks/473677/build/Debug/model10_tests
Users/ittehad/Documents/Coding/Python/Turing/Tester_cpp_codebench/tasks/473677/build/Debug/model10_tests
Users/ittehad/Documents/Coding/Python/Turing/Tester_cpp_codebench/tasks/473677/build/MinSizeRel/model10_tests
Users/ittehad/Documents/Coding/Python/Turing/Tester_cpp_codebench/tasks/473677/build/MinSizeRel/model10_tests
Users/ittehad/Documents/Coding/Python/Turing/Tester_cpp_codebench/tasks/473677/build/RelWithDebInfo/model10_tests
Users/ittehad/Documents/Coding/Python/Turing/Tester_cpp_codebench/tasks/473677/build/RelWithDebInfo/model10_tests
Users/ittehad/Documents/Coding/Python/Turing/Tester_cpp_codebench/tasks/473677/build/Deployment/model10_tests
Users/ittehad/Documents/Coding/Python/Turing/Tester_cpp_codebench/tasks/473677/build/Deployment/model10_tests
Users/ittehad/Documents/Coding/Python/Turing/Tester_cppUnable to find executable: /Users/ittehad/Documents/Coding/Python/Turing/Tester_cpp_codebench/tasks/473677/build/model10_tests
_codebench/tasks/473677/build/Development/model10_tests
Users/ittehad/Documents/Coding/Python/Turing/Tester_cpp_codebench/tasks/473677/build/Development/model10_tests

3: Test command: 
3: Working Directory: /Users/ittehad/Documents/Coding/Python/Turing/Tester_cpp_codebench/tasks/473677/build
 3/11 Test  #3: model10_tests ....................***Not Run   0.00 sec
test 4
      Start  4: model2_tests

4: Test command: /Users/ittehad/Documents/Coding/Python/Turing/Tester_cpp_codebench/tasks/473677/build/model2_tests
4: Working Directory: /Users/ittehad/Documents/Coding/Python/Turing/Tester_cpp_codebench/tasks/473677/build
4: Test timeout computed to be: 5
4: [==========] Running 10 tests from 1 test suite.
4: [----------] Global test environment set-up.
4: [----------] 10 tests from CalculateMaxChannelQualityTest
4: [ RUN      ] CalculateMaxChannelQualityTest.BasicTests
4: /Users/ittehad/Documents/Coding/Python/Turing/Tester_cpp_codebench/tasks/473677/test.cpp:10: Failure
4: Expected equality of these values:
4:   calculateMaxChannelQuality(packetSizes_1, numChannels_1)
4:     Which is: 6
4:   8
4: 
4: /Users/ittehad/Documents/Coding/Python/Turing/Tester_cpp_codebench/tasks/473677/test.cpp:14: Failure
4: Expected equality of these values:
4:   calculateMaxChannelQuality(packetSizes_2, numChannels_2)
4:     Which is: 5
4:   7
4: 
4: [  FAILED  ] CalculateMaxChannelQualityTest.BasicTests (0 ms)
4: [ RUN      ] CalculateMaxChannelQualityTest.SingleChannel
4: [       OK ] CalculateMaxChannelQualityTest.SingleChannel (0 ms)
4: [ RUN      ] CalculateMaxChannelQualityTest.EqualPacketAndChannels
4: [       OK ] CalculateMaxChannelQualityTest.EqualPacketAndChannels (0 ms)
4: [ RUN      ] CalculateMaxChannelQualityTest.FewPacketsAndManyChannels
4: [       OK ] CalculateMaxChannelQualityTest.FewPacketsAndManyChannels (0 ms)
4: [ RUN      ] CalculateMaxChannelQualityTest.LargePacketSizes
4: /Users/ittehad/Documents/Coding/Python/Turing/Tester_cpp_codebench/tasks/473677/test.cpp:42: Failure
4: Expected equality of these values:
4:   calculateMaxChannelQuality(packetSizes, numChannels)
4:     Which is: 9000000
4:   11000000
4: 
4: [  FAILED  ] CalculateMaxChannelQualityTest.LargePacketSizes (0 ms)
4: [ RUN      ] CalculateMaxChannelQualityTest.OnePacketOneChannel
4: [       OK ] CalculateMaxChannelQualityTest.OnePacketOneChannel (0 ms)
4: [ RUN      ] CalculateMaxChannelQualityTest.OnePacketManyChannels
4: [       OK ] CalculateMaxChannelQualityTest.OnePacketManyChannels (0 ms)
4: [ RUN      ] CalculateMaxChannelQualityTest.ZeroChannels
4: [       OK ] CalculateMaxChannelQualityTest.ZeroChannels (0 ms)
4: [ RUN      ] CalculateMaxChannelQualityTest.EmptyPacketSizes
4: [       OK ] CalculateMaxChannelQualityTest.EmptyPacketSizes (0 ms)
4: [ RUN      ] CalculateMaxChannelQualityTest.PacketsLessThanChannels
4: [       OK ] CalculateMaxChannelQualityTest.PacketsLessThanChannels (0 ms)
4: [----------] 10 tests from CalculateMaxChannelQualityTest (0 ms total)
4: 
4: [----------] Global test environment tear-down
4: [==========] 10 tests from 1 test suite ran. (0 ms total)
4: [  PASSED  ] 8 tests.
4: [  FAILED  ] 2 tests, listed below:
4: [  FAILED  ] CalculateMaxChannelQualityTest.BasicTests
4: [  FAILED  ] CalculateMaxChannelQualityTest.LargePacketSizes
4: 
4:  2 FAILED TESTS
 4/11 Test  #4: model2_tests .....................***Failed    0.32 sec
test 5
      Start  5: model3_tests

5: Test command: /Users/ittehad/Documents/Coding/Python/Turing/Tester_cpp_codebench/tasks/473677/build/model3_tests
5: Working Directory: /Users/ittehad/Documents/Coding/Python/Turing/Tester_cpp_codebench/tasks/473677/build
5: Test timeout computed to be: 5
5: [==========] Running 10 tests from 1 test suite.
5: [----------] Global test environment set-up.
5: [----------] 10 tests from CalculateMaxChannelQualityTest
5: [ RUN      ] CalculateMaxChannelQualityTest.BasicTests
5: /Users/ittehad/Documents/Coding/Python/Turing/Tester_cpp_codebench/tasks/473677/test.cpp:10: Failure
5: Expected equality of these values:
5:   calculateMaxChannelQuality(packetSizes_1, numChannels_1)
5:     Which is: 6
5:   8
5: 
5: /Users/ittehad/Documents/Coding/Python/Turing/Tester_cpp_codebench/tasks/473677/test.cpp:14: Failure
5: Expected equality of these values:
5:   calculateMaxChannelQuality(packetSizes_2, numChannels_2)
5:     Which is: 5
5:   7
5: 
5: [  FAILED  ] CalculateMaxChannelQualityTest.BasicTests (0 ms)
5: [ RUN      ] CalculateMaxChannelQualityTest.SingleChannel
5: [       OK ] CalculateMaxChannelQualityTest.SingleChannel (0 ms)
5: [ RUN      ] CalculateMaxChannelQualityTest.EqualPacketAndChannels
5: [       OK ] CalculateMaxChannelQualityTest.EqualPacketAndChannels (0 ms)
5: [ RUN      ] CalculateMaxChannelQualityTest.FewPacketsAndManyChannels
5: [       OK ] CalculateMaxChannelQualityTest.FewPacketsAndManyChannels (0 ms)
5: [ RUN      ] CalculateMaxChannelQualityTest.LargePacketSizes
5: /Users/ittehad/Documents/Coding/Python/Turing/Tester_cpp_codebench/tasks/473677/test.cpp:42: Failure
5: Expected equality of these values:
5:   calculateMaxChannelQuality(packetSizes, numChannels)
5:     Which is: 9000000
5:   11000000
5: 
5: [  FAILED  ] CalculateMaxChannelQualityTest.LargePacketSizes (0 ms)
5: [ RUN      ] CalculateMaxChannelQualityTest.OnePacketOneChannel
5: [       OK ] CalculateMaxChannelQualityTest.OnePacketOneChannel (0 ms)
5: [ RUN      ] CalculateMaxChannelQualityTest.OnePacketManyChannels
5: [       OK ] CalculateMaxChannelQualityTest.OnePacketManyChannels (0 ms)
5: [ RUN      ] CalculateMaxChannelQualityTest.ZeroChannels
5: [       OK ] CalculateMaxChannelQualityTest.ZeroChannels (0 ms)
5: [ RUN      ] CalculateMaxChannelQualityTest.EmptyPacketSizes
5: [       OK ] CalculateMaxChannelQualityTest.EmptyPacketSizes (0 ms)
5: [ RUN      ] CalculateMaxChannelQualityTest.PacketsLessThanChannels
5: [       OK ] CalculateMaxChannelQualityTest.PacketsLessThanChannels (0 ms)
5: [----------] 10 tests from CalculateMaxChannelQualityTest (0 ms total)
5: 
5: [----------] Global test environment tear-down
5: [==========] 10 tests from 1 test suite ran. (0 ms total)
5: [  PASSED  ] 8 tests.
5: [  FAILED  ] 2 tests, listed below:
5: [  FAILED  ] CalculateMaxChannelQualityTest.BasicTests
5: [  FAILED  ] CalculateMaxChannelQualityTest.LargePacketSizes
5: 
5:  2 FAILED TESTS
 5/11 Test  #5: model3_tests .....................***Failed    0.33 sec
test 6
      Start  6: model4_tests

6: Test command: /Users/ittehad/Documents/Coding/Python/Turing/Tester_cpp_codebench/tasks/473677/build/model4_tests
6: Working Directory: /Users/ittehad/Documents/Coding/Python/Turing/Tester_cpp_codebench/tasks/473677/build
6: Test timeout computed to be: 5
6: [==========] Running 10 tests from 1 test suite.
6: [----------] Global test environment set-up.
6: [----------] 10 tests from CalculateMaxChannelQualityTest
6: [ RUN      ] CalculateMaxChannelQualityTest.BasicTests
6: /Users/ittehad/Documents/Coding/Python/Turing/Tester_cpp_codebench/tasks/473677/test.cpp:10: Failure
6: Expected equality of these values:
6:   calculateMaxChannelQuality(packetSizes_1, numChannels_1)
6:     Which is: 6
6:   8
6: 
6: /Users/ittehad/Documents/Coding/Python/Turing/Tester_cpp_codebench/tasks/473677/test.cpp:14: Failure
6: Expected equality of these values:
6:   calculateMaxChannelQuality(packetSizes_2, numChannels_2)
6:     Which is: 5
6:   7
6: 
6: [  FAILED  ] CalculateMaxChannelQualityTest.BasicTests (1 ms)
6: [ RUN      ] CalculateMaxChannelQualityTest.SingleChannel
6: [       OK ] CalculateMaxChannelQualityTest.SingleChannel (0 ms)
6: [ RUN      ] CalculateMaxChannelQualityTest.EqualPacketAndChannels
6: [       OK ] CalculateMaxChannelQualityTest.EqualPacketAndChannels (0 ms)
6: [ RUN      ] CalculateMaxChannelQualityTest.FewPacketsAndManyChannels
6: [       OK ] CalculateMaxChannelQualityTest.FewPacketsAndManyChannels (0 ms)
6: [ RUN      ] CalculateMaxChannelQualityTest.LargePacketSizes
6: /Users/ittehad/Documents/Coding/Python/Turing/Tester_cpp_codebench/tasks/473677/test.cpp:42: Failure
6: Expected equality of these values:
6:   calculateMaxChannelQuality(packetSizes, numChannels)
6:     Which is: 9000000
6:   11000000
6: 
6: [  FAILED  ] CalculateMaxChannelQualityTest.LargePacketSizes (0 ms)
6: [ RUN      ] CalculateMaxChannelQualityTest.OnePacketOneChannel
6: [       OK ] CalculateMaxChannelQualityTest.OnePacketOneChannel (0 ms)
6: [ RUN      ] CalculateMaxChannelQualityTest.OnePacketManyChannels
6: [       OK ] CalculateMaxChannelQualityTest.OnePacketManyChannels (0 ms)
6: [ RUN      ] CalculateMaxChannelQualityTest.ZeroChannels
6: [       OK ] CalculateMaxChannelQualityTest.ZeroChannels (0 ms)
6: [ RUN      ] CalculateMaxChannelQualityTest.EmptyPacketSizes
6: [       OK ] CalculateMaxChannelQualityTest.EmptyPacketSizes (0 ms)
6: [ RUN      ] CalculateMaxChannelQualityTest.PacketsLessThanChannels
6: [       OK ] CalculateMaxChannelQualityTest.PacketsLessThanChannels (0 ms)
6: [----------] 10 tests from CalculateMaxChannelQualityTest (1 ms total)
6: 
6: [----------] Global test environment tear-down
6: [==========] 10 tests from 1 test suite ran. (1 ms total)
6: [  PASSED  ] 8 tests.
6: [  FAILED  ] 2 tests, listed below:
6: [  FAILED  ] CalculateMaxChannelQualityTest.BasicTests
6: [  FAILED  ] CalculateMaxChannelQualityTest.LargePacketSizes
6: 
6:  2 FAILED TESTS
 6/11 Test  #6: model4_tests .....................***Failed    0.34 sec
test 7
      Start  7: model5_tests

7: Test command: /Users/ittehad/Documents/Coding/Python/Turing/Tester_cpp_codebench/tasks/473677/build/model5_tests
7: Working Directory: /Users/ittehad/Documents/Coding/Python/Turing/Tester_cpp_codebench/tasks/473677/build
7: Test timeout computed to be: 5
7: [==========] Running 10 tests from 1 test suite.
7: [----------] Global test environment set-up.
7: [----------] 10 tests from CalculateMaxChannelQualityTest
7: [ RUN      ] CalculateMaxChannelQualityTest.BasicTests
7: /Users/ittehad/Documents/Coding/Python/Turing/Tester_cpp_codebench/tasks/473677/test.cpp:10: Failure
7: Expected equality of these values:
7:   calculateMaxChannelQuality(packetSizes_1, numChannels_1)
7:     Which is: 6
7:   8
7: 
7: /Users/ittehad/Documents/Coding/Python/Turing/Tester_cpp_codebench/tasks/473677/test.cpp:14: Failure
7: Expected equality of these values:
7:   calculateMaxChannelQuality(packetSizes_2, numChannels_2)
7:     Which is: 5
7:   7
7: 
7: [  FAILED  ] CalculateMaxChannelQualityTest.BasicTests (0 ms)
7: [ RUN      ] CalculateMaxChannelQualityTest.SingleChannel
7: [       OK ] CalculateMaxChannelQualityTest.SingleChannel (0 ms)
7: [ RUN      ] CalculateMaxChannelQualityTest.EqualPacketAndChannels
7: [       OK ] CalculateMaxChannelQualityTest.EqualPacketAndChannels (0 ms)
7: [ RUN      ] CalculateMaxChannelQualityTest.FewPacketsAndManyChannels
7: [       OK ] CalculateMaxChannelQualityTest.FewPacketsAndManyChannels (0 ms)
7: [ RUN      ] CalculateMaxChannelQualityTest.LargePacketSizes
7: /Users/ittehad/Documents/Coding/Python/Turing/Tester_cpp_codebench/tasks/473677/test.cpp:42: Failure
7: Expected equality of these values:
7:   calculateMaxChannelQuality(packetSizes, numChannels)
7:     Which is: 9000000
7:   11000000
7: 
7: [  FAILED  ] CalculateMaxChannelQualityTest.LargePacketSizes (0 ms)
7: [ RUN      ] CalculateMaxChannelQualityTest.OnePacketOneChannel
7: [       OK ] CalculateMaxChannelQualityTest.OnePacketOneChannel (0 ms)
7: [ RUN      ] CalculateMaxChannelQualityTest.OnePacketManyChannels
7: [       OK ] CalculateMaxChannelQualityTest.OnePacketManyChannels (0 ms)
7: [ RUN      ] CalculateMaxChannelQualityTest.ZeroChannels
7: [       OK ] CalculateMaxChannelQualityTest.ZeroChannels (0 ms)
7: [ RUN      ] CalculateMaxChannelQualityTest.EmptyPacketSizes
7: [       OK ] CalculateMaxChannelQualityTest.EmptyPacketSizes (0 ms)
7: [ RUN      ] CalculateMaxChannelQualityTest.PacketsLessThanChannels
7: [       OK ] CalculateMaxChannelQualityTest.PacketsLessThanChannels (0 ms)
7: [----------] 10 tests from CalculateMaxChannelQualityTest (0 ms total)
7: 
7: [----------] Global test environment tear-down
7: [==========] 10 tests from 1 test suite ran. (0 ms total)
7: [  PASSED  ] 8 tests.
7: [  FAILED  ] 2 tests, listed below:
7: [  FAILED  ] CalculateMaxChannelQualityTest.BasicTests
7: [  FAILED  ] CalculateMaxChannelQualityTest.LargePacketSizes
7: 
7:  2 FAILED TESTS
 7/11 Test  #7: model5_tests .....................***Failed    0.43 sec
test 8
      Start  8: model6_tests

8: Test command: /Users/ittehad/Documents/Coding/Python/Turing/Tester_cpp_codebench/tasks/473677/build/model6_tests
8: Working Directory: /Users/ittehad/Documents/Coding/Python/Turing/Tester_cpp_codebench/tasks/473677/build
8: Test timeout computed to be: 5
8: [==========] Running 10 tests from 1 test suite.
8: [----------] Global test environment set-up.
8: [----------] 10 tests from CalculateMaxChannelQualityTest
8: [ RUN      ] CalculateMaxChannelQualityTest.BasicTests
8: /Users/ittehad/Documents/Coding/Python/Turing/Tester_cpp_codebench/tasks/473677/test.cpp:10: Failure
8: Expected equality of these values:
8:   calculateMaxChannelQuality(packetSizes_1, numChannels_1)
8:     Which is: 4
8:   8
8: 
8: /Users/ittehad/Documents/Coding/Python/Turing/Tester_cpp_codebench/tasks/473677/test.cpp:14: Failure
8: Expected equality of these values:
8:   calculateMaxChannelQuality(packetSizes_2, numChannels_2)
8:     Which is: 5
8:   7
8: 
8: [  FAILED  ] CalculateMaxChannelQualityTest.BasicTests (0 ms)
8: [ RUN      ] CalculateMaxChannelQualityTest.SingleChannel
8: /Users/ittehad/Documents/Coding/Python/Turing/Tester_cpp_codebench/tasks/473677/test.cpp:21: Failure
8: Expected equality of these values:
8:   calculateMaxChannelQuality(packetSizes, numChannels)
8:     Which is: 25
8:   30
8: 
8: [  FAILED  ] CalculateMaxChannelQualityTest.SingleChannel (0 ms)
8: [ RUN      ] CalculateMaxChannelQualityTest.EqualPacketAndChannels
8: [       OK ] CalculateMaxChannelQualityTest.EqualPacketAndChannels (0 ms)
8: [ RUN      ] CalculateMaxChannelQualityTest.FewPacketsAndManyChannels
8: [       OK ] CalculateMaxChannelQualityTest.FewPacketsAndManyChannels (0 ms)
8: [ RUN      ] CalculateMaxChannelQualityTest.LargePacketSizes
8: /Users/ittehad/Documents/Coding/Python/Turing/Tester_cpp_codebench/tasks/473677/test.cpp:42: Failure
8: Expected equality of these values:
8:   calculateMaxChannelQuality(packetSizes, numChannels)
8:     Which is: 8000000
8:   11000000
8: 
8: [  FAILED  ] CalculateMaxChannelQualityTest.LargePacketSizes (0 ms)
8: [ RUN      ] CalculateMaxChannelQualityTest.OnePacketOneChannel
8: [       OK ] CalculateMaxChannelQualityTest.OnePacketOneChannel (0 ms)
8: [ RUN      ] CalculateMaxChannelQualityTest.OnePacketManyChannels
8: [       OK ] CalculateMaxChannelQualityTest.OnePacketManyChannels (0 ms)
8: [ RUN      ] CalculateMaxChannelQualityTest.ZeroChannels
8: [       OK ] CalculateMaxChannelQualityTest.ZeroChannels (0 ms)
8: [ RUN      ] CalculateMaxChannelQualityTest.EmptyPacketSizes
8: [       OK ] CalculateMaxChannelQualityTest.EmptyPacketSizes (0 ms)
8: [ RUN      ] CalculateMaxChannelQualityTest.PacketsLessThanChannels
8: [       OK ] CalculateMaxChannelQualityTest.PacketsLessThanChannels (0 ms)
8: [----------] 10 tests from CalculateMaxChannelQualityTest (0 ms total)
8: 
8: [----------] Global test environment tear-down
8: [==========] 10 tests from 1 test suite ran. (0 ms total)
8: [  PASSED  ] 7 tests.
8: [  FAILED  ] 3 tests, listed below:
8: [  FAILED  ] CalculateMaxChannelQualityTest.BasicTests
8: [  FAILED  ] CalculateMaxChannelQualityTest.SingleChannel
8: [  FAILED  ] CalculateMaxChannelQualityTest.LargePacketSizes
8: 
8:  3 FAILED TESTS
 8/11 Test  #8: model6_tests .....................***Failed    0.37 sec
test 9
      Start  9: model7_tests

9: Test command: /Users/ittehad/Documents/Coding/Python/Turing/Tester_cpp_codebench/tasks/473677/build/model7_tests
9: Working Directory: /Users/ittehad/Documents/Coding/Python/Turing/Tester_cpp_codebench/tasks/473677/build
9: Test timeout computed to be: 5
9: [==========] Running 10 tests from 1 test suite.
9: [----------] Global test environment set-up.
9: [----------] 10 tests from CalculateMaxChannelQualityTest
9: [ RUN      ] CalculateMaxChannelQualityTest.BasicTests
9: /Users/ittehad/Documents/Coding/Python/Turing/Tester_cpp_codebench/tasks/473677/test.cpp:10: Failure
9: Expected equality of these values:
9:   calculateMaxChannelQuality(packetSizes_1, numChannels_1)
9:     Which is: 7
9:   8
9: 
9: [  FAILED  ] CalculateMaxChannelQualityTest.BasicTests (0 ms)
9: [ RUN      ] CalculateMaxChannelQualityTest.SingleChannel
9: [       OK ] CalculateMaxChannelQualityTest.SingleChannel (0 ms)
9: [ RUN      ] CalculateMaxChannelQualityTest.EqualPacketAndChannels
9: [       OK ] CalculateMaxChannelQualityTest.EqualPacketAndChannels (0 ms)
9: [ RUN      ] CalculateMaxChannelQualityTest.FewPacketsAndManyChannels
9: [       OK ] CalculateMaxChannelQualityTest.FewPacketsAndManyChannels (0 ms)
9: [ RUN      ] CalculateMaxChannelQualityTest.LargePacketSizes
9: [       OK ] CalculateMaxChannelQualityTest.LargePacketSizes (0 ms)
9: [ RUN      ] CalculateMaxChannelQualityTest.OnePacketOneChannel
9: [       OK ] CalculateMaxChannelQualityTest.OnePacketOneChannel (0 ms)
9: [ RUN      ] CalculateMaxChannelQualityTest.OnePacketManyChannels
9: [       OK ] CalculateMaxChannelQualityTest.OnePacketManyChannels (0 ms)
9: [ RUN      ] CalculateMaxChannelQualityTest.ZeroChannels
9: [       OK ] CalculateMaxChannelQualityTest.ZeroChannels (0 ms)
9: [ RUN      ] CalculateMaxChannelQualityTest.EmptyPacketSizes
9: unknown file: Failure
9: C++ exception with description "Number of packets is less than the number of channels" thrown in the test body.
9: 
9: [  FAILED  ] CalculateMaxChannelQualityTest.EmptyPacketSizes (0 ms)
9: [ RUN      ] CalculateMaxChannelQualityTest.PacketsLessThanChannels
9: [       OK ] CalculateMaxChannelQualityTest.PacketsLessThanChannels (0 ms)
9: [----------] 10 tests from CalculateMaxChannelQualityTest (0 ms total)
9: 
9: [----------] Global test environment tear-down
9: [==========] 10 tests from 1 test suite ran. (0 ms total)
9: [  PASSED  ] 8 tests.
9: [  FAILED  ] 2 tests, listed below:
9: [  FAILED  ] CalculateMaxChannelQualityTest.BasicTests
9: [  FAILED  ] CalculateMaxChannelQualityTest.EmptyPacketSizes
9: 
9:  2 FAILED TESTS
 9/11 Test  #9: model7_tests .....................***Failed    0.33 sec
test 10
      Start 10: model8_tests

10: Test command: /Users/ittehad/Documents/Coding/Python/Turing/Tester_cpp_codebench/tasks/473677/build/model8_tests
10: Working Directory: /Users/ittehad/Documents/Coding/Python/Turing/Tester_cpp_codebench/tasks/473677/build
10: Test timeout computed to be: 5
10: [==========] Running 10 tests from 1 test suite.
10: [----------] Global test environment set-up.
10: [----------] 10 tests from CalculateMaxChannelQualityTest
10: [ RUN      ] CalculateMaxChannelQualityTest.BasicTests
10: /Users/ittehad/Documents/Coding/Python/Turing/Tester_cpp_codebench/tasks/473677/test.cpp:10: Failure
10: Expected equality of these values:
10:   calculateMaxChannelQuality(packetSizes_1, numChannels_1)
10:     Which is: 6
10:   8
10: 
10: [  FAILED  ] CalculateMaxChannelQualityTest.BasicTests (0 ms)
10: [ RUN      ] CalculateMaxChannelQualityTest.SingleChannel
10: [       OK ] CalculateMaxChannelQualityTest.SingleChannel (0 ms)
10: [ RUN      ] CalculateMaxChannelQualityTest.EqualPacketAndChannels
10: [       OK ] CalculateMaxChannelQualityTest.EqualPacketAndChannels (0 ms)
10: [ RUN      ] CalculateMaxChannelQualityTest.FewPacketsAndManyChannels
10: [       OK ] CalculateMaxChannelQualityTest.FewPacketsAndManyChannels (0 ms)
10: [ RUN      ] CalculateMaxChannelQualityTest.LargePacketSizes
10: /Users/ittehad/Documents/Coding/Python/Turing/Tester_cpp_codebench/tasks/473677/test.cpp:42: Failure
10: Expected equality of these values:
10:   calculateMaxChannelQuality(packetSizes, numChannels)
10:     Which is: 8000000
10:   11000000
10: 
10: [  FAILED  ] CalculateMaxChannelQualityTest.LargePacketSizes (0 ms)
10: [ RUN      ] CalculateMaxChannelQualityTest.OnePacketOneChannel
10: [       OK ] CalculateMaxChannelQualityTest.OnePacketOneChannel (0 ms)
10: [ RUN      ] CalculateMaxChannelQualityTest.OnePacketManyChannels
10: [       OK ] CalculateMaxChannelQualityTest.OnePacketManyChannels (0 ms)
10: [ RUN      ] CalculateMaxChannelQualityTest.ZeroChannels
10: [       OK ] CalculateMaErrors while running CTest
Output from these tests are in: /Users/ittehad/Documents/Coding/Python/Turing/Tester_cpp_codebench/tasks/473677/build/Testing/Temporary/LastTest.log
Use "--rerun-failed --output-on-failure" to re-run the failed cases verbosely.
xChannelQualityTest.ZeroChannels (0 ms)
10: [ RUN      ] CalculateMaxChannelQualityTest.EmptyPacketSizes
10: [       OK ] CalculateMaxChannelQualityTest.EmptyPacketSizes (0 ms)
10: [ RUN      ] CalculateMaxChannelQualityTest.PacketsLessThanChannels
10: [       OK ] CalculateMaxChannelQualityTest.PacketsLessThanChannels (0 ms)
10: [----------] 10 tests from CalculateMaxChannelQualityTest (0 ms total)
10: 
10: [----------] Global test environment tear-down
10: [==========] 10 tests from 1 test suite ran. (0 ms total)
10: [  PASSED  ] 8 tests.
10: [  FAILED  ] 2 tests, listed below:
10: [  FAILED  ] CalculateMaxChannelQualityTest.BasicTests
10: [  FAILED  ] CalculateMaxChannelQualityTest.LargePacketSizes
10: 
10:  2 FAILED TESTS
10/11 Test #10: model8_tests .....................***Failed    0.33 sec
test 11
      Start 11: model9_tests

11: Test command: /Users/ittehad/Documents/Coding/Python/Turing/Tester_cpp_codebench/tasks/473677/build/model9_tests
11: Working Directory: /Users/ittehad/Documents/Coding/Python/Turing/Tester_cpp_codebench/tasks/473677/build
11: Test timeout computed to be: 5
11: [==========] Running 10 tests from 1 test suite.
11: [----------] Global test environment set-up.
11: [----------] 10 tests from CalculateMaxChannelQualityTest
11: [ RUN      ] CalculateMaxChannelQualityTest.BasicTests
11: /Users/ittehad/Documents/Coding/Python/Turing/Tester_cpp_codebench/tasks/473677/test.cpp:10: Failure
11: Expected equality of these values:
11:   calculateMaxChannelQuality(packetSizes_1, numChannels_1)
11:     Which is: 6
11:   8
11: 
11: [  FAILED  ] CalculateMaxChannelQualityTest.BasicTests (0 ms)
11: [ RUN      ] CalculateMaxChannelQualityTest.SingleChannel
11: [       OK ] CalculateMaxChannelQualityTest.SingleChannel (0 ms)
11: [ RUN      ] CalculateMaxChannelQualityTest.EqualPacketAndChannels
11: [       OK ] CalculateMaxChannelQualityTest.EqualPacketAndChannels (0 ms)
11: [ RUN      ] CalculateMaxChannelQualityTest.FewPacketsAndManyChannels
11: [       OK ] CalculateMaxChannelQualityTest.FewPacketsAndManyChannels (0 ms)
11: [ RUN      ] CalculateMaxChannelQualityTest.LargePacketSizes
11: /Users/ittehad/Documents/Coding/Python/Turing/Tester_cpp_codebench/tasks/473677/test.cpp:42: Failure
11: Expected equality of these values:
11:   calculateMaxChannelQuality(packetSizes, numChannels)
11:     Which is: 7000000
11:   11000000
11: 
11: [  FAILED  ] CalculateMaxChannelQualityTest.LargePacketSizes (0 ms)
11: [ RUN      ] CalculateMaxChannelQualityTest.OnePacketOneChannel
11: [       OK ] CalculateMaxChannelQualityTest.OnePacketOneChannel (0 ms)
11: [ RUN      ] CalculateMaxChannelQualityTest.OnePacketManyChannels
11: [       OK ] CalculateMaxChannelQualityTest.OnePacketManyChannels (0 ms)
11: [ RUN      ] CalculateMaxChannelQualityTest.ZeroChannels
11: [       OK ] CalculateMaxChannelQualityTest.ZeroChannels (0 ms)
11: [ RUN      ] CalculateMaxChannelQualityTest.EmptyPacketSizes
11: [       OK ] CalculateMaxChannelQualityTest.EmptyPacketSizes (0 ms)
11: [ RUN      ] CalculateMaxChannelQualityTest.PacketsLessThanChannels
11: [       OK ] CalculateMaxChannelQualityTest.PacketsLessThanChannels (0 ms)
11: [----------] 10 tests from CalculateMaxChannelQualityTest (0 ms total)
11: 
11: [----------] Global test environment tear-down
11: [==========] 10 tests from 1 test suite ran. (0 ms total)
11: [  PASSED  ] 8 tests.
11: [  FAILED  ] 2 tests, listed below:
11: [  FAILED  ] CalculateMaxChannelQualityTest.BasicTests
11: [  FAILED  ] CalculateMaxChannelQualityTest.LargePacketSizes
11: 
11:  2 FAILED TESTS
11/11 Test #11: model9_tests .....................***Failed    0.33 sec

0% tests passed, 11 tests failed out of 11

Total Test time (real) =   3.56 sec

The following tests FAILED:
	  1 - incorrect_solution_tests (Failed)
	  2 - model1_tests (Failed)
	  3 - model10_tests (Not Run)
	  4 - model2_tests (Failed)
	  5 - model3_tests (Failed)
	  6 - model4_tests (Failed)
	  7 - model5_tests (Failed)
	  8 - model6_tests (Failed)
	  9 - model7_tests (Failed)
	 10 - model8_tests (Failed)
	 11 - model9_tests (Failed)
Test project /Users/ittehad/Documents/Coding/Python/Turing/Tester_cpp_codebench/tasks/473677/build
      Start  1: incorrect_solution_tests
 1/11 Test  #1: incorrect_solution_tests .........***Failed    0.01 sec
      Start  2: model1_tests
 2/11 Test  #2: model1_tests .....................***Failed    0.01 sec
      Start  3: model10_tests
Could not find executable /Users/ittehad/Documents/Coding/Python/Turing/Tester_cpp_codebench/tasks/473677/build/model10_tests
Looked in the following places:
/Users/ittehad/Documents/Coding/Python/Turing/Tester_cpp_codebench/tasks/473677/build/model10_tests
/Users/ittehad/Documents/Coding/Python/Turing/Tester_cpp_codebench/tasks/473677/build/model10_tests
/Users/ittehad/Documents/Coding/Python/Turing/Tester_cpp_codebench/tasks/473677/build/Release/model10_tests
/Users/ittehad/Documents/Coding/Python/Turing/Tester_cpp_codebench/tasks/473677/build/Release/model10_tests
/Users/ittehad/Documents/Coding/Python/Turing/Tester_cpp_codebench/tasks/473677/build/Debug/model10_tests
/Users/ittehad/Documents/Coding/Python/Turing/Tester_cpp_codebench/tasks/473677/build/Debug/model10_tests
/Users/ittehad/Documents/Coding/Python/Turing/Tester_cpp_codebench/tasks/473677/build/MinSizeRel/model10_tests
/Users/ittehad/Documents/Coding/Python/Turing/Tester_cpp_codebench/tasks/473677/build/MinSizeRel/model10_tests
/Users/ittehad/Documents/Coding/Python/Turing/Tester_cpp_codebench/tasks/473677/build/RelWithDebInfo/model10_tests
/Users/ittehad/Documents/Coding/Python/Turing/Tester_cpp_codebench/tasks/473677/build/RelWithDebInfo/model10_tests
/Users/ittehad/Documents/Coding/Python/Turing/Tester_cpp_codebench/tasks/473677/build/Deployment/model10_tests
/Users/ittehad/Documents/Coding/Python/Turing/Tester_cpp_codebench/tasks/473677/build/Deployment/model10_tests
/Users/ittehad/Documents/Coding/Python/Turing/Tester_cpp_codebench/tasks/473677/build/Development/model10_tests
/Users/ittehad/Documents/Coding/Python/Turing/Tester_cpp_codebench/tasks/473677/build/Development/model10_tests
Users/ittehad/Documents/Coding/Python/Turing/Tester_cpp_codebench/tasks/473677/build/model10_tests
Users/ittehad/Documents/Coding/Python/Turing/Tester_cpp_codebench/tasks/473677/build/model10_tests
Users/ittehad/Documents/Coding/Python/Turing/Tester_cpp_codebench/tasks/473677/build/Release/model10_tests
Users/ittehad/Documents/Coding/Python/Turing/Tester_cpp_codebench/tasks/473677/build/Release/model10_tests
Users/ittehad/Documents/Coding/Python/Turing/Tester_cpp_codebench/tasks/473677/build/Debug/model10_tests
Users/ittehad/Documents/Coding/Python/Turing/Tester_cpp_codebench/tasks/473677/build/Debug/model10_tests
Users/ittehad/Documents/Coding/Python/Turing/Tester_cpp_codebench/tasks/473677/build/MinSizeRel/model10_tests
Users/ittehad/Documents/Coding/Python/Turing/Tester_cpp_codebench/tasks/473677/build/MinSizeRel/model10_tests
Users/ittehad/Documents/Coding/Python/Turing/Tester_cpp_codebench/tasks/473677/build/RelWithDebInfo/model10_tests
Users/ittehad/Documents/Coding/Python/Turing/Tester_cpp_codebench/tasks/473677/build/RelWithDebInfo/model10_tests
Users/ittehad/Documents/Coding/Python/Turing/Tester_cpp_codebench/tasks/473677/build/Deployment/model10_tests
Users/ittehad/Documents/Coding/Python/Turing/Tester_cpp_codebench/tasks/473677/build/Deployment/model10_tests
Users/ittehad/Documents/Coding/Python/Turing/Tester_cpp_codebench/tasks/473677/build/Development/model10_tests
Users/ittehad/Documents/Coding/Python/Turing/Tester_cpp_codebench/tasks/473677/build/Development/model10_tests
Unable to find executable: /Users/ittehad/Documents/Coding/Python/Turing/Tester_cpp_codebench/tasks/473677/build/model10_tests
 3/11 Test  #3: model10_tests ....................***Not Run   0.00 sec
      Start  4: model2_tests
 4/11 Test  #4: model2_tests .....................***Failed    0.01 sec
      Start  5: model3_tests
 5/11 Test  #5: model3_tests .....................***Failed    0.01 sec
      Start  6: model4_tests
 6/11 Test  #6: model4_tests .....................***Failed    0.00 sec
      Start  7: model5_tests
 7/11 Test  #7: model5_tests .....................***Failed    0.00 sec
      Start  8: model6_tests
 8/11 Test  #8: model6_tests .....................***Failed    0.00 sec
      Start  9: model7_tests
 9/11 Test  #9: model7_tests .....................***Failed    0.00 sec
      Start 10: model8_tests
10/11 Test #10: model8_tests .....................***Failed    0.00 sec
      Start 11: model9_tests
11/11 Test #11: model9_tests .....................***Failed    0.00 sec

0% tests passed, 11 tests failed out of 11

Total Test time (real) =   0.05 sec

The following tests FAILED:
	  1 - incorrect_solution_tests (Failed)
	  2 - model1_tests (Failed)
	  3 - model10_tests (Not Run)
	  4 - model2_tests (Failed)
	  5 - model3_tests (Failed)
	  6 - model4_tests (Failed)
	  7 - model5_tests (Failed)
	  8 - model6_tests (Failed)
	  9 - model7_tests (Failed)
	 10 - model8_tests (Failed)
	 11 - model9_tests (Failed)
Errors while running CTest
Output from these tests are in: /Users/ittehad/Documents/Coding/Python/Turing/Tester_cpp_codebench/tasks/473677/build/Testing/Temporary/LastTest.log
Use "--rerun-failed --output-on-failure" to re-run the failed cases verbosely.
