UpdateCTestConfiguration  from :/Users/ittehad/Documents/Coding/Python/Turing/Tester_cpp_codebench/tasks/303997/build/DartConfiguration.tcl
UpdateCTestConfiguration  from :/Users/ittehad/Documents/Coding/Python/Turing/Tester_cpp_codebench/tasks/303997/build/DartConfiguration.tcl
Test project /Users/ittehad/Documents/Coding/Python/Turing/Tester_cpp_codebench/tasks/303997/build
Constructing a list of tests
Done constructing a list of tests
Updating test list for fixtures
Added 0 tests to meet fixture requirements
Checking test dependency graph...
Checking test dependency graph end
test 1
      Start  1: incorrect_solution_tests

1: Test command: /Users/ittehad/Documents/Coding/Python/Turing/Tester_cpp_codebench/tasks/303997/build/incorrect_solution_tests
1: Working Directory: /Users/ittehad/Documents/Coding/Python/Turing/Tester_cpp_codebench/tasks/303997/build
1: Test timeout computed to be: 5
1: [==========] Running 7 tests from 1 test suite.
1: [----------] Global test environment set-up.
1: [----------] 7 tests from AddTest
1: [ RUN      ] AddTest.ArithmeticOperations
1: [       OK ] AddTest.ArithmeticOperations (0 ms)
1: [ RUN      ] AddTest.CharAndCharReturnsString
1: [       OK ] AddTest.CharAndCharReturnsString (0 ms)
1: [ RUN      ] AddTest.CharAndIntAsciiAddition
1: [       OK ] AddTest.CharAndIntAsciiAddition (0 ms)
1: [ RUN      ] AddTest.CharStringConcatenation
1: [       OK ] AddTest.CharStringConcatenation (0 ms)
1: [ RUN      ] AddTest.StringAndStringConcatenation
1: [       OK ] AddTest.StringAndStringConcatenation (0 ms)
1: [ RUN      ] AddTest.UserDefinedComplexNumber
1: [       OK ] AddTest.UserDefinedComplexNumber (0 ms)
1: [ RUN      ] AddTest.ThrowsOnUnsupportedOperation
1: /Users/ittehad/Documents/Coding/Python/Turing/Tester_cpp_codebench/tasks/303997/test.cpp:76: Failure
1: Expected: add(5, std::vector<int>{}) throws an exception of type std::invalid_argument.
1:   Actual: it throws nothing.
1: 
1: /Users/ittehad/Documents/Coding/Python/Turing/Tester_cpp_codebench/tasks/303997/test.cpp:77: Failure
1: Expected: add(std::string("Test"), std::vector<int>{1, 2, 3}) throws an exception of type std::invalid_argument.
1:   Actual: it throws nothing.
1: 
1: /Users/ittehad/Documents/Coding/Python/Turing/Tester_cpp_codebench/tasks/303997/test.cpp:78: Failure
1: Expected: add(5.5, std::vector<double>{1.1, 2.2}) throws an exception of type std::invalid_argument.
1:   Actual: it throws nothing.
1: 
1: /Users/ittehad/Documents/Coding/Python/Turing/Tester_cpp_codebench/tasks/303997/test.cpp:79: Failure
1: Expected: add(std::vector<int>{1, 2}, std::vector<int>{3, 4}) throws an exception of type std::invalid_argument.
1:   Actual: it throws nothing.
1: 
1: [  FAILED  ] AddTest.ThrowsOnUnsupportedOperation (0 ms)
1: [----------] 7 tests from AddTest (0 ms total)
1: 
1: [----------] Global test environment tear-down
1: [==========] 7 tests from 1 test suite ran. (0 ms total)
1: [  PASSED  ] 6 tests.
1: [  FAILED  ] 1 test, listed below:
1: [  FAILED  ] AddTest.ThrowsOnUnsupportedOperation
1: 
1:  1 FAILED TEST
 1/11 Test  #1: incorrect_solution_tests .........***Failed    0.93 sec
test 2
      Start  2: model1_tests

2: Test command: /Users/ittehad/Documents/Coding/Python/Turing/Tester_cpp_codebench/tasks/303997/build/model1_tests
2: Working Directory: /Users/ittehad/Documents/Coding/Python/Turing/Tester_cpp_codebench/tasks/303997/build
2: Test timeout computed to be: 5
2: [==========] Running 7 tests from 1 test suite.
2: [----------] Global test environment set-up.
2: [----------] 7 tests from AddTest
2: [ RUN      ] AddTest.ArithmeticOperations
2: [       OK ] AddTest.ArithmeticOperations (0 ms)
2: [ RUN      ] AddTest.CharAndCharReturnsString
2: [       OK ] AddTest.CharAndCharReturnsString (0 ms)
2: [ RUN      ] AddTest.CharAndIntAsciiAddition
2: [       OK ] AddTest.CharAndIntAsciiAddition (0 ms)
2: [ RUN      ] AddTest.CharStringConcatenation
2: [       OK ] AddTest.CharStringConcatenation (0 ms)
2: [ RUN      ] AddTest.StringAndStringConcatenation
2: [       OK ] AddTest.StringAndStringConcatenation (0 ms)
2: Unable to find executable: /Users/ittehad/Documents/Coding/Python/Turing/Tester_cpp_codebench/tasks/303997/build/model10_tests
[ RUN      ] AddTest.UserDefinedComplexNumber
2: [       OK ] AddTest.UserDefinedComplexNumber (0 ms)
2: [ RUN      ] AddTest.ThrowsOnUnsupportedOperation
2: [       OK ] AddTest.ThrowsOnUnsupportedOperation (1 ms)
2: [----------] 7 tests from AddTest (1 ms total)
2: 
2: [----------] Global test environment tear-down
2: [==========] 7 tests from 1 test suite ran. (1 ms total)
2: [  PASSED  ] 7 tests.
 2/11 Test  #2: model1_tests .....................   Passed    0.37 sec
test 3
      Start  3: model10_tests
Could not find executable /Users/ittehad/Documents/Coding/Python/Turing/Tester_cpp_codebench/tasks/303997/build/model10_tests
Looked in the following places:
Users/ittehad/Documents/Coding/Python/Turing/Tester_cpp_codebench/tasks/303997/build/model10_tests
Users/ittehad/Documents/Coding/Python/Turing/Tester_cpp_codebench/tasks/303997/build/model10_tests
Users/ittehad/Documents/Coding/Python/Turing/Tester_cpp_codebench/tasks/303997/build/Release/model10_tests
Users/ittehad/Documents/Coding/Python/Turing/Tester_cpp_codebench/tasks/303997/build/Release/model10_tests
Users/ittehad/Documents/Coding/Python/Turing/Tester_cpp_codebench/tasks/303997/build/Debug/model10_tests
Users/ittehad/Documents/Coding/Python/Turing/Tester_cpp_codebench/tasks/303997/build/Debug/model10_tests
Users/ittehad/Documents/Coding/Python/Turing/Tester_cpp_codebench/tasks/303997/build/MinSizeRel/model10_tests
Users/ittehad/Documents/Coding/Python/Turing/Tester_cpp_codebench/tasks/303997/build/MinSizeRel/model10_tests
Users/ittehad/Documents/Coding/Python/Turing/Tester_cpp_codebench/tasks/303997/build/RelWithDebInfo/model10_tests
Users/ittehad/Documents/Coding/Python/Turing/Tester_cpp_codebench/tasks/303997/build/RelWithDebInfo/model10_tests
Users/ittehad/Documents/Coding/Python/Turing/Tester_cpp_codebench/tasks/303997/build/Deployment/model10_tests
Users/ittehad/Documents/Coding/Python/Turing/Tester_cpp_codebench/tasks/303997/build/Deployment/model10_tests
Users/ittehad/Documents/Coding/Python/Turing/Tester_cpp_codebench/tasks/303997/build/Development/model10_tests
Users/ittehad/Documents/Coding/Python/Turing/Tester_cpp_codebench/tasks/303997/build/Development/model10_tests

3: Test command: 
3: Working Directory: /Users/ittehad/Documents/Coding/Python/Turing/Tester_cpp_codebench/tasks/303997/build
 3/11 Test  #3: model10_tests ....................***Not Run   0.00 sec
test 4
      Start  4: model2_tests

4: Test command: /Users/ittehad/Documents/Coding/Python/Turing/Tester_cpp_codebench/tasks/303997/build/model2_tests
4: Working Directory: /Users/ittehad/Documents/Coding/Python/Turing/Tester_cpp_codebench/tasks/303997/build
4: Test timeout computed to be: 5
4: [==========] Running 7 tests from 1 test suite.
4: [----------] Global test environment set-up.
4: [----------] 7 tests from AddTest
4: [ RUN      ] AddTest.ArithmeticOperations
4: [       OK ] AddTest.ArithmeticOperations (0 ms)
4: [ RUN      ] AddTest.CharAndCharReturnsString
4: [       OK ] AddTest.CharAndCharReturnsString (0 ms)
4: [ RUN      ] AddTest.CharAndIntAsciiAddition
4: [       OK ] AddTest.CharAndIntAsciiAddition (0 ms)
4: [ RUN      ] AddTest.CharStringConcatenation
4: [       OK ] AddTest.CharStringConcatenation (0 ms)
4: [ RUN      ] AddTest.StringAndStringConcatenation
4: [       OK ] AddTest.StringAndStringConcatenation (0 ms)
4: [ RUN      ] AddTest.UserDefinedComplexNumber
4: [       OK ] AddTest.UserDefinedComplexNumber (0 ms)
4: [ RUN      ] AddTest.ThrowsOnUnsupportedOperation
4: [       OK ] AddTest.ThrowsOnUnsupportedOperation (0 ms)
4: [----------] 7 tests from AddTest (0 ms total)
4: 
4: [----------] Global test environment tear-down
4: [==========] 7 tests from 1 test suite ran. (0 ms total)
4: [  PASSED  ] 7 tests.
 4/11 Test  #4: model2_tests .....................   Passed    0.36 sec
test 5
      Start  5: model3_tests
Could not find executable /Users/ittehad/Documents/Coding/Python/Turing/Tester_cpp_codebench/tasks/303997/build/model3_tests
Looked in the following places:
Users/ittehad/Documents/Coding/Python/Turing/Tester_cpp_codebench/tasks/303997/build/modelUnable to find executable: /Users/ittehad/Documents/Coding/Python/Turing/Tester_cpp_codebench/tasks/303997/build/model3_tests
Unable to find executable: /Users/ittehad/Documents/Coding/Python/Turing/Tester_cpp_codebench/tasks/303997/build/model4_tests
3_tests
Users/ittehad/Documents/Coding/Python/Turing/Tester_cpp_codebench/tasks/303997/build/model3_tests
Users/ittehad/Documents/Coding/Python/Turing/Tester_cpp_codebench/tasks/303997/build/Release/model3_tests
Users/ittehad/Documents/Coding/Python/Turing/Tester_cpp_codebench/tasks/303997/build/Release/model3_tests
Users/ittehad/Documents/Coding/Python/Turing/Tester_cpp_codebench/tasks/303997/build/Debug/model3_tests
Users/ittehad/Documents/Coding/Python/Turing/Tester_cpp_codebench/tasks/303997/build/Debug/model3_tests
Users/ittehad/Documents/Coding/Python/Turing/Tester_cpp_codebench/tasks/303997/build/MinSizeRel/model3_tests
Users/ittehad/Documents/Coding/Python/Turing/Tester_cpp_codebench/tasks/303997/build/MinSizeRel/model3_tests
Users/ittehad/Documents/Coding/Python/Turing/Tester_cpp_codebench/tasks/303997/build/RelWithDebInfo/model3_tests
Users/ittehad/Documents/Coding/Python/Turing/Tester_cpp_codebench/tasks/303997/build/RelWithDebInfo/model3_tests
Users/ittehad/Documents/Coding/Python/Turing/Tester_cpp_codebench/tasks/303997/build/Deployment/model3_tests
Users/ittehad/Documents/Coding/Python/Turing/Tester_cpp_codebench/tasks/303997/build/Deployment/model3_tests
Users/ittehad/Documents/Coding/Python/Turing/Tester_cpp_codebench/tasks/303997/build/Development/model3_tests
Users/ittehad/Documents/Coding/Python/Turing/Tester_cpp_codebench/tasks/303997/build/Development/model3_tests

5: Test command: 
5: Working Directory: /Users/ittehad/Documents/Coding/Python/Turing/Tester_cpp_codebench/tasks/303997/build
 5/11 Test  #5: model3_tests .....................***Not Run   0.00 sec
test 6
      Start  6: model4_tests
Could not find executable /Users/ittehad/Documents/Coding/Python/Turing/Tester_cpp_codebench/tasks/303997/build/model4_tests
Looked in the following places:
Users/ittehad/Documents/Coding/Python/Turing/Tester_cpp_codebench/tasks/303997/build/model4_tests
Users/ittehad/Documents/Coding/Python/Turing/Tester_cpp_codebench/tasks/303997/build/model4_tests
Users/ittehad/Documents/Coding/Python/Turing/Tester_cpp_codebench/tasks/303997/build/Release/model4_tests
Users/ittehad/Documents/Coding/Python/Turing/Tester_cpp_codebench/tasks/303997/build/Release/model4_tests
Users/ittehad/Documents/Coding/Python/Turing/Tester_cpp_codebench/tasks/303997/build/Debug/model4_tests
Users/ittehad/Documents/Coding/Python/Turing/Tester_cpp_codebench/tasks/303997/build/Debug/model4_tests
Users/ittehad/Documents/Coding/Python/Turing/Tester_cpp_codebench/tasks/303997/build/MinSizeRel/model4_tests
Users/ittehad/Documents/Coding/Python/Turing/Tester_cpp_codebench/tasks/303997/build/MinSizeRel/model4_tests
Users/ittehad/Documents/Coding/Python/Turing/Tester_cpp_codebench/tasks/303997/build/RelWithDebInfo/model4_tests
Users/ittehad/Documents/Coding/Python/Turing/Tester_cpp_codebench/tasks/303997/build/RelWithDebInfo/model4_tests
Users/ittehad/Documents/Coding/Python/Turing/Tester_cpp_codebench/tasks/303997/build/Deployment/model4_tests
Users/ittehad/Documents/Coding/Python/Turing/Tester_cpp_codebench/tasks/303997/build/Deployment/model4_tests
Users/ittehad/Documents/Coding/Python/Turing/Tester_cpp_codebench/tasks/303997/build/Development/model4_tests
Users/ittehad/Documents/Coding/Python/Turing/Tester_cpp_codebench/tasks/303997/build/Development/model4_tests

6: Test command: 
6: Working Directory: /Users/ittehad/Documents/Coding/Python/Turing/Tester_cpp_codebench/tasks/303997/build
 6/11 Test  #6: model4_tests .....................***Not Run   0.00 sec
test 7
      Start  7: model5_tests
Could not find executable /Users/ittehad/Documents/Coding/Python/Turing/Tester_cpp_codebench/tasks/303997/build/model5_tests
Looked in the following places:
Users/ittehad/Documents/Coding/Python/Turing/Tester_cpp_codebench/tasks/303997/build/model5_tests
Users/ittehad/Documents/Coding/Python/Turing/Tester_cpp_codebench/tasks/303997/build/model5_tests
Users/ittehad/Documents/Coding/Python/Turing/Tester_cpp_codebench/tasks/303997/build/Release/model5_tests
Users/ittehad/Documents/Coding/Python/Turing/Tester_cpp_codebench/tasks/303997/build/Release/model5_testUnable to find executable: /Users/ittehad/Documents/Coding/Python/Turing/Tester_cpp_codebench/tasks/303997/build/model5_tests
Unable to find executable: /Users/ittehad/Documents/Coding/Python/Turing/Tester_cpp_codebench/tasks/303997/build/model6_tests
s
Users/ittehad/Documents/Coding/Python/Turing/Tester_cpp_codebench/tasks/303997/build/Debug/model5_tests
Users/ittehad/Documents/Coding/Python/Turing/Tester_cpp_codebench/tasks/303997/build/Debug/model5_tests
Users/ittehad/Documents/Coding/Python/Turing/Tester_cpp_codebench/tasks/303997/build/MinSizeRel/model5_tests
Users/ittehad/Documents/Coding/Python/Turing/Tester_cpp_codebench/tasks/303997/build/MinSizeRel/model5_tests
Users/ittehad/Documents/Coding/Python/Turing/Tester_cpp_codebench/tasks/303997/build/RelWithDebInfo/model5_tests
Users/ittehad/Documents/Coding/Python/Turing/Tester_cpp_codebench/tasks/303997/build/RelWithDebInfo/model5_tests
Users/ittehad/Documents/Coding/Python/Turing/Tester_cpp_codebench/tasks/303997/build/Deployment/model5_tests
Users/ittehad/Documents/Coding/Python/Turing/Tester_cpp_codebench/tasks/303997/build/Deployment/model5_tests
Users/ittehad/Documents/Coding/Python/Turing/Tester_cpp_codebench/tasks/303997/build/Development/model5_tests
Users/ittehad/Documents/Coding/Python/Turing/Tester_cpp_codebench/tasks/303997/build/Development/model5_tests

7: Test command: 
7: Working Directory: /Users/ittehad/Documents/Coding/Python/Turing/Tester_cpp_codebench/tasks/303997/build
 7/11 Test  #7: model5_tests .....................***Not Run   0.00 sec
test 8
      Start  8: model6_tests
Could not find executable /Users/ittehad/Documents/Coding/Python/Turing/Tester_cpp_codebench/tasks/303997/build/model6_tests
Looked in the following places:
Users/ittehad/Documents/Coding/Python/Turing/Tester_cpp_codebench/tasks/303997/build/model6_tests
Users/ittehad/Documents/Coding/Python/Turing/Tester_cpp_codebench/tasks/303997/build/model6_tests
Users/ittehad/Documents/Coding/Python/Turing/Tester_cpp_codebench/tasks/303997/build/Release/model6_tests
Users/ittehad/Documents/Coding/Python/Turing/Tester_cpp_codebench/tasks/303997/build/Release/model6_tests
Users/ittehad/Documents/Coding/Python/Turing/Tester_cpp_codebench/tasks/303997/build/Debug/model6_tests
Users/ittehad/Documents/Coding/Python/Turing/Tester_cpp_codebench/tasks/303997/build/Debug/model6_tests
Users/ittehad/Documents/Coding/Python/Turing/Tester_cpp_codebench/tasks/303997/build/MinSizeRel/model6_tests
Users/ittehad/Documents/Coding/Python/Turing/Tester_cpp_codebench/tasks/303997/build/MinSizeRel/model6_tests
Users/ittehad/Documents/Coding/Python/Turing/Tester_cpp_codebench/tasks/303997/build/RelWithDebInfo/model6_tests
Users/ittehad/Documents/Coding/Python/Turing/Tester_cpp_codebench/tasks/303997/build/RelWithDebInfo/model6_tests
Users/ittehad/Documents/Coding/Python/Turing/Tester_cpp_codebench/tasks/303997/build/Deployment/model6_tests
Users/ittehad/Documents/Coding/Python/Turing/Tester_cpp_codebench/tasks/303997/build/Deployment/model6_tests
Users/ittehad/Documents/Coding/Python/Turing/Tester_cpp_codebench/tasks/303997/build/Development/model6_tests
Users/ittehad/Documents/Coding/Python/Turing/Tester_cpp_codebench/tasks/303997/build/Development/model6_tests

8: Test command: 
8: Working Directory: /Users/ittehad/Documents/Coding/Python/Turing/Tester_cpp_codebench/tasks/303997/build
 8/11 Test  #8: model6_tests .....................***Not Run   0.00 sec
test 9
      Start  9: model7_tests
Could not find executable /Users/ittehad/Documents/Coding/Python/Turing/Tester_cpp_codebench/tasks/303997/build/model7_tests
Looked in the following places:
Users/ittehad/Documents/Coding/Python/Turing/Tester_cpp_codebench/tasks/303997/build/model7_tests
Users/ittehad/Documents/Coding/Python/Turing/Tester_cpp_codebench/tasks/303997/build/model7_tests
Users/ittehad/Documents/Coding/Python/Turing/Tester_cpp_codebench/tasks/303997/build/Release/model7_tests
Users/ittehad/Documents/Coding/Python/Turing/Tester_cpp_codebench/tasks/303997/build/Release/model7_tests
Users/ittehad/Documents/Coding/Python/Turing/Tester_cpp_codebench/tasks/303997/build/Debug/model7_tests
Users/ittehad/Documents/Coding/Python/Turing/Tester_cpp_codebench/tasks/303997/build/Debug/model7_tests
Users/ittehad/Documents/Coding/Python/Turing/Tester_cpp_codebench/tasks/303997/build/MinSizeRel/model7_tesUnable to find executable: /Users/ittehad/Documents/Coding/Python/Turing/Tester_cpp_codebench/tasks/303997/build/model7_tests
ts
Users/ittehad/Documents/Coding/Python/Turing/Tester_cpp_codebench/tasks/303997/build/MinSizeRel/model7_tests
Users/ittehad/Documents/Coding/Python/Turing/Tester_cpp_codebench/tasks/303997/build/RelWithDebInfo/model7_tests
Users/ittehad/Documents/Coding/Python/Turing/Tester_cpp_codebench/tasks/303997/build/RelWithDebInfo/model7_tests
Users/ittehad/Documents/Coding/Python/Turing/Tester_cpp_codebench/tasks/303997/build/Deployment/model7_tests
Users/ittehad/Documents/Coding/Python/Turing/Tester_cpp_codebench/tasks/303997/build/Deployment/model7_tests
Users/ittehad/Documents/Coding/Python/Turing/Tester_cpp_codebench/tasks/303997/build/Development/model7_tests
Users/ittehad/Documents/Coding/Python/Turing/Tester_cpp_codebench/tasks/303997/build/Development/model7_tests

9: Test command: 
9: Working Directory: /Users/ittehad/Documents/Coding/Python/Turing/Tester_cpp_codebench/tasks/303997/build
 9/11 Test  #9: model7_tests .....................***Not Run   0.00 sec
test 10
      Start 10: model8_tests

10: Test command: /Users/ittehad/Documents/Coding/Python/Turing/Tester_cpp_codebench/tasks/303997/build/model8_tests
10: Working Directory: /Users/ittehad/Documents/Coding/Python/Turing/Tester_cpp_codebench/tasks/303997/build
10: Test timeout computed to be: 5
10: [==========] Running 7 tests from 1 test suite.
10: [----------] Global test environment set-up.
10: [----------] 7 tests from AddTest
10: [ RUN      ] AddTest.ArithmeticOperations
10: [       OK ] AddTest.ArithmeticOperations (0 ms)
10: [ RUN      ] AddTest.CharAndCharReturnsString
10: [       OK ] AddTest.CharAndCharReturnsString (0 ms)
10: [ RUN      ] AddTest.CharAndIntAsciiAddition
10: [       OK ] AddTest.CharAndIntAsciiAddition (0 ms)
10: [ RUN      ] AddTest.CharStringConcatenation
10: [       OK ] AddTest.CharStringConcatenation (0 ms)
10: [ RUN      ] AddTest.StringAndStringConcatenation
10: [       OK ] AddTest.StringAndStringConcatenation (0 ms)
10: [ RUN      ] AddTest.UserDefinedComplexNumber
10: [       OK ] AddTest.UserDefinedComplexNumber (0 ms)
10: [ RUN      ] AddTest.ThrowsOnUnsupportedOperation
10: [       OK ] AddTest.ThrowsOnUnsupportedOperation (0 ms)
10: [----------] 7 tests from AddTest (0 ms total)
10: 
10: [----------] Global test environment tear-down
10: [==========] 7 tests from 1 test suite ran. (0 ms total)
10: [  PASSED  ] 7 tests.
10/11 Test #10: model8_tests .....................   Passed    0.39 sec
test 11
      Start 11: model9_tests

11: Test command: /Users/ittehad/Documents/Coding/Python/Turing/Tester_cpp_codebench/tasks/303997/build/model9_tests
11: Working Directory: /Users/ittehad/Documents/Coding/Python/Turing/Tester_cpp_codebench/tasks/303997/build
11: Test timeout computed to be: 5
11: [==========] Running 7 tests from 1 test suite.
11: [----------] Global test environment set-up.
11: [----------] 7 tests from AddTest
11: [ RUN      ] AddTest.ArithmeticOperations
11: [       OK ] AddTest.ArithmeticOperations (0 ms)
11: [ RUN      ] AddTest.CharAndCharReturnsString
11: [       OK ] AddTest.CharAndCharReturnsString (0 ms)
11: [ RUN      ] AddTest.CharAndIntAsciiAddition
11: [       OK ] AddTest.CharAndIntAsciiAddition (0 ms)
11: [ RUN      ] AddTest.CharStringConcatenation
11: [       OK ] AddTest.CharStringConcatenation (0 ms)
11: [ RUN      ] AddTest.StringAndStringConcatenation
11: [       OK ] AddTest.StringAndStringConcatenation (0 ms)
11: [ RUN      ] AddTest.UserDefinedComplexNumber
11: [       OK ] AddTest.UserDefinedComplexNumber (0 ms)
11: [ RUN      ] AddTest.ThrowsOnUnsupportedOperation
11: [       OK ] AddTest.ThrowsOnUnsupportedOperation (0 ms)
11: [----------] 7 tests from AddTest (0 ms total)
11: 
11: [----------] Global test environment tear-down
11: [==========] 7 tests from 1 test suite ran. (0 ms total)
11: [  PASSED  ] 7 tests.
11/11 Test #11: model9_tests .....................   Passed    0.38 sec

36% tests passed, 7 tests failed out of 11

Total Test time (real) =   2.43 sec

The following tests FAILED:
	  1 - incorrect_solution_tests (Failed)
	  3 - model10_tests (Not Run)
	  5 - model3_tests (Not Errors while running CTest
Output from these tests are in: /Users/ittehad/Documents/Coding/Python/Turing/Tester_cpp_codebench/tasks/303997/build/Testing/Temporary/LastTest.log
Use "--rerun-failed --output-on-failure" to re-run the failed cases verbosely.
Run)
	  6 - model4_tests (Not Run)
	  7 - model5_tests (Not Run)
	  8 - model6_tests (Not Run)
	  9 - model7_tests (Not Run)
Test project /Users/ittehad/Documents/Coding/Python/Turing/Tester_cpp_codebench/tasks/303997/build
      Start  1: incorrect_solution_tests
 1/11 Test  #1: incorrect_solution_tests .........***Failed    0.02 sec
      Start  2: model1_tests
 2/11 Test  #2: model1_tests .....................   Passed    0.02 sec
      Start  3: model10_tests
Could not find executable /Users/ittehad/Documents/Coding/Python/Turing/Tester_cpp_codebench/tasks/303997/build/model10_tests
Looked in the following places:
/Users/ittehad/Documents/Coding/Python/Turing/Tester_cpp_codebench/tasks/303997/build/model10_tests
/Users/ittehad/Documents/Coding/Python/Turing/Tester_cpp_codebench/tasks/303997/build/model10_tests
/Users/ittehad/Documents/Coding/Python/Turing/Tester_cpp_codebench/tasks/303997/build/Release/model10_tests
/Users/ittehad/Documents/Coding/Python/Turing/Tester_cpp_codebench/tasks/303997/build/Release/model10_tests
/Users/ittehad/Documents/Coding/Python/Turing/Tester_cpp_codebench/tasks/303997/build/Debug/model10_tests
/Users/ittehad/Documents/Coding/Python/Turing/Tester_cpp_codebench/tasks/303997/build/Debug/model10_tests
/Users/ittehad/Documents/Coding/Python/Turing/Tester_cpp_codebench/tasks/303997/build/MinSizeRel/model10_tests
/Users/ittehad/Documents/Coding/Python/Turing/Tester_cpp_codebench/tasks/303997/build/MinSizeRel/model10_tests
/Users/ittehad/Documents/Coding/Python/Turing/Tester_cpp_codebench/tasks/303997/build/RelWithDebInfo/model10_tests
/Users/ittehad/Documents/Coding/Python/Turing/Tester_cpp_codebench/tasks/303997/build/RelWithDebInfo/model10_tests
/Users/ittehad/Documents/Coding/Python/Turing/Tester_cpp_codebench/tasks/303997/build/Deployment/model10_tests
/Users/ittehad/Documents/Coding/Python/Turing/Tester_cpp_codebench/tasks/303997/build/Deployment/model10_tests
/Users/ittehad/Documents/Coding/Python/Turing/Tester_cpp_codebench/tasks/303997/build/Development/model10_tests
/Users/ittehad/Documents/Coding/Python/Turing/Tester_cpp_codebench/tasks/303997/build/Development/model10_tests
Users/ittehad/Documents/Coding/Python/Turing/Tester_cpp_codebench/tasks/303997/build/model10_tests
Users/ittehad/Documents/Coding/Python/Turing/Tester_cpp_codebench/tasks/303997/build/model10_tests
Users/ittehad/Documents/Coding/Python/Turing/Tester_cpp_codebench/tasks/303997/build/Release/model10_tests
Users/ittehad/Documents/Coding/Python/Turing/Tester_cpp_codebench/tasks/303997/build/Release/model10_tests
Users/ittehad/Documents/Coding/Python/Turing/Tester_cpp_codebench/tasks/303997/build/Debug/model10_tests
Users/ittehad/Documents/Coding/Python/Turing/Tester_cpp_codebench/tasks/303997/build/Debug/model10_tests
Users/ittehad/Documents/Coding/Python/Turing/Tester_cpp_codebench/tasks/303997/build/MinSizeRel/model10_tests
Users/ittehad/Documents/Coding/Python/Turing/Tester_cpp_codebench/tasks/303997/build/MinSizeRel/model10_tests
Users/ittehad/Documents/Coding/Python/Turing/Tester_cpp_codebench/tasks/303997/build/RelWithDebInfo/model10_tests
Users/ittehad/Documents/Coding/Python/Turing/Tester_cpp_codebench/tasks/303997/build/RelWithDebInfo/model10_tests
Users/ittehad/Documents/Coding/Python/Turing/Tester_cpp_codebench/tasks/303997/build/Deployment/model10_tests
Users/ittehad/Documents/Coding/Python/Turing/Tester_cpp_codebench/tasks/303997/build/Deployment/model10_tests
Users/ittehad/Documents/Coding/Python/Turing/Tester_cpp_codebench/tasks/303997/build/Development/model10_tests
Users/ittehad/Documents/Coding/Python/Turing/Tester_cpp_codebench/tasks/303997/build/Development/model10_tests
Unable to find executable: /Users/ittehad/Documents/Coding/Python/Turing/Tester_cpp_codebench/tasks/303997/build/model10_tests
 3/11 Test  #3: model10_tests ....................***Not Run   0.00 sec
      Start  4: model2_tests
 4/11 Test  #4: model2_tests .....................   Passed    0.02 sec
      Start  5: model3_tests
Could not find executable /Users/ittehad/Documents/Coding/Python/Turing/Tester_cpp_codebench/tasks/303997/build/model3_tests
Looked in the following places:
/Users/ittehad/Documents/Coding/Python/Turing/Tester_cpp_codebench/tasks/303997/build/model3_tests
/Users/ittehad/Documents/Coding/Python/Turing/Tester_cpp_codebench/tasks/303997/build/model3_tests
/Users/ittehad/Documents/Coding/Python/Turing/Tester_cpp_codebench/tasks/303997/build/Release/model3_tests
/Users/ittehad/Documents/Coding/Python/Turing/Tester_cpp_codebench/tasks/303997/build/Release/model3_tests
/Users/ittehad/Documents/Coding/Python/Turing/Tester_cpp_codebench/tasks/303997/build/Debug/model3_tests
/Users/ittehad/Documents/Coding/Python/Turing/Tester_cpp_codebench/tasks/303997/build/Debug/model3_tests
/Users/ittehad/Documents/Coding/Python/Turing/Tester_cpp_codebench/tasks/303997/build/MinSizeRel/model3_tests
/Users/ittehad/Documents/Coding/Python/Turing/Tester_cpp_codebench/tasks/303997/build/MinSizeRel/model3_tests
/Users/ittehad/Documents/Coding/Python/Turing/Tester_cpp_codebench/tasks/303997/build/RelWithDebInfo/model3_tests
/Users/ittehad/Documents/Coding/Python/Turing/Tester_cpp_codebench/tasks/303997/build/RelWithDebInfo/model3_tests
/Users/ittehad/Documents/Coding/Python/Turing/Tester_cpp_codebench/tasks/303997/build/Deployment/model3_tests
/Users/ittehad/Documents/Coding/Python/Turing/Tester_cpp_codebench/tasks/303997/build/Deployment/model3_tests
/Users/ittehad/Documents/Coding/Python/Turing/Tester_cpp_codebench/tasks/303997/build/Development/model3_tests
/Users/ittehad/Documents/Coding/Python/Turing/Tester_cpp_codebench/tasks/303997/build/Development/model3_tests
Users/ittehad/Documents/Coding/Python/Turing/Tester_cpp_codebench/tasks/303997/build/model3_tests
Users/ittehad/Documents/Coding/Python/Turing/Tester_cpp_codebench/tasks/303997/build/model3_tests
Users/ittehad/Documents/Coding/Python/Turing/Tester_cpp_codebench/tasks/303997/build/Release/model3_tests
Users/ittehad/Documents/Coding/Python/Turing/Tester_cpp_codebench/tasks/303997/build/Release/model3_tests
Users/ittehad/Documents/Coding/Python/Turing/Tester_cpp_codebench/tasks/303997/build/Debug/model3_tests
Users/ittehad/Documents/Coding/Python/Turing/Tester_cpp_codebench/tasks/303997/build/Debug/model3_tests
Users/ittehad/Documents/Coding/Python/Turing/Tester_cpp_codebench/tasks/303997/build/MinSizeRel/model3_tests
Users/ittehad/Documents/Coding/Python/Turing/Tester_cpp_codebench/tasks/303997/build/MinSizeRel/model3_tests
Users/ittehad/Documents/Coding/Python/Turing/Tester_cpp_codebench/tasks/303997/build/RelWithDebInfo/model3_tests
Users/ittehad/Documents/Coding/Python/Turing/Tester_cpp_codebench/tasks/303997/build/RelWithDebInfo/model3_tests
Users/ittehad/Documents/Coding/Python/Turing/Tester_cpp_codebench/tasks/303997/build/Deployment/model3_tests
Users/ittehad/Documents/Coding/Python/Turing/Tester_cpp_codebench/tasks/303997/build/Deployment/model3_tests
Users/ittehad/Documents/Coding/Python/Turing/Tester_cpp_codebench/tasks/303997/build/Development/model3_tests
Users/ittehad/Documents/Coding/Python/Turing/Tester_cpp_codebench/tasks/303997/build/Development/model3_tests
Unable to find executable: /Users/ittehad/Documents/Coding/Python/Turing/Tester_cpp_codebench/tasks/303997/build/model3_tests
 5/11 Test  #5: model3_tests .....................***Not Run   0.00 sec
      Start  6: model4_tests
Could not find executable /Users/ittehad/Documents/Coding/Python/Turing/Tester_cpp_codebench/tasks/303997/build/model4_tests
Looked in the following places:
/Users/ittehad/Documents/Coding/Python/Turing/Tester_cpp_codebench/tasks/303997/build/model4_tests
/Users/ittehad/Documents/Coding/Python/Turing/Tester_cpp_codebench/tasks/303997/build/model4_tests
/Users/ittehad/Documents/Coding/Python/Turing/Tester_cpp_codebench/tasks/303997/build/Release/model4_tests
/Users/ittehad/Documents/Coding/Python/Turing/Tester_cpp_codebench/tasks/303997/build/Release/model4_tests
/Users/ittehad/Documents/Coding/Python/Turing/Tester_cpp_codebench/tasks/303997/build/Debug/model4_tests
/Users/ittehad/Documents/Coding/Python/Turing/Tester_cpp_codebench/tasks/303997/build/Debug/model4_tests
/Users/ittehad/Documents/Coding/Python/Turing/Tester_cpp_codebench/tasks/303997/build/MinSizeRel/model4_tests
/Users/ittehad/Documents/Coding/Python/Turing/Tester_cpp_codebench/tasks/303997/build/MinSizeRel/model4_tests
/Users/ittehad/Documents/Coding/Python/Turing/Tester_cpp_codebench/tasks/303997/build/RelWithDebInfo/model4_tests
/Users/ittehad/Documents/Coding/Python/Turing/Tester_cpp_codebench/tasks/303997/build/RelWithDebInfo/model4_tests
/Users/ittehad/Documents/Coding/Python/Turing/Tester_cpp_codebench/tasks/303997/build/Deployment/model4_tests
/Users/ittehad/Documents/Coding/Python/Turing/Tester_cpp_codebench/tasks/303997/build/Deployment/model4_tests
/Users/ittehad/Documents/Coding/Python/Turing/Tester_cpp_codebench/tasks/303997/build/Development/model4_tests
/Users/ittehad/Documents/Coding/Python/Turing/Tester_cpp_codebench/tasks/303997/build/Development/model4_tests
Users/ittehad/Documents/Coding/Python/Turing/Tester_cpp_codebench/tasks/303997/build/model4_tests
Users/ittehad/Documents/Coding/Python/Turing/Tester_cpp_codebench/tasks/303997/build/model4_tests
Users/ittehad/Documents/Coding/Python/Turing/Tester_cpp_codebench/tasks/303997/build/Release/model4_tests
Users/ittehad/Documents/Coding/Python/Turing/Tester_cpp_codebench/tasks/303997/build/Release/model4_tests
Users/ittehad/Documents/Coding/Python/Turing/Tester_cpp_codebench/tasks/303997/build/Debug/model4_tests
Users/ittehad/Documents/Coding/Python/Turing/Tester_cpp_codebench/tasks/303997/build/Debug/model4_tests
Users/ittehad/Documents/Coding/Python/Turing/Tester_cpp_codebench/tasks/303997/build/MinSizeRel/model4_tests
Users/ittehad/Documents/Coding/Python/Turing/Tester_cpp_codebench/tasks/303997/build/MinSizeRel/model4_tests
Users/ittehad/Documents/Coding/Python/Turing/Tester_cpp_codebench/tasks/303997/build/RelWithDebInfo/model4_tests
Users/ittehad/Documents/Coding/Python/Turing/Tester_cpp_codebench/tasks/303997/build/RelWithDebInfo/model4_tests
Users/ittehad/Documents/Coding/Python/Turing/Tester_cpp_codebench/tasks/303997/build/Deployment/model4_tests
Users/ittehad/Documents/Coding/Python/Turing/Tester_cpp_codebench/tasks/303997/build/Deployment/model4_tests
Users/ittehad/Documents/Coding/Python/Turing/Tester_cpp_codebench/tasks/303997/build/Development/model4_tests
Users/ittehad/Documents/Coding/Python/Turing/Tester_cpp_codebench/tasks/303997/build/Development/model4_tests
Unable to find executable: /Users/ittehad/Documents/Coding/Python/Turing/Tester_cpp_codebench/tasks/303997/build/model4_tests
 6/11 Test  #6: model4_tests .....................***Not Run   0.00 sec
      Start  7: model5_tests
Could not find executable /Users/ittehad/Documents/Coding/Python/Turing/Tester_cpp_codebench/tasks/303997/build/model5_tests
Looked in the following places:
/Users/ittehad/Documents/Coding/Python/Turing/Tester_cpp_codebench/tasks/303997/build/model5_tests
/Users/ittehad/Documents/Coding/Python/Turing/Tester_cpp_codebench/tasks/303997/build/model5_tests
/Users/ittehad/Documents/Coding/Python/Turing/Tester_cpp_codebench/tasks/303997/build/Release/model5_tests
/Users/ittehad/Documents/Coding/Python/Turing/Tester_cpp_codebench/tasks/303997/build/Release/model5_tests
/Users/ittehad/Documents/Coding/Python/Turing/Tester_cpp_codebench/tasks/303997/build/Debug/model5_tests
/Users/ittehad/Documents/Coding/Python/Turing/Tester_cpp_codebench/tasks/303997/build/Debug/model5_tests
/Users/ittehad/Documents/Coding/Python/Turing/Tester_cpp_codebench/tasks/303997/build/MinSizeRel/model5_tests
/Users/ittehad/Documents/Coding/Python/Turing/Tester_cpp_codebench/tasks/303997/build/MinSizeRel/model5_tests
/Users/ittehad/Documents/Coding/Python/Turing/Tester_cpp_codebench/tasks/303997/build/RelWithDebInfo/model5_tests
/Users/ittehad/Documents/Coding/Python/Turing/Tester_cpp_codebench/tasks/303997/build/RelWithDebInfo/model5_tests
/Users/ittehad/Documents/Coding/Python/Turing/Tester_cpp_codebench/tasks/303997/build/Deployment/model5_tests
/Users/ittehad/Documents/Coding/Python/Turing/Tester_cpp_codebench/tasks/303997/build/Deployment/model5_tests
/Users/ittehad/Documents/Coding/Python/Turing/Tester_cpp_codebench/tasks/303997/build/Development/model5_tests
/Users/ittehad/Documents/Coding/Python/Turing/Tester_cpp_codebench/tasks/303997/build/Development/model5_tests
Users/ittehad/Documents/Coding/Python/Turing/Tester_cpp_codebench/tasks/303997/build/model5_tests
Users/ittehad/Documents/Coding/Python/Turing/Tester_cpp_codebench/tasks/303997/build/model5_tests
Users/ittehad/Documents/Coding/Python/Turing/Tester_cpp_codebench/tasks/303997/build/Release/model5_tests
Users/ittehad/Documents/Coding/Python/Turing/Tester_cpp_codebench/tasks/303997/build/Release/model5_tests
Users/ittehad/Documents/Coding/Python/Turing/Tester_cpp_codebench/tasks/303997/build/Debug/model5_tests
Users/ittehad/Documents/Coding/Python/Turing/Tester_cpp_codebench/tasks/303997/build/Debug/model5_tests
Users/ittehad/Documents/Coding/Python/Turing/Tester_cpp_codebench/tasks/303997/build/MinSizeRel/model5_tests
Users/ittehad/Documents/Coding/Python/Turing/Tester_cpp_codebench/tasks/303997/build/MinSizeRel/model5_tests
Users/ittehad/Documents/Coding/Python/Turing/Tester_cpp_codebench/tasks/303997/build/RelWithDebInfo/model5_tests
Users/ittehad/Documents/Coding/Python/Turing/Tester_cpp_codebench/tasks/303997/build/RelWithDebInfo/model5_tests
Users/ittehad/Documents/Coding/Python/Turing/Tester_cpp_codebench/tasks/303997/build/Deployment/model5_tests
Users/ittehad/Documents/Coding/Python/Turing/Tester_cpp_codebench/tasks/303997/build/Deployment/model5_tests
Users/ittehad/Documents/Coding/Python/Turing/Tester_cpp_codebench/tasks/303997/build/Development/model5_tests
Users/ittehad/Documents/Coding/Python/Turing/Tester_cpp_codebench/tasks/303997/build/Development/model5_tests
Unable to find executable: /Users/ittehad/Documents/Coding/Python/Turing/Tester_cpp_codebench/tasks/303997/build/model5_tests
 7/11 Test  #7: model5_tests .....................***Not Run   0.00 sec
      Start  8: model6_tests
Could not find executable /Users/ittehad/Documents/Coding/Python/Turing/Tester_cpp_codebench/tasks/303997/build/model6_tests
Looked in the following places:
/Users/ittehad/Documents/Coding/Python/Turing/Tester_cpp_codebench/tasks/303997/build/model6_tests
/Users/ittehad/Documents/Coding/Python/Turing/Tester_cpp_codebench/tasks/303997/build/model6_tests
/Users/ittehad/Documents/Coding/Python/Turing/Tester_cpp_codebench/tasks/303997/build/Release/model6_tests
/Users/ittehad/Documents/Coding/Python/Turing/Tester_cpp_codebench/tasks/303997/build/Release/model6_tests
/Users/ittehad/Documents/Coding/Python/Turing/Tester_cpp_codebench/tasks/303997/build/Debug/model6_tests
/Users/ittehad/Documents/Coding/Python/Turing/Tester_cpp_codebench/tasks/303997/build/Debug/model6_tests
/Users/ittehad/Documents/Coding/Python/Turing/Tester_cpp_codebench/tasks/303997/build/MinSizeRel/model6_tests
/Users/ittehad/Documents/Coding/Python/Turing/Tester_cpp_codebench/tasks/303997/build/MinSizeRel/model6_tests
/Users/ittehad/Documents/Coding/Python/Turing/Tester_cpp_codebench/tasks/303997/build/RelWithDebInfo/model6_tests
/Users/ittehad/Documents/Coding/Python/Turing/Tester_cpp_codebench/tasks/303997/build/RelWithDebInfo/model6_tests
/Users/ittehad/Documents/Coding/Python/Turing/Tester_cpp_codebench/tasks/303997/build/Deployment/model6_tests
/Users/ittehad/Documents/Coding/Python/Turing/Tester_cpp_codebench/tasks/303997/build/Deployment/model6_tests
/Users/ittehad/Documents/Coding/Python/Turing/Tester_cpp_codebench/tasks/303997/build/Development/model6_tests
/Users/ittehad/Documents/Coding/Python/Turing/Tester_cpp_codebench/tasks/303997/build/Development/model6_tests
Users/ittehad/Documents/Coding/Python/Turing/Tester_cpp_codebench/tasks/303997/build/model6_tests
Users/ittehad/Documents/Coding/Python/Turing/Tester_cpp_codebench/tasks/303997/build/model6_tests
Users/ittehad/Documents/Coding/Python/Turing/Tester_cpp_codebench/tasks/303997/build/Release/model6_tests
Users/ittehad/Documents/Coding/Python/Turing/Tester_cpp_codebench/tasks/303997/build/Release/model6_tests
Users/ittehad/Documents/Coding/Python/Turing/Tester_cpp_codebench/tasks/303997/build/Debug/model6_tests
Users/ittehad/Documents/Coding/Python/Turing/Tester_cpp_codebench/tasks/303997/build/Debug/model6_tests
Users/ittehad/Documents/Coding/Python/Turing/Tester_cpp_codebench/tasks/303997/build/MinSizeRel/model6_tests
Users/ittehad/Documents/Coding/Python/Turing/Tester_cpp_codebench/tasks/303997/build/MinSizeRel/model6_tests
Users/ittehad/Documents/Coding/Python/Turing/Tester_cpp_codebench/tasks/303997/build/RelWithDebInfo/model6_tests
Users/ittehad/Documents/Coding/Python/Turing/Tester_cpp_codebench/tasks/303997/build/RelWithDebInfo/model6_tests
Users/ittehad/Documents/Coding/Python/Turing/Tester_cpp_codebench/tasks/303997/build/Deployment/model6_tests
Users/ittehad/Documents/Coding/Python/Turing/Tester_cpp_codebench/tasks/303997/build/Deployment/model6_tests
Users/ittehad/Documents/Coding/Python/Turing/Tester_cpp_codebench/tasks/303997/build/Development/model6_tests
Users/ittehad/Documents/Coding/Python/Turing/Tester_cpp_codebench/tasks/303997/build/Development/model6_tests
Unable to find executable: /Users/ittehad/Documents/Coding/Python/Turing/Tester_cpp_codebench/tasks/303997/build/model6_tests
 8/11 Test  #8: model6_tests .....................***Not Run   0.00 sec
      Start  9: model7_tests
Could not find executable /Users/ittehad/Documents/Coding/Python/Turing/Tester_cpp_codebench/tasks/303997/build/model7_tests
Looked in the following places:
/Users/ittehad/Documents/Coding/Python/Turing/Tester_cpp_codebench/tasks/303997/build/model7_tests
/Users/ittehad/Documents/Coding/Python/Turing/Tester_cpp_codebench/tasks/303997/build/model7_tests
/Users/ittehad/Documents/Coding/Python/Turing/Tester_cpp_codebench/tasks/303997/build/Release/model7_tests
/Users/ittehad/Documents/Coding/Python/Turing/Tester_cpp_codebench/tasks/303997/build/Release/model7_tests
/Users/ittehad/Documents/Coding/Python/Turing/Tester_cpp_codebench/tasks/303997/build/Debug/model7_tests
/Users/ittehad/Documents/Coding/Python/Turing/Tester_cpp_codebench/tasks/303997/build/Debug/model7_tests
/Users/ittehad/Documents/Coding/Python/Turing/Tester_cpp_codebench/tasks/303997/build/MinSizeRel/model7_tests
/Users/ittehad/Documents/Coding/Python/Turing/Tester_cpp_codebench/tasks/303997/build/MinSizeRel/model7_tests
/Users/ittehad/Documents/Coding/Python/Turing/Tester_cpp_codebench/tasks/303997/build/RelWithDebInfo/model7_tests
/Users/ittehad/Documents/Coding/Python/Turing/Tester_cpp_codebench/tasks/303997/build/RelWithDebInfo/model7_tests
/Users/ittehad/Documents/Coding/Python/Turing/Tester_cpp_codebench/tasks/303997/build/Deployment/model7_tests
/Users/ittehad/Documents/Coding/Python/Turing/Tester_cpp_codebench/tasks/303997/build/Deployment/model7_tests
/Users/ittehad/Documents/Coding/Python/Turing/Tester_cpp_codebench/tasks/303997/build/Development/model7_tests
/Users/ittehad/Documents/Coding/Python/Turing/Tester_cpp_codebench/tasks/303997/build/Development/model7_tests
Users/ittehad/Documents/Coding/Python/Turing/Tester_cpp_codebench/tasks/303997/build/model7_tests
Users/ittehad/Documents/Coding/Python/Turing/Tester_cpp_codebench/tasks/303997/build/model7_tests
Users/ittehad/Documents/Coding/Python/Turing/Tester_cpp_codebench/tasks/303997/build/Release/model7_tests
Users/ittehad/Documents/Coding/Python/Turing/Tester_cpp_codebench/tasks/303997/build/Release/model7_tests
Users/ittehad/Documents/Coding/Python/Turing/Tester_cpp_codebench/tasks/303997/build/Debug/model7_tests
Users/ittehad/Documents/Coding/Python/Turing/Tester_cpp_codebench/tasks/303997/build/Debug/model7_tests
Users/ittehad/Documents/Coding/Python/Turing/Tester_cpp_codebench/tasks/303997/build/MinSizeRel/model7_tests
Users/ittehad/Documents/Coding/Python/Turing/Tester_cpp_codebench/tasks/303997/build/MinSizeRel/model7_tests
Users/ittehad/Documents/Coding/Python/Turing/Tester_cpp_codebench/tasks/303997/build/RelWithDebInfo/model7_tests
Users/ittehad/Documents/Coding/Python/Turing/Tester_cpp_codebench/tasks/303997/build/RelWithDebInfo/model7_tests
Users/ittehad/Documents/Coding/Python/Turing/Tester_cpp_codebench/tasks/303997/build/Deployment/model7_tests
Users/ittehad/Documents/Coding/Python/Turing/Tester_cpp_codebench/tasks/303997/build/Deployment/model7_tests
Users/ittehad/Documents/Coding/Python/Turing/Tester_cpp_codebench/tasks/303997/build/Development/model7_tests
Users/ittehad/Documents/Coding/Python/Turing/Tester_cpp_codebench/tasks/303997/build/Development/model7_tests
Unable to find executable: /Users/ittehad/Documents/Coding/Python/Turing/Tester_cpp_codebench/tasks/303997/build/model7_tests
 9/11 Test  #9: model7_tests .....................***Not Run   0.00 sec
      Start 10: model8_tests
10/11 Test #10: model8_tests .....................   Passed    0.02 sec
      Start 11: model9_tests
11/11 Test #11: model9_tests .....................   Passed    0.02 sec

36% tests passed, 7 tests failed out of 11

Total Test time (real) =   0.11 sec

The following tests FAILED:
	  1 - incorrect_solution_tests (Failed)
	  3 - model10_tests (Not Run)
	  5 - model3_tests (Not Run)
	  6 - model4_tests (Not Run)
	  7 - model5_tests (Not Run)
	  8 - model6_tests (Not Run)
	  9 - model7_tests (Not Run)
Errors while running CTest
Output from these tests are in: /Users/ittehad/Documents/Coding/Python/Turing/Tester_cpp_codebench/tasks/303997/build/Testing/Temporary/LastTest.log
Use "--rerun-failed --output-on-failure" to re-run the failed cases verbosely.
