Unable to find executable: /Users/ittehad/Documents/Coding/Python/Turing/Tester_cpp_codebench/tasks/474263/build/incorrect_solution_tests
UpdateCTestConfiguration  from :/Users/ittehad/Documents/Coding/Python/Turing/Tester_cpp_codebench/tasks/474263/build/DartConfiguration.tcl
UpdateCTestConfiguration  from :/Users/ittehad/Documents/Coding/Python/Turing/Tester_cpp_codebench/tasks/474263/build/DartConfiguration.tcl
Test project /Users/ittehad/Documents/Coding/Python/Turing/Tester_cpp_codebench/tasks/474263/build
Constructing a list of tests
Done constructing a list of tests
Updating test list for fixtures
Added 0 tests to meet fixture requirements
Checking test dependency graph...
Checking test dependency graph end
test 1
      Start  1: incorrect_solution_tests
Could not find executable /Users/ittehad/Documents/Coding/Python/Turing/Tester_cpp_codebench/tasks/474263/build/incorrect_solution_tests
Looked in the following places:
Users/ittehad/Documents/Coding/Python/Turing/Tester_cpp_codebench/tasks/474263/build/incorrect_solution_tests
Users/ittehad/Documents/Coding/Python/Turing/Tester_cpp_codebench/tasks/474263/build/incorrect_solution_tests
Users/ittehad/Documents/Coding/Python/Turing/Tester_cpp_codebench/tasks/474263/build/Release/incorrect_solution_tests
Users/ittehad/Documents/Coding/Python/Turing/Tester_cpp_codebench/tasks/474263/build/Release/incorrect_solution_tests
Users/ittehad/Documents/Coding/Python/Turing/Tester_cpp_codebench/tasks/474263/build/Debug/incorrect_solution_tests
Users/ittehad/Documents/Coding/Python/Turing/Tester_cpp_codebench/tasks/474263/build/Debug/incorrect_solution_tests
Users/ittehad/Documents/Coding/Python/Turing/Tester_cpp_codebench/tasks/474263/build/MinSizeRel/incorrect_solution_tests
Users/ittehad/Documents/Coding/Python/Turing/Tester_cpp_codebench/tasks/474263/build/MinSizeRel/incorrect_solution_tests
Users/ittehad/Documents/Coding/Python/Turing/Tester_cpp_codebench/tasks/474263/build/RelWithDebInfo/incorrect_solution_tests
Users/ittehad/Documents/Coding/Python/Turing/Tester_cpp_codebench/tasks/474263/build/RelWithDebInfo/incorrect_solution_tests
Users/ittehad/Documents/Coding/Python/Turing/Tester_cpp_codebench/tasks/474263/build/Deployment/incorrect_solution_tests
Users/ittehad/Documents/Coding/Python/Turing/Tester_cpp_codebench/tasks/474263/build/Deployment/incorrect_solution_tests
Users/ittehad/Documents/Coding/Python/Turing/Tester_cpp_codebench/tasks/474263/build/Development/incorrect_solution_tests
Users/ittehad/Documents/Coding/Python/Turing/Tester_cpp_codebench/tasks/474263/build/Development/incorrect_solution_tests

1: Test command: 
1: Working Directory: /Users/ittehad/Documents/Coding/Python/Turing/Tester_cpp_codebench/tasks/474263/build
 1/11 Test  #1: incorrect_solution_tests .........***Not Run   0.00 sec
test 2
      Start  2: model1_tests
Could not find executable /Users/ittehad/Documents/Coding/Python/Turing/Tester_cpp_codebench/tasks/474263/build/model1_tests
Looked in the following places:
Users/ittehad/Documents/Coding/Python/Turing/Tester_cpp_codebench/tasks/474263/build/model1_tests
Users/ittehad/Documents/Coding/Python/Turing/Tester_cpp_codebench/tasks/474263/build/model1_tests
Users/ittehad/Documents/Coding/Python/Turing/Tester_cpp_codebench/tasks/474263/build/Release/model1_tests
Users/ittehad/Documents/Coding/Python/Turing/Tester_cpp_codebench/tasks/474263/build/Release/model1_tests
Users/ittehad/Documents/Coding/Python/Turing/Tester_cpp_codebench/tasks/474263/build/Debug/model1_tests
Users/ittehad/Documents/Coding/Python/Turing/Tester_cpp_codebench/tasks/474263/build/Debug/model1_tests
Users/ittehad/Documents/Coding/Python/Turing/Tester_cpp_codebench/tasks/474263/build/MinSizeRel/model1_tests
Users/ittehad/Documents/Coding/Python/Turing/Tester_cpp_codebench/tasks/474263/build/MinSizeRel/model1_tests
Users/ittehad/Documents/Coding/Python/Turing/Tester_cpp_codebench/tasks/474263/build/RelWithDebInfo/model1_tests
Users/ittehad/Documents/Coding/Python/Turing/Tester_cpp_codebench/tasks/474263/build/RelWithDebInfo/model1_tests
Users/ittehad/Documents/Coding/Python/Turing/Tester_cpp_codebench/tasks/474263/build/Deployment/model1_tests
Users/ittehad/Documents/Coding/Python/Turing/Tester_cpp_codebench/Unable to find executable: /Users/ittehad/Documents/Coding/Python/Turing/Tester_cpp_codebench/tasks/474263/build/model1_tests
Unable to find executable: /Users/ittehad/Documents/Coding/Python/Turing/Tester_cpp_codebench/tasks/474263/build/model3_tests
tasks/474263/build/Deployment/model1_tests
Users/ittehad/Documents/Coding/Python/Turing/Tester_cpp_codebench/tasks/474263/build/Development/model1_tests
Users/ittehad/Documents/Coding/Python/Turing/Tester_cpp_codebench/tasks/474263/build/Development/model1_tests

2: Test command: 
2: Working Directory: /Users/ittehad/Documents/Coding/Python/Turing/Tester_cpp_codebench/tasks/474263/build
 2/11 Test  #2: model1_tests .....................***Not Run   0.00 sec
test 3
      Start  3: model10_tests

3: Test command: /Users/ittehad/Documents/Coding/Python/Turing/Tester_cpp_codebench/tasks/474263/build/model10_tests
3: Working Directory: /Users/ittehad/Documents/Coding/Python/Turing/Tester_cpp_codebench/tasks/474263/build
3: Test timeout computed to be: 5
3: Running main() from /Users/ittehad/Documents/Coding/Python/Turing/Tester_cpp_codebench/tasks/474263/build/_deps/googletest-src/googletest/src/gtest_main.cc
3: [==========] Running 6 tests from 1 test suite.
3: [----------] Global test environment set-up.
3: [----------] 6 tests from GarbageCollectorTest
3: [ RUN      ] GarbageCollectorTest.SweepFunction
3: [       OK ] GarbageCollectorTest.SweepFunction (0 ms)
3: [ RUN      ] GarbageCollectorTest.DetectCycleFunction
3: [       OK ] GarbageCollectorTest.DetectCycleFunction (0 ms)
3: [ RUN      ] GarbageCollectorTest.CycleDetection
3: [       OK ] GarbageCollectorTest.CycleDetection (0 ms)
3: [ RUN      ] GarbageCollectorTest.CompactMemoryFunction
3: /Users/ittehad/Documents/Coding/Python/Turing/Tester_cpp_codebench/tasks/474263/test.cpp:118: Failure
3: Expected equality of these values:
3:   sizeBeforeCompaction
3:     Which is: 5
3:   gc->allocatedObjects.size()
3:     Which is: 0
3: 
3: [  FAILED  ] GarbageCollectorTest.CompactMemoryFunction (0 ms)
3: [ RUN      ] GarbageCollectorTest.MarkAllFunction
3: [       OK ] GarbageCollectorTest.MarkAllFunction (0 ms)
3: [ RUN      ] GarbageCollectorTest.HandleCircularReferencesFunction
3: /Users/ittehad/Documents/Coding/Python/Turing/Tester_cpp_codebench/tasks/474263/test.cpp:157: Failure
3: Expected equality of these values:
3:   gc->allocatedObjects.size()
3:     Which is: 3
3:   0
3: 
3: [  FAILED  ] GarbageCollectorTest.HandleCircularReferencesFunction (0 ms)
3: [----------] 6 tests from GarbageCollectorTest (0 ms total)
3: 
3: [----------] Global test environment tear-down
3: [==========] 6 tests from 1 test suite ran. (0 ms total)
3: [  PASSED  ] 4 tests.
3: [  FAILED  ] 2 tests, listed below:
3: [  FAILED  ] GarbageCollectorTest.CompactMemoryFunction
3: [  FAILED  ] GarbageCollectorTest.HandleCircularReferencesFunction
3: 
3:  2 FAILED TESTS
 3/11 Test  #3: model10_tests ....................***Failed    0.33 sec
test 4
      Start  4: model2_tests

4: Test command: /Users/ittehad/Documents/Coding/Python/Turing/Tester_cpp_codebench/tasks/474263/build/model2_tests
4: Working Directory: /Users/ittehad/Documents/Coding/Python/Turing/Tester_cpp_codebench/tasks/474263/build
4: Test timeout computed to be: 5
4: Running main() from /Users/ittehad/Documents/Coding/Python/Turing/Tester_cpp_codebench/tasks/474263/build/_deps/googletest-src/googletest/src/gtest_main.cc
4: [==========] Running 6 tests from 1 test suite.
4: [----------] Global test environment set-up.
4: [----------] 6 tests from GarbageCollectorTest
4: [ RUN      ] GarbageCollectorTest.SweepFunction
4: [       OK ] GarbageCollectorTest.SweepFunction (0 ms)
4: [ RUN      ] GarbageCollectorTest.DetectCycleFunction
 4/11 Test  #4: model2_tests .....................***Timeout   5.28 sec
test 5
      Start  5: model3_tests
Could not find executable /Users/ittehad/Documents/Coding/Python/Turing/Tester_cpp_codebench/tasks/474263/build/model3_tests
Looked in the following places:
Users/ittehad/Documents/Coding/Python/Turing/Tester_cpp_codebench/tasks/474263/build/model3_tests
Users/ittehad/Documents/Coding/Python/Turing/Tester_cpp_codebench/tasks/474263/build/model3_tests
Users/ittehad/Documents/Coding/Python/Turing/Tester_cpp_codebench/tasks/474263/build/Release/model3_tests
Users/ittehad/Documents/Coding/Python/Turing/Tester_Unable to find executable: /Users/ittehad/Documents/Coding/Python/Turing/Tester_cpp_codebench/tasks/474263/build/model4_tests
cpp_codebench/tasks/474263/build/Release/model3_tests
Users/ittehad/Documents/Coding/Python/Turing/Tester_cpp_codebench/tasks/474263/build/Debug/model3_tests
Users/ittehad/Documents/Coding/Python/Turing/Tester_cpp_codebench/tasks/474263/build/Debug/model3_tests
Users/ittehad/Documents/Coding/Python/Turing/Tester_cpp_codebench/tasks/474263/build/MinSizeRel/model3_tests
Users/ittehad/Documents/Coding/Python/Turing/Tester_cpp_codebench/tasks/474263/build/MinSizeRel/model3_tests
Users/ittehad/Documents/Coding/Python/Turing/Tester_cpp_codebench/tasks/474263/build/RelWithDebInfo/model3_tests
Users/ittehad/Documents/Coding/Python/Turing/Tester_cpp_codebench/tasks/474263/build/RelWithDebInfo/model3_tests
Users/ittehad/Documents/Coding/Python/Turing/Tester_cpp_codebench/tasks/474263/build/Deployment/model3_tests
Users/ittehad/Documents/Coding/Python/Turing/Tester_cpp_codebench/tasks/474263/build/Deployment/model3_tests
Users/ittehad/Documents/Coding/Python/Turing/Tester_cpp_codebench/tasks/474263/build/Development/model3_tests
Users/ittehad/Documents/Coding/Python/Turing/Tester_cpp_codebench/tasks/474263/build/Development/model3_tests

5: Test command: 
5: Working Directory: /Users/ittehad/Documents/Coding/Python/Turing/Tester_cpp_codebench/tasks/474263/build
 5/11 Test  #5: model3_tests .....................***Not Run   0.00 sec
test 6
      Start  6: model4_tests
Could not find executable /Users/ittehad/Documents/Coding/Python/Turing/Tester_cpp_codebench/tasks/474263/build/model4_tests
Looked in the following places:
Users/ittehad/Documents/Coding/Python/Turing/Tester_cpp_codebench/tasks/474263/build/model4_tests
Users/ittehad/Documents/Coding/Python/Turing/Tester_cpp_codebench/tasks/474263/build/model4_tests
Users/ittehad/Documents/Coding/Python/Turing/Tester_cpp_codebench/tasks/474263/build/Release/model4_tests
Users/ittehad/Documents/Coding/Python/Turing/Tester_cpp_codebench/tasks/474263/build/Release/model4_tests
Users/ittehad/Documents/Coding/Python/Turing/Tester_cpp_codebench/tasks/474263/build/Debug/model4_tests
Users/ittehad/Documents/Coding/Python/Turing/Tester_cpp_codebench/tasks/474263/build/Debug/model4_tests
Users/ittehad/Documents/Coding/Python/Turing/Tester_cpp_codebench/tasks/474263/build/MinSizeRel/model4_tests
Users/ittehad/Documents/Coding/Python/Turing/Tester_cpp_codebench/tasks/474263/build/MinSizeRel/model4_tests
Users/ittehad/Documents/Coding/Python/Turing/Tester_cpp_codebench/tasks/474263/build/RelWithDebInfo/model4_tests
Users/ittehad/Documents/Coding/Python/Turing/Tester_cpp_codebench/tasks/474263/build/RelWithDebInfo/model4_tests
Users/ittehad/Documents/Coding/Python/Turing/Tester_cpp_codebench/tasks/474263/build/Deployment/model4_tests
Users/ittehad/Documents/Coding/Python/Turing/Tester_cpp_codebench/tasks/474263/build/Deployment/model4_tests
Users/ittehad/Documents/Coding/Python/Turing/Tester_cpp_codebench/tasks/474263/build/Development/model4_tests
Users/ittehad/Documents/Coding/Python/Turing/Tester_cpp_codebench/tasks/474263/build/Development/model4_tests

6: Test command: 
6: Working Directory: /Users/ittehad/Documents/Coding/Python/Turing/Tester_cpp_codebench/tasks/474263/build
 6/11 Test  #6: model4_tests .....................***Not Run   0.00 sec
test 7
      Start  7: model5_tests

7: Test command: /Users/ittehad/Documents/Coding/Python/Turing/Tester_cpp_codebench/tasks/474263/build/model5_tests
7: Working Directory: /Users/ittehad/Documents/Coding/Python/Turing/Tester_cpp_codebench/tasks/474263/build
7: Test timeout computed to be: 5
7: Running main() from /Users/ittehad/Documents/Coding/Python/Turing/Tester_cpp_codebench/tasks/474263/build/_deps/googletest-src/googletest/src/gtest_main.cc
7: [==========] Running 6 tests from 1 test suite.
7: [----------] Global test environment set-up.
7: [----------] 6 tests from GarbageCollectorTest
7: [ RUN      ] GarbageCollectorTest.SweepFunction
7: [       OK ] GarbageCollectorTest.SweepFunction (0 ms)
7: [ RUN      ] GarbageCollectorTest.DetectCycleFunction
 7/11 Test  #7: model5_tests .....................***Timeout   5.03 sec
test 8
      Start  8: model6_tests

8: Test command: /Users/ittehad/Documents/Coding/Python/Turing/Tester_cpp_codebench/tasks/474263/build/model6_tests
8: Working Directory: /Users/ittehad/Documents/Coding/Python/Turing/Tester_cpp_codebench/tasks/474263/build
8: Test timeout computed to be: 5
8: Running main() from /Users/ittehad/Documents/Coding/Python/Turing/Tester_cpp_codebench/tasks/474263/build/_deps/googletest-src/googletest/src/gtest_main.cc
8: [==========] Running 6 tests from 1 test suite.
8: [----------] Global test environment set-up.
8: [----------] 6 tests from GarbageCollectorTest
8: [ RUN      ] GarbageCollectorTest.SweepFunction
8: [       OK ] GarbageCollectorTest.SweepFunction (0 ms)
8: [ RUN      ] GarbageCollectorTest.DetectCycleFunction
8: [       OK ] GarbageCollectorTest.DetectCycleFunction (0 ms)
8: [ RUN      ] GarbageCollectorTest.CycleDetection
8: [       OK ] GarbageCollectorTest.CycleDetection (0 ms)
8: [ RUN      ] GarbageCollectorTest.CompactMemoryFunction
8: /Users/ittehad/Documents/Coding/Python/Turing/Tester_cpp_codebench/tasks/474263/test.cpp:118: Failure
8: Expected equality of these values:
8:   sizeBeforeCompaction
8:     Which is: 5
8:   gc->allocatedObjects.size()
8:     Which is: 0
8: 
8: [  FAILED  ] GarbageCollectorTest.CompactMemoryFunction (0 ms)
8: [ RUN      ] GarbageCollectorTest.MarkAllFunction
8: [       OK ] GarbageCollectorTest.MarkAllFunction (0 ms)
8: [ RUN      ] GarbageCollectorTest.HandleCircularReferencesFunction
8: [       OK ] GarbageCollectorTest.HandleCircularReferencesFunction (0 ms)
8: [----------] 6 tests from GarbageCollectorTest (0 ms total)
8: 
8: [----------] Global test environment tear-down
8: [==========] 6 tests from 1 test suite ran. (0 ms total)
8: [  PASSED  ] 5 tests.
8: [  FAILED  ] 1 test, listed below:
8: [  FAILED  ] GarbageCollectorTest.CompactMemoryFunction
8: 
8:  1 FAILED TEST
 8/11 Test  #8: model6_tests .....................***Failed    0.46 sec
test 9
      Start  9: model7_tests

9: Test command: /Users/ittehad/Documents/Coding/Python/Turing/Tester_cpp_codebench/tasks/474263/build/model7_tests
9: Working Directory: /Users/ittehad/Documents/Coding/Python/Turing/Tester_cpp_codebench/tasks/474263/build
9: Test timeout computed to be: 5
9: Running main() from /Users/ittehad/Documents/Coding/Python/Turing/Tester_cpp_codebench/tasks/474263/build/_deps/googletest-src/googletest/src/gtest_main.cc
9: [==========] Running 6 tests from 1 test suite.
9: [----------] Global test environment set-up.
9: [----------] 6 tests from GarbageCollectorTest
9: [ RUN      ] GarbageCollectorTest.SweepFunction
9: [       OK ] GarbageCollectorTest.SweepFunction (0 ms)
9: [ RUN      ] GarbageCollectorTest.DetectCycleFunction
9: [       OK ] GarbageCollectorTest.DetectCycleFunction (0 ms)
9: [ RUN      ] GarbageCollectorTest.CycleDetection
9: [       OK ] GarbageCollectorTest.CycleDetection (0 ms)
9: [ RUN      ] GarbageCollectorTest.CompactMemoryFunction
9: /Users/ittehad/Documents/Coding/Python/Turing/Tester_cpp_codebench/tasks/474263/test.cpp:118: Failure
9: Expected equality of these values:
9:   sizeBeforeCompaction
9:     Which is: 5
9:   gc->allocatedObjects.size()
9:     Which is: 0
9: 
9: [  FAILED  ] GarbageCollectorTest.CompactMemoryFunction (0 ms)
9: [ RUN      ] GarbageCollectorTest.MarkAllFunction
9: [       OK ] GarbageCollectorTest.MarkAllFunction (0 ms)
9: [ RUN      ] GarbageCollectorTest.HandleCircularReferencesFunction
9: [       OK ] GarbageCollectorTest.HandleCircularReferencesFunction (0 ms)
9: [----------] 6 tests from GarbageCollectorTest (0 ms total)
9: 
9: [----------] Global test environment tear-down
9: [==========] 6 tests from 1 test suite ran. (0 ms total)
9: [  PASSED  ] 5 tests.
9: [  FAILED  ] 1 test, listed below:
9: [  FAILED  ] GarbageCollectorTest.CompactMemoryFunction
9: 
9:  1 FAILED TEST
 9/11 Test  #9: model7_tests .....................***Failed    0.40 sec
test 10
      Start 10: model8_tests

10: Test command: /Users/ittehad/Documents/Coding/Python/Turing/Tester_cpp_codebench/tasks/474263/build/model8_tests
10: Working Directory: /Users/ittehad/Documents/Coding/Python/Turing/Tester_cpp_codebench/tasks/474263/build
10: Test timeout computed to be: 5
10: Running main() from /Users/ittehad/Documents/Coding/Python/Turing/Tester_cpp_codebench/tasks/474263/build/_deps/googletest-src/googletest/src/gtest_main.cc
10: [==========] Running 6 tests from 1 test suite.
10: [----------] Global test environment set-up.
10: [----------] 6 tests from GarbageCollectorTest
10: [ RUN      ] GarbageCollectorTest.SweepFunction
10: [       OK ] GarbageCollectorTest.SweepFunction (0 ms)
10: [ RUN      ] GarbageCollectorTest.DetectCycleFunction
10: [       OK ] GarbageCollectorTest.DetectCycleFunction (0 ms)
10: [ RUN      ] GarbageCollectorTest.CycleDetection
10: [       OK ] GarbageCollectorTest.CycleDetection (0 ms)
10: [ RUN      ] GarbageCollectorTest.CompactMemoryFunction
10: /Users/ittehad/Documents/Coding/Python/Turing/Tester_cpp_codebench/tasks/474263/test.cpp:117: Failure
10: Value of: contiguous
10:   Actual: false
10: Expected: true
10: 
10: [  FAILED  ] GarbageCollectorTest.CompactMemoryFunction (0 ms)
10: [ RUN      ] GarbageCollectorTest.MarkAllFunction
10: [       OK ] GarbageCollectorTest.MarkAllFunction (0 ms)
10: [ RUN      ] GarbageCollectorTest.HandleCircularReferencesFunction
10: [       OK ] GarbageCollectorTest.HandleCircularReferencesFunction (0 ms)
10: [----------] 6 tests from GarbageCollectorTest (0 ms total)
10: 
10: [----------] Global test environment tear-down
10: [==========] 6 tests from 1 test suite ran. (0 ms total)
10: [  PASSED  ] 5 tests.
10: [  FAILED  ] 1 test, listed below:
10: [  FAILED  ] GarbageCollectorTest.CompactMemoryFunction
10: 
10:  1 FAILED TEST
10/11 Test #10: model8_tests .....................***Failed    0.32 sec
test 11
      Start 11: model9_tests

11: Test command: /Users/ittehad/Documents/Coding/Python/Turing/Tester_cpp_codebench/tasks/474263/build/model9_tests
11: Working Directory: /Users/ittehad/Documents/Coding/Python/Turing/Tester_cpp_codebench/tasks/474263/build
11: Test timeout computed to be: 5
11: Running main() from /Users/ittehad/Documents/Coding/Python/Turing/Tester_cpp_codebench/tasks/474263/build/_deps/googletest-src/googletest/src/gtest_main.cc
11: [==========] Running 6 tests from 1 test suite.
11: [----------] Global test environment set-up.
11: [----------] 6 tests from GarbageCollectorTest
11: [ RUN      ] GarbageCollectorTest.SweepFunction
11: [       OK ] GarbageCollectorTest.SweepFunction (0 ms)
11: [ RUN      ] GarbageCollectorTest.DetectCycleFunction
11: [       OK ] GarbageCollectorTest.DetectCycleFunction (0 ms)
11: [ RUN      ] GarbageCollectorTest.CycleDetection
11: [       OK ] GarbageCollectorTest.CycleDetection (0 ms)
11: [ RUN      ] GarbageCollectorTest.CompactMemoryFunction
11: /Users/ittehad/Documents/Coding/Python/Turing/Tester_cpp_codebench/tasks/474263/test.cpp:118: Failure
11: Expected equality of these values:
11:   sizeBeforeCompaction
11:     Which is: 5
11:   gc->allocatedObjects.size()
11:     Which is: 0
11: 
11: [  FAILED  ] GarbageCollectorTest.CompactMemoryFunction (0 ms)
11: [ RUN      ] GarbageCollectorTest.MarkAllFunction
11: [       OK ] GarbageCollectorTest.MarkAllFunction (0 ms)
11: [ RUN      ] GarbageCollectorTest.HandleCircularReferencesFunction
11: [       OK ] GarbageCollectorTest.HandleCircularReferencesFunction (0 ms)
11: [----------] 6 tests from GarbageCollectorTest (0 ms total)
11: 
11: [----------] Global test environment tear-down
11: [==========] 6 tests from 1 test suite ran. (0 ms total)
11: [  PASSED  ] 5 tests.
11: [  FAILED  ] 1 test, listed below:
11: [  FAILED  ] GarbageCollectorTest.CompactMemoryFunction
11: 
11:  1 FAILED TEST
11/11 Test #11: model9_tests .....................***Failed    0.31 sec

0% tests passed, 11 tests failed out of 11

Total Test time (real) =  12.19 sec

The following tests FAILED:
	  1 - incorrect_solution_tests (Not Run)
	  2 - model1_tests (Not Run)
	  3 - model10_tests (Failed)
	  4 - model2_tests (Timeout)
	  5 - model3_tests (Not Run)
	  6 - model4_tests (Not Run)
	  7 - model5_tests (Timeout)
	  8 - model6_tests (FErrors while running CTest
Output from these tests are in: /Users/ittehad/Documents/Coding/Python/Turing/Tester_cpp_codebench/tasks/474263/build/Testing/Temporary/LastTest.log
Use "--rerun-failed --output-on-failure" to re-run the failed cases verbosely.
ailed)
	  9 - model7_tests (Failed)
	 10 - model8_tests (Failed)
	 11 - model9_tests (Failed)
Test project /Users/ittehad/Documents/Coding/Python/Turing/Tester_cpp_codebench/tasks/474263/build
      Start  1: incorrect_solution_tests
Could not find executable /Users/ittehad/Documents/Coding/Python/Turing/Tester_cpp_codebench/tasks/474263/build/incorrect_solution_tests
Looked in the following places:
/Users/ittehad/Documents/Coding/Python/Turing/Tester_cpp_codebench/tasks/474263/build/incorrect_solution_tests
/Users/ittehad/Documents/Coding/Python/Turing/Tester_cpp_codebench/tasks/474263/build/incorrect_solution_tests
/Users/ittehad/Documents/Coding/Python/Turing/Tester_cpp_codebench/tasks/474263/build/Release/incorrect_solution_tests
/Users/ittehad/Documents/Coding/Python/Turing/Tester_cpp_codebench/tasks/474263/build/Release/incorrect_solution_tests
/Users/ittehad/Documents/Coding/Python/Turing/Tester_cpp_codebench/tasks/474263/build/Debug/incorrect_solution_tests
/Users/ittehad/Documents/Coding/Python/Turing/Tester_cpp_codebench/tasks/474263/build/Debug/incorrect_solution_tests
/Users/ittehad/Documents/Coding/Python/Turing/Tester_cpp_codebench/tasks/474263/build/MinSizeRel/incorrect_solution_tests
/Users/ittehad/Documents/Coding/Python/Turing/Tester_cpp_codebench/tasks/474263/build/MinSizeRel/incorrect_solution_tests
/Users/ittehad/Documents/Coding/Python/Turing/Tester_cpp_codebench/tasks/474263/build/RelWithDebInfo/incorrect_solution_tests
/Users/ittehad/Documents/Coding/Python/Turing/Tester_cpp_codebench/tasks/474263/build/RelWithDebInfo/incorrect_solution_tests
/Users/ittehad/Documents/Coding/Python/Turing/Tester_cpp_codebench/tasks/474263/build/Deployment/incorrect_solution_tests
/Users/ittehad/Documents/Coding/Python/Turing/Tester_cpp_codebench/tasks/474263/build/Deployment/incorrect_solution_tests
/Users/ittehad/Documents/Coding/Python/Turing/Tester_cpp_codebench/tasks/474263/build/Development/incorrect_solution_tests
/Users/ittehad/Documents/Coding/Python/Turing/Tester_cpp_codebench/tasks/474263/build/Development/incorrect_solution_tests
Users/ittehad/Documents/Coding/Python/Turing/Tester_cpp_codebench/tasks/474263/build/incorrect_solution_tests
Users/ittehad/Documents/Coding/Python/Turing/Tester_cpp_codebench/tasks/474263/build/incorrect_solution_tests
Users/ittehad/Documents/Coding/Python/Turing/Tester_cpp_codebench/tasks/474263/build/Release/incorrect_solution_tests
Users/ittehad/Documents/Coding/Python/Turing/Tester_cpp_codebench/tasks/474263/build/Release/incorrect_solution_tests
Users/ittehad/Documents/Coding/Python/Turing/Tester_cpp_codebench/tasks/474263/build/Debug/incorrect_solution_tests
Users/ittehad/Documents/Coding/Python/Turing/Tester_cpp_codebench/tasks/474263/build/Debug/incorrect_solution_tests
Users/ittehad/Documents/Coding/Python/Turing/Tester_cpp_codebench/tasks/474263/build/MinSizeRel/incorrect_solution_tests
Users/ittehad/Documents/Coding/Python/Turing/Tester_cpp_codebench/tasks/474263/build/MinSizeRel/incorrect_solution_tests
Users/ittehad/Documents/Coding/Python/Turing/Tester_cpp_codebench/tasks/474263/build/RelWithDebInfo/incorrect_solution_tests
Users/ittehad/Documents/Coding/Python/Turing/Tester_cpp_codebench/tasks/474263/build/RelWithDebInfo/incorrect_solution_tests
Users/ittehad/Documents/Coding/Python/Turing/Tester_cpp_codebench/tasks/474263/build/Deployment/incorrect_solution_tests
Users/ittehad/Documents/Coding/Python/Turing/Tester_cpp_codebench/tasks/474263/build/Deployment/incorrect_solution_tests
Users/ittehad/Documents/Coding/Python/Turing/Tester_cpp_codebench/tasks/474263/build/Development/incorrect_solution_tests
Users/ittehad/Documents/Coding/Python/Turing/Tester_cpp_codebench/tasks/474263/build/Development/incorrect_solution_tests
Unable to find executable: /Users/ittehad/Documents/Coding/Python/Turing/Tester_cpp_codebench/tasks/474263/build/incorrect_solution_tests
 1/11 Test  #1: incorrect_solution_tests .........***Not Run   0.00 sec
      Start  2: model1_tests
Could not find executable /Users/ittehad/Documents/Coding/Python/Turing/Tester_cpp_codebench/tasks/474263/build/model1_tests
Looked in the following places:
/Users/ittehad/Documents/Coding/Python/Turing/Tester_cpp_codebench/tasks/474263/build/model1_tests
/Users/ittehad/Documents/Coding/Python/Turing/Tester_cpp_codebench/tasks/474263/build/model1_tests
/Users/ittehad/Documents/Coding/Python/Turing/Tester_cpp_codebench/tasks/474263/build/Release/model1_tests
/Users/ittehad/Documents/Coding/Python/Turing/Tester_cpp_codebench/tasks/474263/build/Release/model1_tests
/Users/ittehad/Documents/Coding/Python/Turing/Tester_cpp_codebench/tasks/474263/build/Debug/model1_tests
/Users/ittehad/Documents/Coding/Python/Turing/Tester_cpp_codebench/tasks/474263/build/Debug/model1_tests
/Users/ittehad/Documents/Coding/Python/Turing/Tester_cpp_codebench/tasks/474263/build/MinSizeRel/model1_tests
/Users/ittehad/Documents/Coding/Python/Turing/Tester_cpp_codebench/tasks/474263/build/MinSizeRel/model1_tests
/Users/ittehad/Documents/Coding/Python/Turing/Tester_cpp_codebench/tasks/474263/build/RelWithDebInfo/model1_tests
/Users/ittehad/Documents/Coding/Python/Turing/Tester_cpp_codebench/tasks/474263/build/RelWithDebInfo/model1_tests
/Users/ittehad/Documents/Coding/Python/Turing/Tester_cpp_codebench/tasks/474263/build/Deployment/model1_tests
/Users/ittehad/Documents/Coding/Python/Turing/Tester_cpp_codebench/tasks/474263/build/Deployment/model1_tests
/Users/ittehad/Documents/Coding/Python/Turing/Tester_cpp_codebench/tasks/474263/build/Development/model1_tests
/Users/ittehad/Documents/Coding/Python/Turing/Tester_cpp_codebench/tasks/474263/build/Development/model1_tests
Users/ittehad/Documents/Coding/Python/Turing/Tester_cpp_codebench/tasks/474263/build/model1_tests
Users/ittehad/Documents/Coding/Python/Turing/Tester_cpp_codebench/tasks/474263/build/model1_tests
Users/ittehad/Documents/Coding/Python/Turing/Tester_cpp_codebench/tasks/474263/build/Release/model1_tests
Users/ittehad/Documents/Coding/Python/Turing/Tester_cpp_codebench/tasks/474263/build/Release/model1_tests
Users/ittehad/Documents/Coding/Python/Turing/Tester_cpp_codebench/tasks/474263/build/Debug/model1_tests
Users/ittehad/Documents/Coding/Python/Turing/Tester_cpp_codebench/tasks/474263/build/Debug/model1_tests
Users/ittehad/Documents/Coding/Python/Turing/Tester_cpp_codebench/tasks/474263/build/MinSizeRel/model1_tests
Users/ittehad/Documents/Coding/Python/Turing/Tester_cpp_codebench/tasks/474263/build/MinSizeRel/model1_tests
Users/ittehad/Documents/Coding/Python/Turing/Tester_cpp_codebench/tasks/474263/build/RelWithDebInfo/model1_tests
Users/ittehad/Documents/Coding/Python/Turing/Tester_cpp_codebench/tasks/474263/build/RelWithDebInfo/model1_tests
Users/ittehad/Documents/Coding/Python/Turing/Tester_cpp_codebench/tasks/474263/build/Deployment/model1_tests
Users/ittehad/Documents/Coding/Python/Turing/Tester_cpp_codebench/tasks/474263/build/Deployment/model1_tests
Users/ittehad/Documents/Coding/Python/Turing/Tester_cpp_codebench/tasks/474263/build/Development/model1_tests
Users/ittehad/Documents/Coding/Python/Turing/Tester_cpp_codebench/tasks/474263/build/Development/model1_tests
Unable to find executable: /Users/ittehad/Documents/Coding/Python/Turing/Tester_cpp_codebench/tasks/474263/build/model1_tests
 2/11 Test  #2: model1_tests .....................***Not Run   0.00 sec
      Start  3: model10_tests
 3/11 Test  #3: model10_tests ....................***Failed    0.01 sec
      Start  4: model2_tests
 4/11 Test  #4: model2_tests .....................***Timeout   5.03 sec
      Start  5: model3_tests
Could not find executable /Users/ittehad/Documents/Coding/Python/Turing/Tester_cpp_codebench/tasks/474263/build/model3_tests
Looked in the following places:
/Users/ittehad/Documents/Coding/Python/Turing/Tester_cpp_codebench/tasks/474263/build/model3_tests
/Users/ittehad/Documents/Coding/Python/Turing/Tester_cpp_codebench/tasks/474263/build/model3_tests
/Users/ittehad/Documents/Coding/Python/Turing/Tester_cpp_codebench/tasks/474263/build/Release/model3_tests
/Users/ittehad/Documents/Coding/Python/Turing/Tester_cpp_codebench/tasks/474263/build/Release/model3_tests
/Users/ittehad/Documents/Coding/Python/Turing/Tester_cpp_codebench/tasks/474263/build/Debug/model3_tests
/Users/ittehad/Documents/Coding/Python/Turing/Tester_cpp_codebench/tasks/474263/build/Debug/model3_tests
/Users/ittehad/Documents/Coding/Python/Turing/Tester_cpp_codebench/tasks/474263/build/MinSizeRel/model3_tests
/Users/ittehad/Documents/Coding/Python/Turing/Tester_cpp_codebench/tasks/474263/build/MinSizeRel/model3_tests
/Users/ittehad/Documents/Coding/Python/Turing/Tester_cpp_codebench/tasks/474263/build/RelWithDebInfo/model3_tests
/Users/ittehad/Documents/Coding/Python/Turing/Tester_cpp_codebench/tasks/474263/build/RelWithDebInfo/model3_tests
/Users/ittehad/Documents/Coding/Python/Turing/Tester_cpp_codebench/tasks/474263/build/Deployment/model3_tests
/Users/ittehad/Documents/Coding/Python/Turing/Tester_cpp_codebench/tasks/474263/build/Deployment/model3_tests
/Users/ittehad/Documents/Coding/Python/Turing/Tester_cpp_codebench/tasks/474263/build/Development/model3_tests
/Users/ittehad/Documents/Coding/Python/Turing/Tester_cpp_codebench/tasks/474263/build/Development/model3_tests
Users/ittehad/Documents/Coding/Python/Turing/Tester_cpp_codebench/tasks/474263/build/model3_tests
Users/ittehad/Documents/Coding/Python/Turing/Tester_cpp_codebench/tasks/474263/build/model3_tests
Users/ittehad/Documents/Coding/Python/Turing/Tester_cpp_codebench/tasks/474263/build/Release/model3_tests
Users/ittehad/Documents/Coding/Python/Turing/Tester_cpp_codebench/tasks/474263/build/Release/model3_tests
Users/ittehad/Documents/Coding/Python/Turing/Tester_cpp_codebench/tasks/474263/build/Debug/model3_tests
Users/ittehad/Documents/Coding/Python/Turing/Tester_cpp_codebench/tasks/474263/build/Debug/model3_tests
Users/ittehad/Documents/Coding/Python/Turing/Tester_cpp_codebench/tasks/474263/build/MinSizeRel/model3_tests
Users/ittehad/Documents/Coding/Python/Turing/Tester_cpp_codebench/tasks/474263/build/MinSizeRel/model3_tests
Users/ittehad/Documents/Coding/Python/Turing/Tester_cpp_codebench/tasks/474263/build/RelWithDebInfo/model3_tests
Users/ittehad/Documents/Coding/Python/Turing/Tester_cpp_codebench/tasks/474263/build/RelWithDebInfo/model3_tests
Users/ittehad/Documents/Coding/Python/Turing/Tester_cpp_codebench/tasks/474263/build/Deployment/model3_tests
Users/ittehad/Documents/Coding/Python/Turing/Tester_cpp_codebench/tasks/474263/build/Deployment/model3_tests
Users/ittehad/Documents/Coding/Python/Turing/Tester_cpp_codebench/tasks/474263/build/Development/model3_tests
Users/ittehad/Documents/Coding/Python/Turing/Tester_cpp_codebench/tasks/474263/build/Development/model3_tests
Unable to find executable: /Users/ittehad/Documents/Coding/Python/Turing/Tester_cpp_codebench/tasks/474263/build/model3_tests
 5/11 Test  #5: model3_tests .....................***Not Run   0.00 sec
      Start  6: model4_tests
Could not find executable /Users/ittehad/Documents/Coding/Python/Turing/Tester_cpp_codebench/tasks/474263/build/model4_tests
Looked in the following places:
/Users/ittehad/Documents/Coding/Python/Turing/Tester_cpp_codebench/tasks/474263/build/model4_tests
/Users/ittehad/Documents/Coding/Python/Turing/Tester_cpp_codebench/tasks/474263/build/model4_tests
/Users/ittehad/Documents/Coding/Python/Turing/Tester_cpp_codebench/tasks/474263/build/Release/model4_tests
/Users/ittehad/Documents/Coding/Python/Turing/Tester_cpp_codebench/tasks/474263/build/Release/model4_tests
/Users/ittehad/Documents/Coding/Python/Turing/Tester_cpp_codebench/tasks/474263/build/Debug/model4_tests
/Users/ittehad/Documents/Coding/Python/Turing/Tester_cpp_codebench/tasks/474263/build/Debug/model4_tests
/Users/ittehad/Documents/Coding/Python/Turing/Tester_cpp_codebench/tasks/474263/build/MinSizeRel/model4_tests
/Users/ittehad/Documents/Coding/Python/Turing/Tester_cpp_codebench/tasks/474263/build/MinSizeRel/model4_tests
/Users/ittehad/Documents/Coding/Python/Turing/Tester_cpp_codebench/tasks/474263/build/RelWithDebInfo/model4_tests
/Users/ittehad/Documents/Coding/Python/Turing/Tester_cpp_codebench/tasks/474263/build/RelWithDebInfo/model4_tests
/Users/ittehad/Documents/Coding/Python/Turing/Tester_cpp_codebench/tasks/474263/build/Deployment/model4_tests
/Users/ittehad/Documents/Coding/Python/Turing/Tester_cpp_codebench/tasks/474263/build/Deployment/model4_tests
/Users/ittehad/Documents/Coding/Python/Turing/Tester_cpp_codebench/tasks/474263/build/Development/model4_tests
/Users/ittehad/Documents/Coding/Python/Turing/Tester_cpp_codebench/tasks/474263/build/Development/model4_tests
Users/ittehad/Documents/Coding/Python/Turing/Tester_cpp_codebench/tasks/474263/build/model4_tests
Users/ittehad/Documents/Coding/Python/Turing/Tester_cpp_codebench/tasks/474263/build/model4_tests
Users/ittehad/Documents/Coding/Python/Turing/Tester_cpp_codebench/tasks/474263/build/Release/model4_tests
Users/ittehad/Documents/Coding/Python/Turing/Tester_cpp_codebench/tasks/474263/build/Release/model4_tests
Users/ittehad/Documents/Coding/Python/Turing/Tester_cpp_codebench/tasks/474263/build/Debug/model4_tests
Users/ittehad/Documents/Coding/Python/Turing/Tester_cpp_codebench/tasks/474263/build/Debug/model4_tests
Users/ittehad/Documents/Coding/Python/Turing/Tester_cpp_codebench/tasks/474263/build/MinSizeRel/model4_tests
Users/ittehad/Documents/Coding/Python/Turing/Tester_cpp_codebench/tasks/474263/build/MinSizeRel/model4_tests
Users/ittehad/Documents/Coding/Python/Turing/Tester_cpp_codebench/tasks/474263/build/RelWithDebInfo/model4_tests
Users/ittehad/Documents/Coding/Python/Turing/Tester_cpp_codebench/tasks/474263/build/RelWithDebInfo/model4_tests
Users/ittehad/Documents/Coding/Python/Turing/Tester_cpp_codebench/tasks/474263/build/Deployment/model4_tests
Users/ittehad/Documents/Coding/Python/Turing/Tester_cpp_codebench/tasks/474263/build/Deployment/model4_tests
Users/ittehad/Documents/Coding/Python/Turing/Tester_cpp_codebench/tasks/474263/build/Development/model4_tests
Users/ittehad/Documents/Coding/Python/Turing/Tester_cpp_codebench/tasks/474263/build/Development/model4_tests
Unable to find executable: /Users/ittehad/Documents/Coding/Python/Turing/Tester_cpp_codebench/tasks/474263/build/model4_tests
 6/11 Test  #6: model4_tests .....................***Not Run   0.00 sec
      Start  7: model5_tests
 7/11 Test  #7: model5_tests .....................***Timeout   5.04 sec
      Start  8: model6_tests
 8/11 Test  #8: model6_tests .....................***Failed    0.01 sec
      Start  9: model7_tests
 9/11 Test  #9: model7_tests .....................***Failed    0.01 sec
      Start 10: model8_tests
10/11 Test #10: model8_tests .....................***Failed    0.01 sec
      Start 11: model9_tests
11/11 Test #11: model9_tests .....................***Failed    0.01 sec

0% tests passed, 11 tests failed out of 11

Total Test time (real) =  10.11 sec

The following tests FAILED:
	  1 - incorrect_solution_tests (Not Run)
	  2 - model1_tests (Not Run)
	  3 - model10_tests (Failed)
	  4 - model2_tests (Timeout)
	  5 - model3_tests (Not Run)
	  6 - model4_tests (Not Run)
	  7 - model5_tests (Timeout)
	  8 - model6_tests (Failed)
	  9 - model7_tests (Failed)
	 10 - model8_tests (Failed)
	 11 - model9_tests (Failed)
Errors while running CTest
Output from these tests are in: /Users/ittehad/Documents/Coding/Python/Turing/Tester_cpp_codebench/tasks/474263/build/Testing/Temporary/LastTest.log
Use "--rerun-failed --output-on-failure" to re-run the failed cases verbosely.
