UpdateCTestConfiguration  from :/Users/ittehad/Documents/Coding/Python/Turing/Tester_cpp_codebench/tasks/304055/build/DartConfiguration.tcl
UpdateCTestConfiguration  from :/Users/ittehad/Documents/Coding/Python/Turing/Tester_cpp_codebench/tasks/304055/build/DartConfiguration.tcl
Test project /Users/ittehad/Documents/Coding/Python/Turing/Tester_cpp_codebench/tasks/304055/build
Constructing a list of tests
Done constructing a list of tests
Updating test list for fixtures
Added 0 tests to meet fixture requirements
Checking test dependency graph...
Checking test dependency graph end
test 1
      Start  1: incorrect_solution_tests

1: Test command: /Users/ittehad/Documents/Coding/Python/Turing/Tester_cpp_codebench/tasks/304055/build/incorrect_solution_tests
1: Working Directory: /Users/ittehad/Documents/Coding/Python/Turing/Tester_cpp_codebench/tasks/304055/build
1: Test timeout computed to be: 5
1: Running main() from /Users/ittehad/Documents/Coding/Python/Turing/Tester_cpp_codebench/tasks/304055/build/_deps/googletest-src/googletest/src/gtest_main.cc
1: [==========] Running 5 tests from 1 test suite.
1: [----------] Global test environment set-up.
1: [----------] 5 tests from AVLTreeTest
1: [ RUN      ] AVLTreeTest.RotLeftSimple
1: [       OK ] AVLTreeTest.RotLeftSimple (0 ms)
1: [ RUN      ] AVLTreeTest.RotRightSimple
1: [       OK ] AVLTreeTest.RotRightSimple (0 ms)
1: [ RUN      ] AVLTreeTest.FixLeftWithLeftRightCase
1: [       OK ] AVLTreeTest.FixLeftWithLeftRightCase (0 ms)
1: [ RUN      ] AVLTreeTest.FixRightWithRightLeftCase
1: [       OK ] AVLTreeTest.FixRightWithRightLeftCase (0 ms)
1: [ RUN      ] AVLTreeTest.DeleteNodeWithTwoChildren
 1/11 Test  #1: incorrect_solution_tests .........***Timeout   5.01 sec
test 2
      Start  2: model1_tests

2: Test command: /Users/ittehad/Documents/Coding/Python/Turing/Tester_cpp_codebench/tasks/304055/build/model1_tests
2: Working Directory: /Users/ittehad/Documents/Coding/Python/Turing/Tester_cpp_codebench/tasks/304055/build
2: Test timeout computed to be: 5
2: Running main() from /Users/ittehad/Documents/Coding/Python/Turing/Tester_cpp_codebench/tasks/304055/build/_deps/googletest-src/googletest/src/gtest_main.cc
2: [==========] Running 5 tests from 1 test suite.
2: [----------] Global test environment set-up.
2: [----------] 5 tests from AVLTreeTest
2: [ RUN      ] AVLTreeTest.RotLeftSimple
2: [       OK ] AVLTreeTest.RotLeftSimple (0 ms)
2: [ RUN      ] AVLTreeTest.RotRightSimple
2: [       OK ] AVLTreeTest.RotRightSimple (0 ms)
2: [ RUN      ] AVLTreeTest.FixLeftWithLeftRightCase
2: [       OK ] AVLTreeTest.FixLeftWithLeftRightCase (0 ms)
2: [ RUN      ] AVLTreeTest.FixRightWithRightLeftCase
2: [       OK ] AVLTreeTest.FixRightWithRightLeftCase (0 ms)
2: [ RUN      ] AVLTreeTest.DeleteNodeWithTwoChildren
2: [       OK ] AVLTreeTest.DeleteNodeWithTwoChildren (0 ms)
2: [----------] 5 tests from AVLTreeTest (0 ms total)
2: 
2: [----------] Global test environment tear-down
2: [==========] 5 tests from 1 test suite ran. (0 ms total)
2: [  PASSED  ] 5 tests.
 2/11 Test  #2: model1_tests .....................   Passed    0.39 sec
test 3
      Start  3: model10_tests

3: Test command: /Users/ittehad/Documents/Coding/Python/Turing/Tester_cpp_codebench/tasks/304055/build/model10_tests
3: Working Directory: /Users/ittehad/Documents/Coding/Python/Turing/Tester_cpp_codebench/tasks/304055/build
3: Test timeout computed to be: 5
3: Running main() from /Users/ittehad/Documents/Coding/Python/Turing/Tester_cpp_codebench/tasks/304055/build/_deps/googletest-src/googletest/src/gtest_main.cc
3: [==========] Running 5 tests from 1 test suite.
3: [----------] Global test environment set-up.
3: [----------] 5 tests from AVLTreeTest
3: [ RUN      ] AVLTreeTest.RotLeftSimple
3: [       OK ] AVLTreeTest.RotLeftSimple (0 ms)
3: [ RUN      ] AVLTreeTest.RotRightSimple
3: [       OK ] AVLTreeTest.RotRightSimple (0 ms)
3: [ RUN      ] AVLTreeTest.FixLeftWithLeftRightCase
3: [       OK ] AVLTreeTest.FixLeftWithLeftRightCase (0 ms)
3: [ RUN      ] AVLTreeTest.FixRightWithRightLeftCase
3: [       OK ] AVLTrUnable to find executable: /Users/ittehad/Documents/Coding/Python/Turing/Tester_cpp_codebench/tasks/304055/build/model2_tests
eeTest.FixRightWithRightLeftCase (0 ms)
3: [ RUN      ] AVLTreeTest.DeleteNodeWithTwoChildren
 3/11 Test  #3: model10_tests ....................***Timeout   5.01 sec
test 4
      Start  4: model2_tests
Could not find executable /Users/ittehad/Documents/Coding/Python/Turing/Tester_cpp_codebench/tasks/304055/build/model2_tests
Looked in the following places:
Users/ittehad/Documents/Coding/Python/Turing/Tester_cpp_codebench/tasks/304055/build/model2_tests
Users/ittehad/Documents/Coding/Python/Turing/Tester_cpp_codebench/tasks/304055/build/model2_tests
Users/ittehad/Documents/Coding/Python/Turing/Tester_cpp_codebench/tasks/304055/build/Release/model2_tests
Users/ittehad/Documents/Coding/Python/Turing/Tester_cpp_codebench/tasks/304055/build/Release/model2_tests
Users/ittehad/Documents/Coding/Python/Turing/Tester_cpp_codebench/tasks/304055/build/Debug/model2_tests
Users/ittehad/Documents/Coding/Python/Turing/Tester_cpp_codebench/tasks/304055/build/Debug/model2_tests
Users/ittehad/Documents/Coding/Python/Turing/Tester_cpp_codebench/tasks/304055/build/MinSizeRel/model2_tests
Users/ittehad/Documents/Coding/Python/Turing/Tester_cpp_codebench/tasks/304055/build/MinSizeRel/model2_tests
Users/ittehad/Documents/Coding/Python/Turing/Tester_cpp_codebench/tasks/304055/build/RelWithDebInfo/model2_tests
Users/ittehad/Documents/Coding/Python/Turing/Tester_cpp_codebench/tasks/304055/build/RelWithDebInfo/model2_tests
Users/ittehad/Documents/Coding/Python/Turing/Tester_cpp_codebench/tasks/304055/build/Deployment/model2_tests
Users/ittehad/Documents/Coding/Python/Turing/Tester_cpp_codebench/tasks/304055/build/Deployment/model2_tests
Users/ittehad/Documents/Coding/Python/Turing/Tester_cpp_codebench/tasks/304055/build/Development/model2_tests
Users/ittehad/Documents/Coding/Python/Turing/Tester_cpp_codebench/tasks/304055/build/Development/model2_tests

4: Test command: 
4: Working Directory: /Users/ittehad/Documents/Coding/Python/Turing/Tester_cpp_codebench/tasks/304055/build
 4/11 Test  #4: model2_tests .....................***Not Run   0.00 sec
test 5
      Start  5: model3_tests

5: Test command: /Users/ittehad/Documents/Coding/Python/Turing/Tester_cpp_codebench/tasks/304055/build/model3_tests
5: Working Directory: /Users/ittehad/Documents/Coding/Python/Turing/Tester_cpp_codebench/tasks/304055/build
5: Test timeout computed to be: 5
5: Running main() from /Users/ittehad/Documents/Coding/Python/Turing/Tester_cpp_codebench/tasks/304055/build/_deps/googletest-src/googletest/src/gtest_main.cc
5: [==========] Running 5 tests from 1 test suite.
5: [----------] Global test environment set-up.
5: [----------] 5 tests from AVLTreeTest
5: [ RUN      ] AVLTreeTest.RotLeftSimple
5: [       OK ] AVLTreeTest.RotLeftSimple (0 ms)
5: [ RUN      ] AVLTreeTest.RotRightSimple
5: [       OK ] AVLTreeTest.RotRightSimple (0 ms)
5: [ RUN      ] AVLTreeTest.FixLeftWithLeftRightCase
5: [       OK ] AVLTreeTest.FixLeftWithLeftRightCase (0 ms)
5: [ RUN      ] AVLTreeTest.FixRightWithRightLeftCase
5: [       OK ] AVLTreeTest.FixRightWithRightLeftCase (0 ms)
5: [ RUN      ] AVLTreeTest.DeleteNodeWithTwoChildren
5: [       OK ] AVLTreeTest.DeleteNodeWithTwoChildren (0 ms)
5: [----------] 5 tests from AVLTreeTest (0 ms total)
5: 
5: [----------] Global test environment tear-down
5: [==========] 5 tests from 1 test suite ran. (0 ms total)
5: [  PASSED  ] 5 tests.
 5/11 Test  #5: model3_tests .....................   Passed    0.32 sec
test 6
      Start  6: model4_tests

6: Test command: /Users/ittehad/Documents/Coding/Python/Turing/Tester_cpp_codebench/tasks/304055/build/model4_tests
6: Working Directory: /Users/ittehad/Documents/Coding/Python/Turing/Tester_cpp_codebench/tasks/304055/build
6: Test timeout computed to be: 5
6: Running main() from /Users/ittehad/Documents/Coding/Python/Turing/Tester_cpp_codebench/tasks/304055/build/_deps/googletest-src/googletest/src/gtest_main.cc
6: [==========] Running 5 tests from 1 test suite.
6: [----------] Global test environment set-up.
6: [----------] 5 tests from AVLTreeTest
6: [ RUN      ] AVLTreeTest.RotLeftSimple
6: [       OK ] AVLTreeTest.RotLeftSimple (0 ms)
6: [ RUN      ] AVLTreeTest.RotRightSimple
6: [       OK ] AVLTreeTest.RotRightSimple (0 ms)
6: [ RUN      ] AVLTreeTest.FixLeftWithLeftRightCase
6: [       OK ] AVLTreeTest.FixLeftWithLeftRightCase (0 ms)
6: [ RUN      ] AVLTreeTest.FixRightWithRightLeftCase
6: [       OK ] AVLTreeTest.FixRightWithRightLeftCase (0 ms)
6: [ RUN      ] AVLTreeTest.DeleteNodeWithTwoChildren
6: /Users/ittehad/Documents/Coding/Python/Turing/Tester_cpp_codebench/tasks/304055/test.cpp:87: Failure
6: Value of: newRoot != root
6:   Actual: false
6: Expected: true
6: 
6: [  FAILED  ] AVLTreeTest.DeleteNodeWithTwoChildren (0 ms)
6: [----------] 5 tests from AVLTreeTest (0 ms total)
6: 
6: [----------] Global test environment tear-down
6: [==========] 5 tests from 1 test suite ran. (0 ms total)
6: [  PASSED  ] 4 tests.
6: [  FAILED  ] 1 test, listed below:
6: [  FAILED  ] AVLTreeTest.DeleteNodeWithTwoChildren
6: 
6:  1 FAILED TEST
 6/11 Test  #6: model4_tests .....................***Failed    0.40 sec
test 7
      Start  7: model5_tests

7: Test command: /Users/ittehad/Documents/Coding/Python/Turing/Tester_cpp_codebench/tasks/304055/build/model5_tests
7: Working Directory: /Users/ittehad/Documents/Coding/Python/Turing/Tester_cpp_codebench/tasks/304055/build
7: Test timeout computed to be: 5
7: Running main() from /Users/ittehad/Documents/Coding/Python/Turing/Tester_cpp_codebench/tasks/304055/build/_deps/googletest-src/googletest/src/gtest_main.cc
7: [==========] Running 5 tests from 1 test suite.
7: [----------] Global test environment set-up.
7: [----------] 5 tests from AVLTreeTest
7: [ RUN      ] AVLTreeTest.RotLeftSimple
7: [       OK ] AVLTreeTest.RotLeftSimple (0 ms)
7: [ RUN      ] AVLTreeTest.RotRightSimple
7: [       OK ] AVLTreeTest.RotRightSimple (0 ms)
7: [ RUN      ] AVLTreeTest.FixLeftWithLeftRightCase
7: [       OK ] AVLTreeTest.FixLeftWithLeftRightCase (0 ms)
7: [ RUN      ] AVLTreeTest.FixRightWithRightLeftCase
7: [       OK ] AVLTreeTest.FixRightWithRightLeftCase (0 ms)
7: [ RUN      ] AVLTreeTest.DeleteNodeWithTwoChildren
7: [       OK ] AVLTreeTest.DeleteNodeWithTwoChildren (0 ms)
7: [----------] 5 tests from AVLTreeTest (0 ms total)
7: 
7: [----------] Global test environment tear-down
7: [==========] 5 tests from 1 test suite ran. (0 ms total)
7: [  PASSED  ] 5 tests.
 7/11 Test  #7: model5_tests .....................   Passed    0.41 sec
test 8
      Start  8: model6_tests

8: Test command: /Users/ittehad/Documents/Coding/Python/Turing/Tester_cpp_codebench/tasks/304055/build/model6_tests
8: Working Directory: /Users/ittehad/Documents/Coding/Python/Turing/Tester_cpp_codebench/tasks/304055/build
8: Test timeout computed to be: 5
8: Running main() from /Users/ittehad/Documents/Coding/Python/Turing/Tester_cpp_codebench/tasks/304055/build/_deps/googletest-src/googletest/src/gtest_main.cc
8: [==========] Running 5 tests from 1 test suite.
8: [----------] Global test environment set-up.
8: [----------] 5 tests from AVLTreeTest
8: [ RUN      ] AVLTreeTest.RotLeftSimple
8: [       OK ] AVLTreeTest.RotLeftSimple (0 ms)
8: [ RUN      ] AVLTreeTest.RotRightSimple
8: [       OK ] AVLTreeTest.RotRightSimple (0 ms)
8: [ RUN      ] AVLTreeTest.FixLeftWithLeftRightCase
8: [       OK ] AVLTreeTest.FixLeftWithLeftRightCase (0 ms)
8: [ RUN      ] AVLTreeTest.FixRightWithRightLeftCase
8: [       OK ] AVLTreeTest.FixRightWithRightLeftCase (0 ms)
8: [ RUN      ] AVLTreeTest.DeleteNodeWithTwoChildren
 8/11 Test  #8: model6_tests .....................***Exception: SegFault  0.43 sec
test 9
      Start  9: model7_tests

9: Test command: /Users/ittehad/Documents/Coding/Python/Turing/Tester_cpp_codebench/tasks/304055/build/model7_tests
9: Working Directory: /Users/ittehad/Documents/Coding/Python/Turing/Tester_cpp_codebench/tasks/304055/build
9: Test timeout computed to be: 5
9: Running main() from /Users/ittehad/Documents/Coding/Python/Turing/Tester_cpp_codebench/tasks/304055/build/_deps/googletest-src/googletest/src/gtest_main.cc
9: [==========] Running 5 tests from 1 test suite.
9: [----------] Global test environment seUnable to find executable: /Users/ittehad/Documents/Coding/Python/Turing/Tester_cpp_codebench/tasks/304055/build/model8_tests
t-up.
9: [----------] 5 tests from AVLTreeTest
9: [ RUN      ] AVLTreeTest.RotLeftSimple
9: [       OK ] AVLTreeTest.RotLeftSimple (0 ms)
9: [ RUN      ] AVLTreeTest.RotRightSimple
9: [       OK ] AVLTreeTest.RotRightSimple (0 ms)
9: [ RUN      ] AVLTreeTest.FixLeftWithLeftRightCase
9: [       OK ] AVLTreeTest.FixLeftWithLeftRightCase (0 ms)
9: [ RUN      ] AVLTreeTest.FixRightWithRightLeftCase
9: [       OK ] AVLTreeTest.FixRightWithRightLeftCase (0 ms)
9: [ RUN      ] AVLTreeTest.DeleteNodeWithTwoChildren
 9/11 Test  #9: model7_tests .....................***Exception: SegFault  0.40 sec
test 10
      Start 10: model8_tests
Could not find executable /Users/ittehad/Documents/Coding/Python/Turing/Tester_cpp_codebench/tasks/304055/build/model8_tests
Looked in the following places:
Users/ittehad/Documents/Coding/Python/Turing/Tester_cpp_codebench/tasks/304055/build/model8_tests
Users/ittehad/Documents/Coding/Python/Turing/Tester_cpp_codebench/tasks/304055/build/model8_tests
Users/ittehad/Documents/Coding/Python/Turing/Tester_cpp_codebench/tasks/304055/build/Release/model8_tests
Users/ittehad/Documents/Coding/Python/Turing/Tester_cpp_codebench/tasks/304055/build/Release/model8_tests
Users/ittehad/Documents/Coding/Python/Turing/Tester_cpp_codebench/tasks/304055/build/Debug/model8_tests
Users/ittehad/Documents/Coding/Python/Turing/Tester_cpp_codebench/tasks/304055/build/Debug/model8_tests
Users/ittehad/Documents/Coding/Python/Turing/Tester_cpp_codebench/tasks/304055/build/MinSizeRel/model8_tests
Users/ittehad/Documents/Coding/Python/Turing/Tester_cpp_codebench/tasks/304055/build/MinSizeRel/model8_tests
Users/ittehad/Documents/Coding/Python/Turing/Tester_cpp_codebench/tasks/304055/build/RelWithDebInfo/model8_tests
Users/ittehad/Documents/Coding/Python/Turing/Tester_cpp_codebench/tasks/304055/build/RelWithDebInfo/model8_tests
Users/ittehad/Documents/Coding/Python/Turing/Tester_cpp_codebench/tasks/304055/build/Deployment/model8_tests
Users/ittehad/Documents/Coding/Python/Turing/Tester_cpp_codebench/tasks/304055/build/Deployment/model8_tests
Users/ittehad/Documents/Coding/Python/Turing/Tester_cpp_codebench/tasks/304055/build/Development/model8_tests
Users/ittehad/Documents/Coding/Python/Turing/Tester_cpp_codebench/tasks/304055/build/Development/model8_tests

10: Test command: 
10: Working Directory: /Users/ittehad/Documents/Coding/Python/Turing/Tester_cpp_codebench/tasks/304055/build
10/11 Test #10: model8_tests .....................***Not Run   0.00 sec
test 11
      Start 11: model9_tests
Could not find executable /Users/ittehad/Documents/Coding/Python/Turing/Tester_cpp_codebench/tasks/304055/build/model9_tests
Looked in the following places:
Users/ittehad/Documents/Coding/Python/Turing/Tester_cpp_codebench/tasks/304055/build/model9_tests
Users/ittehad/Documents/Coding/Python/Turing/Tester_cpp_codebench/tasks/304055/build/model9_tests
Users/ittehad/Documents/Coding/Python/Turing/Tester_cpp_codebench/tasks/304055/build/Release/model9_tests
Users/ittehad/Documents/Coding/Python/Turing/Tester_cpp_codebench/tasks/304055/build/Release/model9_tests
Users/ittehad/Documents/Coding/Python/Turing/Tester_cpp_codebench/tasks/304055/build/Debug/model9_tests
Users/ittehad/Documents/Coding/Python/Turing/Tester_cpp_codebench/tasks/304055/build/Debug/model9_tests
Users/ittehad/Documents/Coding/Python/Turing/Tester_cpp_codebench/tasks/304055/build/MinSizeRel/model9_tests
Users/ittehad/Documents/Coding/Python/Turing/Tester_cpp_codebench/tasks/304055/build/MinSizeRel/model9_tests
Users/ittehad/Documents/Coding/Python/Turing/Tester_cpp_codebench/tasks/304055/build/RelWithDebInfo/model9_tests
Users/ittehad/Documents/Coding/Python/Turing/Tester_cpp_codebench/tasks/304055/build/RelWithDebInfo/model9_tests
Users/ittehad/Documents/Coding/Python/Turing/Tester_cpp_codebench/tasks/304055/build/Deployment/model9_tests
Users/ittehad/Documents/Coding/Python/Turing/Tester_cpp_codebench/tasks/304055/build/Deployment/model9_tests
Users/ittehad/Documents/Coding/Python/Turing/Tester_cpp_codebench/tasks/304055/build/Development/model9_tests
Users/ittehad/Documents/CUnable to find executable: /Users/ittehad/Documents/Coding/Python/Turing/Tester_cpp_codebench/tasks/304055/build/model9_tests
Errors while running CTest
Output from these tests are in: /Users/ittehad/Documents/Coding/Python/Turing/Tester_cpp_codebench/tasks/304055/build/Testing/Temporary/LastTest.log
Use "--rerun-failed --output-on-failure" to re-run the failed cases verbosely.
oding/Python/Turing/Tester_cpp_codebench/tasks/304055/build/Development/model9_tests

11: Test command: 
11: Working Directory: /Users/ittehad/Documents/Coding/Python/Turing/Tester_cpp_codebench/tasks/304055/build
11/11 Test #11: model9_tests .....................***Not Run   0.00 sec

27% tests passed, 8 tests failed out of 11

Total Test time (real) =  12.39 sec

The following tests FAILED:
	  1 - incorrect_solution_tests (Timeout)
	  3 - model10_tests (Timeout)
	  4 - model2_tests (Not Run)
	  6 - model4_tests (Failed)
	  8 - model6_tests (SEGFAULT)
	  9 - model7_tests (SEGFAULT)
	 10 - model8_tests (Not Run)
	 11 - model9_tests (Not Run)
Test project /Users/ittehad/Documents/Coding/Python/Turing/Tester_cpp_codebench/tasks/304055/build
      Start  1: incorrect_solution_tests
 1/11 Test  #1: incorrect_solution_tests .........***Timeout   5.01 sec
      Start  2: model1_tests
 2/11 Test  #2: model1_tests .....................   Passed    0.01 sec
      Start  3: model10_tests
 3/11 Test  #3: model10_tests ....................***Timeout   5.02 sec
      Start  4: model2_tests
Could not find executable /Users/ittehad/Documents/Coding/Python/Turing/Tester_cpp_codebench/tasks/304055/build/model2_tests
Looked in the following places:
/Users/ittehad/Documents/Coding/Python/Turing/Tester_cpp_codebench/tasks/304055/build/model2_tests
/Users/ittehad/Documents/Coding/Python/Turing/Tester_cpp_codebench/tasks/304055/build/model2_tests
/Users/ittehad/Documents/Coding/Python/Turing/Tester_cpp_codebench/tasks/304055/build/Release/model2_tests
/Users/ittehad/Documents/Coding/Python/Turing/Tester_cpp_codebench/tasks/304055/build/Release/model2_tests
/Users/ittehad/Documents/Coding/Python/Turing/Tester_cpp_codebench/tasks/304055/build/Debug/model2_tests
/Users/ittehad/Documents/Coding/Python/Turing/Tester_cpp_codebench/tasks/304055/build/Debug/model2_tests
/Users/ittehad/Documents/Coding/Python/Turing/Tester_cpp_codebench/tasks/304055/build/MinSizeRel/model2_tests
/Users/ittehad/Documents/Coding/Python/Turing/Tester_cpp_codebench/tasks/304055/build/MinSizeRel/model2_tests
/Users/ittehad/Documents/Coding/Python/Turing/Tester_cpp_codebench/tasks/304055/build/RelWithDebInfo/model2_tests
/Users/ittehad/Documents/Coding/Python/Turing/Tester_cpp_codebench/tasks/304055/build/RelWithDebInfo/model2_tests
/Users/ittehad/Documents/Coding/Python/Turing/Tester_cpp_codebench/tasks/304055/build/Deployment/model2_tests
/Users/ittehad/Documents/Coding/Python/Turing/Tester_cpp_codebench/tasks/304055/build/Deployment/model2_tests
/Users/ittehad/Documents/Coding/Python/Turing/Tester_cpp_codebench/tasks/304055/build/Development/model2_tests
/Users/ittehad/Documents/Coding/Python/Turing/Tester_cpp_codebench/tasks/304055/build/Development/model2_tests
Users/ittehad/Documents/Coding/Python/Turing/Tester_cpp_codebench/tasks/304055/build/model2_tests
Users/ittehad/Documents/Coding/Python/Turing/Tester_cpp_codebench/tasks/304055/build/model2_tests
Users/ittehad/Documents/Coding/Python/Turing/Tester_cpp_codebench/tasks/304055/build/Release/model2_tests
Users/ittehad/Documents/Coding/Python/Turing/Tester_cpp_codebench/tasks/304055/build/Release/model2_tests
Users/ittehad/Documents/Coding/Python/Turing/Tester_cpp_codebench/tasks/304055/build/Debug/model2_tests
Users/ittehad/Documents/Coding/Python/Turing/Tester_cpp_codebench/tasks/304055/build/Debug/model2_tests
Users/ittehad/Documents/Coding/Python/Turing/Tester_cpp_codebench/tasks/304055/build/MinSizeRel/model2_tests
Users/ittehad/Documents/Coding/Python/Turing/Tester_cpp_codebench/tasks/304055/build/MinSizeRel/model2_tests
Users/ittehad/Documents/Coding/Python/Turing/Tester_cpp_codebench/tasks/304055/build/RelWithDebInfo/model2_tests
Users/ittehad/Documents/Coding/Python/Turing/Tester_cpp_codebench/tasks/304055/build/RelWithDebInfo/model2_tests
Users/ittehad/Documents/Coding/Python/Turing/Tester_cpp_codebench/tasks/304055/build/Deployment/model2_tests
Users/ittehad/Documents/Coding/Python/Turing/Tester_cpp_codebench/tasks/304055/build/Deployment/model2_tests
Users/ittehad/Documents/Coding/Python/Turing/Tester_cpp_codebench/tasks/304055/build/Development/model2_tests
Users/ittehad/Documents/Coding/Python/Turing/Tester_cpp_codebench/tasks/304055/build/Development/model2_tests
Unable to find executable: /Users/ittehad/Documents/Coding/Python/Turing/Tester_cpp_codebench/tasks/304055/build/model2_tests
 4/11 Test  #4: model2_tests .....................***Not Run   0.00 sec
      Start  5: model3_tests
 5/11 Test  #5: model3_tests .....................   Passed    0.01 sec
      Start  6: model4_tests
 6/11 Test  #6: model4_tests .....................***Failed    0.01 sec
      Start  7: model5_tests
 7/11 Test  #7: model5_tests .....................   Passed    0.01 sec
      Start  8: model6_tests
 8/11 Test  #8: model6_tests .....................***Exception: SegFault  0.02 sec
      Start  9: model7_tests
 9/11 Test  #9: model7_tests .....................***Exception: SegFault  0.01 sec
      Start 10: model8_tests
Could not find executable /Users/ittehad/Documents/Coding/Python/Turing/Tester_cpp_codebench/tasks/304055/build/model8_tests
Looked in the following places:
/Users/ittehad/Documents/Coding/Python/Turing/Tester_cpp_codebench/tasks/304055/build/model8_tests
/Users/ittehad/Documents/Coding/Python/Turing/Tester_cpp_codebench/tasks/304055/build/model8_tests
/Users/ittehad/Documents/Coding/Python/Turing/Tester_cpp_codebench/tasks/304055/build/Release/model8_tests
/Users/ittehad/Documents/Coding/Python/Turing/Tester_cpp_codebench/tasks/304055/build/Release/model8_tests
/Users/ittehad/Documents/Coding/Python/Turing/Tester_cpp_codebench/tasks/304055/build/Debug/model8_tests
/Users/ittehad/Documents/Coding/Python/Turing/Tester_cpp_codebench/tasks/304055/build/Debug/model8_tests
/Users/ittehad/Documents/Coding/Python/Turing/Tester_cpp_codebench/tasks/304055/build/MinSizeRel/model8_tests
/Users/ittehad/Documents/Coding/Python/Turing/Tester_cpp_codebench/tasks/304055/build/MinSizeRel/model8_tests
/Users/ittehad/Documents/Coding/Python/Turing/Tester_cpp_codebench/tasks/304055/build/RelWithDebInfo/model8_tests
/Users/ittehad/Documents/Coding/Python/Turing/Tester_cpp_codebench/tasks/304055/build/RelWithDebInfo/model8_tests
/Users/ittehad/Documents/Coding/Python/Turing/Tester_cpp_codebench/tasks/304055/build/Deployment/model8_tests
/Users/ittehad/Documents/Coding/Python/Turing/Tester_cpp_codebench/tasks/304055/build/Deployment/model8_tests
/Users/ittehad/Documents/Coding/Python/Turing/Tester_cpp_codebench/tasks/304055/build/Development/model8_tests
/Users/ittehad/Documents/Coding/Python/Turing/Tester_cpp_codebench/tasks/304055/build/Development/model8_tests
Users/ittehad/Documents/Coding/Python/Turing/Tester_cpp_codebench/tasks/304055/build/model8_tests
Users/ittehad/Documents/Coding/Python/Turing/Tester_cpp_codebench/tasks/304055/build/model8_tests
Users/ittehad/Documents/Coding/Python/Turing/Tester_cpp_codebench/tasks/304055/build/Release/model8_tests
Users/ittehad/Documents/Coding/Python/Turing/Tester_cpp_codebench/tasks/304055/build/Release/model8_tests
Users/ittehad/Documents/Coding/Python/Turing/Tester_cpp_codebench/tasks/304055/build/Debug/model8_tests
Users/ittehad/Documents/Coding/Python/Turing/Tester_cpp_codebench/tasks/304055/build/Debug/model8_tests
Users/ittehad/Documents/Coding/Python/Turing/Tester_cpp_codebench/tasks/304055/build/MinSizeRel/model8_tests
Users/ittehad/Documents/Coding/Python/Turing/Tester_cpp_codebench/tasks/304055/build/MinSizeRel/model8_tests
Users/ittehad/Documents/Coding/Python/Turing/Tester_cpp_codebench/tasks/304055/build/RelWithDebInfo/model8_tests
Users/ittehad/Documents/Coding/Python/Turing/Tester_cpp_codebench/tasks/304055/build/RelWithDebInfo/model8_tests
Users/ittehad/Documents/Coding/Python/Turing/Tester_cpp_codebench/tasks/304055/build/Deployment/model8_tests
Users/ittehad/Documents/Coding/Python/Turing/Tester_cpp_codebench/tasks/304055/build/Deployment/model8_tests
Users/ittehad/Documents/Coding/Python/Turing/Tester_cpp_codebench/tasks/304055/build/Development/model8_tests
Users/ittehad/Documents/Coding/Python/Turing/Tester_cpp_codebench/tasks/304055/build/Development/model8_tests
Unable to find executable: /Users/ittehad/Documents/Coding/Python/Turing/Tester_cpp_codebench/tasks/304055/build/model8_tests
10/11 Test #10: model8_tests .....................***Not Run   0.00 sec
      Start 11: model9_tests
Could not find executable /Users/ittehad/Documents/Coding/Python/Turing/Tester_cpp_codebench/tasks/304055/build/model9_tests
Looked in the following places:
/Users/ittehad/Documents/Coding/Python/Turing/Tester_cpp_codebench/tasks/304055/build/model9_tests
/Users/ittehad/Documents/Coding/Python/Turing/Tester_cpp_codebench/tasks/304055/build/model9_tests
/Users/ittehad/Documents/Coding/Python/Turing/Tester_cpp_codebench/tasks/304055/build/Release/model9_tests
/Users/ittehad/Documents/Coding/Python/Turing/Tester_cpp_codebench/tasks/304055/build/Release/model9_tests
/Users/ittehad/Documents/Coding/Python/Turing/Tester_cpp_codebench/tasks/304055/build/Debug/model9_tests
/Users/ittehad/Documents/Coding/Python/Turing/Tester_cpp_codebench/tasks/304055/build/Debug/model9_tests
/Users/ittehad/Documents/Coding/Python/Turing/Tester_cpp_codebench/tasks/304055/build/MinSizeRel/model9_tests
/Users/ittehad/Documents/Coding/Python/Turing/Tester_cpp_codebench/tasks/304055/build/MinSizeRel/model9_tests
/Users/ittehad/Documents/Coding/Python/Turing/Tester_cpp_codebench/tasks/304055/build/RelWithDebInfo/model9_tests
/Users/ittehad/Documents/Coding/Python/Turing/Tester_cpp_codebench/tasks/304055/build/RelWithDebInfo/model9_tests
/Users/ittehad/Documents/Coding/Python/Turing/Tester_cpp_codebench/tasks/304055/build/Deployment/model9_tests
/Users/ittehad/Documents/Coding/Python/Turing/Tester_cpp_codebench/tasks/304055/build/Deployment/model9_tests
/Users/ittehad/Documents/Coding/Python/Turing/Tester_cpp_codebench/tasks/304055/build/Development/model9_tests
/Users/ittehad/Documents/Coding/Python/Turing/Tester_cpp_codebench/tasks/304055/build/Development/model9_tests
Users/ittehad/Documents/Coding/Python/Turing/Tester_cpp_codebench/tasks/304055/build/model9_tests
Users/ittehad/Documents/Coding/Python/Turing/Tester_cpp_codebench/tasks/304055/build/model9_tests
Users/ittehad/Documents/Coding/Python/Turing/Tester_cpp_codebench/tasks/304055/build/Release/model9_tests
Users/ittehad/Documents/Coding/Python/Turing/Tester_cpp_codebench/tasks/304055/build/Release/model9_tests
Users/ittehad/Documents/Coding/Python/Turing/Tester_cpp_codebench/tasks/304055/build/Debug/model9_tests
Users/ittehad/Documents/Coding/Python/Turing/Tester_cpp_codebench/tasks/304055/build/Debug/model9_tests
Users/ittehad/Documents/Coding/Python/Turing/Tester_cpp_codebench/tasks/304055/build/MinSizeRel/model9_tests
Users/ittehad/Documents/Coding/Python/Turing/Tester_cpp_codebench/tasks/304055/build/MinSizeRel/model9_tests
Users/ittehad/Documents/Coding/Python/Turing/Tester_cpp_codebench/tasks/304055/build/RelWithDebInfo/model9_tests
Users/ittehad/Documents/Coding/Python/Turing/Tester_cpp_codebench/tasks/304055/build/RelWithDebInfo/model9_tests
Users/ittehad/Documents/Coding/Python/Turing/Tester_cpp_codebench/tasks/304055/build/Deployment/model9_tests
Users/ittehad/Documents/Coding/Python/Turing/Tester_cpp_codebench/tasks/304055/build/Deployment/model9_tests
Users/ittehad/Documents/Coding/Python/Turing/Tester_cpp_codebench/tasks/304055/build/Development/model9_tests
Users/ittehad/Documents/Coding/Python/Turing/Tester_cpp_codebench/tasks/304055/build/Development/model9_tests
Unable to find executable: /Users/ittehad/Documents/Coding/Python/Turing/Tester_cpp_codebench/tasks/304055/build/model9_tests
11/11 Test #11: model9_tests .....................***Not Run   0.00 sec

27% tests passed, 8 tests failed out of 11

Total Test time (real) =  10.09 sec

The following tests FAILED:
	  1 - incorrect_solution_tests (Timeout)
	  3 - model10_tests (Timeout)
	  4 - model2_tests (Not Run)
	  6 - model4_tests (Failed)
	  8 - model6_tests (SEGFAULT)
	  9 - model7_tests (SEGFAULT)
	 10 - model8_tests (Not Run)
	 11 - model9_tests (Not Run)
Errors while running CTest
Output from these tests are in: /Users/ittehad/Documents/Coding/Python/Turing/Tester_cpp_codebench/tasks/304055/build/Testing/Temporary/LastTest.log
Use "--rerun-failed --output-on-failure" to re-run the failed cases verbosely.
