Unable to find executable: /Users/ittehad/Documents/Coding/Python/Turing/Tester_cpp_codebench/tasks/621291/build/incorrect_solution_tests
UpdateCTestConfiguration  from :/Users/ittehad/Documents/Coding/Python/Turing/Tester_cpp_codebench/tasks/621291/build/DartConfiguration.tcl
UpdateCTestConfiguration  from :/Users/ittehad/Documents/Coding/Python/Turing/Tester_cpp_codebench/tasks/621291/build/DartConfiguration.tcl
Test project /Users/ittehad/Documents/Coding/Python/Turing/Tester_cpp_codebench/tasks/621291/build
Constructing a list of tests
Done constructing a list of tests
Updating test list for fixtures
Added 0 tests to meet fixture requirements
Checking test dependency graph...
Checking test dependency graph end
test 1
      Start  1: incorrect_solution_tests
Could not find executable /Users/ittehad/Documents/Coding/Python/Turing/Tester_cpp_codebench/tasks/621291/build/incorrect_solution_tests
Looked in the following places:
Users/ittehad/Documents/Coding/Python/Turing/Tester_cpp_codebench/tasks/621291/build/incorrect_solution_tests
Users/ittehad/Documents/Coding/Python/Turing/Tester_cpp_codebench/tasks/621291/build/incorrect_solution_tests
Users/ittehad/Documents/Coding/Python/Turing/Tester_cpp_codebench/tasks/621291/build/Release/incorrect_solution_tests
Users/ittehad/Documents/Coding/Python/Turing/Tester_cpp_codebench/tasks/621291/build/Release/incorrect_solution_tests
Users/ittehad/Documents/Coding/Python/Turing/Tester_cpp_codebench/tasks/621291/build/Debug/incorrect_solution_tests
Users/ittehad/Documents/Coding/Python/Turing/Tester_cpp_codebench/tasks/621291/build/Debug/incorrect_solution_tests
Users/ittehad/Documents/Coding/Python/Turing/Tester_cpp_codebench/tasks/621291/build/MinSizeRel/incorrect_solution_tests
Users/ittehad/Documents/Coding/Python/Turing/Tester_cpp_codebench/tasks/621291/build/MinSizeRel/incorrect_solution_tests
Users/ittehad/Documents/Coding/Python/Turing/Tester_cpp_codebench/tasks/621291/build/RelWithDebInfo/incorrect_solution_tests
Users/ittehad/Documents/Coding/Python/Turing/Tester_cpp_codebench/tasks/621291/build/RelWithDebInfo/incorrect_solution_tests
Users/ittehad/Documents/Coding/Python/Turing/Tester_cpp_codebench/tasks/621291/build/Deployment/incorrect_solution_tests
Users/ittehad/Documents/Coding/Python/Turing/Tester_cpp_codebench/tasks/621291/build/Deployment/incorrect_solution_tests
Users/ittehad/Documents/Coding/Python/Turing/Tester_cpp_codebench/tasks/621291/build/Development/incorrect_solution_tests
Users/ittehad/Documents/Coding/Python/Turing/Tester_cpp_codebench/tasks/621291/build/Development/incorrect_solution_tests

1: Test command: 
1: Working Directory: /Users/ittehad/Documents/Coding/Python/Turing/Tester_cpp_codebench/tasks/621291/build
 1/11 Test  #1: incorrect_solution_tests .........***Not Run   0.00 sec
test 2
      Start  2: model1_tests

2: Test command: /Users/ittehad/Documents/Coding/Python/Turing/Tester_cpp_codebench/tasks/621291/build/model1_tests
2: Working Directory: /Users/ittehad/Documents/Coding/Python/Turing/Tester_cpp_codebench/tasks/621291/build
2: Test timeout computed to be: 5
2: [==========] Running 8 tests from 1 test suite.
2: [----------] Global test environment set-up.
2: [----------] 8 tests from DESTest
2: [ RUN      ] DESTest.StandardTest
2: [       OK ] DESTest.StandardTest (0 ms)
2: [ RUN      ] DESTest.AllZerosTest
2: [       OK ] DESTest.AllZerosTest (0 ms)
2: [ RUN      ] DESTest.AllOnesTest
2: [       OK ] DESTest.AllOnesTest (0 ms)
2: [ RUN      ] DESTest.PlaintextEqualsKeyTest
2: [       OK ] DESTest.PlaintextEqualsKeyTest (0 ms)
2: [ RUN      ] DESTest.MinimalKeyTest
2: [       OK ] DESTest.MinimalKeyTest (0 ms)
2: [ RUN      ] DESTest.RandomTest
2: [       OK ] DESTest.RandomTest (0 ms)
2: [ RUN      ] DESTest.EmptyKeyTest
2: [       OK ] DESTest.EmptyKeyTest (0 ms)
2: [ RUN      ] DESTest.SymmetryTest
2: [       OK ] DESTest.SymmetryTest (0 ms)
2: [----------] 8 tests from DESTest (4 ms total)
2: 
2: [----------] Global test environment tear-down
2: [==========] 8 tests from 1 test suite ran. (4 ms total)
2: [  PASSED  ] 8 tests.
 2/11 Test  #2: model1_tests .....................   Passed    0.32 sec
test 3
      Start  3: model10_tests
Could not find executable /Users/Unable to find executable: /Users/ittehad/Documents/Coding/Python/Turing/Tester_cpp_codebench/tasks/621291/build/model10_tests
ittehad/Documents/Coding/Python/Turing/Tester_cpp_codebench/tasks/621291/build/model10_tests
Looked in the following places:
Users/ittehad/Documents/Coding/Python/Turing/Tester_cpp_codebench/tasks/621291/build/model10_tests
Users/ittehad/Documents/Coding/Python/Turing/Tester_cpp_codebench/tasks/621291/build/model10_tests
Users/ittehad/Documents/Coding/Python/Turing/Tester_cpp_codebench/tasks/621291/build/Release/model10_tests
Users/ittehad/Documents/Coding/Python/Turing/Tester_cpp_codebench/tasks/621291/build/Release/model10_tests
Users/ittehad/Documents/Coding/Python/Turing/Tester_cpp_codebench/tasks/621291/build/Debug/model10_tests
Users/ittehad/Documents/Coding/Python/Turing/Tester_cpp_codebench/tasks/621291/build/Debug/model10_tests
Users/ittehad/Documents/Coding/Python/Turing/Tester_cpp_codebench/tasks/621291/build/MinSizeRel/model10_tests
Users/ittehad/Documents/Coding/Python/Turing/Tester_cpp_codebench/tasks/621291/build/MinSizeRel/model10_tests
Users/ittehad/Documents/Coding/Python/Turing/Tester_cpp_codebench/tasks/621291/build/RelWithDebInfo/model10_tests
Users/ittehad/Documents/Coding/Python/Turing/Tester_cpp_codebench/tasks/621291/build/RelWithDebInfo/model10_tests
Users/ittehad/Documents/Coding/Python/Turing/Tester_cpp_codebench/tasks/621291/build/Deployment/model10_tests
Users/ittehad/Documents/Coding/Python/Turing/Tester_cpp_codebench/tasks/621291/build/Deployment/model10_tests
Users/ittehad/Documents/Coding/Python/Turing/Tester_cpp_codebench/tasks/621291/build/Development/model10_tests
Users/ittehad/Documents/Coding/Python/Turing/Tester_cpp_codebench/tasks/621291/build/Development/model10_tests

3: Test command: 
3: Working Directory: /Users/ittehad/Documents/Coding/Python/Turing/Tester_cpp_codebench/tasks/621291/build
 3/11 Test  #3: model10_tests ....................***Not Run   0.00 sec
test 4
      Start  4: model2_tests

4: Test command: /Users/ittehad/Documents/Coding/Python/Turing/Tester_cpp_codebench/tasks/621291/build/model2_tests
4: Working Directory: /Users/ittehad/Documents/Coding/Python/Turing/Tester_cpp_codebench/tasks/621291/build
4: Test timeout computed to be: 5
4: [==========] Running 8 tests from 1 test suite.
4: [----------] Global test environment set-up.
4: [----------] 8 tests from DESTest
4: [ RUN      ] DESTest.StandardTest
4: [       OK ] DESTest.StandardTest (0 ms)
4: [ RUN      ] DESTest.AllZerosTest
4: [       OK ] DESTest.AllZerosTest (0 ms)
4: [ RUN      ] DESTest.AllOnesTest
4: [       OK ] DESTest.AllOnesTest (0 ms)
4: [ RUN      ] DESTest.PlaintextEqualsKeyTest
4: [       OK ] DESTest.PlaintextEqualsKeyTest (0 ms)
4: [ RUN      ] DESTest.MinimalKeyTest
4: [       OK ] DESTest.MinimalKeyTest (0 ms)
4: [ RUN      ] DESTest.RandomTest
4: [       OK ] DESTest.RandomTest (0 ms)
4: [ RUN      ] DESTest.EmptyKeyTest
4: [       OK ] DESTest.EmptyKeyTest (0 ms)
4: [ RUN      ] DESTest.SymmetryTest
4: [       OK ] DESTest.SymmetryTest (0 ms)
4: [----------] 8 tests from DESTest (3 ms total)
4: 
4: [----------] Global test environment tear-down
4: [==========] 8 tests from 1 test suite ran. (3 ms total)
4: [  PASSED  ] 8 tests.
 4/11 Test  #4: model2_tests .....................   Passed    0.33 sec
test 5
      Start  5: model3_tests
Could not find executable /Users/ittehad/Documents/Coding/Python/Turing/Tester_cpp_codebench/tasks/621291/build/model3_tests
Looked in the following places:
Users/ittehad/Documents/Coding/Python/Turing/Tester_cpp_codebench/tasks/621291/build/model3_tests
Users/ittehad/Documents/Coding/Python/Turing/Tester_cpp_codebench/tasks/621291/build/model3_tests
Users/ittehad/Documents/Coding/Python/Turing/Tester_cpp_codebench/tasks/621291/build/Release/model3_tests
Users/ittehad/Documents/Coding/Python/Turing/Tester_cpp_codebench/tasks/621291/build/Release/model3_tests
Users/ittehad/Documents/Coding/Python/Turing/Tester_cpp_codebench/tasks/621291/build/Debug/model3_tests
Users/ittehad/Documents/Coding/Python/Turing/Tester_cpp_codebench/tasks/621291/build/Debug/model3_tests
Users/ittehad/Documents/Coding/Python/Turing/Tester_cpp_codebench/tasks/621291/build/MinSizeRUnable to find executable: /Users/ittehad/Documents/Coding/Python/Turing/Tester_cpp_codebench/tasks/621291/build/model3_tests
el/model3_tests
Users/ittehad/Documents/Coding/Python/Turing/Tester_cpp_codebench/tasks/621291/build/MinSizeRel/model3_tests
Users/ittehad/Documents/Coding/Python/Turing/Tester_cpp_codebench/tasks/621291/build/RelWithDebInfo/model3_tests
Users/ittehad/Documents/Coding/Python/Turing/Tester_cpp_codebench/tasks/621291/build/RelWithDebInfo/model3_tests
Users/ittehad/Documents/Coding/Python/Turing/Tester_cpp_codebench/tasks/621291/build/Deployment/model3_tests
Users/ittehad/Documents/Coding/Python/Turing/Tester_cpp_codebench/tasks/621291/build/Deployment/model3_tests
Users/ittehad/Documents/Coding/Python/Turing/Tester_cpp_codebench/tasks/621291/build/Development/model3_tests
Users/ittehad/Documents/Coding/Python/Turing/Tester_cpp_codebench/tasks/621291/build/Development/model3_tests

5: Test command: 
5: Working Directory: /Users/ittehad/Documents/Coding/Python/Turing/Tester_cpp_codebench/tasks/621291/build
 5/11 Test  #5: model3_tests .....................***Not Run   0.00 sec
test 6
      Start  6: model4_tests

6: Test command: /Users/ittehad/Documents/Coding/Python/Turing/Tester_cpp_codebench/tasks/621291/build/model4_tests
6: Working Directory: /Users/ittehad/Documents/Coding/Python/Turing/Tester_cpp_codebench/tasks/621291/build
6: Test timeout computed to be: 5
6: [==========] Running 8 tests from 1 test suite.
6: [----------] Global test environment set-up.
6: [----------] 8 tests from DESTest
6: [ RUN      ] DESTest.StandardTest
6: [       OK ] DESTest.StandardTest (0 ms)
6: [ RUN      ] DESTest.AllZerosTest
6: [       OK ] DESTest.AllZerosTest (0 ms)
6: [ RUN      ] DESTest.AllOnesTest
6: [       OK ] DESTest.AllOnesTest (0 ms)
6: [ RUN      ] DESTest.PlaintextEqualsKeyTest
6: [       OK ] DESTest.PlaintextEqualsKeyTest (0 ms)
6: [ RUN      ] DESTest.MinimalKeyTest
6: [       OK ] DESTest.MinimalKeyTest (0 ms)
6: [ RUN      ] DESTest.RandomTest
6: [       OK ] DESTest.RandomTest (0 ms)
6: [ RUN      ] DESTest.EmptyKeyTest
6: [       OK ] DESTest.EmptyKeyTest (0 ms)
6: [ RUN      ] DESTest.SymmetryTest
6: [       OK ] DESTest.SymmetryTest (0 ms)
6: [----------] 8 tests from DESTest (4 ms total)
6: 
6: [----------] Global test environment tear-down
6: [==========] 8 tests from 1 test suite ran. (4 ms total)
6: [  PASSED  ] 8 tests.
 6/11 Test  #6: model4_tests .....................   Passed    0.38 sec
test 7
      Start  7: model5_tests

7: Test command: /Users/ittehad/Documents/Coding/Python/Turing/Tester_cpp_codebench/tasks/621291/build/model5_tests
7: Working Directory: /Users/ittehad/Documents/Coding/Python/Turing/Tester_cpp_codebench/tasks/621291/build
7: Test timeout computed to be: 5
7: [==========] Running 8 tests from 1 test suite.
7: [----------] Global test environment set-up.
7: [----------] 8 tests from DESTest
7: [ RUN      ] DESTest.StandardTest
7: [       OK ] DESTest.StandardTest (0 ms)
7: [ RUN      ] DESTest.AllZerosTest
7: [       OK ] DESTest.AllZerosTest (0 ms)
7: [ RUN      ] DESTest.AllOnesTest
7: [       OK ] DESTest.AllOnesTest (0 ms)
7: [ RUN      ] DESTest.PlaintextEqualsKeyTest
7: [       OK ] DESTest.PlaintextEqualsKeyTest (0 ms)
7: [ RUN      ] DESTest.MinimalKeyTest
7: [       OK ] DESTest.MinimalKeyTest (0 ms)
7: [ RUN      ] DESTest.RandomTest
7: [       OK ] DESTest.RandomTest (0 ms)
7: [ RUN      ] DESTest.EmptyKeyTest
7: [       OK ] DESTest.EmptyKeyTest (0 ms)
7: [ RUN      ] DESTest.SymmetryTest
7: [       OK ] DESTest.SymmetryTest (0 ms)
7: [----------] 8 tests from DESTest (4 ms total)
7: 
7: [----------] Global test environment tear-down
7: [==========] 8 tests from 1 test suite ran. (4 ms total)
7: [  PASSED  ] 8 tests.
 7/11 Test  #7: model5_tests .....................   Passed    0.35 sec
test 8
      Start  8: model6_tests
Could not find executable /Users/ittehad/Documents/Coding/Python/Turing/Tester_cpp_codebench/tasks/621291/build/model6_tests
Looked in the following places:
Users/ittehad/Documents/Coding/Python/Turing/Tester_cpp_codebench/tasks/621291/build/model6_tests
Users/ittehad/Documents/Coding/Python/Turing/Tester_cpp_codebench/tasks/621291/build/model6_tests
UseUnable to find executable: /Users/ittehad/Documents/Coding/Python/Turing/Tester_cpp_codebench/tasks/621291/build/model6_tests
rs/ittehad/Documents/Coding/Python/Turing/Tester_cpp_codebench/tasks/621291/build/Release/model6_tests
Users/ittehad/Documents/Coding/Python/Turing/Tester_cpp_codebench/tasks/621291/build/Release/model6_tests
Users/ittehad/Documents/Coding/Python/Turing/Tester_cpp_codebench/tasks/621291/build/Debug/model6_tests
Users/ittehad/Documents/Coding/Python/Turing/Tester_cpp_codebench/tasks/621291/build/Debug/model6_tests
Users/ittehad/Documents/Coding/Python/Turing/Tester_cpp_codebench/tasks/621291/build/MinSizeRel/model6_tests
Users/ittehad/Documents/Coding/Python/Turing/Tester_cpp_codebench/tasks/621291/build/MinSizeRel/model6_tests
Users/ittehad/Documents/Coding/Python/Turing/Tester_cpp_codebench/tasks/621291/build/RelWithDebInfo/model6_tests
Users/ittehad/Documents/Coding/Python/Turing/Tester_cpp_codebench/tasks/621291/build/RelWithDebInfo/model6_tests
Users/ittehad/Documents/Coding/Python/Turing/Tester_cpp_codebench/tasks/621291/build/Deployment/model6_tests
Users/ittehad/Documents/Coding/Python/Turing/Tester_cpp_codebench/tasks/621291/build/Deployment/model6_tests
Users/ittehad/Documents/Coding/Python/Turing/Tester_cpp_codebench/tasks/621291/build/Development/model6_tests
Users/ittehad/Documents/Coding/Python/Turing/Tester_cpp_codebench/tasks/621291/build/Development/model6_tests

8: Test command: 
8: Working Directory: /Users/ittehad/Documents/Coding/Python/Turing/Tester_cpp_codebench/tasks/621291/build
 8/11 Test  #8: model6_tests .....................***Not Run   0.00 sec
test 9
      Start  9: model7_tests

9: Test command: /Users/ittehad/Documents/Coding/Python/Turing/Tester_cpp_codebench/tasks/621291/build/model7_tests
9: Working Directory: /Users/ittehad/Documents/Coding/Python/Turing/Tester_cpp_codebench/tasks/621291/build
9: Test timeout computed to be: 5
9: [==========] Running 8 tests from 1 test suite.
9: [----------] Global test environment set-up.
9: [----------] 8 tests from DESTest
9: [ RUN      ] DESTest.StandardTest
9: /Users/ittehad/Documents/Coding/Python/Turing/Tester_cpp_codebench/tasks/621291/test.cpp:12: Failure
9: Expected equality of these values:
9:   ciphertext
9:     Which is: 1011000111100010110100110100011001010011101001010100000101001111
9:   expectedCiphertext
9:     Which is: 0111011100101100010000000010110110111111001010111010000100110100
9: 
9: /Users/ittehad/Documents/Coding/Python/Turing/Tester_cpp_codebench/tasks/621291/test.cpp:15: Failure
9: Expected equality of these values:
9:   decryptedText
9:     Which is: 0001100100111101100001101110000011011110001110100111110111110010
9:   plaintext
9:     Which is: 0000000100100011010001010110011110001001101010111100110111101111
9: 
9: [  FAILED  ] DESTest.StandardTest (0 ms)
9: [ RUN      ] DESTest.AllZerosTest
9: /Users/ittehad/Documents/Coding/Python/Turing/Tester_cpp_codebench/tasks/621291/test.cpp:25: Failure
9: Expected equality of these values:
9:   ciphertext
9:     Which is: 1001000101000010001110101000010110110110000100010011000111111100
9:   expectedCiphertext
9:     Which is: 0011101000111011110001100110011111011010000000110011110000100110
9: 
9: /Users/ittehad/Documents/Coding/Python/Turing/Tester_cpp_codebench/tasks/621291/test.cpp:28: Failure
9: Expected equality of these values:
9:   decryptedText
9:     Which is: 0101110111011101000010101001011000000011100111011000011100111111
9:   plaintext
9:     Which is: 0000000000000000000000000000000000000000000000000000000000000000
9: 
9: [  FAILED  ] DESTest.AllZerosTest (0 ms)
9: [ RUN      ] DESTest.AllOnesTest
9: /Users/ittehad/Documents/Coding/Python/Turing/Tester_cpp_codebench/tasks/621291/test.cpp:38: Failure
9: Expected equality of these values:
9:   ciphertext
9:     Which is: 1000111001110101100011101111101001010110000111001101101110101110
9:   expectedCiphertext
9:     Which is: 1100010111000100001110011001100000100101111111001100001111011001
9: 
9: /Users/ittehad/Documents/Coding/Python/Turing/Tester_cpp_codebench/tasks/621291/test.cpp:41: Failure
9: Expected equality of these values:
9:   decryptedText
9:     Which is: 1001001110001000100010010010001010110110111110010010001011100100
9:   plaintext
9:     Which is: 1111111111111111111111111111111111111111111111111111111111111111
9: 
9: [  FAILED  ] DESTest.AllOnesTest (0 ms)
9: [ RUN      ] DESTest.PlaintextEqualsKeyTest
9: /Users/ittehad/Documents/Coding/Python/Turing/Tester_cpp_codebench/tasks/621291/test.cpp:51: Failure
9: Expected equality of these values:
9:   ciphertext
9:     Which is: 1001100010100110001101111000011111100011001011000101100000000111
9:   expectedCiphertext
9:     Which is: 1101100001011111001100011110000110000110100010000011111011101110
9: 
9: /Users/ittehad/Documents/Coding/Python/Turing/Tester_cpp_codebench/tasks/621291/test.cpp:54: Failure
9: Expected equality of these values:
9:   decryptedText
9:     Which is: 0001011111101000101011101011100100110110011111001101000010000000
9:   plaintext
9:     Which is: 0000000100100011010001010110011110001001101010111100110111101111
9: 
9: [  FAILED  ] DESTest.PlaintextEqualsKeyTest (0 ms)
9: [ RUN      ] DESTest.MinimalKeyTest
9: /Users/ittehad/Documents/Coding/Python/Turing/Tester_cpp_codebench/tasks/621291/test.cpp:64: Failure
9: Expected equality of these values:
9:   ciphertext
9:     Which is: 1100001001101101011101110011100111010000000101010011010001000001
9:   expectedCiphertext
9:     Which is: 0010010100010100010100111001101100101000010000111111111010000101
9: 
9: /Users/ittehad/Documents/Coding/Python/Turing/Tester_cpp_codebench/tasks/621291/test.cpp:67: Failure
9: Expected equality of these values:
9:   decryptedText
9:     Which is: 1011000011001111111111011110110110000111000111001100111111111100
9:   plaintext
9:     Which is: 1111111011011100101110101001100001110110010101000011001000010000
9: 
9: [  FAILED  ] DESTest.MinimalKeyTest (0 ms)
9: [ RUN      ] DESTest.RandomTest
9: /Users/ittehad/Documents/Coding/Python/Turing/Tester_cpp_codebench/tasks/621291/test.cpp:77: Failure
9: Expected equality of these values:
9:   ciphertext
9:     Which is: 0001110011100011110101100011000000110100000111000100011100110000
9:   expectedCiphertext
9:     Which is: 0011000100000010000011111000111101110100100101101010110110111100
9: 
9: /Users/ittehad/Documents/Coding/Python/Turing/Tester_cpp_codebench/tasks/621291/test.cpp:80: Failure
9: Expected equality of these values:
9:   decryptedText
9:     Which is: 1110000111001110011011111001000001111001111100000101000100111011
9:   plaintext
9:     Which is: 0110101001101111011001110111000001110000011011000110010101101000
9: 
9: [  FAILED  ] DESTest.RandomTest (0 ms)
9: [ RUN      ] DESTest.EmptyKeyTest
9: /Users/ittehad/Documents/Coding/Python/Turing/Tester_cpp_codebench/tasks/621291/test.cpp:90: Failure
9: Expected equality of these values:
9:   ciphertext
9:     Which is: 1100110100101000101000100111101001010101010010001001001001001011
9:   expectedCiphertext
9:     Which is: 0110000111011111101010111000011111011010000101011110011111111010
9: 
9: /Users/ittehad/Documents/Coding/Python/Turing/Tester_cpp_codebench/tasks/621291/test.cpp:93: Failure
9: Expected equality of these values:
9:   decryptedText
9:     Which is: 1001010010110011111001000110111111011100101001010101111011011010
9:   plaintext
9:     Which is: 1111111111111111111111111111111111111111111111111111111111111110
9: 
9: [  FAILED  ] DESTest.EmptyKeyTest (0 ms)
9: [ RUN      ] DESTest.SymmetryTest
9: /Users/ittehad/Documents/Coding/Python/Turing/Tester_cpp_codebench/tasks/621291/test.cpp:103: Failure
9: Expected equality of these values:
9:   ciphertext
9:     Which is: 0010000100000111000100101100111110100110101111000111110111110100
9:   expectedCiphertext
9:     Which is: 1110101101101010001101101110011001110100100001110001001110110011
9: 
9: /Users/ittehad/Documents/Coding/Python/Turing/Tester_cpp_codebench/tasks/621291/test.cpp:106: Failure
9: Expected equality of these values:
9:   decryptedText
9:     Which is: 1110101110000011100100001101101100001111010110011010101000001000
9:   plaintext
9:     Which is: 0000000100100011010001010110011110001001101010111100110111101111
9: 
9: [  FAILED  ] DESTest.SymmetryTest (0 ms)
9: [----------] 8 tests from DESTest (3 ms Unable to find executable: /Users/ittehad/Documents/Coding/Python/Turing/Tester_cpp_codebench/tasks/621291/build/model8_tests
total)
9: 
9: [----------] Global test environment tear-down
9: [==========] 8 tests from 1 test suite ran. (3 ms total)
9: [  PASSED  ] 0 tests.
9: [  FAILED  ] 8 tests, listed below:
9: [  FAILED  ] DESTest.StandardTest
9: [  FAILED  ] DESTest.AllZerosTest
9: [  FAILED  ] DESTest.AllOnesTest
9: [  FAILED  ] DESTest.PlaintextEqualsKeyTest
9: [  FAILED  ] DESTest.MinimalKeyTest
9: [  FAILED  ] DESTest.RandomTest
9: [  FAILED  ] DESTest.EmptyKeyTest
9: [  FAILED  ] DESTest.SymmetryTest
9: 
9:  8 FAILED TESTS
 9/11 Test  #9: model7_tests .....................***Failed    0.33 sec
test 10
      Start 10: model8_tests
Could not find executable /Users/ittehad/Documents/Coding/Python/Turing/Tester_cpp_codebench/tasks/621291/build/model8_tests
Looked in the following places:
Users/ittehad/Documents/Coding/Python/Turing/Tester_cpp_codebench/tasks/621291/build/model8_tests
Users/ittehad/Documents/Coding/Python/Turing/Tester_cpp_codebench/tasks/621291/build/model8_tests
Users/ittehad/Documents/Coding/Python/Turing/Tester_cpp_codebench/tasks/621291/build/Release/model8_tests
Users/ittehad/Documents/Coding/Python/Turing/Tester_cpp_codebench/tasks/621291/build/Release/model8_tests
Users/ittehad/Documents/Coding/Python/Turing/Tester_cpp_codebench/tasks/621291/build/Debug/model8_tests
Users/ittehad/Documents/Coding/Python/Turing/Tester_cpp_codebench/tasks/621291/build/Debug/model8_tests
Users/ittehad/Documents/Coding/Python/Turing/Tester_cpp_codebench/tasks/621291/build/MinSizeRel/model8_tests
Users/ittehad/Documents/Coding/Python/Turing/Tester_cpp_codebench/tasks/621291/build/MinSizeRel/model8_tests
Users/ittehad/Documents/Coding/Python/Turing/Tester_cpp_codebench/tasks/621291/build/RelWithDebInfo/model8_tests
Users/ittehad/Documents/Coding/Python/Turing/Tester_cpp_codebench/tasks/621291/build/RelWithDebInfo/model8_tests
Users/ittehad/Documents/Coding/Python/Turing/Tester_cpp_codebench/tasks/621291/build/Deployment/model8_tests
Users/ittehad/Documents/Coding/Python/Turing/Tester_cpp_codebench/tasks/621291/build/Deployment/model8_tests
Users/ittehad/Documents/Coding/Python/Turing/Tester_cpp_codebench/tasks/621291/build/Development/model8_tests
Users/ittehad/Documents/Coding/Python/Turing/Tester_cpp_codebench/tasks/621291/build/Development/model8_tests

10: Test command: 
10: Working Directory: /Users/ittehad/Documents/Coding/Python/Turing/Tester_cpp_codebench/tasks/621291/build
10/11 Test #10: model8_tests .....................***Not Run   0.00 sec
test 11
      Start 11: model9_tests

11: Test command: /Users/ittehad/Documents/Coding/Python/Turing/Tester_cpp_codebench/tasks/621291/build/model9_tests
11: Working Directory: /Users/ittehad/Documents/Coding/Python/Turing/Tester_cpp_codebench/tasks/621291/build
11: Test timeout computed to be: 5
11: [==========] Running 8 tests from 1 test suite.
11: [----------] Global test environment set-up.
11: [----------] 8 tests from DESTest
11: [ RUN      ] DESTest.StandardTest
11: /Users/ittehad/Documents/Coding/Python/Turing/Tester_cpp_codebench/tasks/621291/test.cpp:12: Failure
11: Expected equality of these values:
11:   ciphertext
11:     Which is: 1000101100110100100100010110101011110100101001111100100110101010
11:   expectedCiphertext
11:     Which is: 0111011100101100010000000010110110111111001010111010000100110100
11: 
11: /Users/ittehad/Documents/Coding/Python/Turing/Tester_cpp_codebench/tasks/621291/test.cpp:15: Failure
11: Expected equality of these values:
11:   decryptedText
11:     Which is: 0101111110000101101000010000001111100001111110011011110001101000
11:   plaintext
11:     Which is: 0000000100100011010001010110011110001001101010111100110111101111
11: 
11: [  FAILED  ] DESTest.StandardTest (0 ms)
11: [ RUN      ] DESTest.AllZerosTest
11: /Users/ittehad/Documents/Coding/Python/Turing/Tester_cpp_codebench/tasks/621291/test.cpp:25: Failure
11: Expected equality of these values:
11:   ciphertext
11:     Which is: 1100001110100001010001000001110000101010000001011001101001100001
11:   expectedCiphertext
11:     Which is: 0011101000111011110001100110011111011010000000110011110000100110
11: 
11: /Users/ittehad/Documents/Coding/Python/Turing/Tester_cpp_codebench/tasks/621291/test.cpp:28: Failure
11: Expected equality of these values:
11:   decryptedText
11:     Which is: 1011000100110011111111110001000101000000110110101111011001101110
11:   plaintext
11:     Which is: 0000000000000000000000000000000000000000000000000000000000000000
11: 
11: [  FAILED  ] DESTest.AllZerosTest (0 ms)
11: [ RUN      ] DESTest.AllOnesTest
11: /Users/ittehad/Documents/Coding/Python/Turing/Tester_cpp_codebench/tasks/621291/test.cpp:38: Failure
11: Expected equality of these values:
11:   ciphertext
11:     Which is: 0011110001011110101110111110001111010101111110100110010110011110
11:   expectedCiphertext
11:     Which is: 1100010111000100001110011001100000100101111111001100001111011001
11: 
11: /Users/ittehad/Documents/Coding/Python/Turing/Tester_cpp_codebench/tasks/621291/test.cpp:41: Failure
11: Expected equality of these values:
11:   decryptedText
11:     Which is: 0100111011001100000000001110111010111111001001010000100110010001
11:   plaintext
11:     Which is: 1111111111111111111111111111111111111111111111111111111111111111
11: 
11: [  FAILED  ] DESTest.AllOnesTest (0 ms)
11: [ RUN      ] DESTest.PlaintextEqualsKeyTest
11: /Users/ittehad/Documents/Coding/Python/Turing/Tester_cpp_codebench/tasks/621291/test.cpp:51: Failure
11: Expected equality of these values:
11:   ciphertext
11:     Which is: 0101101110011001011101100101011011110110111110111011101110111001
11:   expectedCiphertext
11:     Which is: 1101100001011111001100011110000110000110100010000011111011101110
11: 
11: /Users/ittehad/Documents/Coding/Python/Turing/Tester_cpp_codebench/tasks/621291/test.cpp:54: Failure
11: Expected equality of these values:
11:   decryptedText
11:     Which is: 1100100100100010000001111110111110011010011010100111001111110100
11:   plaintext
11:     Which is: 0000000100100011010001010110011110001001101010111100110111101111
11: 
11: [  FAILED  ] DESTest.PlaintextEqualsKeyTest (0 ms)
11: [ RUN      ] DESTest.MinimalKeyTest
11: /Users/ittehad/Documents/Coding/Python/Turing/Tester_cpp_codebench/tasks/621291/test.cpp:64: Failure
11: Expected equality of these values:
11:   ciphertext
11:     Which is: 0011010100001101100011000011101111111100101011110100101100011011
11:   expectedCiphertext
11:     Which is: 0010010100010100010100111001101100101000010000111111111010000101
11: 
11: /Users/ittehad/Documents/Coding/Python/Turing/Tester_cpp_codebench/tasks/621291/test.cpp:67: Failure
11: Expected equality of these values:
11:   decryptedText
11:     Which is: 0110011101100100101001100100101000011010011111000110111011010101
11:   plaintext
11:     Which is: 1111111011011100101110101001100001110110010101000011001000010000
11: 
11: [  FAILED  ] DESTest.MinimalKeyTest (0 ms)
11: [ RUN      ] DESTest.RandomTest
11: /Users/ittehad/Documents/Coding/Python/Turing/Tester_cpp_codebench/tasks/621291/test.cpp:77: Failure
11: Expected equality of these values:
11:   ciphertext
11:     Which is: 1111111000010011001011000010101001001111111001111111010001100101
11:   expectedCiphertext
11:     Which is: 0011000100000010000011111000111101110100100101101010110110111100
11: 
11: /Users/ittehad/Documents/Coding/Python/Turing/Tester_cpp_codebench/tasks/621291/test.cpp:80: Failure
11: Expected equality of these values:
11:   decryptedText
11:     Which is: 1110101111110111000101011010010101011010000100110100001101111001
11:   plaintext
11:     Which is: 0110101001101111011001110111000001110000011011000110010101101000
11: 
11: [  FAILED  ] DESTest.RandomTest (0 ms)
11: [ RUN      ] DESTest.EmptyKeyTest
11: /Users/ittehad/Documents/Coding/Python/Turing/Tester_cpp_codebench/tasks/621291/test.cpp:90: Failure
11: Expected equality of these values:
11:   ciphertext
11:     Which is: 1101101001110101111001011111101011111011101000011000111100000001
11:   expectedCiphertext
11:     Which is: 0110000111011111101010111000011111011010000101011110011111111010
11: 
11: /Users/ittehad/Documents/Coding/Python/Turing/Tester_cpp_codebench/tasks/621291/test.cpp:93: Failure
11: ExpectedErrors while running CTest
Output from these tests are in: /Users/ittehad/Documents/Coding/Python/Turing/Tester_cpp_codebench/tasks/621291/build/Testing/Temporary/LastTest.log
Use "--rerun-failed --output-on-failure" to re-run the failed cases verbosely.
 equality of these values:
11:   decryptedText
11:     Which is: 0101010000111011100001000010111000000011111010000010011000100111
11:   plaintext
11:     Which is: 1111111111111111111111111111111111111111111111111111111111111110
11: 
11: [  FAILED  ] DESTest.EmptyKeyTest (0 ms)
11: [ RUN      ] DESTest.SymmetryTest
11: /Users/ittehad/Documents/Coding/Python/Turing/Tester_cpp_codebench/tasks/621291/test.cpp:103: Failure
11: Expected equality of these values:
11:   ciphertext
11:     Which is: 0111000011111001110001100101100101010100001111100011110101101000
11:   expectedCiphertext
11:     Which is: 1110101101101010001101101110011001110100100001110001001110110011
11: 
11: /Users/ittehad/Documents/Coding/Python/Turing/Tester_cpp_codebench/tasks/621291/test.cpp:106: Failure
11: Expected equality of these values:
11:   decryptedText
11:     Which is: 1011111101011110010001001001010000010110001001100011001110010101
11:   plaintext
11:     Which is: 0000000100100011010001010110011110001001101010111100110111101111
11: 
11: [  FAILED  ] DESTest.SymmetryTest (0 ms)
11: [----------] 8 tests from DESTest (6 ms total)
11: 
11: [----------] Global test environment tear-down
11: [==========] 8 tests from 1 test suite ran. (6 ms total)
11: [  PASSED  ] 0 tests.
11: [  FAILED  ] 8 tests, listed below:
11: [  FAILED  ] DESTest.StandardTest
11: [  FAILED  ] DESTest.AllZerosTest
11: [  FAILED  ] DESTest.AllOnesTest
11: [  FAILED  ] DESTest.PlaintextEqualsKeyTest
11: [  FAILED  ] DESTest.MinimalKeyTest
11: [  FAILED  ] DESTest.RandomTest
11: [  FAILED  ] DESTest.EmptyKeyTest
11: [  FAILED  ] DESTest.SymmetryTest
11: 
11:  8 FAILED TESTS
11/11 Test #11: model9_tests .....................***Failed    0.34 sec

36% tests passed, 7 tests failed out of 11

Total Test time (real) =   2.07 sec

The following tests FAILED:
	  1 - incorrect_solution_tests (Not Run)
	  3 - model10_tests (Not Run)
	  5 - model3_tests (Not Run)
	  8 - model6_tests (Not Run)
	  9 - model7_tests (Failed)
	 10 - model8_tests (Not Run)
	 11 - model9_tests (Failed)
Test project /Users/ittehad/Documents/Coding/Python/Turing/Tester_cpp_codebench/tasks/621291/build
      Start  1: incorrect_solution_tests
Could not find executable /Users/ittehad/Documents/Coding/Python/Turing/Tester_cpp_codebench/tasks/621291/build/incorrect_solution_tests
Looked in the following places:
/Users/ittehad/Documents/Coding/Python/Turing/Tester_cpp_codebench/tasks/621291/build/incorrect_solution_tests
/Users/ittehad/Documents/Coding/Python/Turing/Tester_cpp_codebench/tasks/621291/build/incorrect_solution_tests
/Users/ittehad/Documents/Coding/Python/Turing/Tester_cpp_codebench/tasks/621291/build/Release/incorrect_solution_tests
/Users/ittehad/Documents/Coding/Python/Turing/Tester_cpp_codebench/tasks/621291/build/Release/incorrect_solution_tests
/Users/ittehad/Documents/Coding/Python/Turing/Tester_cpp_codebench/tasks/621291/build/Debug/incorrect_solution_tests
/Users/ittehad/Documents/Coding/Python/Turing/Tester_cpp_codebench/tasks/621291/build/Debug/incorrect_solution_tests
/Users/ittehad/Documents/Coding/Python/Turing/Tester_cpp_codebench/tasks/621291/build/MinSizeRel/incorrect_solution_tests
/Users/ittehad/Documents/Coding/Python/Turing/Tester_cpp_codebench/tasks/621291/build/MinSizeRel/incorrect_solution_tests
/Users/ittehad/Documents/Coding/Python/Turing/Tester_cpp_codebench/tasks/621291/build/RelWithDebInfo/incorrect_solution_tests
/Users/ittehad/Documents/Coding/Python/Turing/Tester_cpp_codebench/tasks/621291/build/RelWithDebInfo/incorrect_solution_tests
/Users/ittehad/Documents/Coding/Python/Turing/Tester_cpp_codebench/tasks/621291/build/Deployment/incorrect_solution_tests
/Users/ittehad/Documents/Coding/Python/Turing/Tester_cpp_codebench/tasks/621291/build/Deployment/incorrect_solution_tests
/Users/ittehad/Documents/Coding/Python/Turing/Tester_cpp_codebench/tasks/621291/build/Development/incorrect_solution_tests
/Users/ittehad/Documents/Coding/Python/Turing/Tester_cpp_codebench/tasks/621291/build/Development/incorrect_solution_tests
Users/ittehad/Documents/Coding/Python/Turing/Tester_cpp_codebench/tasks/621291/build/incorrect_solution_tests
Users/ittehad/Documents/Coding/Python/Turing/Tester_cpp_codebench/tasks/621291/build/incorrect_solution_tests
Users/ittehad/Documents/Coding/Python/Turing/Tester_cpp_codebench/tasks/621291/build/Release/incorrect_solution_tests
Users/ittehad/Documents/Coding/Python/Turing/Tester_cpp_codebench/tasks/621291/build/Release/incorrect_solution_tests
Users/ittehad/Documents/Coding/Python/Turing/Tester_cpp_codebench/tasks/621291/build/Debug/incorrect_solution_tests
Users/ittehad/Documents/Coding/Python/Turing/Tester_cpp_codebench/tasks/621291/build/Debug/incorrect_solution_tests
Users/ittehad/Documents/Coding/Python/Turing/Tester_cpp_codebench/tasks/621291/build/MinSizeRel/incorrect_solution_tests
Users/ittehad/Documents/Coding/Python/Turing/Tester_cpp_codebench/tasks/621291/build/MinSizeRel/incorrect_solution_tests
Users/ittehad/Documents/Coding/Python/Turing/Tester_cpp_codebench/tasks/621291/build/RelWithDebInfo/incorrect_solution_tests
Users/ittehad/Documents/Coding/Python/Turing/Tester_cpp_codebench/tasks/621291/build/RelWithDebInfo/incorrect_solution_tests
Users/ittehad/Documents/Coding/Python/Turing/Tester_cpp_codebench/tasks/621291/build/Deployment/incorrect_solution_tests
Users/ittehad/Documents/Coding/Python/Turing/Tester_cpp_codebench/tasks/621291/build/Deployment/incorrect_solution_tests
Users/ittehad/Documents/Coding/Python/Turing/Tester_cpp_codebench/tasks/621291/build/Development/incorrect_solution_tests
Users/ittehad/Documents/Coding/Python/Turing/Tester_cpp_codebench/tasks/621291/build/Development/incorrect_solution_tests
Unable to find executable: /Users/ittehad/Documents/Coding/Python/Turing/Tester_cpp_codebench/tasks/621291/build/incorrect_solution_tests
 1/11 Test  #1: incorrect_solution_tests .........***Not Run   0.00 sec
      Start  2: model1_tests
 2/11 Test  #2: model1_tests .....................   Passed    0.01 sec
      Start  3: model10_tests
Could not find executable /Users/ittehad/Documents/Coding/Python/Turing/Tester_cpp_codebench/tasks/621291/build/model10_tests
Looked in the following places:
/Users/ittehad/Documents/Coding/Python/Turing/Tester_cpp_codebench/tasks/621291/build/model10_tests
/Users/ittehad/Documents/Coding/Python/Turing/Tester_cpp_codebench/tasks/621291/build/model10_tests
/Users/ittehad/Documents/Coding/Python/Turing/Tester_cpp_codebench/tasks/621291/build/Release/model10_tests
/Users/ittehad/Documents/Coding/Python/Turing/Tester_cpp_codebench/tasks/621291/build/Release/model10_tests
/Users/ittehad/Documents/Coding/Python/Turing/Tester_cpp_codebench/tasks/621291/build/Debug/model10_tests
/Users/ittehad/Documents/Coding/Python/Turing/Tester_cpp_codebench/tasks/621291/build/Debug/model10_tests
/Users/ittehad/Documents/Coding/Python/Turing/Tester_cpp_codebench/tasks/621291/build/MinSizeRel/model10_tests
/Users/ittehad/Documents/Coding/Python/Turing/Tester_cpp_codebench/tasks/621291/build/MinSizeRel/model10_tests
/Users/ittehad/Documents/Coding/Python/Turing/Tester_cpp_codebench/tasks/621291/build/RelWithDebInfo/model10_tests
/Users/ittehad/Documents/Coding/Python/Turing/Tester_cpp_codebench/tasks/621291/build/RelWithDebInfo/model10_tests
/Users/ittehad/Documents/Coding/Python/Turing/Tester_cpp_codebench/tasks/621291/build/Deployment/model10_tests
/Users/ittehad/Documents/Coding/Python/Turing/Tester_cpp_codebench/tasks/621291/build/Deployment/model10_tests
/Users/ittehad/Documents/Coding/Python/Turing/Tester_cpp_codebench/tasks/621291/build/Development/model10_tests
/Users/ittehad/Documents/Coding/Python/Turing/Tester_cpp_codebench/tasks/621291/build/Development/model10_tests
Users/ittehad/Documents/Coding/Python/Turing/Tester_cpp_codebench/tasks/621291/build/model10_tests
Users/ittehad/Documents/Coding/Python/Turing/Tester_cpp_codebench/tasks/621291/build/model10_tests
Users/ittehad/Documents/Coding/Python/Turing/Tester_cpp_codebench/tasks/621291/build/Release/model10_tests
Users/ittehad/Documents/Coding/Python/Turing/Tester_cpp_codebench/tasks/621291/build/Release/model10_tests
Users/ittehad/Documents/Coding/Python/Turing/Tester_cpp_codebench/tasks/621291/build/Debug/model10_tests
Users/ittehad/Documents/Coding/Python/Turing/Tester_cpp_codebench/tasks/621291/build/Debug/model10_tests
Users/ittehad/Documents/Coding/Python/Turing/Tester_cpp_codebench/tasks/621291/build/MinSizeRel/model10_tests
Users/ittehad/Documents/Coding/Python/Turing/Tester_cpp_codebench/tasks/621291/build/MinSizeRel/model10_tests
Users/ittehad/Documents/Coding/Python/Turing/Tester_cpp_codebench/tasks/621291/build/RelWithDebInfo/model10_tests
Users/ittehad/Documents/Coding/Python/Turing/Tester_cpp_codebench/tasks/621291/build/RelWithDebInfo/model10_tests
Users/ittehad/Documents/Coding/Python/Turing/Tester_cpp_codebench/tasks/621291/build/Deployment/model10_tests
Users/ittehad/Documents/Coding/Python/Turing/Tester_cpp_codebench/tasks/621291/build/Deployment/model10_tests
Users/ittehad/Documents/Coding/Python/Turing/Tester_cpp_codebench/tasks/621291/build/Development/model10_tests
Users/ittehad/Documents/Coding/Python/Turing/Tester_cpp_codebench/tasks/621291/build/Development/model10_tests
Unable to find executable: /Users/ittehad/Documents/Coding/Python/Turing/Tester_cpp_codebench/tasks/621291/build/model10_tests
 3/11 Test  #3: model10_tests ....................***Not Run   0.00 sec
      Start  4: model2_tests
 4/11 Test  #4: model2_tests .....................   Passed    0.01 sec
      Start  5: model3_tests
Could not find executable /Users/ittehad/Documents/Coding/Python/Turing/Tester_cpp_codebench/tasks/621291/build/model3_tests
Looked in the following places:
/Users/ittehad/Documents/Coding/Python/Turing/Tester_cpp_codebench/tasks/621291/build/model3_tests
/Users/ittehad/Documents/Coding/Python/Turing/Tester_cpp_codebench/tasks/621291/build/model3_tests
/Users/ittehad/Documents/Coding/Python/Turing/Tester_cpp_codebench/tasks/621291/build/Release/model3_tests
/Users/ittehad/Documents/Coding/Python/Turing/Tester_cpp_codebench/tasks/621291/build/Release/model3_tests
/Users/ittehad/Documents/Coding/Python/Turing/Tester_cpp_codebench/tasks/621291/build/Debug/model3_tests
/Users/ittehad/Documents/Coding/Python/Turing/Tester_cpp_codebench/tasks/621291/build/Debug/model3_tests
/Users/ittehad/Documents/Coding/Python/Turing/Tester_cpp_codebench/tasks/621291/build/MinSizeRel/model3_tests
/Users/ittehad/Documents/Coding/Python/Turing/Tester_cpp_codebench/tasks/621291/build/MinSizeRel/model3_tests
/Users/ittehad/Documents/Coding/Python/Turing/Tester_cpp_codebench/tasks/621291/build/RelWithDebInfo/model3_tests
/Users/ittehad/Documents/Coding/Python/Turing/Tester_cpp_codebench/tasks/621291/build/RelWithDebInfo/model3_tests
/Users/ittehad/Documents/Coding/Python/Turing/Tester_cpp_codebench/tasks/621291/build/Deployment/model3_tests
/Users/ittehad/Documents/Coding/Python/Turing/Tester_cpp_codebench/tasks/621291/build/Deployment/model3_tests
/Users/ittehad/Documents/Coding/Python/Turing/Tester_cpp_codebench/tasks/621291/build/Development/model3_tests
/Users/ittehad/Documents/Coding/Python/Turing/Tester_cpp_codebench/tasks/621291/build/Development/model3_tests
Users/ittehad/Documents/Coding/Python/Turing/Tester_cpp_codebench/tasks/621291/build/model3_tests
Users/ittehad/Documents/Coding/Python/Turing/Tester_cpp_codebench/tasks/621291/build/model3_tests
Users/ittehad/Documents/Coding/Python/Turing/Tester_cpp_codebench/tasks/621291/build/Release/model3_tests
Users/ittehad/Documents/Coding/Python/Turing/Tester_cpp_codebench/tasks/621291/build/Release/model3_tests
Users/ittehad/Documents/Coding/Python/Turing/Tester_cpp_codebench/tasks/621291/build/Debug/model3_tests
Users/ittehad/Documents/Coding/Python/Turing/Tester_cpp_codebench/tasks/621291/build/Debug/model3_tests
Users/ittehad/Documents/Coding/Python/Turing/Tester_cpp_codebench/tasks/621291/build/MinSizeRel/model3_tests
Users/ittehad/Documents/Coding/Python/Turing/Tester_cpp_codebench/tasks/621291/build/MinSizeRel/model3_tests
Users/ittehad/Documents/Coding/Python/Turing/Tester_cpp_codebench/tasks/621291/build/RelWithDebInfo/model3_tests
Users/ittehad/Documents/Coding/Python/Turing/Tester_cpp_codebench/tasks/621291/build/RelWithDebInfo/model3_tests
Users/ittehad/Documents/Coding/Python/Turing/Tester_cpp_codebench/tasks/621291/build/Deployment/model3_tests
Users/ittehad/Documents/Coding/Python/Turing/Tester_cpp_codebench/tasks/621291/build/Deployment/model3_tests
Users/ittehad/Documents/Coding/Python/Turing/Tester_cpp_codebench/tasks/621291/build/Development/model3_tests
Users/ittehad/Documents/Coding/Python/Turing/Tester_cpp_codebench/tasks/621291/build/Development/model3_tests
Unable to find executable: /Users/ittehad/Documents/Coding/Python/Turing/Tester_cpp_codebench/tasks/621291/build/model3_tests
 5/11 Test  #5: model3_tests .....................***Not Run   0.00 sec
      Start  6: model4_tests
 6/11 Test  #6: model4_tests .....................   Passed    0.01 sec
      Start  7: model5_tests
 7/11 Test  #7: model5_tests .....................   Passed    0.01 sec
      Start  8: model6_tests
Could not find executable /Users/ittehad/Documents/Coding/Python/Turing/Tester_cpp_codebench/tasks/621291/build/model6_tests
Looked in the following places:
/Users/ittehad/Documents/Coding/Python/Turing/Tester_cpp_codebench/tasks/621291/build/model6_tests
/Users/ittehad/Documents/Coding/Python/Turing/Tester_cpp_codebench/tasks/621291/build/model6_tests
/Users/ittehad/Documents/Coding/Python/Turing/Tester_cpp_codebench/tasks/621291/build/Release/model6_tests
/Users/ittehad/Documents/Coding/Python/Turing/Tester_cpp_codebench/tasks/621291/build/Release/model6_tests
/Users/ittehad/Documents/Coding/Python/Turing/Tester_cpp_codebench/tasks/621291/build/Debug/model6_tests
/Users/ittehad/Documents/Coding/Python/Turing/Tester_cpp_codebench/tasks/621291/build/Debug/model6_tests
/Users/ittehad/Documents/Coding/Python/Turing/Tester_cpp_codebench/tasks/621291/build/MinSizeRel/model6_tests
/Users/ittehad/Documents/Coding/Python/Turing/Tester_cpp_codebench/tasks/621291/build/MinSizeRel/model6_tests
/Users/ittehad/Documents/Coding/Python/Turing/Tester_cpp_codebench/tasks/621291/build/RelWithDebInfo/model6_tests
/Users/ittehad/Documents/Coding/Python/Turing/Tester_cpp_codebench/tasks/621291/build/RelWithDebInfo/model6_tests
/Users/ittehad/Documents/Coding/Python/Turing/Tester_cpp_codebench/tasks/621291/build/Deployment/model6_tests
/Users/ittehad/Documents/Coding/Python/Turing/Tester_cpp_codebench/tasks/621291/build/Deployment/model6_tests
/Users/ittehad/Documents/Coding/Python/Turing/Tester_cpp_codebench/tasks/621291/build/Development/model6_tests
/Users/ittehad/Documents/Coding/Python/Turing/Tester_cpp_codebench/tasks/621291/build/Development/model6_tests
Users/ittehad/Documents/Coding/Python/Turing/Tester_cpp_codebench/tasks/621291/build/model6_tests
Users/ittehad/Documents/Coding/Python/Turing/Tester_cpp_codebench/tasks/621291/build/model6_tests
Users/ittehad/Documents/Coding/Python/Turing/Tester_cpp_codebench/tasks/621291/build/Release/model6_tests
Users/ittehad/Documents/Coding/Python/Turing/Tester_cpp_codebench/tasks/621291/build/Release/model6_tests
Users/ittehad/Documents/Coding/Python/Turing/Tester_cpp_codebench/tasks/621291/build/Debug/model6_tests
Users/ittehad/Documents/Coding/Python/Turing/Tester_cpp_codebench/tasks/621291/build/Debug/model6_tests
Users/ittehad/Documents/Coding/Python/Turing/Tester_cpp_codebench/tasks/621291/build/MinSizeRel/model6_tests
Users/ittehad/Documents/Coding/Python/Turing/Tester_cpp_codebench/tasks/621291/build/MinSizeRel/model6_tests
Users/ittehad/Documents/Coding/Python/Turing/Tester_cpp_codebench/tasks/621291/build/RelWithDebInfo/model6_tests
Users/ittehad/Documents/Coding/Python/Turing/Tester_cpp_codebench/tasks/621291/build/RelWithDebInfo/model6_tests
Users/ittehad/Documents/Coding/Python/Turing/Tester_cpp_codebench/tasks/621291/build/Deployment/model6_tests
Users/ittehad/Documents/Coding/Python/Turing/Tester_cpp_codebench/tasks/621291/build/Deployment/model6_tests
Users/ittehad/Documents/Coding/Python/Turing/Tester_cpp_codebench/tasks/621291/build/Development/model6_tests
Users/ittehad/Documents/Coding/Python/Turing/Tester_cpp_codebench/tasks/621291/build/Development/model6_tests
Unable to find executable: /Users/ittehad/Documents/Coding/Python/Turing/Tester_cpp_codebench/tasks/621291/build/model6_tests
 8/11 Test  #8: model6_tests .....................***Not Run   0.00 sec
      Start  9: model7_tests
 9/11 Test  #9: model7_tests .....................***Failed    0.01 sec
      Start 10: model8_tests
Could not find executable /Users/ittehad/Documents/Coding/Python/Turing/Tester_cpp_codebench/tasks/621291/build/model8_tests
Looked in the following places:
/Users/ittehad/Documents/Coding/Python/Turing/Tester_cpp_codebench/tasks/621291/build/model8_tests
/Users/ittehad/Documents/Coding/Python/Turing/Tester_cpp_codebench/tasks/621291/build/model8_tests
/Users/ittehad/Documents/Coding/Python/Turing/Tester_cpp_codebench/tasks/621291/build/Release/model8_tests
/Users/ittehad/Documents/Coding/Python/Turing/Tester_cpp_codebench/tasks/621291/build/Release/model8_tests
/Users/ittehad/Documents/Coding/Python/Turing/Tester_cpp_codebench/tasks/621291/build/Debug/model8_tests
/Users/ittehad/Documents/Coding/Python/Turing/Tester_cpp_codebench/tasks/621291/build/Debug/model8_tests
/Users/ittehad/Documents/Coding/Python/Turing/Tester_cpp_codebench/tasks/621291/build/MinSizeRel/model8_tests
/Users/ittehad/Documents/Coding/Python/Turing/Tester_cpp_codebench/tasks/621291/build/MinSizeRel/model8_tests
/Users/ittehad/Documents/Coding/Python/Turing/Tester_cpp_codebench/tasks/621291/build/RelWithDebInfo/model8_tests
/Users/ittehad/Documents/Coding/Python/Turing/Tester_cpp_codebench/tasks/621291/build/RelWithDebInfo/model8_tests
/Users/ittehad/Documents/Coding/Python/Turing/Tester_cpp_codebench/tasks/621291/build/Deployment/model8_tests
/Users/ittehad/Documents/Coding/Python/Turing/Tester_cpp_codebench/tasks/621291/build/Deployment/model8_tests
/Users/ittehad/Documents/Coding/Python/Turing/Tester_cpp_codebench/tasks/621291/build/Development/model8_tests
/Users/ittehad/Documents/Coding/Python/Turing/Tester_cpp_codebench/tasks/621291/build/Development/model8_tests
Users/ittehad/Documents/Coding/Python/Turing/Tester_cpp_codebench/tasks/621291/build/model8_tests
Users/ittehad/Documents/Coding/Python/Turing/Tester_cpp_codebench/tasks/621291/build/model8_tests
Users/ittehad/Documents/Coding/Python/Turing/Tester_cpp_codebench/tasks/621291/build/Release/model8_tests
Users/ittehad/Documents/Coding/Python/Turing/Tester_cpp_codebench/tasks/621291/build/Release/model8_tests
Users/ittehad/Documents/Coding/Python/Turing/Tester_cpp_codebench/tasks/621291/build/Debug/model8_tests
Users/ittehad/Documents/Coding/Python/Turing/Tester_cpp_codebench/tasks/621291/build/Debug/model8_tests
Users/ittehad/Documents/Coding/Python/Turing/Tester_cpp_codebench/tasks/621291/build/MinSizeRel/model8_tests
Users/ittehad/Documents/Coding/Python/Turing/Tester_cpp_codebench/tasks/621291/build/MinSizeRel/model8_tests
Users/ittehad/Documents/Coding/Python/Turing/Tester_cpp_codebench/tasks/621291/build/RelWithDebInfo/model8_tests
Users/ittehad/Documents/Coding/Python/Turing/Tester_cpp_codebench/tasks/621291/build/RelWithDebInfo/model8_tests
Users/ittehad/Documents/Coding/Python/Turing/Tester_cpp_codebench/tasks/621291/build/Deployment/model8_tests
Users/ittehad/Documents/Coding/Python/Turing/Tester_cpp_codebench/tasks/621291/build/Deployment/model8_tests
Users/ittehad/Documents/Coding/Python/Turing/Tester_cpp_codebench/tasks/621291/build/Development/model8_tests
Users/ittehad/Documents/Coding/Python/Turing/Tester_cpp_codebench/tasks/621291/build/Development/model8_tests
Unable to find executable: /Users/ittehad/Documents/Coding/Python/Turing/Tester_cpp_codebench/tasks/621291/build/model8_tests
10/11 Test #10: model8_tests .....................***Not Run   0.00 sec
      Start 11: model9_tests
11/11 Test #11: model9_tests .....................***Failed    0.01 sec

36% tests passed, 7 tests failed out of 11

Total Test time (real) =   0.04 sec

The following tests FAILED:
	  1 - incorrect_solution_tests (Not Run)
	  3 - model10_tests (Not Run)
	  5 - model3_tests (Not Run)
	  8 - model6_tests (Not Run)
	  9 - model7_tests (Failed)
	 10 - model8_tests (Not Run)
	 11 - model9_tests (Failed)
Errors while running CTest
Output from these tests are in: /Users/ittehad/Documents/Coding/Python/Turing/Tester_cpp_codebench/tasks/621291/build/Testing/Temporary/LastTest.log
Use "--rerun-failed --output-on-failure" to re-run the failed cases verbosely.
