UpdateCTestConfiguration  from :/Users/ittehad/Documents/Coding/Python/Turing/Tester_cpp_codebench/tasks/621284/build/DartConfiguration.tcl
UpdateCTestConfiguration  from :/Users/ittehad/Documents/Coding/Python/Turing/Tester_cpp_codebench/tasks/621284/build/DartConfiguration.tcl
Test project /Users/ittehad/Documents/Coding/Python/Turing/Tester_cpp_codebench/tasks/621284/build
Constructing a list of tests
Done constructing a list of tests
Updating test list for fixtures
Added 0 tests to meet fixture requirements
Checking test dependency graph...
Checking test dependency graph end
test 1
      Start  1: incorrect_solution_tests

1: Test command: /Users/ittehad/Documents/Coding/Python/Turing/Tester_cpp_codebench/tasks/621284/build/incorrect_solution_tests
1: Working Directory: /Users/ittehad/Documents/Coding/Python/Turing/Tester_cpp_codebench/tasks/621284/build
1: Test timeout computed to be: 5
1: Running main() from /Users/ittehad/Documents/Coding/Python/Turing/Tester_cpp_codebench/tasks/621284/build/_deps/googletest-src/googletest/src/gtest_main.cc
1: [==========] Running 8 tests from 1 test suite.
1: [----------] Global test environment set-up.
1: [----------] 8 tests from LongestPalindromeSubstringTest
1: [ RUN      ] LongestPalindromeSubstringTest.EmptyDNASequence
1: [       OK ] LongestPalindromeSubstringTest.EmptyDNASequence (0 ms)
1: [ RUN      ] LongestPalindromeSubstringTest.SingleCharacterDNASequence
1: /Users/ittehad/Documents/Coding/Python/Turing/Tester_cpp_codebench/tasks/621284/test.cpp:13: Failure
1: Expected equality of these values:
1:   result
1:     Which is: "A"
1:   ""
1: 
1: [  FAILED  ] LongestPalindromeSubstringTest.SingleCharacterDNASequence (0 ms)
1: [ RUN      ] LongestPalindromeSubstringTest.NoPalindromeDNASequence
1: /Users/ittehad/Documents/Coding/Python/Turing/Tester_cpp_codebench/tasks/621284/test.cpp:19: Failure
1: Expected equality of these values:
1:   result
1:     Which is: "A"
1:   ""
1: 
1: [  FAILED  ] LongestPalindromeSubstringTest.NoPalindromeDNASequence (0 ms)
1: [ RUN      ] LongestPalindromeSubstringTest.CompletePalindromeDNASequence
1: [       OK ] LongestPalindromeSubstringTest.CompletePalindromeDNASequence (0 ms)
1: [ RUN      ] LongestPalindromeSubstringTest.MultiplePalindromesDNASequence
1: [       OK ] LongestPalindromeSubstringTest.MultiplePalindromesDNASequence (0 ms)
1: [ RUN      ] LongestPalindromeSubstringTest.NestedPalindromesDNASequence
1: [       OK ] LongestPalindromeSubstringTest.NestedPalindromesDNASequence (0 ms)
1: [ RUN      ] LongestPalindromeSubstringTest.PalindromeAtStart
1: [       OK ] LongestPalindromeSubstringTest.PalindromeAtStart (0 ms)
1: [ RUN      ] LongestPalindromeSubstringTest.ComplementaryPalindromeAtEnd
1: [       OK ] LongestPalindromeSubstringTest.ComplementaryPalindromeAtEnd (1 ms)
1: [----------] 8 tests from LongestPalindromeSubstringTest (2 ms total)
1: 
1: [----------] Global test environment tear-down
1: [==========] 8 tests from 1 test suite ran. (2 ms total)
1: [  PASSED  ] 6 tests.
1: [  FAILED  ] 2 tests, listed below:
1: [  FAILED  ] LongestPalindromeSubstringTest.SingleCharacterDNASequence
1: [  FAILED  ] LongestPalindromeSubstringTest.NoPalindromeDNASequence
1: 
1:  2 FAILED TESTS
 1/11 Test  #1: incorrect_solution_tests .........***Failed    0.33 sec
test 2
      Start  2: model1_tests

2: Test command: /Users/ittehad/Documents/Coding/Python/Turing/Tester_cpp_codebench/tasks/621284/build/model1_tests
2: Working Directory: /Users/ittehad/Documents/Coding/Python/Turing/Tester_cpp_codebench/tasks/621284/build
2: Test timeout computed to be: 5
2: Running main() from /Users/ittehad/Documents/Coding/Python/Turing/Tester_cpp_codebench/tasks/621284/build/_deps/googletest-src/googletest/src/gtest_main.cc
2: [==========] Running 8 tests from 1 test suite.
2: [----------] Global test environment set-up.
2: [----------] 8 tests from LongestPalindromeSubstringTest
2: [ RUN      ] LongestPalindromeSubstringTest.EmptyDNASequence
2: [       OK ] LongestPalindromeSubstringTest.EmptyDNASequence (0 ms)
2: [ RUN      ] LongestPalindromeSubstringTest.SingleCharacterDNASequence
2: /Users/ittehad/Documents/Coding/Python/Turing/Tester_cpp_codebench/tasks/621284/test.cpp:13: Failure
2: Expected equality of these values:
2:   result
2:     Which is: "A"
2:   ""
2: 
2: [  FAILED  ] LongestPalindromeSubstringTest.SingleCharacterDNASequence (0 ms)
2: [ RUN      ] LongestPalindromeSubstringTest.NoPalindromeDNASequence
2: /Users/ittehad/Documents/Coding/Python/Turing/Tester_cpp_codebench/tasks/621284/test.cpp:19: Failure
2: Expected equality of these values:
2:   result
2:     Which is: "GGG"
2:   ""
2: 
2: [  FAILED  ] LongestPalindromeSubstringTest.NoPalindromeDNASequence (0 ms)
2: [ RUN      ] LongestPalindromeSubstringTest.CompletePalindromeDNASequence
2: [       OK ] LongestPalindromeSubstringTest.CompletePalindromeDNASequence (0 ms)
2: [ RUN      ] LongestPalindromeSubstringTest.MultiplePalindromesDNASequence
2: /Users/ittehad/Documents/Coding/Python/Turing/Tester_cpp_codebench/tasks/621284/test.cpp:31: Failure
2: Expected equality of these values:
2:   result
2:     Which is: "ACGCGTATCGA"
2:   "ACGCGT"
2: 
2: [  FAILED  ] LongestPalindromeSubstringTest.MultiplePalindromesDNASequence (0 ms)
2: [ RUN      ] LongestPalindromeSubstringTest.NestedPalindromesDNASequence
2: /Users/ittehad/Documents/Coding/Python/Turing/Tester_cpp_codebench/tasks/621284/test.cpp:37: Failure
2: Expected equality of these values:
2:   result
2:     Which is: "GCGGCATATGCATGC"
2:   "GCATATGC"
2: 
2: [  FAILED  ] LongestPalindromeSubstringTest.NestedPalindromesDNASequence (0 ms)
2: [ RUN      ] LongestPalindromeSubstringTest.PalindromeAtStart
2: /Users/ittehad/Documents/Coding/Python/Turing/Tester_cpp_codebench/tasks/621284/test.cpp:43: Failure
2: Expected equality of these values:
2:   result
2:     Which is: "GCGCTATCCCC"
2:   "AGCGCT"
2: 
2: [  FAILED  ] LongestPalindromeSubstringTest.PalindromeAtStart (0 ms)
2: [ RUN      ] LongestPalindromeSubstringTest.ComplementaryPalindromeAtEnd
2: /Users/ittehad/Documents/Coding/Python/Turing/Tester_cpp_codebench/tasks/621284/test.cpp:49: Failure
2: Expected equality of these values:
2:   result
2:     Which is: "AAACCCGGGGAGCTATAGCT"
2:   "AGCTATAGCT"
2: 
2: [  FAILED  ] LongestPalindromeSubstringTest.ComplementaryPalindromeAtEnd (0 ms)
2: [----------] 8 tests from LongestPalindromeSubstringTest (0 ms total)
2: 
2: [----------] Global test environment tear-down
2: [==========] 8 tests from 1 test suite ran. (0 ms total)
2: [  PASSED  ] 2 tests.
2: [  FAILED  ] 6 tests, listed below:
2: [  FAILED  ] LongestPalindromeSubstringTest.SingleCharacterDNASequence
2: [  FAILED  ] LongestPalindromeSubstringTest.NoPalindromeDNASequence
2: [  FAILED  ] LongestPalindromeSubstringTest.MultiplePalindromesDNASequence
2: [  FAILED  ] LongestPalindromeSubstringTest.NestedPalindromesDNASequence
2: [  FAILED  ] LongestPalindromeSubstringTest.PalindromeAtStart
2: [  FAILED  ] LongestPalindromeSubstringTest.ComplementaryPalindromeAtEnd
2: 
2:  6 FAILED TESTS
 2/11 Test  #2: model1_tests .....................***Failed    0.47 sec
test 3
      Start  3: model10_tests

3: Test command: /Users/ittehad/Documents/Coding/Python/Turing/Tester_cpp_codebench/tasks/621284/build/model10_tests
3: Working Directory: /Users/ittehad/Documents/Coding/Python/Turing/Tester_cpp_codebench/tasks/621284/build
3: Test timeout computed to be: 5
3: Running main() from /Users/ittehad/Documents/Coding/Python/Turing/Tester_cpp_codebench/tasks/621284/build/_deps/googletest-src/googletest/src/gtest_main.cc
3: [==========] Running 8 tests from 1 test suite.
3: [----------] Global test environment set-up.
3: [----------] 8 tests from LongestPalindromeSubstringTest
3: [ RUN      ] LongestPalindromeSubstringTest.EmptyDNASequence
3: [       OK ] LongestPalindromeSubstringTest.EmptyDNASequence (0 ms)
3: [ RUN      ] LongestPalindromeSubstringTest.SingleCharacterDNASequence
3: [       OK ] LongestPalindromeSubstringTest.SingleCharacterDNASequence (0 ms)
3: [ RUN      ] LongestPalindromeSubstringTest.NoPalindromeDNASequence
3: [       OK ] LongestPalindromeSubstringTest.NoPalindromeDNASequence (0 ms)
3: [ RUN      ] LongestPalindromeSubstringTest.CompletePalindromeDNASequence
3: [       OK ] LongestPalindromeSubstringTest.CompletePalindromeDNASequence (0 ms)
3: [ RUN      ] LongestPalindromeSubstringTest.MultiplePalindromesDNASequence
3: [       OK ] LongestPalindromeSubstringTest.MultiplePalindromesDNASequence (1 ms)
3: [ RUN      ] LongestPalindromeSubstringTest.NestedPalindromesDNASequence
3: [       OK ] LongestPalindromeSubstringTest.NestedPalindromesDNASequence (2 ms)
3: [ RUN      ] LongestPalindromeSubstringTest.PalindromeAtStart
3: [       OK ] LongestPalindromeSubstringTest.PalindromeAtStart (1 ms)
3: [ RUN      ] LongestPalindromeSubstringTest.ComplementaryPalindromeAtEnd
3: [       OK ] LongestPalindromeSubstringTest.ComplementaryPalindromeAtEnd (4 ms)
3: [----------] 8 tests from LongestPalindromeSubstringTest (9 ms total)
3: 
3: [----------] Global test environment tear-down
3: [==========] 8 tests from 1 test suite ran. (9 ms total)
3: [  PASSED  ] 8 tests.
 3/11 Test  #3: model10_tests ....................   Passed    0.32 sec
test 4
      Start  4: model2_tests

4: Test command: /Users/ittehad/Documents/Coding/Python/Turing/Tester_cpp_codebench/tasks/621284/build/model2_tests
4: Working Directory: /Users/ittehad/Documents/Coding/Python/Turing/Tester_cpp_codebench/tasks/621284/build
4: Test timeout computed to be: 5
4: Running main() from /Users/ittehad/Documents/Coding/Python/Turing/Tester_cpp_codebench/tasks/621284/build/_deps/googletest-src/googletest/src/gtest_main.cc
4: [==========] Running 8 tests from 1 test suite.
4: [----------] Global test environment set-up.
4: [----------] 8 tests from LongestPalindromeSubstringTest
4: [ RUN      ] LongestPalindromeSubstringTest.EmptyDNASequence
4: [       OK ] LongestPalindromeSubstringTest.EmptyDNASequence (0 ms)
4: [ RUN      ] LongestPalindromeSubstringTest.SingleCharacterDNASequence
4: [       OK ] LongestPalindromeSubstringTest.SingleCharacterDNASequence (0 ms)
4: [ RUN      ] LongestPalindromeSubstringTest.NoPalindromeDNASequence
4: [       OK ] LongestPalindromeSubstringTest.NoPalindromeDNASequence (0 ms)
4: [ RUN      ] LongestPalindromeSubstringTest.CompletePalindromeDNASequence
4: [       OK ] LongestPalindromeSubstringTest.CompletePalindromeDNASequence (0 ms)
4: [ RUN      ] LongestPalindromeSubstringTest.MultiplePalindromesDNASequence
4: [       OK ] LongestPalindromeSubstringTest.MultiplePalindromesDNASequence (0 ms)
4: [ RUN      ] LongestPalindromeSubstringTest.NestedPalindromesDNASequence
4: [       OK ] LongestPalindromeSubstringTest.NestedPalindromesDNASequence (0 ms)
4: [ RUN      ] LongestPalindromeSubstringTest.PalindromeAtStart
4: [       OK ] LongestPalindromeSubstringTest.PalindromeAtStart (0 ms)
4: [ RUN      ] LongestPalindromeSubstringTest.ComplementaryPalindromeAtEnd
4: [       OK ] LongestPalindromeSubstringTest.ComplementaryPalindromeAtEnd (0 ms)
4: [----------] 8 tests from LongestPalindromeSubstringTest (0 ms total)
4: 
4: [----------] Global test environment tear-down
4: [==========] 8 tests from 1 test suite ran. (0 ms total)
4: [  PASSED  ] 8 tests.
 4/11 Test  #4: model2_tests .....................   Passed    0.31 sec
test 5
      Start  5: model3_tests

5: Test command: /Users/ittehad/Documents/Coding/Python/Turing/Tester_cpp_codebench/tasks/621284/build/model3_tests
5: Working Directory: /Users/ittehad/Documents/Coding/Python/Turing/Tester_cpp_codebench/tasks/621284/build
5: Test timeout computed to be: 5
5: Running main() from /Users/ittehad/Documents/Coding/Python/Turing/Tester_cpp_codebench/tasks/621284/build/_deps/googletest-src/googletest/src/gtest_main.cc
5: [==========] Running 8 tests from 1 test suite.
5: [----------] Global test environment set-up.
5: [----------] 8 tests from LongestPalindromeSubstringTest
5: [ RUN      ] LongestPalindromeSubstringTest.EmptyDNASequence
5: [       OK ] LongestPalindromeSubstringTest.EmptyDNASequence (0 ms)
5: [ RUN      ] LongestPalindromeSubstringTest.SingleCharacterDNASequence
5: [       OK ] LongestPalindromeSubstringTest.SingleCharacterDNASequence (0 ms)
5: [ RUN      ] LongestPalindromeSubstringTest.NoPalindromeDNASequence
5: [       OK ] LongestPalindromeSubstringTest.NoPalindromeDNASequence (0 ms)
5: [ RUN      ] LongestPalindromeSubstringTest.CompletePalindromeDNASequence
5: [       OK ] LongestPalindromeSubstringTest.CompletePalindromeDNASequence (0 ms)
5: [ RUN      ] LongestPalindromeSubstringTest.MultiplePalindromesDNASequence
5: [       OK ] LongestPalindromeSubstringTest.MultiplePalindromesDNASequence (0 ms)
5: [ RUN      ] LongestPalindromeSubstringTest.NestedPalindromesDNASequence
5: [       OK ] LongestPalindromeSubstringTest.NestedPalindromesDNASequence (1 ms)
5: [ RUN      ] LongestPalindromeSubstringTest.PalindromeAtStart
5: [       OK ] LongestPalindromeSubstringTest.PalindromeAtStart (0 ms)
5: [ RUN      ] LongestPalindromeSubstringTest.ComplementaryPalindromeAtEnd
5: [       OK ] LongestPalindromeSubstringTest.ComplementaryPalindromeAtEnd (3 ms)
5: [----------] 8 tests from LongestPalindromeSubstringTest (6 ms total)
5: 
5: [----------] Global test environment tear-down
5: [==========] 8 tests from 1 test suite ran. (6 ms total)
5: [  PASSED  ] 8 tests.
 5/11 Test  #5: model3_tests .....................   Passed    0.33 sec
test 6
      Start  6: model4_tests

6: Test command: /Users/ittehad/Documents/Coding/Python/Turing/Tester_cpp_codebench/tasks/621284/build/model4_tests
6: Working Directory: /Users/ittehad/Documents/Coding/Python/Turing/Tester_cpp_codebench/tasks/621284/build
6: Test timeout computed to be: 5
6: Running main() from /Users/ittehad/Documents/Coding/Python/Turing/Tester_cpp_codebench/tasks/621284/build/_deps/googletest-src/googletest/src/gtest_main.cc
6: [==========] Running 8 tests from 1 test suite.
6: [----------] Global test environment set-up.
6: [----------] 8 tests from LongestPalindromeSubstringTest
6: [ RUN      ] LongestPalindromeSubstringTest.EmptyDNASequence
6: [       OK ] LongestPalindromeSubstringTest.EmptyDNASequence (0 ms)
6: [ RUN      ] LongestPalindromeSubstringTest.SingleCharacterDNASequence
6: [       OK ] LongestPalindromeSubstringTest.SingleCharacterDNASequence (0 ms)
6: [ RUN      ] LongestPalindromeSubstringTest.NoPalindromeDNASequence
6: [       OK ] LongestPalindromeSubstringTest.NoPalindromeDNASequence (0 ms)
6: [ RUN      ] LongestPalindromeSubstringTest.CompletePalindromeDNASequence
6: [       OK ] LongestPalindromeSubstringTest.CompletePalindromeDNASequence (0 ms)
6: [ RUN      ] LongestPalindromeSubstringTest.MultiplePalindromesDNASequence
6: [       OK ] LongestPalindromeSubstringTest.MultiplePalindromesDNASequence (0 ms)
6: [ RUN      ] LongestPalindromeSubstringTest.NestedPalindromesDNASequence
6: [       OK ] LongestPalindromeSubstringTest.NestedPalindromesDNASequence (0 ms)
6: [ RUN      ] LongestPalindromeSubstringTest.PalindromeAtStart
6: [       OK ] LongestPalindromeSubstringTest.PalindromeAtStart (0 ms)
6: [ RUN      ] LongestPalindromeSubstringTest.ComplementaryPalindromeAtEnd
6: [       OK ] LongestPalindromeSubstringTest.ComplementaryPalindromeAtEnd (0 ms)
6: [----------] 8 tests from LongestPalindromeSubstringTest (0 ms total)
6: 
6: [----------] Global test environment tear-down
6: [==========] 8 tests from 1 test suite ran. (0 ms total)
6: [  PASSED  ] 8 tests.
 6/11 Test  #6: model4_tests .....................   Passed    0.77 sec
test 7
      Start  7: model5_tests

7: Test command: /Users/ittehad/Documents/Coding/Python/Turing/Tester_cpp_codebench/tasks/621284/build/model5_tests
7: Working Directory: /Users/ittehad/Documents/Coding/Python/Turing/Tester_cpp_codebench/tasks/621284/build
7: Test timeout computed to be: 5
7: Running main() from /Users/ittehad/Documents/Coding/Python/Turing/Tester_cpp_codebench/tasks/621284/build/_deps/googletest-src/googletest/src/gtest_main.cc
7: [==========] Running 8 tests from 1 test suite.
7: [----------] Global test environment set-up.
7: [----------] 8 tests from LongestPalindromeSubstringTest
7: [ RUN      ] LongestPalindromeSubstringTest.EmptyDNASequence
7: [       OK ] LongestPalindromeSubstringTest.EmptyDNASequence (0 ms)
7: [ RUN      ] LongestPalindromeSubstringTest.SingleCharacterDNASequence
7: /Users/ittehad/Documents/Coding/Python/Turing/Tester_cpp_codebench/tasks/621284/test.cpp:13: Failure
7: Expected equality of these values:
7:   result
7:     Which is: "A"
7:   ""
7: 
7: [  FAILED  ] LongestPalindromeSubstringTest.SingleCharacterDNASequence (0 ms)
7: [ RUN      ] LongestPalindromeSubstringTest.NoPalindromeDNASequence
7: /Users/ittehad/Documents/Coding/Python/Turing/Tester_cpp_codebench/tasks/621284/test.cpp:19: Failure
7: Expected equality of these values:
7:   result
7:     Which is: "A"
7:   ""
7: 
7: [  FAILED  ] LongestPalindromeSubstringTest.NoPalindromeDNASequence (0 ms)
7: [ RUN      ] LongestPalindromeSubstringTest.CompletePalindromeDNASequence
7: [       OK ] LongestPalindromeSubstringTest.CompletePalindromeDNASequence (0 ms)
7: [ RUN      ] LongestPalindromeSubstringTest.MultiplePalindromesDNASequence
7: [       OK ] LongestPalindromeSubstringTest.MultiplePalindromesDNASequence (0 ms)
7: [ RUN      ] LongestPalindromeSubstringTest.NestedPalindromesDNASequence
7: [       OK ] LongestPalindromeSubstringTest.NestedPalindromesDNASequence (0 ms)
7: [ RUN      ] LongestPalindromeSubstringTest.PalindromeAtStart
7: [       OK ] LongestPalindromeSubstringTest.PalindromeAtStart (0 ms)
7: [ RUN      ] LongestPalindromeSubstringTest.ComplementaryPalindromeAtEnd
7: [       OK ] LongestPalindromeSubstringTest.ComplementaryPalindromeAtEnd (0 ms)
7: [----------] 8 tests from LongestPalindromeSubstringTest (1 ms total)
7: 
7: [----------] Global test environment tear-down
7: [==========] 8 tests from 1 test suite ran. (1 ms total)
7: [  PASSED  ] 6 tests.
7: [  FAILED  ] 2 tests, listed below:
7: [  FAILED  ] LongestPalindromeSubstringTest.SingleCharacterDNASequence
7: [  FAILED  ] LongestPalindromeSubstringTest.NoPalindromeDNASequence
7: 
7:  2 FAILED TESTS
 7/11 Test  #7: model5_tests .....................***Failed    0.32 sec
test 8
      Start  8: model6_tests

8: Test command: /Users/ittehad/Documents/Coding/Python/Turing/Tester_cpp_codebench/tasks/621284/build/model6_tests
8: Working Directory: /Users/ittehad/Documents/Coding/Python/Turing/Tester_cpp_codebench/tasks/621284/build
8: Test timeout computed to be: 5
8: Running main() from /Users/ittehad/Documents/Coding/Python/Turing/Tester_cpp_codebench/tasks/621284/build/_deps/googletest-src/googletest/src/gtest_main.cc
8: [==========] Running 8 tests from 1 test suite.
8: [----------] Global test environment set-up.
8: [----------] 8 tests from LongestPalindromeSubstringTest
8: [ RUN      ] LongestPalindromeSubstringTest.EmptyDNASequence
8: [       OK ] LongestPalindromeSubstringTest.EmptyDNASequence (0 ms)
8: [ RUN      ] LongestPalindromeSubstringTest.SingleCharacterDNASequence
8: [       OK ] LongestPalindromeSubstringTest.SingleCharacterDNASequence (0 ms)
8: [ RUN      ] LongestPalindromeSubstringTest.NoPalindromeDNASequence
8: [       OK ] LongestPalindromeSubstringTest.NoPalindromeDNASequence (0 ms)
8: [ RUN      ] LongestPalindromeSubstringTest.CompletePalindromeDNASequence
8: [       OK ] LongestPalindromeSubstringTest.CompletePalindromeDNASequence (0 ms)
8: [ RUN      ] LongestPalindromeSubstringTest.MultiplePalindromesDNASequence
8: [       OK ] LongestPalindromeSubstringTest.MultiplePalindromesDNASequence (0 ms)
8: [ RUN      ] LongestPalindromeSubstringTest.NestedPalindromesDNASequence
8: [       OK ] LongestPalindromeSubstringTest.NestedPalindromesDNASequence (0 ms)
8: [ RUN      ] LongestPalindromeSubstringTest.PalindromeAtStart
8: [       OK ] LongestPalindromeSubstringTest.PalindromeAtStart (0 ms)
8: [ RUN      ] LongestPalindromeSubstringTest.ComplementaryPalindromeAtEnd
8: [       OK ] LongestPalindromeSubstringTest.ComplementaryPalindromeAtEnd (0 ms)
8: [----------] 8 tests from LongestPalindromeSubstringTest (1 ms total)
8: 
8: [----------] Global test environment tear-down
8: [==========] 8 tests from 1 test suite ran. (1 ms total)
8: [  PASSED  ] 8 tests.
 8/11 Test  #8: model6_tests .....................   Passed    0.38 sec
test 9
      Start  9: model7_tests

9: Test command: /Users/ittehad/Documents/Coding/Python/Turing/Tester_cpp_codebench/tasks/621284/build/model7_tests
9: Working Directory: /Users/ittehad/Documents/Coding/Python/Turing/Tester_cpp_codebench/tasks/621284/build
9: Test timeout computed to be: 5
9: Running main() from /Users/ittehad/Documents/Coding/Python/Turing/Tester_cpp_codebench/tasks/621284/build/_deps/googletest-src/googletest/src/gtest_main.cc
9: [==========] Running 8 tests from 1 test suite.
9: [----------] Global test environment set-up.
9: [----------] 8 tests from LongestPalindromeSubstringTest
9: [ RUN      ] LongestPalindromeSubstringTest.EmptyDNASequence
9: [       OK ] LongestPalindromeSubstringTest.EmptyDNASequence (0 ms)
9: [ RUN      ] LongestPalindromeSubstringTest.SingleCharacterDNASequence
9: /Users/ittehad/Documents/Coding/Python/Turing/Tester_cpp_codebench/tasks/621284/test.cpp:13: Failure
9: Expected equality of these values:
9:   result
9:     Which is: "A"
9:   ""
9: 
9: [  FAILED  ] LongestPalindromeSubstringTest.SingleCharacterDNASequence (0 ms)
9: [ RUN      ] LongestPalindromeSubstringTest.NoPalindromeDNASequence
9: /Users/ittehad/Documents/Coding/Python/Turing/Tester_cpp_codebench/tasks/621284/test.cpp:19: Failure
9: Expected equality of these values:
9:   result
9:     Which is: "A"
9:   ""
9: 
9: [  FAILED  ] LongestPalindromeSubstringTest.NoPalindromeDNASequence (0 ms)
9: [ RUN      ] LongestPalindromeSubstringTest.CompletePalindromeDNASequence
9: [       OK ] LongestPalindromeSubstringTest.CompletePalindromeDNASequence (0 ms)
9: [ RUN      ] LongestPalindromeSubstringTest.MultiplePalindromesDNASequence
9: [       OK ] LongestPalindromeSubstringTest.MultiplePalindromesDNASequence (0 ms)
9: [ RUN      ] LongestPalindromeSubstringTest.NestedPalindromesDNASequence
9: [       OK ] LongestPalindromeSubstringTest.NestedPalindromesDNASequence (0 ms)
9: [ RUN      ] LongestPalindromeSubstringTest.PalindromeAtStart
9: [       OK ] LongestPalindromeSubstringTest.PalindromeAtStart (0 ms)
9: [ RUN      ] LongestPalindromeSubstringTest.ComplementaryPalindromeAtEnd
9: [       OK ] LongestPalindromeSubstringTest.ComplementaryPalindromeAtEnd (1 ms)
9: [----------] 8 tests from LongestPalindromeSubstringTest (2 ms total)
9: 
9: [----------] Global test environment tear-down
9: [==========] 8 tests from 1 test suite ran. (2 ms total)
9: [  PASSED  ] 6 tests.
9: [  FAILED  ] 2 tests, listed below:
9: [  FAILED  ] LongestPalindromeSubstringTest.SingleCharacterDNASequence
9: [  FAILED  ] LongestPalindromeSubstringTest.NoPalindromeDNASequence
9: 
9:  2 FAILED TESTS
 9/11 Test  #9: model7_tests .....................***Failed    0.41 sec
test 10
      Start 10: model8_tests

10: Test command: /Users/ittehad/Documents/Coding/Python/Turing/Tester_cpp_codebench/tasks/621284/build/model8_tests
10: Working Directory: /Users/ittehad/Documents/Coding/Python/Turing/Tester_cpp_codebench/tasks/621284/build
10: Test timeout computed to be: 5
10: Running main() from /Users/ittehad/Documents/Coding/Python/Turing/Tester_cpp_codebench/tasks/621284/build/_deps/googletest-src/googletest/src/gtest_main.cc
10: [==========] Running 8 tests from 1 test suite.
10: [----------] Global test environment set-up.
10: [----------] 8 tests from LongestPalindromeSubstringTest
10: [ RUN      ] LongestPalindromeSubstringTest.EmptyDNASequence
10: [       OK ] LongestPalindromeSubstringTest.EmptyDNASequence (0 ms)
10: [ RUN      ] LongestPalindromeSubstringTest.SingleCharacterDNASequence
10: /Users/ittehad/Documents/Coding/Python/Turing/Tester_cpp_codebench/tasks/621284/test.cpp:13: Failure
10: Expected equality of these values:
10:   result
10:     Which is: "A"
10:   ""
10: 
10: [  FAILED  ] LongestPalindromeSubstringTest.SingleCharacterDNASequence (0 ms)
10: [ RUN      ] LongestPalindromeSubstringTest.NoPalindromeDNASequence
10: /Users/ittehad/Documents/Coding/Python/Turing/Tester_cpp_codebench/tasks/621284/test.cpp:19: Failure
10: Expected equality of these values:
10:   result
10:     Which is: "A"
10:   ""
10: 
10: [  FAILED  ] LongestPalindromeSubstringTest.NoPalindromeDNASequence (0 ms)
10: [ RUN      ] LongestPErrors while running CTest
Output from these tests are in: /Users/ittehad/Documents/Coding/Python/Turing/Tester_cpp_codebench/tasks/621284/build/Testing/Temporary/LastTest.log
Use "--rerun-failed --output-on-failure" to re-run the failed cases verbosely.
alindromeSubstringTest.CompletePalindromeDNASequence
10: [       OK ] LongestPalindromeSubstringTest.CompletePalindromeDNASequence (0 ms)
10: [ RUN      ] LongestPalindromeSubstringTest.MultiplePalindromesDNASequence
10: [       OK ] LongestPalindromeSubstringTest.MultiplePalindromesDNASequence (0 ms)
10: [ RUN      ] LongestPalindromeSubstringTest.NestedPalindromesDNASequence
10: [       OK ] LongestPalindromeSubstringTest.NestedPalindromesDNASequence (0 ms)
10: [ RUN      ] LongestPalindromeSubstringTest.PalindromeAtStart
10: [       OK ] LongestPalindromeSubstringTest.PalindromeAtStart (0 ms)
10: [ RUN      ] LongestPalindromeSubstringTest.ComplementaryPalindromeAtEnd
10: [       OK ] LongestPalindromeSubstringTest.ComplementaryPalindromeAtEnd (1 ms)
10: [----------] 8 tests from LongestPalindromeSubstringTest (2 ms total)
10: 
10: [----------] Global test environment tear-down
10: [==========] 8 tests from 1 test suite ran. (2 ms total)
10: [  PASSED  ] 6 tests.
10: [  FAILED  ] 2 tests, listed below:
10: [  FAILED  ] LongestPalindromeSubstringTest.SingleCharacterDNASequence
10: [  FAILED  ] LongestPalindromeSubstringTest.NoPalindromeDNASequence
10: 
10:  2 FAILED TESTS
10/11 Test #10: model8_tests .....................***Failed    0.32 sec
test 11
      Start 11: model9_tests

11: Test command: /Users/ittehad/Documents/Coding/Python/Turing/Tester_cpp_codebench/tasks/621284/build/model9_tests
11: Working Directory: /Users/ittehad/Documents/Coding/Python/Turing/Tester_cpp_codebench/tasks/621284/build
11: Test timeout computed to be: 5
11: Running main() from /Users/ittehad/Documents/Coding/Python/Turing/Tester_cpp_codebench/tasks/621284/build/_deps/googletest-src/googletest/src/gtest_main.cc
11: [==========] Running 8 tests from 1 test suite.
11: [----------] Global test environment set-up.
11: [----------] 8 tests from LongestPalindromeSubstringTest
11: [ RUN      ] LongestPalindromeSubstringTest.EmptyDNASequence
11: [       OK ] LongestPalindromeSubstringTest.EmptyDNASequence (0 ms)
11: [ RUN      ] LongestPalindromeSubstringTest.SingleCharacterDNASequence
11: [       OK ] LongestPalindromeSubstringTest.SingleCharacterDNASequence (0 ms)
11: [ RUN      ] LongestPalindromeSubstringTest.NoPalindromeDNASequence
11: [       OK ] LongestPalindromeSubstringTest.NoPalindromeDNASequence (0 ms)
11: [ RUN      ] LongestPalindromeSubstringTest.CompletePalindromeDNASequence
11: [       OK ] LongestPalindromeSubstringTest.CompletePalindromeDNASequence (0 ms)
11: [ RUN      ] LongestPalindromeSubstringTest.MultiplePalindromesDNASequence
11: [       OK ] LongestPalindromeSubstringTest.MultiplePalindromesDNASequence (0 ms)
11: [ RUN      ] LongestPalindromeSubstringTest.NestedPalindromesDNASequence
11: [       OK ] LongestPalindromeSubstringTest.NestedPalindromesDNASequence (0 ms)
11: [ RUN      ] LongestPalindromeSubstringTest.PalindromeAtStart
11: [       OK ] LongestPalindromeSubstringTest.PalindromeAtStart (0 ms)
11: [ RUN      ] LongestPalindromeSubstringTest.ComplementaryPalindromeAtEnd
11: [       OK ] LongestPalindromeSubstringTest.ComplementaryPalindromeAtEnd (0 ms)
11: [----------] 8 tests from LongestPalindromeSubstringTest (1 ms total)
11: 
11: [----------] Global test environment tear-down
11: [==========] 8 tests from 1 test suite ran. (1 ms total)
11: [  PASSED  ] 8 tests.
11/11 Test #11: model9_tests .....................   Passed    0.31 sec

55% tests passed, 5 tests failed out of 11

Total Test time (real) =   4.28 sec

The following tests FAILED:
	  1 - incorrect_solution_tests (Failed)
	  2 - model1_tests (Failed)
	  7 - model5_tests (Failed)
	  9 - model7_tests (Failed)
	 10 - model8_tests (Failed)
Test project /Users/ittehad/Documents/Coding/Python/Turing/Tester_cpp_codebench/tasks/621284/build
      Start  1: incorrect_solution_tests
 1/11 Test  #1: incorrect_solution_tests .........***Failed    0.00 sec
      Start  2: model1_tests
 2/11 Test  #2: model1_tests .....................***Failed    0.00 sec
      Start  3: model10_tests
 3/11 Test  #3: model10_tests ....................   Passed    0.01 sec
      Start  4: model2_tests
 4/11 Test  #4: model2_tests .....................   Passed    0.00 sec
      Start  5: model3_tests
 5/11 Test  #5: model3_tests .....................   Passed    0.01 sec
      Start  6: model4_tests
 6/11 Test  #6: model4_tests .....................   Passed    0.00 sec
      Start  7: model5_tests
 7/11 Test  #7: model5_tests .....................***Failed    0.00 sec
      Start  8: model6_tests
 8/11 Test  #8: model6_tests .....................   Passed    0.00 sec
      Start  9: model7_tests
 9/11 Test  #9: model7_tests .....................***Failed    0.00 sec
      Start 10: model8_tests
10/11 Test #10: model8_tests .....................***Failed    0.00 sec
      Start 11: model9_tests
11/11 Test #11: model9_tests .....................   Passed    0.00 sec

55% tests passed, 5 tests failed out of 11

Total Test time (real) =   0.05 sec

The following tests FAILED:
	  1 - incorrect_solution_tests (Failed)
	  2 - model1_tests (Failed)
	  7 - model5_tests (Failed)
	  9 - model7_tests (Failed)
	 10 - model8_tests (Failed)
Errors while running CTest
Output from these tests are in: /Users/ittehad/Documents/Coding/Python/Turing/Tester_cpp_codebench/tasks/621284/build/Testing/Temporary/LastTest.log
Use "--rerun-failed --output-on-failure" to re-run the failed cases verbosely.
