UpdateCTestConfiguration  from :/Users/ittehad/Documents/Coding/Python/Turing/Tester_cpp_codebench/tasks/621282/build/DartConfiguration.tcl
UpdateCTestConfiguration  from :/Users/ittehad/Documents/Coding/Python/Turing/Tester_cpp_codebench/tasks/621282/build/DartConfiguration.tcl
Test project /Users/ittehad/Documents/Coding/Python/Turing/Tester_cpp_codebench/tasks/621282/build
Constructing a list of tests
Done constructing a list of tests
Updating test list for fixtures
Added 0 tests to meet fixture requirements
Checking test dependency graph...
Checking test dependency graph end
test 1
      Start  1: incorrect_solution_tests

1: Test command: /Users/ittehad/Documents/Coding/Python/Turing/Tester_cpp_codebench/tasks/621282/build/incorrect_solution_tests
1: Working Directory: /Users/ittehad/Documents/Coding/Python/Turing/Tester_cpp_codebench/tasks/621282/build
1: Test timeout computed to be: 5
1: [==========] Running 11 tests from 1 test suite.
1: [----------] Global test environment set-up.
1: [----------] 11 tests from ParenthesesScoreTests
1: [ RUN      ] ParenthesesScoreTests.TestMinimumLength
1: /Users/ittehad/Documents/Coding/Python/Turing/Tester_cpp_codebench/tasks/621282/test.cpp:10: Failure
1: Expected equality of these values:
1:   calculateScore("()")
1:     Which is: 0
1:   1
1: 
1: [  FAILED  ] ParenthesesScoreTests.TestMinimumLength (0 ms)
1: [ RUN      ] ParenthesesScoreTests.TestSimpleNonNested
1: /Users/ittehad/Documents/Coding/Python/Turing/Tester_cpp_codebench/tasks/621282/test.cpp:14: Failure
1: Expected equality of these values:
1:   calculateScore("()()")
1:     Which is: 0
1:   2
1: 
1: [  FAILED  ] ParenthesesScoreTests.TestSimpleNonNested (0 ms)
1: [ RUN      ] ParenthesesScoreTests.TestNestedParentheses
1: /Users/ittehad/Documents/Coding/Python/Turing/Tester_cpp_codebench/tasks/621282/test.cpp:18: Failure
1: Expected equality of these values:
1:   calculateScore("(())")
1:     Which is: 0
1:   2
1: 
1: [  FAILED  ] ParenthesesScoreTests.TestNestedParentheses (0 ms)
1: [ RUN      ] ParenthesesScoreTests.TestMultipleNestedParentheses
1: /Users/ittehad/Documents/Coding/Python/Turing/Tester_cpp_codebench/tasks/621282/test.cpp:22: Failure
1: Expected equality of these values:
1:   calculateScore("(()(()))")
1:     Which is: 0
1:   6
1: 
1: [  FAILED  ] ParenthesesScoreTests.TestMultipleNestedParentheses (0 ms)
1: [ RUN      ] ParenthesesScoreTests.TestDeeplyNested
1: /Users/ittehad/Documents/Coding/Python/Turing/Tester_cpp_codebench/tasks/621282/test.cpp:26: Failure
1: Expected equality of these values:
1:   calculateScore("((((()))))")
1:     Which is: 0
1:   16
1: 
1: [  FAILED  ] ParenthesesScoreTests.TestDeeplyNested (0 ms)
1: [ RUN      ] ParenthesesScoreTests.TestLongSequenceOfSimpleParentheses
1: /Users/ittehad/Documents/Coding/Python/Turing/Tester_cpp_codebench/tasks/621282/test.cpp:30: Failure
1: Expected equality of these values:
1:   calculateScore("()()()()()")
1:     Which is: 0
1:   5
1: 
1: [  FAILED  ] ParenthesesScoreTests.TestLongSequenceOfSimpleParentheses (0 ms)
1: [ RUN      ] ParenthesesScoreTests.TestNonBalanced
1: [       OK ] ParenthesesScoreTests.TestNonBalanced (0 ms)
1: [ RUN      ] ParenthesesScoreTests.TestLongNestedStructure
1: /Users/ittehad/Documents/Coding/Python/Turing/Tester_cpp_codebench/tasks/621282/test.cpp:38: Failure
1: Expected equality of these values:
1:   calculateScore("((((())())))")
1:     Which is: 0
1:   24
1: 
1: [  FAILED  ] ParenthesesScoreTests.TestLongNestedStructure (0 ms)
1: [ RUN      ] ParenthesesScoreTests.TestEdgeCaseNoInnerNested
1: /Users/ittehad/Documents/Coding/Python/Turing/Tester_cpp_codebench/tasks/621282/test.cpp:42: Failure
1: Expected equality of these values:
1:   calculateScore("()()()()()()()()()()")
1:     Which is: 0
1:   10
1: 
1: [  FAILED  ] ParenthesesScoreTests.TestEdgeCaseNoInnerNested (0 ms)
1: [ RUN      ] ParenthesesScoreTests.TestMaximumLength
1: /Users/ittehad/Documents/Coding/Python/Turing/Tester_cpp_codebench/tasks/621282/test.cpp:46: Failure
1: Expected equality of these values:
1:   calculateScore("(((((((((((((((((())))))))))))))))))")
1:     Which is: 0
1:   131072
1: 
1: [  FAILED  ] ParenthesesScoreTests.TestMaximumLength (0 ms)
1: [ RUN      ] ParenthesesScoreTests.TestEmpty
1: [       OK ] ParenthesesScoreTests.TestEmpty (0 ms)
1: [----------] 11 tests from ParenthesesScoreTests (0 ms total)
1: 
1: [----------] Global test environment tear-down
1: [==========] 11 tests from 1 test suite ran. (0 ms total)
1: [  PASSED  ] 2 tests.
1: [  FAILED  ] 9 tests, listed below:
1: [  FAILED  ] ParenthesesScoreTests.TestMinimumLength
1: [  FAILED  ] ParenthesesScoreTests.TestSimpleNonNested
1: [  FAILED  ] ParenthesesScoreTests.TestNestedParentheses
1: [  FAILED  ] ParenthesesScoreTests.TestMultipleNestedParentheses
1: [  FAILED  ] ParenthesesScoreTests.TestDeeplyNested
1: [  FAILED  ] ParenthesesScoreTests.TestLongSequenceOfSimpleParentheses
1: [  FAILED  ] ParenthesesScoreTests.TestLongNestedStructure
1: [  FAILED  ] ParenthesesScoreTests.TestEdgeCaseNoInnerNested
1: [  FAILED  ] ParenthesesScoreTests.TestMaximumLength
1: 
1:  9 FAILED TESTS
 1/11 Test  #1: incorrect_solution_tests .........***Failed    0.58 sec
test 2
      Start  2: model1_tests

2: Test command: /Users/ittehad/Documents/Coding/Python/Turing/Tester_cpp_codebench/tasks/621282/build/model1_tests
2: Working Directory: /Users/ittehad/Documents/Coding/Python/Turing/Tester_cpp_codebench/tasks/621282/build
2: Test timeout computed to be: 5
2: [==========] Running 11 tests from 1 test suite.
2: [----------] Global test environment set-up.
2: [----------] 11 tests from ParenthesesScoreTests
2: [ RUN      ] ParenthesesScoreTests.TestMinimumLength
2: [       OK ] ParenthesesScoreTests.TestMinimumLength (0 ms)
2: [ RUN      ] ParenthesesScoreTests.TestSimpleNonNested
2: [       OK ] ParenthesesScoreTests.TestSimpleNonNested (0 ms)
2: [ RUN      ] ParenthesesScoreTests.TestNestedParentheses
2: [       OK ] ParenthesesScoreTests.TestNestedParentheses (0 ms)
2: [ RUN      ] ParenthesesScoreTests.TestMultipleNestedParentheses
2: [       OK ] ParenthesesScoreTests.TestMultipleNestedParentheses (0 ms)
2: [ RUN      ] ParenthesesScoreTests.TestDeeplyNested
2: [       OK ] ParenthesesScoreTests.TestDeeplyNested (0 ms)
2: [ RUN      ] ParenthesesScoreTests.TestLongSequenceOfSimpleParentheses
2: [       OK ] ParenthesesScoreTests.TestLongSequenceOfSimpleParentheses (0 ms)
2: [ RUN      ] ParenthesesScoreTests.TestNonBalanced
2: /Users/ittehad/Documents/Coding/Python/Turing/Tester_cpp_codebench/tasks/621282/test.cpp:34: Failure
2: Expected equality of these values:
2:   calculateScore("((()())")
2:     Which is: 4
2:   0
2: 
2: [  FAILED  ] ParenthesesScoreTests.TestNonBalanced (0 ms)
2: [ RUN      ] ParenthesesScoreTests.TestLongNestedStructure
2: [       OK ] ParenthesesScoreTests.TestLongNestedStructure (0 ms)
2: [ RUN      ] ParenthesesScoreTests.TestEdgeCaseNoInnerNested
2: [       OK ] ParenthesesScoreTests.TestEdgeCaseNoInnerNested (0 ms)
2: [ RUN      ] ParenthesesScoreTests.TestMaximumLength
2: [       OK ] ParenthesesScoreTests.TestMaximumLength (0 ms)
2: [ RUN      ] ParenthesesScoreTests.TestEmpty
2: [       OK ] ParenthesesScoreTests.TestEmpty (0 ms)
2: [----------] 11 tests from ParenthesesScoreTests (0 ms total)
2: 
2: [----------] Global test environment tear-down
2: [==========] 11 tests from 1 test suite ran. (0 ms total)
2: [  PASSED  ] 10 tests.
2: [  FAILED  ] 1 test, listed below:
2: [  FAILED  ] ParenthesesScoreTests.TestNonBalanced
2: 
2:  1 FAILED TEST
 2/11 Test  #2: model1_tests .....................***Failed    0.34 sec
test 3
      Start  3: model10_tests

3: Test command: /Users/ittehad/Documents/Coding/Python/Turing/Tester_cpp_codebench/tasks/621282/build/model10_tests
3: Working Directory: /Users/ittehad/Documents/Coding/Python/Turing/Tester_cpp_codebench/tasks/621282/build
3: Test timeout computed to be: 5
3: [==========] Running 11 tests from 1 test suite.
3: [----------] Global test environment set-up.
3: [----------] 11 tests from ParenthesesScoreTests
3: [ RUN      ] ParenthesesScoreTests.TestMinimumLength
3: /Users/ittehad/Documents/Coding/Python/Turing/Tester_cpp_codebench/tasks/621282/test.cpp:10: Failure
3: Expected equality of these values:
3:   calculateScore("()")
3:     Which is: 0
3:   1
3: 
3: [  FAILED  ] ParenthesesScoreTests.TestMinimumLength (0 ms)
3: [ RUN      ] ParenthesesScoreTests.TestSimpleNonNested
3: /Users/ittehad/Documents/Coding/Python/Turing/Tester_cpp_codebench/tasks/621282/test.cpp:14: Failure
3: Expected equality of these values:
3:   calculateScore("()()")
3:     Which is: 0
3:   2
3: 
3: [  FAILED  ] ParenthesesScoreTests.TestSimpleNonNested (0 ms)
3: [ RUN      ] ParenthesesScoreTests.TestNestedParentheses
3: /Users/ittehad/Documents/Coding/Python/Turing/Tester_cpp_codebench/tasks/621282/test.cpp:18: Failure
3: Expected equality of these values:
3:   calculateScore("(())")
3:     Which is: 0
3:   2
3: 
3: [  FAILED  ] ParenthesesScoreTests.TestNestedParentheses (0 ms)
3: [ RUN      ] ParenthesesScoreTests.TestMultipleNestedParentheses
3: /Users/ittehad/Documents/Coding/Python/Turing/Tester_cpp_codebench/tasks/621282/test.cpp:22: Failure
3: Expected equality of these values:
3:   calculateScore("(()(()))")
3:     Which is: 0
3:   6
3: 
3: [  FAILED  ] ParenthesesScoreTests.TestMultipleNestedParentheses (0 ms)
3: [ RUN      ] ParenthesesScoreTests.TestDeeplyNested
3: /Users/ittehad/Documents/Coding/Python/Turing/Tester_cpp_codebench/tasks/621282/test.cpp:26: Failure
3: Expected equality of these values:
3:   calculateScore("((((()))))")
3:     Which is: 0
3:   16
3: 
3: [  FAILED  ] ParenthesesScoreTests.TestDeeplyNested (0 ms)
3: [ RUN      ] ParenthesesScoreTests.TestLongSequenceOfSimpleParentheses
3: /Users/ittehad/Documents/Coding/Python/Turing/Tester_cpp_codebench/tasks/621282/test.cpp:30: Failure
3: Expected equality of these values:
3:   calculateScore("()()()()()")
3:     Which is: 0
3:   5
3: 
3: [  FAILED  ] ParenthesesScoreTests.TestLongSequenceOfSimpleParentheses (0 ms)
3: [ RUN      ] ParenthesesScoreTests.TestNonBalanced
3: [       OK ] ParenthesesScoreTests.TestNonBalanced (0 ms)
3: [ RUN      ] ParenthesesScoreTests.TestLongNestedStructure
3: /Users/ittehad/Documents/Coding/Python/Turing/Tester_cpp_codebench/tasks/621282/test.cpp:38: Failure
3: Expected equality of these values:
3:   calculateScore("((((())())))")
3:     Which is: 0
3:   24
3: 
3: [  FAILED  ] ParenthesesScoreTests.TestLongNestedStructure (0 ms)
3: [ RUN      ] ParenthesesScoreTests.TestEdgeCaseNoInnerNested
3: /Users/ittehad/Documents/Coding/Python/Turing/Tester_cpp_codebench/tasks/621282/test.cpp:42: Failure
3: Expected equality of these values:
3:   calculateScore("()()()()()()()()()()")
3:     Which is: 0
3:   10
3: 
3: [  FAILED  ] ParenthesesScoreTests.TestEdgeCaseNoInnerNested (0 ms)
3: [ RUN      ] ParenthesesScoreTests.TestMaximumLength
3: /Users/ittehad/Documents/Coding/Python/Turing/Tester_cpp_codebench/tasks/621282/test.cpp:46: Failure
3: Expected equality of these values:
3:   calculateScore("(((((((((((((((((())))))))))))))))))")
3:     Which is: 0
3:   131072
3: 
3: [  FAILED  ] ParenthesesScoreTests.TestMaximumLength (0 ms)
3: [ RUN      ] ParenthesesScoreTests.TestEmpty
3: [       OK ] ParenthesesScoreTests.TestEmpty (0 ms)
3: [----------] 11 tests from ParenthesesScoreTests (0 ms total)
3: 
3: [----------] Global test environment tear-down
3: [==========] 11 tests from 1 test suite ran. (0 ms total)
3: [  PASSED  ] 2 tests.
3: [  FAILED  ] 9 tests, listed below:
3: [  FAILED  ] ParenthesesScoreTests.TestMinimumLength
3: [  FAILED  ] ParenthesesScoreTests.TestSimpleNonNested
3: [  FAILED  ] ParenthesesScoreTests.TestNestedParentheses
3: [  FAILED  ] ParenthesesScoreTests.TestMultipleNestedParentheses
3: [  FAILED  ] ParenthesesScoreTests.TestDeeplyNested
3: [  FAILED  ] ParenthesesScoreTests.TestLongSequenceOfSimpleParentheses
3: [  FAILED  ] ParenthesesScoreTests.TestLongNestedStructure
3: [  FAILED  ] ParenthesesScoreTests.TestEdgeCaseNoInnerNested
3: [  FAILED  ] ParenthesesScoreTests.TestMaximumLength
3: 
3:  9 FAILED TESTS
 3/11 Test  #3: model10_tests ....................***Failed    0.31 sec
test 4
      Start  4: model2_tests

4: Test command: /Users/ittehad/Documents/Coding/Python/Turing/Tester_cpp_codebench/tasks/621282/build/model2_tests
4: Working Directory: /Users/ittehad/Documents/Coding/Python/Turing/Tester_cpp_codebench/tasks/621282/build
4: Test timeout computed to be: 5
4: [==========] Running 11 tests from 1 test suite.
4: [----------] Global test environment set-up.
4: [----------] 11 tests from ParenthesesScoreTests
4: [ RUN      ] ParenthesesScoreTests.TestMinimumLength
4: [       OK ] ParenthesesScoreTests.TestMinimumLength (0 ms)
4: [ RUN      ] ParenthesesScoreTests.TestSimpleNonNested
4: [       OK ] ParenthesesScoreTests.TestSimpleNonNested (0 ms)
4: [ RUN      ] ParenthesesScoreTests.TestNestedParentheses
4: [       OK ] ParenthesesScoreTests.TestNestedParentheses (0 ms)
4: [ RUN      ] ParenthesesScoreTests.TestMultipleNestedParentheses
4: [       OK ] ParenthesesScoreTests.TestMultipleNestedParentheses (0 ms)
4: [ RUN      ] ParenthesesScoreTests.TestDeeplyNested
4: [       OK ] ParenthesesScoreTests.TestDeeplyNested (0 ms)
4: [ RUN      ] ParenthesesScoreTests.TestLongSequenceOfSimpleParentheses
4: [       OK ] ParenthesesScoreTests.TestLongSequenceOfSimpleParentheses (0 ms)
4: [ RUN      ] ParenthesesScoreTests.TestNonBalanced
4: [       OK ] ParenthesesScoreTests.TestNonBalanced (0 ms)
4: [ RUN      ] ParenthesesScoreTests.TestLongNestedStructure
4: [       OK ] ParenthesesScoreTests.TestLongNestedStructure (0 ms)
4: [ RUN      ] ParenthesesScoreTests.TestEdgeCaseNoInnerNested
4: [       OK ] ParenthesesScoreTests.TestEdgeCaseNoInnerNested (0 ms)
4: [ RUN      ] ParenthesesScoreTests.TestMaximumLength
4: [       OK ] ParenthesesScoreTests.TestMaximumLength (0 ms)
4: [ RUN      ] ParenthesesScoreTests.TestEmpty
4: [       OK ] ParenthesesScoreTests.TestEmpty (0 ms)
4: [----------] 11 tests from ParenthesesScoreTests (0 ms total)
4: 
4: [----------] Global test environment tear-down
4: [==========] 11 tests from 1 test suite ran. (0 ms total)
4: [  PASSED  ] 11 tests.
 4/11 Test  #4: model2_tests .....................   Passed    0.32 sec
test 5
      Start  5: model3_tests

5: Test command: /Users/ittehad/Documents/Coding/Python/Turing/Tester_cpp_codebench/tasks/621282/build/model3_tests
5: Working Directory: /Users/ittehad/Documents/Coding/Python/Turing/Tester_cpp_codebench/tasks/621282/build
5: Test timeout computed to be: 5
5: [==========] Running 11 tests from 1 test suite.
5: [----------] Global test environment set-up.
5: [----------] 11 tests from ParenthesesScoreTests
5: [ RUN      ] ParenthesesScoreTests.TestMinimumLength
5: [       OK ] ParenthesesScoreTests.TestMinimumLength (0 ms)
5: [ RUN      ] ParenthesesScoreTests.TestSimpleNonNested
5: [       OK ] ParenthesesScoreTests.TestSimpleNonNested (0 ms)
5: [ RUN      ] ParenthesesScoreTests.TestNestedParentheses
5: [       OK ] ParenthesesScoreTests.TestNestedParentheses (0 ms)
5: [ RUN      ] ParenthesesScoreTests.TestMultipleNestedParentheses
5: [       OK ] ParenthesesScoreTests.TestMultipleNestedParentheses (0 ms)
5: [ RUN      ] ParenthesesScoreTests.TestDeeplyNested
5: [       OK ] ParenthesesScoreTests.TestDeeplyNested (0 ms)
5: [ RUN      ] ParenthesesScoreTests.TestLongSequenceOfSimpleParentheses
5: [       OK ] ParenthesesScoreTests.TestLongSequenceOfSimpleParentheses (0 ms)
5: [ RUN      ] ParenthesesScoreTests.TestNonBalanced
5: /Users/ittehad/Documents/Coding/Python/Turing/Tester_cpp_codebench/tasks/621282/test.cpp:34: Failure
5: Expected equality of these values:
5:   calculateScore("((()())")
5:     Which is: 4
5:   0
5: 
5: [  FAILED  ] ParenthesesScoreTests.TestNonBalanced (0 ms)
5: [ RUN      ] ParenthesesScoreTests.TestLongNestedStructure
5: [       OK ] ParenthesesScoreTests.TestLongNestedStructure (0 ms)
5: [ RUN      ] ParenthesesScoreTests.TestEdgeCaseNoInnerNested
5: [       OK ] ParenthesesScoreTests.TestEdgeCaseNoInnerNested (0 ms)
5: [ RUN      ] ParenthesesScoreTests.TestMaximumLength
5: [       OK ] ParenthesesScoreTests.TestMaximumLength (0 ms)
5: [ RUN      ] ParenthesesScoreTests.TestEmpty
5: [       OK ] ParenthesesScoreTests.TestEmpty (0 ms)
5: [----------] 11 tests from ParenthesesScoreTests (0 ms total)
5: 
5: [----------] Global test environment tear-down
5: [==========] 11 tests from 1 test suite ran. (0 ms total)
5: [  PASSED  ] 10 tests.
5: [  FAILED  ] 1 test, listed below:
5: [  FAILED  ] ParenthesesScoreTests.TestNonBalanced
5: 
5:  1 FAILED TEST
 5/11 Test  #5: model3_tests .....................***Failed    0.32 sec
test 6
      Start  6: model4_tests

6: Test command: /Users/ittehad/Documents/Coding/Python/Turing/Tester_cpp_codebench/tasks/621282/build/model4_tests
6: Working Directory: /Users/ittehad/Documents/Coding/Python/Turing/Tester_cpp_codebench/tasks/621282/build
6: Test timeout computed to be: 5
6: [==========] Running 11 tests from 1 test suite.
6: [----------] Global test environment set-up.
6: [----------] 11 tests from ParenthesesScoreTests
6: [ RUN      ] ParenthesesScoreTests.TestMinimumLength
6: [       OK ] ParenthesesScoreTests.TestMinimumLength (0 ms)
6: [ RUN      ] ParenthesesScoreTests.TestSimpleNonNested
6: [       OK ] ParenthesesScoreTests.TestSimpleNonNested (0 ms)
6: [ RUN      ] ParenthesesScoreTests.TestNestedParentheses
6: [       OK ] ParenthesesScoreTests.TestNestedParentheses (0 ms)
6: [ RUN      ] ParenthesesScoreTests.TestMultipleNestedParentheses
6: [       OK ] ParenthesesScoreTests.TestMultipleNestedParentheses (0 ms)
6: [ RUN      ] ParenthesesScoreTests.TestDeeplyNested
6: [       OK ] ParenthesesScoreTests.TestDeeplyNested (0 ms)
6: [ RUN      ] ParenthesesScoreTests.TestLongSequenceOfSimpleParentheses
6: [       OK ] ParenthesesScoreTests.TestLongSequenceOfSimpleParentheses (0 ms)
6: [ RUN      ] ParenthesesScoreTests.TestNonBalanced
6: [       OK ] ParenthesesScoreTests.TestNonBalanced (0 ms)
6: [ RUN      ] ParenthesesScoreTests.TestLongNestedStructure
6: [       OK ] ParenthesesScoreTests.TestLongNestedStructure (0 ms)
6: [ RUN      ] ParenthesesScoreTests.TestEdgeCaseNoInnerNested
6: [       OK ] ParenthesesScoreTests.TestEdgeCaseNoInnerNested (0 ms)
6: [ RUN      ] ParenthesesScoreTests.TestMaximumLength
6: [       OK ] ParenthesesScoreTests.TestMaximumLength (0 ms)
6: [ RUN      ] ParenthesesScoreTests.TestEmpty
6: [       OK ] ParenthesesScoreTests.TestEmpty (0 ms)
6: [----------] 11 tests from ParenthesesScoreTests (0 ms total)
6: 
6: [----------] Global test environment tear-down
6: [==========] 11 tests from 1 test suite ran. (0 ms total)
6: [  PASSED  ] 11 tests.
 6/11 Test  #6: model4_tests .....................   Passed    0.31 sec
test 7
      Start  7: model5_tests

7: Test command: /Users/ittehad/Documents/Coding/Python/Turing/Tester_cpp_codebench/tasks/621282/build/model5_tests
7: Working Directory: /Users/ittehad/Documents/Coding/Python/Turing/Tester_cpp_codebench/tasks/621282/build
7: Test timeout computed to be: 5
7: [==========] Running 11 tests from 1 test suite.
7: [----------] Global test environment set-up.
7: [----------] 11 tests from ParenthesesScoreTests
7: [ RUN      ] ParenthesesScoreTests.TestMinimumLength
7: [       OK ] ParenthesesScoreTests.TestMinimumLength (0 ms)
7: [ RUN      ] ParenthesesScoreTests.TestSimpleNonNested
7: [       OK ] ParenthesesScoreTests.TestSimpleNonNested (0 ms)
7: [ RUN      ] ParenthesesScoreTests.TestNestedParentheses
7: [       OK ] ParenthesesScoreTests.TestNestedParentheses (0 ms)
7: [ RUN      ] ParenthesesScoreTests.TestMultipleNestedParentheses
7: [       OK ] ParenthesesScoreTests.TestMultipleNestedParentheses (0 ms)
7: [ RUN      ] ParenthesesScoreTests.TestDeeplyNested
7: [       OK ] ParenthesesScoreTests.TestDeeplyNested (0 ms)
7: [ RUN      ] ParenthesesScoreTests.TestLongSequenceOfSimpleParentheses
7: [       OK ] ParenthesesScoreTests.TestLongSequenceOfSimpleParentheses (0 ms)
7: [ RUN      ] ParenthesesScoreTests.TestNonBalanced
7: [       OK ] ParenthesesScoreTests.TestNonBalanced (0 ms)
7: [ RUN      ] ParenthesesScoreTests.TestLongNestedStructure
7: [       OK ] ParenthesesScoreTests.TestLongNestedStructure (0 ms)
7: [ RUN      ] ParenthesesScoreTests.TestEdgeCaseNoInnerNested
7: [       OK ] ParenthesesScoreTests.TestEdgeCaseNoInnerNested (0 ms)
7: [ RUN      ] ParenthesesScoreTests.TestMaximumLength
7: [       OK ] ParenthesesScoreTests.TestMaximumLength (0 ms)
7: [ RUN      ] ParenthesesScoreTests.TestEmpty
7: [       OK ] ParenthesesScoreTests.TestEmpty (0 ms)
7: [----------] 11 tests from ParenthesesScoreTests (0 ms total)
7: 
7: [----------] Global test environment tear-down
7: [==========] 11 tests from 1 test suite ran. (0 ms total)
7: [  PASSED  ] 11 tests.
 7/11 Test  #7: model5_tests .....................   Passed    0.33 sec
test 8
      Start  8: model6_tests

8: Test command: /Users/ittehad/Documents/Coding/Python/Turing/Tester_cpp_codebench/tasks/621282/build/model6_tests
8: Working Directory: /Users/ittehad/Documents/Coding/Python/Turing/Tester_cpp_codebench/tasks/621282/build
8: Test timeout computed to be: 5
8: [==========] Running 11 tests from 1 test suite.
8: [----------] Global test environment set-up.
8: [----------] 11 tests from ParenthesesScoreTests
8: [ RUN      ] ParenthesesScoreTests.TestMinimumLength
8: [       OK ] ParenthesesScoreTests.TestMinimumLength (0 ms)
8: [ RUN      ] ParenthesesScoreTests.TestSimpleNonNested
8: [       OK ] ParenthesesScoreTests.TestSimpleNonNested (0 ms)
8: [ RUN      ] ParenthesesScoreTests.TestNestedParentheses
8: [       OK ] ParenthesesScoreTests.TestNestedParentheses (0 ms)
8: [ RUN      ] ParenthesesScoreTests.TestMultipleNestedParentheses
8: [       OK ] ParenthesesScoreTests.TestMultipleNestedParentheses (0 ms)
8: [ RUN      ] ParenthesesScoreTests.TestDeeplyNested
8: [       OK ] ParenthesesScoreTests.TestDeeplyNested (0 ms)
8: [ RUN      ] ParenthesesScoreTests.TestLongSequenceOfSimpleParentheses
8: [       OK ] ParenthesesScoreTests.TestLongSequenceOfSimpleParentheses (0 ms)
8: [ RUN      ] ParenthesesScoreTests.TestNonBalanced
8: [       OK ] ParenthesesScoreTests.TestNonBalanced (0 ms)
8: [ RUN      ] ParenthesesScoreTests.TestLongNestedStructure
8: [       OK ] ParenthesesScoreTests.TestLongNestedStructure (0 ms)
8: [ RUN      ] ParenthesesScoreTests.TestEdgeCaseNoInnerNested
8: [       OK ] ParenthesesScoreTests.TestEdgeCaseNoInnerNested (0 ms)
8: [ RUN      ] ParenthesesScoreTests.TestMaximumLength
8: [       OK ] ParenthesesScoreTests.TestMaximumLength (0 ms)
8: [ RUN      ] ParenthesesScoreTests.TestEmpty
8: [       OK ] ParenthesesScoreTests.TestEmpty (0 ms)
8: [----------] 11 tests from ParenthesesScoreTests (0 ms total)
8: 
8: [----------] Global test environment tear-down
8: [==========] 11 tests from 1 test suite ran. (0 ms total)
8: [  PASSED  ] 11 tests.
 8/11 Test  #8: model6_tests .....................   Passed    0.31 sec
test 9
      Start  9: model7_tests

9: Test command: /Users/ittehad/Documents/Coding/Python/Turing/Tester_cpp_codebench/tasks/621282/build/model7_tests
9: Working Directory: /Users/ittehad/Documents/Coding/Python/Turing/Tester_cpp_codebench/tasks/621282/build
9: Test timeout computed to be: 5
9: [==========] Running 11 tests from 1 test suite.
9: [----------] Global test environment set-up.
9: [----------] 11 tests from ParenthesesScoreTests
9: [ RUN      ] ParenthesesScoreTests.TestMinimumLength
9: [       OK ] ParenthesesScoreTests.TestMinimumLength (0 ms)
9: [ RUN      ] ParenthesesScoreTests.TestSimpleNonNested
9: [       OK ] ParenthesesScoreTests.TestSimpleNonNested (0 ms)
9: [ RUN      ] ParenthesesScoreTests.TestNestedParentheses
9: [       OK ] ParenthesesScoreTests.TestNestedParentheses (0 ms)
9: [ RUN      ] ParenthesesScoreTests.TestMultipleNestedParentheses
9: [       OK ] ParenthesesScoreTests.TestMultipleNestedParentheses (0 ms)
9: [ RUN      ] ParenthesesScoreTests.TestDeeplyNested
9: [       OK ] ParenthesesScoreTests.TestDeeplyNested (0 ms)
9: [ RUN      ] ParenthesesScoreTests.TestLongSequenceOfSimpleParentheses
9: [       OK ] ParenthesesScoreTests.TestLongSequenceOfSimpleParentheses (0 ms)
9: [ RUN      ] ParenthesesScoreTests.TestNonBalanced
9: [       OK ] ParenthesesScoreTests.TestNonBalanced (0 ms)
9: [ RUN      ] ParenthesesScoreTests.TestLongNestedStructure
9: [       OK ] ParenthesesScoreTests.TestLongNestedStructure (0 ms)
9: [ RUN      ] ParenthesesScoreTests.TestEdgeCaseNoInnerNested
9: [       OK ] ParenthesesScoreTests.TestEdgeCaseNoInnerNested (0 ms)
9: [ RUN      ] ParenthesesScoreTests.TestMaximumLength
9: [       OK ] ParenthesesScoreTests.TestMaximumLength (0 ms)
9: [ RUN      ] ParenthesesScoreTests.TestEmpty
9: [       OK ] ParenthesesScoreTests.TestEmpty (0 ms)
9: [----------] 11 tests from ParenthesesScoreTests (0 ms total)
9: 
9: [----------] Global test environment tear-down
9: [==========] 11 tests from 1 test suite ran. (0 ms total)
9: [  PASSED  ] 11 tests.
 9/11 Test  #9: model7_tests .....................   Passed    0.36 sec
test 10
      Start 10: model8_tests

10: Test command: /Users/ittehad/Documents/Coding/Python/Turing/Tester_cpp_codebench/tasks/621282/build/model8_tests
10: Working Directory: /Users/ittehad/Documents/Coding/Python/Turing/Tester_cpp_codebench/tasks/621282/build
10: Test timeout computed to be: 5
10: [==========] Running 11 tests from 1 test suite.
10: [----------] Global test environment set-up.
10: [----------] 11 tests from ParenthesesScoreTests
10: [ RUN      ] ParenthesesScoreTests.TestMinimumLength
10: [       OK ] ParenthesesScoreTests.TestMinimumLength (0 ms)
10: [ RUN      ] ParenthesesScoreTests.TestSimpleNonNested
10: [       OK ] ParenthesesScoreTests.TestSimpleNonNested (0 ms)
10: [ RUN      ] ParenthesesScoreTests.TestNestedParentheses
10: [       OK ] ParenthesesScoreTests.TestNestedParentheses (0 ms)
10: [ RUN      ] ParenthesesScoreTests.TestMultipleNestedParentheses
10: [       OK ] ParenthesesScoreTests.TestMultipleNestedParentheses (0 ms)
10: [ RUN      ] ParenthesesScoreTests.TestDeeplyNested
10: [       OK ] ParenthesesScoreTests.TestDeeplyNested (0 ms)
10: [ RUN      ] ParenthesesScoreTests.TestLongSequenceOfSimpleParentheses
10: [       OK ] ParenthesesScoreTests.TestLongSequenceOfSimpleParentheses (0 ms)
10: [ RUN      ] ParenthesesScoreTests.TestNonBalanced
10: [       OK ] ParenthesesScoreTests.TestNonBalanced (0 ms)
10: [ RUN      ] ParenthesesScoreTests.TestLongNestedStructure
10: [       OK ] ParenthesesScoreTests.TestLongNestedStructure (0 ms)
10: [ RUN      ] ParenthesesScoreTests.TestEdgeCaseNoInnerNested
10: [       OK ] ParenthesesScoreTests.TestEdgeCaseNoInnerNested (0 ms)
10: [ RUN      ] ParenthesesScoreTests.TestMaximumLength
10: [       OK ] ParenthesesScoreTests.TestMaximumLength (0 ms)
10: [ RUN      ] ParenthesesScoreTests.TestEmpty
10: [       OK ] ParenthesesScoreTests.TestEmpty (0 ms)
10: [----------] 11 tests from ParenthesesScoreTests (0 ms total)
10: 
10: [----------] Global test environment tear-down
10: [==========] 11 tests from 1 test suite ran. (0 ms total)
10: [  PASSED  ] 11 tests.
10/11 Test #10: model8_tests .....................   Passed    0.44 sec
test 11
      Start 11: model9_tests

11: Test command: /Users/ittehad/Documents/Coding/Python/Turing/Tester_cpp_codebench/tasks/621282/build/model9_tests
11: Working Directory: /Users/ittehad/Documents/Coding/Python/Turing/Tester_cpp_codebench/tasks/621282/build
11: Test timeout computed to be: 5
11: [==========] Running 11 tests from 1 test suite.
11: [----------] Global test environment set-up.
11: [----------] 11 tests from ParenthesesScoreTests
11: [ RUN      ] ParenthesesScoreTests.TestMinimumLength
11: [       OK ] ParenthesesScoreTests.TestMinimumLength (0 ms)
11: [ RUN      ] ParenthesesScoreTests.TestSimpleNonNested
11: [       OK ] ParenthesesScoreTests.TestSimpleNonNested (0 ms)
11: [ RUN      ] ParenthesesScoreTests.TestNestedParentheses
11: /Users/ittehad/Documents/Coding/Python/Turing/Tester_cpp_codebench/tasks/621282/test.cpp:18: Failure
11: Expected equality of these values:
11:   calculateScore("(())")
11:     Which is: 3
11:   2
11: 
11: [  FAILED  ] ParenthesesScoreTests.TestNestedParentheses (0 ms)
11: [ RUN      ] ParenthesesScoreTests.TestMultipleNestedParentheses
11: /Users/ittehad/Documents/Coding/Python/Turing/Tester_cpp_codebench/tasks/621282/test.cpp:22: Failure
11: Expected equality of these values:
11:   calculateScore("(()(()))")
11:    Errors while running CTest
Output from these tests are in: /Users/ittehad/Documents/Coding/Python/Turing/Tester_cpp_codebench/tasks/621282/build/Testing/Temporary/LastTest.log
Use "--rerun-failed --output-on-failure" to re-run the failed cases verbosely.
 Which is: 9
11:   6
11: 
11: [  FAILED  ] ParenthesesScoreTests.TestMultipleNestedParentheses (0 ms)
11: [ RUN      ] ParenthesesScoreTests.TestDeeplyNested
11: /Users/ittehad/Documents/Coding/Python/Turing/Tester_cpp_codebench/tasks/621282/test.cpp:26: Failure
11: Expected equality of these values:
11:   calculateScore("((((()))))")
11:     Which is: 31
11:   16
11: 
11: [  FAILED  ] ParenthesesScoreTests.TestDeeplyNested (0 ms)
11: [ RUN      ] ParenthesesScoreTests.TestLongSequenceOfSimpleParentheses
11: [       OK ] ParenthesesScoreTests.TestLongSequenceOfSimpleParentheses (0 ms)
11: [ RUN      ] ParenthesesScoreTests.TestNonBalanced
11: [       OK ] ParenthesesScoreTests.TestNonBalanced (0 ms)
11: [ RUN      ] ParenthesesScoreTests.TestLongNestedStructure
11: /Users/ittehad/Documents/Coding/Python/Turing/Tester_cpp_codebench/tasks/621282/test.cpp:38: Failure
11: Expected equality of these values:
11:   calculateScore("((((())())))")
11:     Which is: 39
11:   24
11: 
11: [  FAILED  ] ParenthesesScoreTests.TestLongNestedStructure (0 ms)
11: [ RUN      ] ParenthesesScoreTests.TestEdgeCaseNoInnerNested
11: [       OK ] ParenthesesScoreTests.TestEdgeCaseNoInnerNested (0 ms)
11: [ RUN      ] ParenthesesScoreTests.TestMaximumLength
11: /Users/ittehad/Documents/Coding/Python/Turing/Tester_cpp_codebench/tasks/621282/test.cpp:46: Failure
11: Expected equality of these values:
11:   calculateScore("(((((((((((((((((())))))))))))))))))")
11:     Which is: 262143
11:   131072
11: 
11: [  FAILED  ] ParenthesesScoreTests.TestMaximumLength (0 ms)
11: [ RUN      ] ParenthesesScoreTests.TestEmpty
11: [       OK ] ParenthesesScoreTests.TestEmpty (0 ms)
11: [----------] 11 tests from ParenthesesScoreTests (0 ms total)
11: 
11: [----------] Global test environment tear-down
11: [==========] 11 tests from 1 test suite ran. (0 ms total)
11: [  PASSED  ] 6 tests.
11: [  FAILED  ] 5 tests, listed below:
11: [  FAILED  ] ParenthesesScoreTests.TestNestedParentheses
11: [  FAILED  ] ParenthesesScoreTests.TestMultipleNestedParentheses
11: [  FAILED  ] ParenthesesScoreTests.TestDeeplyNested
11: [  FAILED  ] ParenthesesScoreTests.TestLongNestedStructure
11: [  FAILED  ] ParenthesesScoreTests.TestMaximumLength
11: 
11:  5 FAILED TESTS
11/11 Test #11: model9_tests .....................***Failed    0.33 sec

55% tests passed, 5 tests failed out of 11

Total Test time (real) =   3.97 sec

The following tests FAILED:
	  1 - incorrect_solution_tests (Failed)
	  2 - model1_tests (Failed)
	  3 - model10_tests (Failed)
	  5 - model3_tests (Failed)
	 11 - model9_tests (Failed)
Test project /Users/ittehad/Documents/Coding/Python/Turing/Tester_cpp_codebench/tasks/621282/build
      Start  1: incorrect_solution_tests
 1/11 Test  #1: incorrect_solution_tests .........***Failed    0.01 sec
      Start  2: model1_tests
 2/11 Test  #2: model1_tests .....................***Failed    0.01 sec
      Start  3: model10_tests
 3/11 Test  #3: model10_tests ....................***Failed    0.00 sec
      Start  4: model2_tests
 4/11 Test  #4: model2_tests .....................   Passed    0.00 sec
      Start  5: model3_tests
 5/11 Test  #5: model3_tests .....................***Failed    0.00 sec
      Start  6: model4_tests
 6/11 Test  #6: model4_tests .....................   Passed    0.00 sec
      Start  7: model5_tests
 7/11 Test  #7: model5_tests .....................   Passed    0.00 sec
      Start  8: model6_tests
 8/11 Test  #8: model6_tests .....................   Passed    0.00 sec
      Start  9: model7_tests
 9/11 Test  #9: model7_tests .....................   Passed    0.00 sec
      Start 10: model8_tests
10/11 Test #10: model8_tests .....................   Passed    0.00 sec
      Start 11: model9_tests
11/11 Test #11: model9_tests .....................***Failed    0.00 sec

55% tests passed, 5 tests failed out of 11

Total Test time (real) =   0.05 sec

The following tests FAILED:
	  1 - incorrect_solution_tests (Failed)
	  2 - model1_tests (Failed)
	  3 - model10_tests (Failed)
	  5 - model3_tests (Failed)
	 11 - model9_tests (Failed)
Errors while running CTest
Output from these tests are in: /Users/ittehad/Documents/Coding/Python/Turing/Tester_cpp_codebench/tasks/621282/build/Testing/Temporary/LastTest.log
Use "--rerun-failed --output-on-failure" to re-run the failed cases verbosely.
