UpdateCTestConfiguration  from :/Users/ittehad/Documents/Coding/Python/Turing/Tester_cpp_codebench/tasks/473664/build/DartConfiguration.tcl
UpdateCTestConfiguration  from :/Users/ittehad/Documents/Coding/Python/Turing/Tester_cpp_codebench/tasks/473664/build/DartConfiguration.tcl
Test project /Users/ittehad/Documents/Coding/Python/Turing/Tester_cpp_codebench/tasks/473664/build
Constructing a list of tests
Done constructing a list of tests
Updating test list for fixtures
Added 0 tests to meet fixture requirements
Checking test dependency graph...
Checking test dependency graph end
test 1
      Start  1: incorrect_solution_tests

1: Test command: /Users/ittehad/Documents/Coding/Python/Turing/Tester_cpp_codebench/tasks/473664/build/incorrect_solution_tests
1: Working Directory: /Users/ittehad/Documents/Coding/Python/Turing/Tester_cpp_codebench/tasks/473664/build
1: Test timeout computed to be: 5
1: [==========] Running 9 tests from 1 test suite.
1: [----------] Global test environment set-up.
1: [----------] 9 tests from XMLNodeTest
1: [ RUN      ] XMLNodeTest.ValidXMLStructure
1: [       OK ] XMLNodeTest.ValidXMLStructure (0 ms)
1: [ RUN      ] XMLNodeTest.InvalidChildName
1: /Users/ittehad/Documents/Coding/Python/Turing/Tester_cpp_codebench/tasks/473664/test.cpp:26: Failure
1: Expected: { XMLNode* invalidChild = new XMLNode(""); root->addChild(invalidChild); } throws an exception of type std::invalid_argument.
1:   Actual: it throws nothing.
1: 
1: [  FAILED  ] XMLNodeTest.InvalidChildName (0 ms)
1: [ RUN      ] XMLNodeTest.DuplicateChildNodes
1: [       OK ] XMLNodeTest.DuplicateChildNodes (0 ms)
1: [ RUN      ] XMLNodeTest.DeeplyNestedStructure
1: [       OK ] XMLNodeTest.DeeplyNestedStructure (0 ms)
1: [ RUN      ] XMLNodeTest.InvalidCharactersInName
1: /Users/ittehad/Documents/Coding/Python/Turing/Tester_cpp_codebench/tasks/473664/test.cpp:61: Failure
1: Expected: root->addChild(new XMLNode("inv@lid!")) throws an exception of type std::invalid_argument.
1:   Actual: it throws nothing.
1: 
1: [  FAILED  ] XMLNodeTest.InvalidCharactersInName (0 ms)
1: [ RUN      ] XMLNodeTest.NodeWithoutChildrenOrValue
1: [       OK ] XMLNodeTest.NodeWithoutChildrenOrValue (0 ms)
1: [ RUN      ] XMLNodeTest.ValidSymbolsInName
1: [       OK ] XMLNodeTest.ValidSymbolsInName (0 ms)
1: [ RUN      ] XMLNodeTest.InvalidStartingCharacter
1: /Users/ittehad/Documents/Coding/Python/Turing/Tester_cpp_codebench/tasks/473664/test.cpp:88: Failure
1: Expected: root->addChild(new XMLNode("1child", "someValue")) throws an exception of type std::invalid_argument.
1:   Actual: it throws nothing.
1: 
1: [  FAILED  ] XMLNodeTest.InvalidStartingCharacter (0 ms)
1: [ RUN      ] XMLNodeTest.SameNameDifferentValue
1: [       OK ] XMLNodeTest.SameNameDifferentValue (0 ms)
1: [----------] 9 tests from XMLNodeTest (0 ms total)
1: 
1: [----------] Global test environment tear-down
1: [==========] 9 tests from 1 test suite ran. (0 ms total)
1: [  PASSED  ] 6 tests.
1: [  FAILED  ] 3 tests, listed below:
1: [  FAILED  ] XMLNodeTest.InvalidChildName
1: [  FAILED  ] XMLNodeTest.InvalidCharactersInName
1: [  FAILED  ] XMLNodeTest.InvalidStartingCharacter
1: 
1:  3 FAILED TESTS
 1/11 Test  #1: incorrect_solution_tests .........***Failed    0.34 sec
test 2
      Start  2: model1_tests

2: Test command: /Users/ittehad/Documents/Coding/Python/Turing/Tester_cpp_codebench/tasks/473664/build/model1_tests
2: Working Directory: /Users/ittehad/Documents/Coding/Python/Turing/Tester_cpp_codebench/tasks/473664/build
2: Test timeout computed to be: 5
2: [==========] Running 9 tests from 1 test suite.
2: [----------] Global test environment set-up.
2: [----------] 9 tests from XMLNodeTest
2: [ RUN      ] XMLNodeTest.ValidXMLStructure
2: [       OK ] XMLNodeTest.ValidXMLStructure (0 ms)
2: [ RUN      ] XMLNodeTest.InvalidChildName
2: [       OK ] XMLNodeTest.InvalidChildName (0 ms)
2: [ RUN      ] XMLNodeTest.DuplicateChildNodes
2: [       OK ] XMLNodeTest.DuplicateChildNodes (0 ms)
2: [ RUN      ] XMLNodeTest.DeeplyNestedStructure
2: [       OK ] XMLNodeTest.DeeplyNestedStructure (0 msUnable to find executable: /Users/ittehad/Documents/Coding/Python/Turing/Tester_cpp_codebench/tasks/473664/build/model10_tests
)
2: [ RUN      ] XMLNodeTest.InvalidCharactersInName
2: [       OK ] XMLNodeTest.InvalidCharactersInName (0 ms)
2: [ RUN      ] XMLNodeTest.NodeWithoutChildrenOrValue
2: [       OK ] XMLNodeTest.NodeWithoutChildrenOrValue (0 ms)
2: [ RUN      ] XMLNodeTest.ValidSymbolsInName
2: [       OK ] XMLNodeTest.ValidSymbolsInName (0 ms)
2: [ RUN      ] XMLNodeTest.InvalidStartingCharacter
2: [       OK ] XMLNodeTest.InvalidStartingCharacter (0 ms)
2: [ RUN      ] XMLNodeTest.SameNameDifferentValue
2: [       OK ] XMLNodeTest.SameNameDifferentValue (0 ms)
2: [----------] 9 tests from XMLNodeTest (0 ms total)
2: 
2: [----------] Global test environment tear-down
2: [==========] 9 tests from 1 test suite ran. (0 ms total)
2: [  PASSED  ] 9 tests.
 2/11 Test  #2: model1_tests .....................   Passed    0.33 sec
test 3
      Start  3: model10_tests
Could not find executable /Users/ittehad/Documents/Coding/Python/Turing/Tester_cpp_codebench/tasks/473664/build/model10_tests
Looked in the following places:
Users/ittehad/Documents/Coding/Python/Turing/Tester_cpp_codebench/tasks/473664/build/model10_tests
Users/ittehad/Documents/Coding/Python/Turing/Tester_cpp_codebench/tasks/473664/build/model10_tests
Users/ittehad/Documents/Coding/Python/Turing/Tester_cpp_codebench/tasks/473664/build/Release/model10_tests
Users/ittehad/Documents/Coding/Python/Turing/Tester_cpp_codebench/tasks/473664/build/Release/model10_tests
Users/ittehad/Documents/Coding/Python/Turing/Tester_cpp_codebench/tasks/473664/build/Debug/model10_tests
Users/ittehad/Documents/Coding/Python/Turing/Tester_cpp_codebench/tasks/473664/build/Debug/model10_tests
Users/ittehad/Documents/Coding/Python/Turing/Tester_cpp_codebench/tasks/473664/build/MinSizeRel/model10_tests
Users/ittehad/Documents/Coding/Python/Turing/Tester_cpp_codebench/tasks/473664/build/MinSizeRel/model10_tests
Users/ittehad/Documents/Coding/Python/Turing/Tester_cpp_codebench/tasks/473664/build/RelWithDebInfo/model10_tests
Users/ittehad/Documents/Coding/Python/Turing/Tester_cpp_codebench/tasks/473664/build/RelWithDebInfo/model10_tests
Users/ittehad/Documents/Coding/Python/Turing/Tester_cpp_codebench/tasks/473664/build/Deployment/model10_tests
Users/ittehad/Documents/Coding/Python/Turing/Tester_cpp_codebench/tasks/473664/build/Deployment/model10_tests
Users/ittehad/Documents/Coding/Python/Turing/Tester_cpp_codebench/tasks/473664/build/Development/model10_tests
Users/ittehad/Documents/Coding/Python/Turing/Tester_cpp_codebench/tasks/473664/build/Development/model10_tests

3: Test command: 
3: Working Directory: /Users/ittehad/Documents/Coding/Python/Turing/Tester_cpp_codebench/tasks/473664/build
 3/11 Test  #3: model10_tests ....................***Not Run   0.00 sec
test 4
      Start  4: model2_tests
Could not find executable /Users/ittehad/Documents/Coding/Python/Turing/Tester_cpp_codebench/tasks/473664/build/model2_tests
Looked in the following places:
Users/ittehad/Documents/Coding/Python/Turing/Tester_cpp_codebench/tasks/473664/build/model2_tests
Users/ittehad/Documents/Coding/Python/Turing/Tester_cpp_codebench/tasks/473664/build/model2_tests
Users/ittehad/Documents/Coding/Python/Turing/Tester_cpp_codebench/tasks/473664/build/Release/model2_tests
Users/ittehad/Documents/Coding/Python/Turing/Tester_cpp_codebench/tasks/473664/build/Release/model2_tests
Users/ittehad/Documents/Coding/Python/Turing/Tester_cpp_codebench/tasks/473664/build/Debug/model2_tests
Users/ittehad/Documents/Coding/Python/Turing/Tester_cpp_codebench/tasks/473664/build/Debug/model2_tests
Users/ittehad/Documents/Coding/Python/Turing/Tester_cpp_codebench/tasks/473664/build/MinSizeRel/model2_tests
Users/ittehad/Documents/Coding/Python/Turing/Tester_cpp_codebench/tasks/473664/build/MinSizeRel/model2_tests
Users/ittehad/Documents/Coding/Python/Turing/Tester_cpp_codebench/tasks/473664/build/RelWithDebInfo/model2_tests
Users/ittehad/Documents/Coding/Python/Turing/Tester_cpp_codebench/tasks/473664/build/RelWithDebInfo/model2_tests
Users/ittehad/Documents/Coding/Python/Turing/Tester_cpp_codebench/tasks/473664/build/Deployment/model2_tests
Users/itteUnable to find executable: /Users/ittehad/Documents/Coding/Python/Turing/Tester_cpp_codebench/tasks/473664/build/model2_tests
Unable to find executable: /Users/ittehad/Documents/Coding/Python/Turing/Tester_cpp_codebench/tasks/473664/build/model3_tests
had/Documents/Coding/Python/Turing/Tester_cpp_codebench/tasks/473664/build/Deployment/model2_tests
Users/ittehad/Documents/Coding/Python/Turing/Tester_cpp_codebench/tasks/473664/build/Development/model2_tests
Users/ittehad/Documents/Coding/Python/Turing/Tester_cpp_codebench/tasks/473664/build/Development/model2_tests

4: Test command: 
4: Working Directory: /Users/ittehad/Documents/Coding/Python/Turing/Tester_cpp_codebench/tasks/473664/build
 4/11 Test  #4: model2_tests .....................***Not Run   0.00 sec
test 5
      Start  5: model3_tests
Could not find executable /Users/ittehad/Documents/Coding/Python/Turing/Tester_cpp_codebench/tasks/473664/build/model3_tests
Looked in the following places:
Users/ittehad/Documents/Coding/Python/Turing/Tester_cpp_codebench/tasks/473664/build/model3_tests
Users/ittehad/Documents/Coding/Python/Turing/Tester_cpp_codebench/tasks/473664/build/model3_tests
Users/ittehad/Documents/Coding/Python/Turing/Tester_cpp_codebench/tasks/473664/build/Release/model3_tests
Users/ittehad/Documents/Coding/Python/Turing/Tester_cpp_codebench/tasks/473664/build/Release/model3_tests
Users/ittehad/Documents/Coding/Python/Turing/Tester_cpp_codebench/tasks/473664/build/Debug/model3_tests
Users/ittehad/Documents/Coding/Python/Turing/Tester_cpp_codebench/tasks/473664/build/Debug/model3_tests
Users/ittehad/Documents/Coding/Python/Turing/Tester_cpp_codebench/tasks/473664/build/MinSizeRel/model3_tests
Users/ittehad/Documents/Coding/Python/Turing/Tester_cpp_codebench/tasks/473664/build/MinSizeRel/model3_tests
Users/ittehad/Documents/Coding/Python/Turing/Tester_cpp_codebench/tasks/473664/build/RelWithDebInfo/model3_tests
Users/ittehad/Documents/Coding/Python/Turing/Tester_cpp_codebench/tasks/473664/build/RelWithDebInfo/model3_tests
Users/ittehad/Documents/Coding/Python/Turing/Tester_cpp_codebench/tasks/473664/build/Deployment/model3_tests
Users/ittehad/Documents/Coding/Python/Turing/Tester_cpp_codebench/tasks/473664/build/Deployment/model3_tests
Users/ittehad/Documents/Coding/Python/Turing/Tester_cpp_codebench/tasks/473664/build/Development/model3_tests
Users/ittehad/Documents/Coding/Python/Turing/Tester_cpp_codebench/tasks/473664/build/Development/model3_tests

5: Test command: 
5: Working Directory: /Users/ittehad/Documents/Coding/Python/Turing/Tester_cpp_codebench/tasks/473664/build
 5/11 Test  #5: model3_tests .....................***Not Run   0.00 sec
test 6
      Start  6: model4_tests

6: Test command: /Users/ittehad/Documents/Coding/Python/Turing/Tester_cpp_codebench/tasks/473664/build/model4_tests
6: Working Directory: /Users/ittehad/Documents/Coding/Python/Turing/Tester_cpp_codebench/tasks/473664/build
6: Test timeout computed to be: 5
6: [==========] Running 9 tests from 1 test suite.
6: [----------] Global test environment set-up.
6: [----------] 9 tests from XMLNodeTest
6: [ RUN      ] XMLNodeTest.ValidXMLStructure
6: [       OK ] XMLNodeTest.ValidXMLStructure (0 ms)
6: [ RUN      ] XMLNodeTest.InvalidChildName
6: [       OK ] XMLNodeTest.InvalidChildName (0 ms)
6: [ RUN      ] XMLNodeTest.DuplicateChildNodes
6: [       OK ] XMLNodeTest.DuplicateChildNodes (0 ms)
6: [ RUN      ] XMLNodeTest.DeeplyNestedStructure
6: [       OK ] XMLNodeTest.DeeplyNestedStructure (0 ms)
6: [ RUN      ] XMLNodeTest.InvalidCharactersInName
6: [       OK ] XMLNodeTest.InvalidCharactersInName (0 ms)
6: [ RUN      ] XMLNodeTest.NodeWithoutChildrenOrValue
6: [       OK ] XMLNodeTest.NodeWithoutChildrenOrValue (0 ms)
6: [ RUN      ] XMLNodeTest.ValidSymbolsInName
6: [       OK ] XMLNodeTest.ValidSymbolsInName (0 ms)
6: [ RUN      ] XMLNodeTest.InvalidStartingCharacter
6: [       OK ] XMLNodeTest.InvalidStartingCharacter (0 ms)
6: [ RUN      ] XMLNodeTest.SameNameDifferentValue
6: [       OK ] XMLNodeTest.SameNameDifferentValue (0 ms)
6: [----------] 9 tests from XMLNodeTest (0 ms total)
6: 
6: [----------] Global test environment tear-down
6: [==========] 9 tests from 1 test suite ran. (0 ms total)
6: [  PASSED  ] 9 tests.
 6/11 Test  #6: model4_tests .....................   Passed    0.43 sec
test 7
      Start  7: model5_tests

7: Test command: /Users/ittehad/Documents/Coding/Python/Turing/Tester_cpp_codebench/tasks/473664/build/model5_tests
7: Working Directory: /Users/ittehad/Documents/Coding/Python/Turing/Tester_cpp_codebench/tasks/473664/build
7: Test timeout computed to be: 5
7: [==========] Running 9 tests from 1 test suite.
7: [----------] Global test environment set-up.
7: [----------] 9 tests from XMLNodeTest
7: [ RUN      ] XMLNodeTest.ValidXMLStructure
7: [       OK ] XMLNodeTest.ValidXMLStructure (0 ms)
7: [ RUN      ] XMLNodeTest.InvalidChildName
7: [       OK ] XMLNodeTest.InvalidChildName (0 ms)
7: [ RUN      ] XMLNodeTest.DuplicateChildNodes
7: [       OK ] XMLNodeTest.DuplicateChildNodes (0 ms)
7: [ RUN      ] XMLNodeTest.DeeplyNestedStructure
7: [       OK ] XMLNodeTest.DeeplyNestedStructure (0 ms)
7: [ RUN      ] XMLNodeTest.InvalidCharactersInName
7: [       OK ] XMLNodeTest.InvalidCharactersInName (0 ms)
7: [ RUN      ] XMLNodeTest.NodeWithoutChildrenOrValue
7: [       OK ] XMLNodeTest.NodeWithoutChildrenOrValue (0 ms)
7: [ RUN      ] XMLNodeTest.ValidSymbolsInName
7: [       OK ] XMLNodeTest.ValidSymbolsInName (0 ms)
7: [ RUN      ] XMLNodeTest.InvalidStartingCharacter
7: [       OK ] XMLNodeTest.InvalidStartingCharacter (0 ms)
7: [ RUN      ] XMLNodeTest.SameNameDifferentValue
7: [       OK ] XMLNodeTest.SameNameDifferentValue (0 ms)
7: [----------] 9 tests from XMLNodeTest (0 ms total)
7: 
7: [----------] Global test environment tear-down
7: [==========] 9 tests from 1 test suite ran. (0 ms total)
7: [  PASSED  ] 9 tests.
 7/11 Test  #7: model5_tests .....................   Passed    0.32 sec
test 8
      Start  8: model6_tests

8: Test command: /Users/ittehad/Documents/Coding/Python/Turing/Tester_cpp_codebench/tasks/473664/build/model6_tests
8: Working Directory: /Users/ittehad/Documents/Coding/Python/Turing/Tester_cpp_codebench/tasks/473664/build
8: Test timeout computed to be: 5
8: [==========] Running 9 tests from 1 test suite.
8: [----------] Global test environment set-up.
8: [----------] 9 tests from XMLNodeTest
8: [ RUN      ] XMLNodeTest.ValidXMLStructure
8: [       OK ] XMLNodeTest.ValidXMLStructure (0 ms)
8: [ RUN      ] XMLNodeTest.InvalidChildName
8: [       OK ] XMLNodeTest.InvalidChildName (0 ms)
8: [ RUN      ] XMLNodeTest.DuplicateChildNodes
8: [       OK ] XMLNodeTest.DuplicateChildNodes (0 ms)
8: [ RUN      ] XMLNodeTest.DeeplyNestedStructure
8: [       OK ] XMLNodeTest.DeeplyNestedStructure (0 ms)
8: [ RUN      ] XMLNodeTest.InvalidCharactersInName
8: [       OK ] XMLNodeTest.InvalidCharactersInName (0 ms)
8: [ RUN      ] XMLNodeTest.NodeWithoutChildrenOrValue
8: [       OK ] XMLNodeTest.NodeWithoutChildrenOrValue (0 ms)
8: [ RUN      ] XMLNodeTest.ValidSymbolsInName
8: [       OK ] XMLNodeTest.ValidSymbolsInName (0 ms)
8: [ RUN      ] XMLNodeTest.InvalidStartingCharacter
8: /Users/ittehad/Documents/Coding/Python/Turing/Tester_cpp_codebench/tasks/473664/test.cpp:88: Failure
8: Expected: root->addChild(new XMLNode("1child", "someValue")) throws an exception of type std::invalid_argument.
8:   Actual: it throws nothing.
8: 
8: [  FAILED  ] XMLNodeTest.InvalidStartingCharacter (0 ms)
8: [ RUN      ] XMLNodeTest.SameNameDifferentValue
8: [       OK ] XMLNodeTest.SameNameDifferentValue (0 ms)
8: [----------] 9 tests from XMLNodeTest (0 ms total)
8: 
8: [----------] Global test environment tear-down
8: [==========] 9 tests from 1 test suite ran. (0 ms total)
8: [  PASSED  ] 8 tests.
8: [  FAILED  ] 1 test, listed below:
8: [  FAILED  ] XMLNodeTest.InvalidStartingCharacter
8: 
8:  1 FAILED TEST
 8/11 Test  #8: model6_tests .....................***Failed    0.33 sec
test 9
      Start  9: model7_tests

9: Test command: /Users/ittehad/Documents/Coding/Python/Turing/Tester_cpp_codebench/tasks/473664/build/model7_tests
9: Working Directory: /Users/ittehad/Documents/Coding/Python/Turing/Tester_cpp_codebench/tasks/473664/build
9: Test timeout computed to be: 5
9: [==========] Running 9 tests from 1 test suite.
9: [----------] Global test environment set-up.
9: [----------] 9 tests from XMLNodeTest
9: [ RUN      ] XMLNodeTest.ValidXMLStructure
9: [       OK ] XMLNodeTest.ValidXMLStructure (0 ms)
9: [ RUN      ] XMLNodeTest.InvalidChildName
9: [       OK ] XMLNodeTest.InvalidChildName (0 ms)
9: [ RUN      ] XMLNodeTest.DuplicateChildNodes
9: [       OK ] XMLNodeTest.DuplicateChildNodes (0 ms)
9: [ RUN      ] XMLNodeTest.DeeplyNestedStructure
9: [       OK ] XMLNodeTest.DeeplyNestedStructure (0 ms)
9: [ RUN      ] XMLNodeTest.InvalidCharactersInName
9: [       OK ] XMLNodeTest.InvalidCharactersInName (0 ms)
9: [ RUN      ] XMLNodeTest.NodeWithoutChildrenOrValue
9: [       OK ] XMLNodeTest.NodeWithoutChildrenOrValue (0 ms)
9: [ RUN      ] XMLNodeTest.ValidSymbolsInName
9: [       OK ] XMLNodeTest.ValidSymbolsInName (0 ms)
9: [ RUN      ] XMLNodeTest.InvalidStartingCharacter
9: /Users/ittehad/Documents/Coding/Python/Turing/Tester_cpp_codebench/tasks/473664/test.cpp:88: Failure
9: Expected: root->addChild(new XMLNode("1child", "someValue")) throws an exception of type std::invalid_argument.
9:   Actual: it throws nothing.
9: 
9: [  FAILED  ] XMLNodeTest.InvalidStartingCharacter (0 ms)
9: [ RUN      ] XMLNodeTest.SameNameDifferentValue
9: [       OK ] XMLNodeTest.SameNameDifferentValue (0 ms)
9: [----------] 9 tests from XMLNodeTest (0 ms total)
9: 
9: [----------] Global test environment tear-down
9: [==========] 9 tests from 1 test suite ran. (0 ms total)
9: [  PASSED  ] 8 tests.
9: [  FAILED  ] 1 test, listed below:
9: [  FAILED  ] XMLNodeTest.InvalidStartingCharacter
9: 
9:  1 FAILED TEST
 9/11 Test  #9: model7_tests .....................***Failed    0.32 sec
test 10
      Start 10: model8_tests

10: Test command: /Users/ittehad/Documents/Coding/Python/Turing/Tester_cpp_codebench/tasks/473664/build/model8_tests
10: Working Directory: /Users/ittehad/Documents/Coding/Python/Turing/Tester_cpp_codebench/tasks/473664/build
10: Test timeout computed to be: 5
10: [==========] Running 9 tests from 1 test suite.
10: [----------] Global test environment set-up.
10: [----------] 9 tests from XMLNodeTest
10: [ RUN      ] XMLNodeTest.ValidXMLStructure
10: [       OK ] XMLNodeTest.ValidXMLStructure (0 ms)
10: [ RUN      ] XMLNodeTest.InvalidChildName
10: [       OK ] XMLNodeTest.InvalidChildName (0 ms)
10: [ RUN      ] XMLNodeTest.DuplicateChildNodes
10: [       OK ] XMLNodeTest.DuplicateChildNodes (0 ms)
10: [ RUN      ] XMLNodeTest.DeeplyNestedStructure
10: [       OK ] XMLNodeTest.DeeplyNestedStructure (0 ms)
10: [ RUN      ] XMLNodeTest.InvalidCharactersInName
10: [       OK ] XMLNodeTest.InvalidCharactersInName (0 ms)
10: [ RUN      ] XMLNodeTest.NodeWithoutChildrenOrValue
10: [       OK ] XMLNodeTest.NodeWithoutChildrenOrValue (0 ms)
10: [ RUN      ] XMLNodeTest.ValidSymbolsInName
10: [       OK ] XMLNodeTest.ValidSymbolsInName (0 ms)
10: [ RUN      ] XMLNodeTest.InvalidStartingCharacter
10: [       OK ] XMLNodeTest.InvalidStartingCharacter (0 ms)
10: [ RUN      ] XMLNodeTest.SameNameDifferentValue
10: [       OK ] XMLNodeTest.SameNameDifferentValue (0 ms)
10: [----------] 9 tests from XMLNodeTest (0 ms total)
10: 
10: [----------] Global test environment tear-down
10: [==========] 9 tests from 1 test suite ran. (0 ms total)
10: [  PASSED  ] 9 tests.
10/11 Test #10: model8_tests .....................   Passed    0.33 sec
test 11
      Start 11: model9_tests

11: Test command: /Users/ittehad/Documents/Coding/Python/Turing/Tester_cpp_codebench/tasks/473664/build/model9_tests
11: Working Directory: /Users/ittehad/Documents/Coding/Python/Turing/Tester_cpp_codebench/tasks/473664/build
11: Test timeout computed to be: 5
11: [==========] Running 9 tests from 1 test suite.
11: [----------] Global test environment set-up.
11: [----------] 9 tests from XMLNodeTest
11: [ RUN      ] XMLNodeTest.ValidXMLStructure
11: [       OK ] XMLNodeTest.ValidXMLStructure (0 ms)
11: [ RUN      ] XMLNodeTest.InvalidChildName
11: [       OK ] XMLNodeTest.InvalidChildName (0 ms)
11: [ RUN      ] XMLNodeTest.DuplicateChildNodes
11: [       OK ] XMLNodeTest.DuplicateChildNodes (0 ms)
11: [ RUN      ] XMLNodeTest.DeeplyNestedStructure
11: [       OK ] XMLNodeTest.DeErrors while running CTest
Output from these tests are in: /Users/ittehad/Documents/Coding/Python/Turing/Tester_cpp_codebench/tasks/473664/build/Testing/Temporary/LastTest.log
Use "--rerun-failed --output-on-failure" to re-run the failed cases verbosely.
eplyNestedStructure (0 ms)
11: [ RUN      ] XMLNodeTest.InvalidCharactersInName
11: [       OK ] XMLNodeTest.InvalidCharactersInName (0 ms)
11: [ RUN      ] XMLNodeTest.NodeWithoutChildrenOrValue
11: [       OK ] XMLNodeTest.NodeWithoutChildrenOrValue (0 ms)
11: [ RUN      ] XMLNodeTest.ValidSymbolsInName
11: [       OK ] XMLNodeTest.ValidSymbolsInName (0 ms)
11: [ RUN      ] XMLNodeTest.InvalidStartingCharacter
11: [       OK ] XMLNodeTest.InvalidStartingCharacter (0 ms)
11: [ RUN      ] XMLNodeTest.SameNameDifferentValue
11: [       OK ] XMLNodeTest.SameNameDifferentValue (0 ms)
11: [----------] 9 tests from XMLNodeTest (0 ms total)
11: 
11: [----------] Global test environment tear-down
11: [==========] 9 tests from 1 test suite ran. (0 ms total)
11: [  PASSED  ] 9 tests.
11/11 Test #11: model9_tests .....................   Passed    0.44 sec

45% tests passed, 6 tests failed out of 11

Total Test time (real) =   2.85 sec

The following tests FAILED:
	  1 - incorrect_solution_tests (Failed)
	  3 - model10_tests (Not Run)
	  4 - model2_tests (Not Run)
	  5 - model3_tests (Not Run)
	  8 - model6_tests (Failed)
	  9 - model7_tests (Failed)
Test project /Users/ittehad/Documents/Coding/Python/Turing/Tester_cpp_codebench/tasks/473664/build
      Start  1: incorrect_solution_tests
 1/11 Test  #1: incorrect_solution_tests .........***Failed    0.01 sec
      Start  2: model1_tests
 2/11 Test  #2: model1_tests .....................   Passed    0.01 sec
      Start  3: model10_tests
Could not find executable /Users/ittehad/Documents/Coding/Python/Turing/Tester_cpp_codebench/tasks/473664/build/model10_tests
Looked in the following places:
/Users/ittehad/Documents/Coding/Python/Turing/Tester_cpp_codebench/tasks/473664/build/model10_tests
/Users/ittehad/Documents/Coding/Python/Turing/Tester_cpp_codebench/tasks/473664/build/model10_tests
/Users/ittehad/Documents/Coding/Python/Turing/Tester_cpp_codebench/tasks/473664/build/Release/model10_tests
/Users/ittehad/Documents/Coding/Python/Turing/Tester_cpp_codebench/tasks/473664/build/Release/model10_tests
/Users/ittehad/Documents/Coding/Python/Turing/Tester_cpp_codebench/tasks/473664/build/Debug/model10_tests
/Users/ittehad/Documents/Coding/Python/Turing/Tester_cpp_codebench/tasks/473664/build/Debug/model10_tests
/Users/ittehad/Documents/Coding/Python/Turing/Tester_cpp_codebench/tasks/473664/build/MinSizeRel/model10_tests
/Users/ittehad/Documents/Coding/Python/Turing/Tester_cpp_codebench/tasks/473664/build/MinSizeRel/model10_tests
/Users/ittehad/Documents/Coding/Python/Turing/Tester_cpp_codebench/tasks/473664/build/RelWithDebInfo/model10_tests
/Users/ittehad/Documents/Coding/Python/Turing/Tester_cpp_codebench/tasks/473664/build/RelWithDebInfo/model10_tests
/Users/ittehad/Documents/Coding/Python/Turing/Tester_cpp_codebench/tasks/473664/build/Deployment/model10_tests
/Users/ittehad/Documents/Coding/Python/Turing/Tester_cpp_codebench/tasks/473664/build/Deployment/model10_tests
/Users/ittehad/Documents/Coding/Python/Turing/Tester_cpp_codebench/tasks/473664/build/Development/model10_tests
/Users/ittehad/Documents/Coding/Python/Turing/Tester_cpp_codebench/tasks/473664/build/Development/model10_tests
Users/ittehad/Documents/Coding/Python/Turing/Tester_cpp_codebench/tasks/473664/build/model10_tests
Users/ittehad/Documents/Coding/Python/Turing/Tester_cpp_codebench/tasks/473664/build/model10_tests
Users/ittehad/Documents/Coding/Python/Turing/Tester_cpp_codebench/tasks/473664/build/Release/model10_tests
Users/ittehad/Documents/Coding/Python/Turing/Tester_cpp_codebench/tasks/473664/build/Release/model10_tests
Users/ittehad/Documents/Coding/Python/Turing/Tester_cpp_codebench/tasks/473664/build/Debug/model10_tests
Users/ittehad/Documents/Coding/Python/Turing/Tester_cpp_codebench/tasks/473664/build/Debug/model10_tests
Users/ittehad/Documents/Coding/Python/Turing/Tester_cpp_codebench/tasks/473664/build/MinSizeRel/model10_tests
Users/ittehad/Documents/Coding/Python/Turing/Tester_cpp_codebench/tasks/473664/build/MinSizeRel/model10_tests
Users/ittehad/Documents/Coding/Python/Turing/Tester_cpp_codebench/tasks/473664/build/RelWithDebInfo/model10_tests
Users/ittehad/Documents/Coding/Python/Turing/Tester_cpp_codebench/tasks/473664/build/RelWithDebInfo/model10_tests
Users/ittehad/Documents/Coding/Python/Turing/Tester_cpp_codebench/tasks/473664/build/Deployment/model10_tests
Users/ittehad/Documents/Coding/Python/Turing/Tester_cpp_codebench/tasks/473664/build/Deployment/model10_tests
Users/ittehad/Documents/Coding/Python/Turing/Tester_cpp_codebench/tasks/473664/build/Development/model10_tests
Users/ittehad/Documents/Coding/Python/Turing/Tester_cpp_codebench/tasks/473664/build/Development/model10_tests
Unable to find executable: /Users/ittehad/Documents/Coding/Python/Turing/Tester_cpp_codebench/tasks/473664/build/model10_tests
 3/11 Test  #3: model10_tests ....................***Not Run   0.00 sec
      Start  4: model2_tests
Could not find executable /Users/ittehad/Documents/Coding/Python/Turing/Tester_cpp_codebench/tasks/473664/build/model2_tests
Looked in the following places:
/Users/ittehad/Documents/Coding/Python/Turing/Tester_cpp_codebench/tasks/473664/build/model2_tests
/Users/ittehad/Documents/Coding/Python/Turing/Tester_cpp_codebench/tasks/473664/build/model2_tests
/Users/ittehad/Documents/Coding/Python/Turing/Tester_cpp_codebench/tasks/473664/build/Release/model2_tests
/Users/ittehad/Documents/Coding/Python/Turing/Tester_cpp_codebench/tasks/473664/build/Release/model2_tests
/Users/ittehad/Documents/Coding/Python/Turing/Tester_cpp_codebench/tasks/473664/build/Debug/model2_tests
/Users/ittehad/Documents/Coding/Python/Turing/Tester_cpp_codebench/tasks/473664/build/Debug/model2_tests
/Users/ittehad/Documents/Coding/Python/Turing/Tester_cpp_codebench/tasks/473664/build/MinSizeRel/model2_tests
/Users/ittehad/Documents/Coding/Python/Turing/Tester_cpp_codebench/tasks/473664/build/MinSizeRel/model2_tests
/Users/ittehad/Documents/Coding/Python/Turing/Tester_cpp_codebench/tasks/473664/build/RelWithDebInfo/model2_tests
/Users/ittehad/Documents/Coding/Python/Turing/Tester_cpp_codebench/tasks/473664/build/RelWithDebInfo/model2_tests
/Users/ittehad/Documents/Coding/Python/Turing/Tester_cpp_codebench/tasks/473664/build/Deployment/model2_tests
/Users/ittehad/Documents/Coding/Python/Turing/Tester_cpp_codebench/tasks/473664/build/Deployment/model2_tests
/Users/ittehad/Documents/Coding/Python/Turing/Tester_cpp_codebench/tasks/473664/build/Development/model2_tests
/Users/ittehad/Documents/Coding/Python/Turing/Tester_cpp_codebench/tasks/473664/build/Development/model2_tests
Users/ittehad/Documents/Coding/Python/Turing/Tester_cpp_codebench/tasks/473664/build/model2_tests
Users/ittehad/Documents/Coding/Python/Turing/Tester_cpp_codebench/tasks/473664/build/model2_tests
Users/ittehad/Documents/Coding/Python/Turing/Tester_cpp_codebench/tasks/473664/build/Release/model2_tests
Users/ittehad/Documents/Coding/Python/Turing/Tester_cpp_codebench/tasks/473664/build/Release/model2_tests
Users/ittehad/Documents/Coding/Python/Turing/Tester_cpp_codebench/tasks/473664/build/Debug/model2_tests
Users/ittehad/Documents/Coding/Python/Turing/Tester_cpp_codebench/tasks/473664/build/Debug/model2_tests
Users/ittehad/Documents/Coding/Python/Turing/Tester_cpp_codebench/tasks/473664/build/MinSizeRel/model2_tests
Users/ittehad/Documents/Coding/Python/Turing/Tester_cpp_codebench/tasks/473664/build/MinSizeRel/model2_tests
Users/ittehad/Documents/Coding/Python/Turing/Tester_cpp_codebench/tasks/473664/build/RelWithDebInfo/model2_tests
Users/ittehad/Documents/Coding/Python/Turing/Tester_cpp_codebench/tasks/473664/build/RelWithDebInfo/model2_tests
Users/ittehad/Documents/Coding/Python/Turing/Tester_cpp_codebench/tasks/473664/build/Deployment/model2_tests
Users/ittehad/Documents/Coding/Python/Turing/Tester_cpp_codebench/tasks/473664/build/Deployment/model2_tests
Users/ittehad/Documents/Coding/Python/Turing/Tester_cpp_codebench/tasks/473664/build/Development/model2_tests
Users/ittehad/Documents/Coding/Python/Turing/Tester_cpp_codebench/tasks/473664/build/Development/model2_tests
Unable to find executable: /Users/ittehad/Documents/Coding/Python/Turing/Tester_cpp_codebench/tasks/473664/build/model2_tests
 4/11 Test  #4: model2_tests .....................***Not Run   0.00 sec
      Start  5: model3_tests
Could not find executable /Users/ittehad/Documents/Coding/Python/Turing/Tester_cpp_codebench/tasks/473664/build/model3_tests
Looked in the following places:
/Users/ittehad/Documents/Coding/Python/Turing/Tester_cpp_codebench/tasks/473664/build/model3_tests
/Users/ittehad/Documents/Coding/Python/Turing/Tester_cpp_codebench/tasks/473664/build/model3_tests
/Users/ittehad/Documents/Coding/Python/Turing/Tester_cpp_codebench/tasks/473664/build/Release/model3_tests
/Users/ittehad/Documents/Coding/Python/Turing/Tester_cpp_codebench/tasks/473664/build/Release/model3_tests
/Users/ittehad/Documents/Coding/Python/Turing/Tester_cpp_codebench/tasks/473664/build/Debug/model3_tests
/Users/ittehad/Documents/Coding/Python/Turing/Tester_cpp_codebench/tasks/473664/build/Debug/model3_tests
/Users/ittehad/Documents/Coding/Python/Turing/Tester_cpp_codebench/tasks/473664/build/MinSizeRel/model3_tests
/Users/ittehad/Documents/Coding/Python/Turing/Tester_cpp_codebench/tasks/473664/build/MinSizeRel/model3_tests
/Users/ittehad/Documents/Coding/Python/Turing/Tester_cpp_codebench/tasks/473664/build/RelWithDebInfo/model3_tests
/Users/ittehad/Documents/Coding/Python/Turing/Tester_cpp_codebench/tasks/473664/build/RelWithDebInfo/model3_tests
/Users/ittehad/Documents/Coding/Python/Turing/Tester_cpp_codebench/tasks/473664/build/Deployment/model3_tests
/Users/ittehad/Documents/Coding/Python/Turing/Tester_cpp_codebench/tasks/473664/build/Deployment/model3_tests
/Users/ittehad/Documents/Coding/Python/Turing/Tester_cpp_codebench/tasks/473664/build/Development/model3_tests
/Users/ittehad/Documents/Coding/Python/Turing/Tester_cpp_codebench/tasks/473664/build/Development/model3_tests
Users/ittehad/Documents/Coding/Python/Turing/Tester_cpp_codebench/tasks/473664/build/model3_tests
Users/ittehad/Documents/Coding/Python/Turing/Tester_cpp_codebench/tasks/473664/build/model3_tests
Users/ittehad/Documents/Coding/Python/Turing/Tester_cpp_codebench/tasks/473664/build/Release/model3_tests
Users/ittehad/Documents/Coding/Python/Turing/Tester_cpp_codebench/tasks/473664/build/Release/model3_tests
Users/ittehad/Documents/Coding/Python/Turing/Tester_cpp_codebench/tasks/473664/build/Debug/model3_tests
Users/ittehad/Documents/Coding/Python/Turing/Tester_cpp_codebench/tasks/473664/build/Debug/model3_tests
Users/ittehad/Documents/Coding/Python/Turing/Tester_cpp_codebench/tasks/473664/build/MinSizeRel/model3_tests
Users/ittehad/Documents/Coding/Python/Turing/Tester_cpp_codebench/tasks/473664/build/MinSizeRel/model3_tests
Users/ittehad/Documents/Coding/Python/Turing/Tester_cpp_codebench/tasks/473664/build/RelWithDebInfo/model3_tests
Users/ittehad/Documents/Coding/Python/Turing/Tester_cpp_codebench/tasks/473664/build/RelWithDebInfo/model3_tests
Users/ittehad/Documents/Coding/Python/Turing/Tester_cpp_codebench/tasks/473664/build/Deployment/model3_tests
Users/ittehad/Documents/Coding/Python/Turing/Tester_cpp_codebench/tasks/473664/build/Deployment/model3_tests
Users/ittehad/Documents/Coding/Python/Turing/Tester_cpp_codebench/tasks/473664/build/Development/model3_tests
Users/ittehad/Documents/Coding/Python/Turing/Tester_cpp_codebench/tasks/473664/build/Development/model3_tests
Unable to find executable: /Users/ittehad/Documents/Coding/Python/Turing/Tester_cpp_codebench/tasks/473664/build/model3_tests
 5/11 Test  #5: model3_tests .....................***Not Run   0.00 sec
      Start  6: model4_tests
 6/11 Test  #6: model4_tests .....................   Passed    0.01 sec
      Start  7: model5_tests
 7/11 Test  #7: model5_tests .....................   Passed    0.00 sec
      Start  8: model6_tests
 8/11 Test  #8: model6_tests .....................***Failed    0.00 sec
      Start  9: model7_tests
 9/11 Test  #9: model7_tests .....................***Failed    0.00 sec
      Start 10: model8_tests
10/11 Test #10: model8_tests .....................   Passed    0.00 sec
      Start 11: model9_tests
11/11 Test #11: model9_tests .....................   Passed    0.00 sec

45% tests passed, 6 tests failed out of 11

Total Test time (real) =   0.04 sec

The following tests FAILED:
	  1 - incorrect_solution_tests (Failed)
	  3 - model10_tests (Not Run)
	  4 - model2_tests (Not Run)
	  5 - model3_tests (Not Run)
	  8 - model6_tests (Failed)
	  9 - model7_tests (Failed)
Errors while running CTest
Output from these tests are in: /Users/ittehad/Documents/Coding/Python/Turing/Tester_cpp_codebench/tasks/473664/build/Testing/Temporary/LastTest.log
Use "--rerun-failed --output-on-failure" to re-run the failed cases verbosely.
