Unable to find executable: /Users/ittehad/Documents/Coding/Python/Turing/Tester_cpp_codebench/tasks/621205/build/incorrect_solution_tests
UpdateCTestConfiguration  from :/Users/ittehad/Documents/Coding/Python/Turing/Tester_cpp_codebench/tasks/621205/build/DartConfiguration.tcl
UpdateCTestConfiguration  from :/Users/ittehad/Documents/Coding/Python/Turing/Tester_cpp_codebench/tasks/621205/build/DartConfiguration.tcl
Test project /Users/ittehad/Documents/Coding/Python/Turing/Tester_cpp_codebench/tasks/621205/build
Constructing a list of tests
Done constructing a list of tests
Updating test list for fixtures
Added 0 tests to meet fixture requirements
Checking test dependency graph...
Checking test dependency graph end
test 1
      Start  1: incorrect_solution_tests
Could not find executable /Users/ittehad/Documents/Coding/Python/Turing/Tester_cpp_codebench/tasks/621205/build/incorrect_solution_tests
Looked in the following places:
Users/ittehad/Documents/Coding/Python/Turing/Tester_cpp_codebench/tasks/621205/build/incorrect_solution_tests
Users/ittehad/Documents/Coding/Python/Turing/Tester_cpp_codebench/tasks/621205/build/incorrect_solution_tests
Users/ittehad/Documents/Coding/Python/Turing/Tester_cpp_codebench/tasks/621205/build/Release/incorrect_solution_tests
Users/ittehad/Documents/Coding/Python/Turing/Tester_cpp_codebench/tasks/621205/build/Release/incorrect_solution_tests
Users/ittehad/Documents/Coding/Python/Turing/Tester_cpp_codebench/tasks/621205/build/Debug/incorrect_solution_tests
Users/ittehad/Documents/Coding/Python/Turing/Tester_cpp_codebench/tasks/621205/build/Debug/incorrect_solution_tests
Users/ittehad/Documents/Coding/Python/Turing/Tester_cpp_codebench/tasks/621205/build/MinSizeRel/incorrect_solution_tests
Users/ittehad/Documents/Coding/Python/Turing/Tester_cpp_codebench/tasks/621205/build/MinSizeRel/incorrect_solution_tests
Users/ittehad/Documents/Coding/Python/Turing/Tester_cpp_codebench/tasks/621205/build/RelWithDebInfo/incorrect_solution_tests
Users/ittehad/Documents/Coding/Python/Turing/Tester_cpp_codebench/tasks/621205/build/RelWithDebInfo/incorrect_solution_tests
Users/ittehad/Documents/Coding/Python/Turing/Tester_cpp_codebench/tasks/621205/build/Deployment/incorrect_solution_tests
Users/ittehad/Documents/Coding/Python/Turing/Tester_cpp_codebench/tasks/621205/build/Deployment/incorrect_solution_tests
Users/ittehad/Documents/Coding/Python/Turing/Tester_cpp_codebench/tasks/621205/build/Development/incorrect_solution_tests
Users/ittehad/Documents/Coding/Python/Turing/Tester_cpp_codebench/tasks/621205/build/Development/incorrect_solution_tests

1: Test command: 
1: Working Directory: /Users/ittehad/Documents/Coding/Python/Turing/Tester_cpp_codebench/tasks/621205/build
 1/11 Test  #1: incorrect_solution_tests .........***Not Run   0.00 sec
test 2
      Start  2: model1_tests

2: Test command: /Users/ittehad/Documents/Coding/Python/Turing/Tester_cpp_codebench/tasks/621205/build/model1_tests
2: Working Directory: /Users/ittehad/Documents/Coding/Python/Turing/Tester_cpp_codebench/tasks/621205/build
2: Test timeout computed to be: 5
2: Running main() from /Users/ittehad/Documents/Coding/Python/Turing/Tester_cpp_codebench/tasks/621205/build/_deps/googletest-src/googletest/src/gtest_main.cc
2: [==========] Running 17 tests from 1 test suite.
2: [----------] Global test environment set-up.
2: [----------] 17 tests from LongestUniqueWeightedSubstrTest
2: [ RUN      ] LongestUniqueWeightedSubstrTest.SimpleUniqueCharacters
2: [       OK ] LongestUniqueWeightedSubstrTest.SimpleUniqueCharacters (0 ms)
2: [ RUN      ] LongestUniqueWeightedSubstrTest.AllCharactersSame
2: [       OK ] LongestUniqueWeightedSubstrTest.AllCharactersSame (0 ms)
2: [ RUN      ] LongestUniqueWeightedSubstrTest.MixedCaseCharacters
2: [       OK ] LongestUniqueWeightedSubstrTest.MixedCaseCharacters (0 ms)
2: [ RUN      ] LongestUniqueWeightedSubstrTest.NonAlphanumericIgnored
2: [       OK ] LongestUniqueWeightedSubstrTest.NonAlphanumericIgnored (0 ms)
2: [ RUN      ] LongestUniqueWeightedSubstrTest.AllUniqueAlphabet
2: [       OK ] LongestUniqueWeightedSubstrTest.AllUniqueAlphabet (0 ms)
2: [ RUN      ] LongestUniqueWeightedSubstrTest.RepeatedBlocksOfCharacters
2: [       OK ] LongestUniqueWeightedSubstrTest.RepeatedBlocksOfCharacters (0 ms)
2: [ RUN      ] LongestUniqueWeightedSubstrTest.IncreasingWeightsWithUniqueCharacters
2: [       OK ] LongestUniqueWeightedSubstrTest.IncreasingWeightsWithUniqueCharacters (0 ms)
2: [ RUN      ] LongestUniqueWeightedSubstrTest.AlphanumericCharactersWithWeights
2: [       OK ] LongestUniqueWeightedSubstrTest.AlphanumericCharactersWithWeights (0 ms)
2: [ RUN      ] LongestUniqueWeightedSubstrTest.MixedCharactersWithWeights
2: [       OK ] LongestUniqueWeightedSubstrTest.MixedCharactersWithWeights (0 ms)
2: [ RUN      ] LongestUniqueWeightedSubstrTest.RepeatedCharactersIgnored
2: [       OK ] LongestUniqueWeightedSubstrTest.RepeatedCharactersIgnored (0 ms)
2: [ RUN      ] LongestUniqueWeightedSubstrTest.EmptyString
2: [       OK ] LongestUniqueWeightedSubstrTest.EmptyString (0 ms)
2: [ RUN      ] LongestUniqueWeightedSubstrTest.UniqueCharactersEqualWeights
2: [       OK ] LongestUniqueWeightedSubstrTest.UniqueCharactersEqualWeights (0 ms)
2: [ RUN      ] LongestUniqueWeightedSubstrTest.RepeatingPattern
2: [       OK ] LongestUniqueWeightedSubstrTest.RepeatingPattern (0 ms)
2: [ RUN      ] LongestUniqueWeightedSubstrTest.SingleCharacterZeroWeight
2: [       OK ] LongestUniqueWeightedSubstrTest.SingleCharacterZeroWeight (0 ms)
2: [ RUN      ] LongestUniqueWeightedSubstrTest.SingleCharacterNonZeroWeight
2: [       OK ] LongestUniqueWeightedSubstrTest.SingleCharacterNonZeroWeight (0 ms)
2: [ RUN      ] LongestUniqueWeightedSubstrTest.ExtraWeightsNonExistentCharacters
2: [       OK ] LongestUniqueWeightedSubstrTest.ExtraWeightsNonExistentCharacters (0 ms)
2: [ RUN      ] LongestUniqueWeightedSubstrTest.InvalidWeightNonAlphanumeric
2: [       OK ] LongestUniqueWeightedSubstrTest.InvalidWeightNonAlphanumeric (0 ms)
2: [----------] 17 tests from LongestUniqueWeightedSubstrTest (0 ms total)
2: 
2: [----------] Global test environment tear-down
2: [==========] 17 tests from 1 test suite ran. (0 ms total)
2: [  PASSED  ] 17 tests.
 2/11 Test  #2: model1_tests .....................   Passed    0.31 sec
test 3
      Start  3: model10_tests

3: Test command: /Users/ittehad/Documents/Coding/Python/Turing/Tester_cpp_codebench/tasks/621205/build/model10_tests
3: Working Directory: /Users/ittehad/Documents/Coding/Python/Turing/Tester_cpp_codebench/tasks/621205/build
3: Test timeout computed to be: 5
3: Running main() from /Users/ittehad/Documents/Coding/Python/Turing/Tester_cpp_codebench/tasks/621205/build/_deps/googletest-src/googletest/src/gtest_main.cc
3: [==========] Running 17 tests from 1 test suite.
3: [----------] Global test environment set-up.
3: [----------] 17 tests from LongestUniqueWeightedSubstrTest
3: [ RUN      ] LongestUniqueWeightedSubstrTest.SimpleUniqueCharacters
3: [       OK ] LongestUniqueWeightedSubstrTest.SimpleUniqueCharacters (0 ms)
3: [ RUN      ] LongestUniqueWeightedSubstrTest.AllCharactersSame
3: [       OK ] LongestUniqueWeightedSubstrTest.AllCharactersSame (0 ms)
3: [ RUN      ] LongestUniqueWeightedSubstrTest.MixedCaseCharacters
3: [       OK ] LongestUniqueWeightedSubstrTest.MixedCaseCharacters (0 ms)
3: [ RUN      ] LongestUniqueWeightedSubstrTest.NonAlphanumericIgnored
3: [       OK ] LongestUniqueWeightedSubstrTest.NonAlphanumericIgnored (0 ms)
3: [ RUN      ] LongestUniqueWeightedSubstrTest.AllUniqueAlphabet
3: [       OK ] LongestUniqueWeightedSubstrTest.AllUniqueAlphabet (0 ms)
3: [ RUN      ] LongestUniqueWeightedSubstrTest.RepeatedBlocksOfCharacters
3: [       OK ] LongestUniqueWeightedSubstrTest.RepeatedBlocksOfCharacters (0 ms)
3: [ RUN      ] LongestUniqueWeightedSubstrTest.IncreasingWeightsWithUniqueCharacters
3: [       OK ] LongestUniqueWeightedSubstrTest.IncreasingWeightsWithUniqueCharacters (0 ms)
3: [ RUN      ] LongestUniqueWeightedSubstrTest.AlphanumericCharactersWithWeights
3: [       OK ] LongestUniqueWeightedSubstrTest.AlphanumericCharactersWithWeights (0 ms)
3: [ RUN      ] LongestUniqueWeightedSubstrTest.MixedCharactersWithWeights
3: [       OK ] LongestUniqueWeightedSubstrTest.MixedCharactersWithWeights (0 ms)
3: [ RUN      ] LongestUniqueWeightedSubstrTest.RepeatedCharactersIgnored
3: [       OK ] LongestUniqueWeightedSubstrTest.RepeatedCharactersIgnored (0 ms)
3: [ RUN      ] LongestUniqueWeightedSubstrTest.EmptyString
3: [       OK ] LongestUniqueWeightedSubstrTest.EmptyString (0 ms)
3: [ RUN      ] LongestUniqueWeightedSubstrTest.UniqueCharactersEqualWeights
3: [       OK ] LongestUniqueWeightedSubstrTest.UniqueCharactersEqualWeights (0 ms)
3: [ RUN      ] LongestUniqueWeightedSubstrTest.RepeatingPattern
3: [       OK ] LongestUniqueWeightedSubstrTest.RepeatingPattern (0 ms)
3: [ RUN      ] LongestUniqueWeightedSubstrTest.SingleCharacterZeroWeight
3: [       OK ] LongestUniqueWeightedSubstrTest.SingleCharacterZeroWeight (0 ms)
3: [ RUN      ] LongestUniqueWeightedSubstrTest.SingleCharacterNonZeroWeight
3: [       OK ] LongestUniqueWeightedSubstrTest.SingleCharacterNonZeroWeight (0 ms)
3: [ RUN      ] LongestUniqueWeightedSubstrTest.ExtraWeightsNonExistentCharacters
3: [       OK ] LongestUniqueWeightedSubstrTest.ExtraWeightsNonExistentCharacters (0 ms)
3: [ RUN      ] LongestUniqueWeightedSubstrTest.InvalidWeightNonAlphanumeric
3: [       OK ] LongestUniqueWeightedSubstrTest.InvalidWeightNonAlphanumeric (0 ms)
3: [----------] 17 tests from LongestUniqueWeightedSubstrTest (0 ms total)
3: 
3: [----------] Global test environment tear-down
3: [==========] 17 tests from 1 test suite ran. (0 ms total)
3: [  PASSED  ] 17 tests.
 3/11 Test  #3: model10_tests ....................   Passed    0.32 sec
test 4
      Start  4: model2_tests

4: Test command: /Users/ittehad/Documents/Coding/Python/Turing/Tester_cpp_codebench/tasks/621205/build/model2_tests
4: Working Directory: /Users/ittehad/Documents/Coding/Python/Turing/Tester_cpp_codebench/tasks/621205/build
4: Test timeout computed to be: 5
4: Running main() from /Users/ittehad/Documents/Coding/Python/Turing/Tester_cpp_codebench/tasks/621205/build/_deps/googletest-src/googletest/src/gtest_main.cc
4: [==========] Running 17 tests from 1 test suite.
4: [----------] Global test environment set-up.
4: [----------] 17 tests from LongestUniqueWeightedSubstrTest
4: [ RUN      ] LongestUniqueWeightedSubstrTest.SimpleUniqueCharacters
4: [       OK ] LongestUniqueWeightedSubstrTest.SimpleUniqueCharacters (0 ms)
4: [ RUN      ] LongestUniqueWeightedSubstrTest.AllCharactersSame
4: [       OK ] LongestUniqueWeightedSubstrTest.AllCharactersSame (0 ms)
4: [ RUN      ] LongestUniqueWeightedSubstrTest.MixedCaseCharacters
4: [       OK ] LongestUniqueWeightedSubstrTest.MixedCaseCharacters (0 ms)
4: [ RUN      ] LongestUniqueWeightedSubstrTest.NonAlphanumericIgnored
4: [       OK ] LongestUniqueWeightedSubstrTest.NonAlphanumericIgnored (0 ms)
4: [ RUN      ] LongestUniqueWeightedSubstrTest.AllUniqueAlphabet
4: [       OK ] LongestUniqueWeightedSubstrTest.AllUniqueAlphabet (0 ms)
4: [ RUN      ] LongestUniqueWeightedSubstrTest.RepeatedBlocksOfCharacters
4: [       OK ] LongestUniqueWeightedSubstrTest.RepeatedBlocksOfCharacters (0 ms)
4: [ RUN      ] LongestUniqueWeightedSubstrTest.IncreasingWeightsWithUniqueCharacters
4: [       OK ] LongestUniqueWeightedSubstrTest.IncreasingWeightsWithUniqueCharacters (0 ms)
4: [ RUN      ] LongestUniqueWeightedSubstrTest.AlphanumericCharactersWithWeights
4: [       OK ] LongestUniqueWeightedSubstrTest.AlphanumericCharactersWithWeights (0 ms)
4: [ RUN      ] LongestUniqueWeightedSubstrTest.MixedCharactersWithWeights
4: [       OK ] LongestUniqueWeightedSubstrTest.MixedCharactersWithWeights (0 ms)
4: [ RUN      ] LongestUniqueWeightedSubstrTest.RepeatedCharactersIgnored
4: [       OK ] LongestUniqueWeightedSubstrTest.RepeatedCharactersIgnored (0 ms)
4: [ RUN      ] LongestUniqueWeightedSubstrTest.EmptyString
4: [       OK ] LongestUniqueWeightedSubstrTest.EmptyString (0 ms)
4: [ RUN      ] LongestUniqueWeightedSubstrTest.UniqueCharactersEqualWeights
4: [       OK ] LongestUniqueWeightedSubstrTest.UniqueCharactersEqualWeights (0 ms)
4: [ RUN      ] LongestUniqueWeightedSubstrTest.RepeatingPattern
4: [       OK ] LongestUniqueWeightedSubstrTest.RepeatingPattern (0 ms)
4: [ RUN      ] LongestUniqueWeightedSubstrTest.SingleCharacterZeroWeight
4: [       OK ] LongestUniqueWeightedSubstrTest.SingleCharacterZeroWeight (0 ms)
4: [ RUN      ] LongestUniqueWeightedSubstrTest.SingleCharacterNonZeroWeight
4: [       OK ] LongestUniqueWeightedSubstrTest.SingleCharacterNonZeroWeight (0 ms)
4: [ RUN      ] LongestUniqueWeightedSubstrTest.ExtraWeightsNonExistentCharacters
4: [       OK ] LongestUniqueWeightedSubstrTest.ExtraWeightsNonExistentCharacters (0 ms)
4: [ RUN      ] LongestUniqueWeightedSubstrTest.InvalidWeightNonAlphanumeric
4: /Users/ittehad/Documents/Coding/Python/Turing/Tester_cpp_codebench/tasks/621205/test.cpp:129: Failure
4: Expected equality of these values:
4:   longestUniqueSubstr(input, weights)
4:     Which is: 1
4:   expected
4:     Which is: 0
4: 
4: [  FAILED  ] LongestUniqueWeightedSubstrTest.InvalidWeightNonAlphanumeric (0 ms)
4: [----------] 17 tests from LongestUniqueWeightedSubstrTest (0 ms total)
4: 
4: [----------] Global test environment tear-down
4: [==========] 17 tests from 1 test suite ran. (0 ms total)
4: [  PASSED  ] 16 tests.
4: [  FAILED  ] 1 test, listed below:
4: [  FAILED  ] LongestUniqueWeightedSubstrTest.InvalidWeightNonAlphanumeric
4: 
4:  1 FAILED TEST
 4/11 Test  #4: model2_tests .....................***Failed    0.31 sec
test 5
      Start  5: model3_tests

5: Test command: /Users/ittehad/Documents/Coding/Python/Turing/Tester_cpp_codebench/tasks/621205/build/model3_tests
5: Working Directory: /Users/ittehad/Documents/Coding/Python/Turing/Tester_cpp_codebench/tasks/621205/build
5: Test timeout computed to be: 5
5: Running main() from /Users/ittehad/Documents/Coding/Python/Turing/Tester_cpp_codebench/tasks/621205/build/_deps/googletest-src/googletest/src/gtest_main.cc
5: [==========] Running 17 tests from 1 test suite.
5: [----------] Global test environment set-up.
5: [----------] 17 tests from LongestUniqueWeightedSubstrTest
5: [ RUN      ] LongestUniqueWeightedSubstrTest.SimpleUniqueCharacters
5: [       OK ] LongestUniqueWeightedSubstrTest.SimpleUniqueCharacters (0 ms)
5: [ RUN      ] LongestUniqueWeightedSubstrTest.AllCharactersSame
5: [       OK ] LongestUniqueWeightedSubstrTest.AllCharactersSame (0 ms)
5: [ RUN      ] LongestUniqueWeightedSubstrTest.MixedCaseCharacters
5: [       OK ] LongestUniqueWeightedSubstrTest.MixedCaseCharacters (0 ms)
5: [ RUN      ] LongestUniqueWeightedSubstrTest.NonAlphanumericIgnored
5: [       OK ] LongestUniqueWeightedSubstrTest.NonAlphanumericIgnored (0 ms)
5: [ RUN      ] LongestUniqueWeightedSubstrTest.AllUniqueAlphabet
5: [       OK ] LongestUniqueWeightedSubstrTest.AllUniqueAlphabet (0 ms)
5: [ RUN      ] LongestUniqueWeightedSubstrTest.RepeatedBlocksOfCharacters
5: [       OK ] LongestUniqueWeightedSubstrTest.RepeatedBlocksOfCharacters (0 ms)
5: [ RUN      ] LongestUniqueWeightedSubstrTest.IncreasingWeightsWithUniqueCharacters
5: [       OK ] LongestUniqueWeightedSubstrTest.IncreasingWeightsWithUniqueCharacters (0 ms)
5: [ RUN      ] LongestUniqueWeightedSubstrTest.AlphanumericCharactersWithWeights
5: [       OK ] LongestUniqueWeightedSubstrTest.AlphanumericCharactersWithWeights (0 ms)
5: [ RUN      ] LongestUniqueWeightedSubstrTest.MixedCharactersWithWeights
5: [       OK ] LongestUniqueWeightedSubstrTest.MixedCharactersWithWeights (0 ms)
5: [ RUN      ] LongestUniqueWeightedSubstrTest.RepeatedCharactersIgnored
5: [       OK ] LongestUniqueWeightedSubstrTest.RepeatedCharactersIgnored (0 ms)
5: [ RUN      ] LongestUniqueWeightedSubstrTest.EmptyString
5: [       OK ] LongestUniqueWeightedSubstrTest.EmptyString (0 ms)
5: [ RUN      ] LongestUniqueWeightedSubstrTest.UniqueCharactersEqualWeights
5: [       OK ] LongestUniqueWeightedSubstrTest.UniqueCharactersEqualWeights (0 ms)
5: [ RUN      ] LongestUniqueWeightedSubstrTest.RepeatingPattern
5: [       OK ] LongestUniqueWeightedSubstrTest.RepeatingPattern (0 ms)
5: [ RUN      ] LongestUniqueWeightedSubstrTest.SingleCharacterZeroWeight
5: [       OK ] LongestUniqueWeightedSubstrTest.SingleCharacterZeroWeight (0 ms)
5: [ RUN      ] LongestUniqueWeightedSubstrTest.SingleCharacterNonZeroWeight
5: [       OK ] LongestUniqueWeightedSubstrTest.SingleCharacterNonZeroWeight (0 ms)
5: [ RUN      ] LongestUniqueWeightedSubstrTest.ExtraWeightsNonExistentCharacters
5: [       OK ] LongestUniqueWeightedSubstrTest.ExtraWeightsNonExistentCharacters (0 ms)
5: [ RUN      ] LongestUniqueWeightedSubstrTest.InvalidWeightNonAlphanumeric
5: /Users/ittehad/Documents/Coding/Python/Turing/Tester_cpp_codebench/tasks/621205/test.cpp:129: Failure
5: Expected equality of these values:
5:   longestUniqueSubstr(input, weights)
5:     Which is: 1
5:   expected
5:     Which is: 0
5: 
5: [  FAILED  ] LongestUniqueWeightedSubstrTest.InvalidWeightNonAlphanumeric (0 ms)
5: [----------] 17 tests from LongestUniqueWeightedSubstrTest (0 ms total)
5: 
5: [----------] Global test environment tear-down
5: [==========] 17 tests from 1 test suite ran. (0 ms total)
5: [  PASSED  ] 16 tests.
5: [  FAILED  ] 1 test, listed below:
5: [  FAILED  ] LongestUniqueWeightedSubstrTest.InvalidWeightNonAlphanumeric
5: 
5:  1 FAILED TEST
 5/11 Test  #5: model3_tests .....................***Failed    0.35 sec
test 6
      Start  6: model4_tests

6: Test command: /Users/ittehad/Documents/Coding/Python/Turing/Tester_cpp_codebench/tasks/621205/build/model4_tests
6: Working Directory: /Users/ittehad/Documents/Coding/Python/Turing/Tester_cpp_codebench/tasks/621205/build
6: Test timeout computed to be: 5
6: Running main() from /Users/ittehad/Documents/Coding/Python/Turing/Tester_cpp_codebench/tasks/621205/build/_deps/googletest-src/googletest/src/gtest_main.cc
6: [==========] Running 17 tests from 1 test suite.
6: [----------] Global test environment set-up.
6: [----------] 17 tests from LongestUniqueWeightedSubstrTest
6: [ RUN      ] LongestUniqueWeightedSubstrTest.SimpleUniqueCharacters
6: [       OK ] LongestUniqueWeightedSubstrTest.SimpleUniqueCharacters (0 ms)
6: [ RUN      ] LongestUniqueWeightedSubstrTest.AllCharactersSame
6: [       OK ] LongestUniqueWeightedSubstrTest.AllCharactersSame (0 ms)
6: [ RUN      ] LongestUniqueWeightedSubstrTest.MixedCaseCharacters
6: [       OK ] LongestUniqueWeightedSubstrTest.MixedCaseCharacters (0 ms)
6: [ RUN      ] LongestUniqueWeightedSubstrTest.NonAlphanumericIgnored
6: /Users/ittehad/Documents/Coding/Python/Turing/Tester_cpp_codebench/tasks/621205/test.cpp:33: Failure
6: Expected equality of these values:
6:   longestUniqueSubstr(input, weights)
6:     Which is: 11
6:   expected
6:     Which is: 7
6: 
6: [  FAILED  ] LongestUniqueWeightedSubstrTest.NonAlphanumericIgnored (0 ms)
6: [ RUN      ] LongestUniqueWeightedSubstrTest.AllUniqueAlphabet
6: [       OK ] LongestUniqueWeightedSubstrTest.AllUniqueAlphabet (0 ms)
6: [ RUN      ] LongestUniqueWeightedSubstrTest.RepeatedBlocksOfCharacters
6: [       OK ] LongestUniqueWeightedSubstrTest.RepeatedBlocksOfCharacters (0 ms)
6: [ RUN      ] LongestUniqueWeightedSubstrTest.IncreasingWeightsWithUniqueCharacters
6: [       OK ] LongestUniqueWeightedSubstrTest.IncreasingWeightsWithUniqueCharacters (0 ms)
6: [ RUN      ] LongestUniqueWeightedSubstrTest.AlphanumericCharactersWithWeights
6: [       OK ] LongestUniqueWeightedSubstrTest.AlphanumericCharactersWithWeights (0 ms)
6: [ RUN      ] LongestUniqueWeightedSubstrTest.MixedCharactersWithWeights
6: /Users/ittehad/Documents/Coding/Python/Turing/Tester_cpp_codebench/tasks/621205/test.cpp:73: Failure
6: Expected equality of these values:
6:   longestUniqueSubstr(input, weights)
6:     Which is: 19
6:   expected
6:     Which is: 14
6: 
6: [  FAILED  ] LongestUniqueWeightedSubstrTest.MixedCharactersWithWeights (0 ms)
6: [ RUN      ] LongestUniqueWeightedSubstrTest.RepeatedCharactersIgnored
6: /Users/ittehad/Documents/Coding/Python/Turing/Tester_cpp_codebench/tasks/621205/test.cpp:80: Failure
6: Expected equality of these values:
6:   longestUniqueSubstr(input, weights)
6:     Which is: 9
6:   expected
6:     Which is: 6
6: 
6: [  FAILED  ] LongestUniqueWeightedSubstrTest.RepeatedCharactersIgnored (0 ms)
6: [ RUN      ] LongestUniqueWeightedSubstrTest.EmptyString
6: [       OK ] LongestUniqueWeightedSubstrTest.EmptyString (0 ms)
6: [ RUN      ] LongestUniqueWeightedSubstrTest.UniqueCharactersEqualWeights
6: [       OK ] LongestUniqueWeightedSubstrTest.UniqueCharactersEqualWeights (0 ms)
6: [ RUN      ] LongestUniqueWeightedSubstrTest.RepeatingPattern
6: [       OK ] LongestUniqueWeightedSubstrTest.RepeatingPattern (0 ms)
6: [ RUN      ] LongestUniqueWeightedSubstrTest.SingleCharacterZeroWeight
6: [       OK ] LongestUniqueWeightedSubstrTest.SingleCharacterZeroWeight (0 ms)
6: [ RUN      ] LongestUniqueWeightedSubstrTest.SingleCharacterNonZeroWeight
6: [       OK ] LongestUniqueWeightedSubstrTest.SingleCharacterNonZeroWeight (0 ms)
6: [ RUN      ] LongestUniqueWeightedSubstrTest.ExtraWeightsNonExistentCharacters
6: [       OK ] LongestUniqueWeightedSubstrTest.ExtraWeightsNonExistentCharacters (0 ms)
6: [ RUN      ] LongestUniqueWeightedSubstrTest.InvalidWeightNonAlphanumeric
6: /Users/ittehad/Documents/Coding/Python/Turing/Tester_cpp_codebench/tasks/621205/test.cpp:129: Failure
6: Expected equality of these values:
6:   longestUniqueSubstr(input, weights)
6:     Which is: 1
6:   expected
6:     Which is: 0
6: 
6: [  FAILED  ] LongestUniqueWeightedSubstrTest.InvalidWeightNonAlphanumeric (0 ms)
6: [----------] 17 tests from LongestUniqueWeightedSubstrTest (0 ms total)
6: 
6: [----------] Global test environment tear-down
6: [==========] 17 tests from 1 test suite ran. (0 ms total)
6: [  PASSED  ] 13 tests.
6: [  FAILED  ] 4 tests, listed below:
6: [  FAILED  ] LongestUniqueWeightedSubstrTest.NonAlphanumericIgnored
6: [  FAILED  ] LongestUniqueWeightedSubstrTest.MixedCharactersWithWeights
6: [  FAILED  ] LongestUniqueWeightedSubstrTest.RepeatedCharactersIgnored
6: [  FAILED  ] LongestUniqueWeightedSubstrTest.InvalidWeightNonAlphanumeric
6: 
6:  4 FAILED TESTS
 6/11 Test  #6: model4_tests .....................***Failed    0.32 sec
test 7
      Start  7: model5_tests

7: Test command: /Users/ittehad/Documents/Coding/Python/Turing/Tester_cpp_codebench/tasks/621205/build/model5_tests
7: Working Directory: /Users/ittehad/Documents/Coding/Python/Turing/Tester_cpp_codebench/tasks/621205/build
7: Test timeout computed to be: 5
7: Running main() from /Users/ittehad/Documents/Coding/Python/Turing/Tester_cpp_codebench/tasks/621205/build/_deps/googletest-src/googletest/src/gtest_main.cc
7: [==========] Running 17 tests from 1 test suite.
7: [----------] Global test environment set-up.
7: [----------] 17 tests from LongestUniqueWeightedSubstrTest
7: [ RUN      ] LongestUniqueWeightedSubstrTest.SimpleUniqueCharacters
7: [       OK ] LongestUniqueWeightedSubstrTest.SimpleUniqueCharacters (0 ms)
7: [ RUN      ] LongestUniqueWeightedSubstrTest.AllCharactersSame
7: [       OK ] LongestUniqueWeightedSubstrTest.AllCharactersSame (0 ms)
7: [ RUN      ] LongestUniqueWeightedSubstrTest.MixedCaseCharacters
7: [       OK ] LongestUniqueWeightedSubstrTest.MixedCaseCharacters (0 ms)
7: [ RUN      ] LongestUniqueWeightedSubstrTest.NonAlphanumericIgnored
7: [       OK ] LongestUniqueWeightedSubstrTest.NonAlphanumericIgnored (0 ms)
7: [ RUN      ] LongestUniqueWeightedSubstrTest.AllUniqueAlphabet
7: [       OK ] LongestUniqueWeightedSubstrTest.AllUniqueAlphabet (0 ms)
7: [ RUN      ] LongestUniqueWeightedSubstrTest.RepeatedBlocksOfCharacters
7: [       OK ] LongestUniqueWeightedSubstrTest.RepeatedBlocksOfCharacters (0 ms)
7: [ RUN      ] LongestUniqueWeightedSubstrTest.IncreasingWeightsWithUniqueCharacters
7: [       OK ] LongestUniqueWeightedSubstrTest.IncreasingWeightsWithUniqueCharacters (0 ms)
7: [ RUN      ] LongestUniqueWeightedSubstrTest.AlphanumericCharactersWithWeights
7: [       OK ] LongestUniqueWeightedSubstrTest.AlphanumericCharactersWithWeights (0 ms)
7: [ RUN      ] LongestUniqueWeightedSubstrTest.MixedCharactersWithWeights
7: [       OK ] LongestUniqueWeightedSubstrTest.MixedCharactersWithWeights (0 ms)
7: [ RUN      ] LongestUniqueWeightedSubstrTest.RepeatedCharactersIgnored
7: [       OK ] LongestUniqueWeightedSubstrTest.RepeatedCharactersIgnored (0 ms)
7: [ RUN      ] LongestUniqueWeightedSubstrTest.EmptyString
7: [       OK ] LongestUniqueWeightedSubstrTest.EmptyString (0 ms)
7: [ RUN      ] LongestUniqueWeightedSubstrTest.UniqueCharactersEqualWeights
7: [       OK ] LongestUniqueWeightedSubstrTest.UniqueCharactersEqualWeights (0 ms)
7: [ RUN      ] LongestUniqueWeightedSubstrTest.RepeatingPattern
7: [       OK ] LongestUniqueWeightedSubstrTest.RepeatingPattern (0 ms)
7: [ RUN      ] LongestUniqueWeightedSubstrTest.SingleCharacterZeroWeight
7: [       OK ] LongestUniqueWeightedSubstrTest.SingleCharacterZeroWeight (0 ms)
7: [ RUN      ] LongestUniqueWeightedSubstrTest.SingleCharacterNonZeroWeight
7: [       OK ] LongestUniqueWeightedSubstrTest.SingleCharacterNonZeroWeight (0 ms)
7: [ RUN      ] LongestUniqueWeightedSubstrTest.ExtraWeightsNonExistentCharacters
7: [       OK ] LongestUniqueWeightedSubstrTest.ExtraWeightsNonExistentCharacters (0 ms)
7: [ RUN      ] LongestUniqueWeightedSubstrTest.InvalidWeightNonAlphanumeric
7: /Users/ittehad/Documents/Coding/Python/Turing/Tester_cpp_codebench/tasks/621205/test.cpp:129: Failure
7: Expected equality of these values:
7:   longestUniqueSubstr(input, weights)
7:     Which is: 1
7:   expected
7:     Which is: 0
7: 
7: [  FAILED  ] LongestUniqueWeightedSubstrTest.InvalidWeightNonAlphanumeric (0 ms)
7: [----------] 17 tests from LongestUniqueWeightedSubstrTest (0 ms total)
7: 
7: [----------] Global test environment tear-down
7: [==========] 17 tests from 1 test suite ran. (0 ms total)
7: [  PASSED  ] 16 tests.
7: [  FAILED  ] 1 test, listed below:
7: [  FAILED  ] LongestUniqueWeightedSubstrTest.InvalidWeightNonAlphanumeric
7: 
7:  1 FAILED TEST
 7/11 Test  #7: model5_tests .....................***Failed    0.32 sec
test 8
      Start  8: model6_tests

8: Test command: /Users/ittehad/Documents/Coding/Python/Turing/Tester_cpp_codebench/tasks/621205/build/model6_tests
8: Working Directory: /Users/ittehad/Documents/Coding/Python/Turing/Tester_cpp_codebench/tasks/621205/build
8: Test timeout computed to be: 5
8: Running main() from /Users/ittehad/Documents/Coding/Python/Turing/Tester_cpp_codebench/tasks/621205/build/_deps/googletest-src/googletest/src/gtest_main.cc
8: [==========] Running 17 tests from 1 test suite.
8: [----------] Global test environment set-up.
8: [----------] 17 tests from LongestUniqueWeightedSubstrTest
8: [ RUN      ] LongestUniqueWeightedSubstrTest.SimpleUniqueCharacters
8: [       OK ] LongestUniqueWeightedSubstrTest.SimpleUniqueCharacters (0 ms)
8: [ RUN      ] LongestUniqueWeightedSubstrTest.AllCharactersSame
8: [       OK ] LongestUniqueWeightedSubstrTest.AllCharactersSame (0 ms)
8: [ RUN      ] LongestUniqueWeightedSubstrTest.MixedCaseCharacters
8: [       OK ] LongestUniqueWeightedSubstrTest.MixedCaseCharacters (0 ms)
8: [ RUN      ] LongestUniqueWeightedSubstrTest.NonAlphanumericIgnored
8: [       OK ] LongestUniqueWeightedSubstrTest.NonAlphanumericIgnored (0 ms)
8: [ RUN      ] LongestUniqueWeightedSubstrTest.AllUniqueAlphabet
8: [       OK ] LongestUniqueWeightedSubstrTest.AllUniqueAlphabet (0 ms)
8: [ RUN      ] LongestUniqueWeightedSubstrTest.RepeatedBlocksOfCharacters
8: [       OK ] LongestUniqueWeightedSubstrTest.RepeatedBlocksOfCharacters (0 ms)
8: [ RUN      ] LongestUniqueWeightedSubstrTest.IncreasingWeightsWithUniqueCharacters
8: [       OK ] LongestUniqueWeightedSubstrTest.IncreasingWeightsWithUniqueCharacters (0 ms)
8: [ RUN      ] LongestUniqueWeightedSubstrTest.AlphanumericCharactersWithWeights
8: [       OK ] LongestUniqueWeightedSubstrTest.AlphanumericCharactersWithWeights (0 ms)
8: [ RUN      ] LongestUniqueWeightedSubstrTest.MixedCharactersWithWeights
8: [       OK ] LongestUniqueWeightedSubstrTest.MixedCharactersWithWeights (0 ms)
8: [ RUN      ] LongestUniqueWeightedSubstrTest.RepeatedCharactersIgnored
8: [       OK ] LongestUniqueWeightedSubstrTest.RepeatedCharactersIgnored (0 ms)
8: [ RUN      ] LongestUniqueWeightedSubstrTest.EmptyString
8: [       OK ] LongestUniqueWeightedSubstrTest.EmptyString (0 ms)
8: [ RUN      ] LongestUniqueWeightedSubstrTest.UniqueCharactersEqualWeights
8: [       OK ] LongestUniqueWeightedSubstrTest.UniqueCharactersEqualWeights (0 ms)
8: [ RUN      ] LongestUniqueWeightedSubstrTest.RepeatingPattern
8: [       OK ] LongestUniqueWeightedSubstrTest.RepeatingPattern (0 ms)
8: [ RUN      ] LongestUniqueWeightedSubstrTest.SingleCharacterZeroWeight
8: [       OK ] LongestUniqueWeightedSubstrTest.SingleCharacterZeroWeight (0 ms)
8: [ RUN      ] LongestUniqueWeightedSubstrTest.SingleCharacterNonZeroWeight
8: [       OK ] LongestUniqueWeightedSubstrTest.SingleCharacterNonZeroWeight (0 ms)
8: [ RUN      ] LongestUniqueWeightedSubstrTest.ExtraWeightsNonExistentCharacters
8: [       OK ] LongestUniqueWeightedSubstrTest.ExtraWeightsNonExistentCharacters (0 ms)
8: [ RUN      ] LongestUniqueWeightedSubstrTest.InvalidWeightNonAlphanumeric
8: /Users/ittehad/Documents/Coding/Python/Turing/Tester_cpp_codebench/tasks/621205/test.cpp:129: Failure
8: Expected equality of these values:
8:   longestUniqueSubstr(input, weights)
8:     Which is: 1
8:   expected
8:     Which is: 0
8: 
8: [  FAILED  ] LongestUniqueWeightedSubstrTest.InvalidWeightNonAlphanumeric (0 ms)
8: [----------] 17 tests from LongestUniqueWeightedSubstrTest (0 ms total)
8: 
8: [----------] Global test environment tear-down
8: [==========] 17 tests from 1 test suite ran. (0 ms total)
8: [  PASSED  ] 16 tests.
8: [  FAILED  ] 1 test, listed below:
8: [  FAILED  ] LongestUniqueWeightedSubstrTest.InvalidWeightNonAlphanumeric
8: 
8:  1 FAILED TEST
 8/11 Test  #8: model6_tests .....................***Failed    0.33 sec
test 9
      Start  9: model7_tests

9: Test command: /Users/ittehad/Documents/Coding/Python/Turing/Tester_cpp_codebench/tasks/621205/build/model7_tests
9: Working Directory: /Users/ittehad/Documents/Coding/Python/Turing/Tester_cpp_codebench/tasks/621205/build
9: Test timeout computed to be: 5
9: Running main() from /Users/ittehad/Documents/Coding/Python/Turing/Tester_cpp_codebench/tasks/621205/build/_deps/googletest-src/googletest/src/gtest_main.cc
9: [==========] Running 17 tests from 1 test suite.
9: [----------] Global test environment set-up.
9: [----------] 17 tests from LongestUniqueWeightedSubstrTest
9: [ RUN      ] LongestUniqueWeightedSubstrTest.SimpleUniqueCharacters
9: [       OK ] LongestUniqueWeightedSubstrTest.SimpleUniqueCharacters (0 ms)
9: [ RUN      ] LongestUniqueWeightedSubstrTest.AllCharactersSame
9: [       OK ] LongestUniqueWeightedSubstrTest.AllCharactersSame (0 ms)
9: [ RUN      ] LongestUniqueWeightedSubstrTest.MixedCaseCharacters
9: /Users/ittehad/Documents/Coding/Python/Turing/Tester_cpp_codebench/tasks/621205/test.cpp:26: Failure
9: Expected equality of these values:
9:   longestUniqueSubstr(input, weights)
9:     Which is: 6
9:   expected
9:     Which is: 9
9: 
9: [  FAILED  ] LongestUniqueWeightedSubstrTest.MixedCaseCharacters (0 ms)
9: [ RUN      ] LongestUniqueWeightedSubstrTest.NonAlphanumericIgnored
9: [       OK ] LongestUniqueWeightedSubstrTest.NonAlphanumericIgnored (0 ms)
9: [ RUN      ] LongestUniqueWeightedSubstrTest.AllUniqueAlphabet
9: [       OK ] LongestUniqueWeightedSubstrTest.AllUniqueAlphabet (0 ms)
9: [ RUN      ] LongestUniqueWeightedSubstrTest.RepeatedBlocksOfCharacters
9: [       OK ] LongestUniqueWeightedSubstrTest.RepeatedBlocksOfCharacters (0 ms)
9: [ RUN      ] LongestUniqueWeightedSubstrTest.IncreasingWeightsWithUniqueCharacters
9: [       OK ] LongestUniqueWeightedSubstrTest.IncreasingWeightsWithUniqueCharacters (0 ms)
9: [ RUN      ] LongestUniqueWeightedSubstrTest.AlphanumericCharactersWithWeights
9: [       OK ] LongestUniqueWeightedSubstrTest.AlphanumericCharactersWithWeights (0 ms)
9: [ RUN      ] LongestUniqueWeightedSubstrTest.MixedCharactersWithWeights
9: [       OK ] LongestUniqueWeightedSubstrTest.MixedCharactersWithWeights (0 ms)
9: [ RUN      ] LongestUniqueWeightedSubstrTest.RepeatedCharactersIgnored
9: [       OK ] LongestUniqueWeightedSubstrTest.RepeatedCharactersIgnored (0 ms)
9: [ RUN      ] LongestUniqueWeightedSubstrTest.EmptyString
9: [       OK ] LongestUniqueWeightedSubstrTest.EmptyString (0 ms)
9: [ RUN      ] LongestUniqueWeightedSubstrTest.UniqueCharactersEqualWeights
9: [       OK ] LongestUniqueWeightedSubstrTest.UniqueCharactersEqualWeights (0 ms)
9: [ RUN      ] LongestUniqueWeightedSubstrTest.RepeatingPattern
9: [       OK ] LongestUniqueWeightedSubstrTest.RepeatingPattern (0 ms)
9: [ RUN      ] LongestUniqueWeightedSubstrTest.SingleCharacterZeroWeight
9: [       OK ] LongestUniqueWeightedSubstrTest.SingleCharacterZeroWeight (0 ms)
9: [ RUN      ] LongestUniqueWeightedSubstrTest.SingleCharacterNonZeroWeight
9: [       OK ] LongestUniqueWeightedSubstrTest.SingleCharacterNonZeroWeight (0 ms)
9: [ RUN      ] LongestUniqueWeightedSubstrTest.ExtraWeightsNonExistentCharacters
9: [       OK ] LongestUniqueWeightedSubstrTest.ExtraWeightsNonExistentCharacters (0 ms)
9: [ RUN      ] LongestUniqueWeightedSubstrTest.InvalidWeightNonAlphanumeric
9: /Users/ittehad/Documents/Coding/Python/Turing/Tester_cpp_codebench/tasks/621205/test.cpp:129: Failure
9: Expected equality of these values:
9:   longestUniqueSubstr(input, weights)
9:     Which is: 1
9:   expected
9:     Which is: 0
9: 
9: [  FAILED  ] LongestUniqueWeightedSubstrTest.InvalidWeightNonAlphanumeric (0 ms)
9: [----------] 17 tests from LongestUniqueWeightedSubstrTest (0 ms total)
9: 
9: [----------] Global test environment tear-down
9: [==========] 17 tests from 1 test suite ran. (0 ms total)
9: [  PASSED  ] 15 tests.
9: [  FAILED  ] 2 tests, listed below:
9: [  FAILED  ] LongestUniqueWeightedSubstrTest.MixedCaseCharacters
9: [  FAILED  ] LongestUniqueWeightedSubstrTest.InvalidWeightNonAlphanumeric
9: 
9:  2 FAILED TESTS
 9/11 Test  #9: model7_tests .....................***Failed    0.32 sec
test 10
      Start 10: model8_tests

10: Test command: /Users/ittehad/Documents/Coding/Python/Turing/Tester_cpp_codebench/tasks/621205/build/model8_tests
10: Working Directory: /Users/ittehad/Documents/Coding/Python/Turing/Tester_cpp_codebench/tasks/621205/build
10: Test timeout computed to be: 5
10: Running main() from /Users/ittehad/Documents/Coding/Python/Turing/Tester_cpp_codebench/tasks/621205/build/_deps/googletest-src/googletest/src/gtest_main.cc
10: [==========] Running 17 tests from 1 test suite.
10: [----------] Global test environment set-up.
10: [----------] 17 tests from LongestUniqueWeightedSubstrTest
10: [ RUN      ] LongestUniqueWeightedSubstrTest.SimpleUniqueCharacters
10: [       OK ] LongestUniqueWeightedSubstrTest.SimpleUniqueCharacters (0 ms)
10: [ RUN      ] LongestUniqueWeightedSubstrTest.AllCharactersSame
10: [       OK ] LongestUniqueWeightedSubstrTest.AllCharactersSame (0 ms)
10: [ RUN      ] LongestUniqueWeightedSubstrTest.MixedCaseCharacters
10: [       OK ] LongestUniqueWeightedSubstrTest.MixedCaseCharacters (0 ms)
10: [ RUN      ] LongestUniqueWeightedSubstrTest.NonAlphanumericIgnored
10: [       OK ] LongestUniqueWeightedSubstrTest.NonAlphanumericIgnored (0 ms)
10: [ RUN      ] LongestUniqueWeightedSubstrTest.AllUniqueAlphabet
10: [       OK ] LongestUniqueWeightedSubstrTest.AllUniqueAlphabet (0 ms)
10: [ RUN      ] LongestUniqueWeightedSubstrTest.RepeatedBlocksOfCharacters
10: [       OK ] LongestUniqueWeightedSubstrTest.RepeatedBlocksOfCharacters (0 ms)
10: [ RUN      ] LongestUniqueWeightedSubstrTest.IncreasingWeightsWithUniqueCharacters
10: [       OK ] LongestUniqueWeightedSubstrTest.IncreasingWeightsWithUniqueCharacters (0 ms)
10: [ RUN      ] LongestUniqueWeightedSubstrTest.AlphanumericCharactersWithWeights
10: [       OK ] LongestUniqueWeightedSubstrTest.AlphanumericCharactersWithWeights (0 ms)
10: [ RUN      ] LongestUniqueWeightedSubstrTest.MixedCharactersWithWeights
10: [       OK ] LongestUniqueWeightedSubstrTest.MixedCharactersWithWeights (0 ms)
10: [ RUN      ] LongestUniqueWeightedSubstrTest.RepeatedCharactersIgnored
10: [       OK ] LongestUniqueWeightedSubstrTest.RepeatedCharactersIgnored (0 ms)
10: [ RUN      ] LongestUniqueWeightedSubstrTest.EmptyString
10: [       OK ] LongestUniqueWeightedSubstrTest.EmptyString (0 ms)
10: [ RUN      ] LongestUniqueWeightedSubstrTest.UniqueCharactersEqualWeights
10: [       OK ] LongestUniqueWeightedSubstrTest.UniqueCharactersEqualWeights (0 ms)
10: [ RUN      ] LongestUniqueWeightedSubstrTest.RepeatingPattern
10: [       OK ] LongestUniqueWeightedSubstrTest.RepeatingPattern (0 ms)
10: [ RUN      ] LongestUniqueWeightedSubstrTest.SingleCharacterZeroWeight
10: [       OK ] LongestUniqueWeightedSubstrTest.SingleCharacterZeroWeight (0 ms)
10: [ RUN      ] LongestUniqueWeightedSubstrTest.SingleCharacterNonZeroWeight
10: [       OK ] LongestUniqueWeightedSubstrTest.SingleCharacterNonZeroWeight (0 ms)
10: [ RUN      ] LongestUniqueWeightedSubstrTest.ExtraWeightsNonExistentCharacters
10: [       OK ] LongestUniqueWeightedSubstrTest.ExtraWeightsNonExistentCharacters (0 ms)
10: [ RUN      ] LongestUniqueWeightedSubstrTest.InvalidWeightNonAlphanumeric
10: /Users/ittehad/Documents/Coding/Python/Turing/Tester_cpp_codebench/tasks/621205/test.cpp:129: Failure
10: Expected equality of these values:
10:   longestUniqueSubstr(input, weights)
10:     Which is: 1
10:   expected
10:     Which is: 0
10: 
10: [  FAILED  ] LongestUniqueWeightedSubstrTest.InvalidWeightNonAlphanumeric (0 ms)
10: [----------] 17 tests from LongestUniqueWeightedSubstrTest (0 ms total)
10: 
10: [----------] Global test environment tear-down
10: [==========] 17 tests from 1 test suite ran. (0 ms total)
10: [  PASSED  ] 16 tests.
10: [  FAILED  ] 1 test, listed below:
10: [  FAILED  ] LongestUniqueWeightedSubstrTest.InvalidWeightNonAlphanumeric
10: 
10:  1 FAILED TEST
10/11 Test #10: model8_tests .....................***Failed    0.40 sec
test 11
      Start 11: model9_tests

11: Test command: /Users/ittehad/Documents/Coding/Python/Turing/Tester_cpp_codebench/tasks/621205/build/model9_tests
11: Working Directory: /Users/ittehad/Documents/Coding/Python/Turing/Tester_cpp_codebench/tasks/621205/build
11: Test timeout computed to be: 5
11: Running main() from /Users/ittehad/Documents/Coding/Python/Turing/Tester_cpp_codebench/tasks/621205/build/_deps/googletest-src/googletest/src/gtest_main.cc
11: [==========] Running 17 tests from 1 test suite.
11: [----------] Global test environment set-up.
11: [----------] 17 tests from LongestUniqueWeightedSubstrTest
11: [ RUN      ] LongestUniqueWeightedSubstrTest.SimpleUniqueCharacters
11: [       OK ] LongestUniqueWeightedSubstrTest.SimpleUniqueCharacters (0 ms)
11: [ RUN      ] LongestUniqueWeightedSubstrTest.AllCharactersSame
11: [       OK ] LongestUniqueWeightedSubstrTest.AllCharactersSame (0 ms)
11: [ RUN      ] LongestUniqueWeightedSubstrTest.MixedCaseCharacters
11: [       OK ] LongestUniqueWeightedSubstrTest.MixedCaseCharacters (0 ms)
11: [ RUN      ] LongestUniqueWeightedSubstrTest.NonAlphanumericIgnored
11: [       OK ] LongestUniqueWeightedSubstrTest.NonAlphanumericIgnored (0 ms)
11: [ RUN      ] LongestUniqueWeightedSubstrTest.AllUniqueAlphabet
11: [       OK ] LongestUniqueWeightedSubstrTest.AllUniqueAlphabet (0 ms)
11: [ RUN      ] LongestUniqueWeightedSubstrTest.RepeatedBlocksOfCharacters
11: [       OK ] LongestUniqueWeightedSubstrTest.RepeatedBlocksOfCharacters (0 ms)
11: [ RUN      ] LongestUniqueWeightedSubstrTest.IncreasingWeightsWithUniqueCharacters
11: [       OK ] LongestUniqueWeightedSubstrTest.IncreasingWeightsWithUniqueCharacters (0 ms)
11: [ RUN      ] LongestUniqueWeightedSubstrTest.AlphanumericCharactersWithWeights
11: [       OK ] LongestUniqueWeightedSubstrTest.AlphanumericCharactersWithWeights (0 ms)
11: [ RUN      ] LongestUniqueWeightedSubstrTest.MixedCharactersWithWeights
11: [       OK ] LongestUniqueWeightedSubstrTest.MixedCharactersWithWeights (0 ms)
11: [ RUN      ] LongestUniqueWeightedSubstrTest.RepeatedCharactersIgnored
11: [       OK ] LongestUniqueWeightedSubstrTest.RepeatedCharactersIgnored (0 ms)
11: [ RUN      ] LongestUniqueWeightedSubstrTest.EmptyString
11: [       OK ] LongestUniqueWeightedSubstrTest.EmptyString (0 ms)
11: [ RUN      ] LongestUniqueWeightedSubstrTest.UniqueCharactersEqualWeights
11: [       OK ] LongestUniqueWeightedSubstrTest.UniqueCharactersEqualWeights (0 ms)
11: [ RUN      ] LongestUniqueWeightedSubstrTest.RepeatingPattern
11: [       OK ] LongestUniqueWeightedSubstrTest.RepeatingPattern (0 ms)
11: [ RUN      ] LongestUniqueWeightedSubstrTest.SingleCharacterZeroWeight
11: [       OK ] LoErrors while running CTest
Output from these tests are in: /Users/ittehad/Documents/Coding/Python/Turing/Tester_cpp_codebench/tasks/621205/build/Testing/Temporary/LastTest.log
Use "--rerun-failed --output-on-failure" to re-run the failed cases verbosely.
ngestUniqueWeightedSubstrTest.SingleCharacterZeroWeight (0 ms)
11: [ RUN      ] LongestUniqueWeightedSubstrTest.SingleCharacterNonZeroWeight
11: [       OK ] LongestUniqueWeightedSubstrTest.SingleCharacterNonZeroWeight (0 ms)
11: [ RUN      ] LongestUniqueWeightedSubstrTest.ExtraWeightsNonExistentCharacters
11: [       OK ] LongestUniqueWeightedSubstrTest.ExtraWeightsNonExistentCharacters (0 ms)
11: [ RUN      ] LongestUniqueWeightedSubstrTest.InvalidWeightNonAlphanumeric
11: [       OK ] LongestUniqueWeightedSubstrTest.InvalidWeightNonAlphanumeric (0 ms)
11: [----------] 17 tests from LongestUniqueWeightedSubstrTest (0 ms total)
11: 
11: [----------] Global test environment tear-down
11: [==========] 17 tests from 1 test suite ran. (0 ms total)
11: [  PASSED  ] 17 tests.
11/11 Test #11: model9_tests .....................   Passed    0.30 sec

27% tests passed, 8 tests failed out of 11

Total Test time (real) =   3.30 sec

The following tests FAILED:
	  1 - incorrect_solution_tests (Not Run)
	  4 - model2_tests (Failed)
	  5 - model3_tests (Failed)
	  6 - model4_tests (Failed)
	  7 - model5_tests (Failed)
	  8 - model6_tests (Failed)
	  9 - model7_tests (Failed)
	 10 - model8_tests (Failed)
Test project /Users/ittehad/Documents/Coding/Python/Turing/Tester_cpp_codebench/tasks/621205/build
      Start  1: incorrect_solution_tests
Could not find executable /Users/ittehad/Documents/Coding/Python/Turing/Tester_cpp_codebench/tasks/621205/build/incorrect_solution_tests
Looked in the following places:
/Users/ittehad/Documents/Coding/Python/Turing/Tester_cpp_codebench/tasks/621205/build/incorrect_solution_tests
/Users/ittehad/Documents/Coding/Python/Turing/Tester_cpp_codebench/tasks/621205/build/incorrect_solution_tests
/Users/ittehad/Documents/Coding/Python/Turing/Tester_cpp_codebench/tasks/621205/build/Release/incorrect_solution_tests
/Users/ittehad/Documents/Coding/Python/Turing/Tester_cpp_codebench/tasks/621205/build/Release/incorrect_solution_tests
/Users/ittehad/Documents/Coding/Python/Turing/Tester_cpp_codebench/tasks/621205/build/Debug/incorrect_solution_tests
/Users/ittehad/Documents/Coding/Python/Turing/Tester_cpp_codebench/tasks/621205/build/Debug/incorrect_solution_tests
/Users/ittehad/Documents/Coding/Python/Turing/Tester_cpp_codebench/tasks/621205/build/MinSizeRel/incorrect_solution_tests
/Users/ittehad/Documents/Coding/Python/Turing/Tester_cpp_codebench/tasks/621205/build/MinSizeRel/incorrect_solution_tests
/Users/ittehad/Documents/Coding/Python/Turing/Tester_cpp_codebench/tasks/621205/build/RelWithDebInfo/incorrect_solution_tests
/Users/ittehad/Documents/Coding/Python/Turing/Tester_cpp_codebench/tasks/621205/build/RelWithDebInfo/incorrect_solution_tests
/Users/ittehad/Documents/Coding/Python/Turing/Tester_cpp_codebench/tasks/621205/build/Deployment/incorrect_solution_tests
/Users/ittehad/Documents/Coding/Python/Turing/Tester_cpp_codebench/tasks/621205/build/Deployment/incorrect_solution_tests
/Users/ittehad/Documents/Coding/Python/Turing/Tester_cpp_codebench/tasks/621205/build/Development/incorrect_solution_tests
/Users/ittehad/Documents/Coding/Python/Turing/Tester_cpp_codebench/tasks/621205/build/Development/incorrect_solution_tests
Users/ittehad/Documents/Coding/Python/Turing/Tester_cpp_codebench/tasks/621205/build/incorrect_solution_tests
Users/ittehad/Documents/Coding/Python/Turing/Tester_cpp_codebench/tasks/621205/build/incorrect_solution_tests
Users/ittehad/Documents/Coding/Python/Turing/Tester_cpp_codebench/tasks/621205/build/Release/incorrect_solution_tests
Users/ittehad/Documents/Coding/Python/Turing/Tester_cpp_codebench/tasks/621205/build/Release/incorrect_solution_tests
Users/ittehad/Documents/Coding/Python/Turing/Tester_cpp_codebench/tasks/621205/build/Debug/incorrect_solution_tests
Users/ittehad/Documents/Coding/Python/Turing/Tester_cpp_codebench/tasks/621205/build/Debug/incorrect_solution_tests
Users/ittehad/Documents/Coding/Python/Turing/Tester_cpp_codebench/tasks/621205/build/MinSizeRel/incorrect_solution_tests
Users/ittehad/Documents/Coding/Python/Turing/Tester_cpp_codebench/tasks/621205/build/MinSizeRel/incorrect_solution_tests
Users/ittehad/Documents/Coding/Python/Turing/Tester_cpp_codebench/tasks/621205/build/RelWithDebInfo/incorrect_solution_tests
Users/ittehad/Documents/Coding/Python/Turing/Tester_cpp_codebench/tasks/621205/build/RelWithDebInfo/incorrect_solution_tests
Users/ittehad/Documents/Coding/Python/Turing/Tester_cpp_codebench/tasks/621205/build/Deployment/incorrect_solution_tests
Users/ittehad/Documents/Coding/Python/Turing/Tester_cpp_codebench/tasks/621205/build/Deployment/incorrect_solution_tests
Users/ittehad/Documents/Coding/Python/Turing/Tester_cpp_codebench/tasks/621205/build/Development/incorrect_solution_tests
Users/ittehad/Documents/Coding/Python/Turing/Tester_cpp_codebench/tasks/621205/build/Development/incorrect_solution_tests
Unable to find executable: /Users/ittehad/Documents/Coding/Python/Turing/Tester_cpp_codebench/tasks/621205/build/incorrect_solution_tests
 1/11 Test  #1: incorrect_solution_tests .........***Not Run   0.00 sec
      Start  2: model1_tests
 2/11 Test  #2: model1_tests .....................   Passed    0.00 sec
      Start  3: model10_tests
 3/11 Test  #3: model10_tests ....................   Passed    0.00 sec
      Start  4: model2_tests
 4/11 Test  #4: model2_tests .....................***Failed    0.00 sec
      Start  5: model3_tests
 5/11 Test  #5: model3_tests .....................***Failed    0.00 sec
      Start  6: model4_tests
 6/11 Test  #6: model4_tests .....................***Failed    0.00 sec
      Start  7: model5_tests
 7/11 Test  #7: model5_tests .....................***Failed    0.00 sec
      Start  8: model6_tests
 8/11 Test  #8: model6_tests .....................***Failed    0.00 sec
      Start  9: model7_tests
 9/11 Test  #9: model7_tests .....................***Failed    0.00 sec
      Start 10: model8_tests
10/11 Test #10: model8_tests .....................***Failed    0.00 sec
      Start 11: model9_tests
11/11 Test #11: model9_tests .....................   Passed    0.00 sec

27% tests passed, 8 tests failed out of 11

Total Test time (real) =   0.04 sec

The following tests FAILED:
	  1 - incorrect_solution_tests (Not Run)
	  4 - model2_tests (Failed)
	  5 - model3_tests (Failed)
	  6 - model4_tests (Failed)
	  7 - model5_tests (Failed)
	  8 - model6_tests (Failed)
	  9 - model7_tests (Failed)
	 10 - model8_tests (Failed)
Errors while running CTest
Output from these tests are in: /Users/ittehad/Documents/Coding/Python/Turing/Tester_cpp_codebench/tasks/621205/build/Testing/Temporary/LastTest.log
Use "--rerun-failed --output-on-failure" to re-run the failed cases verbosely.
