Unable to find executable: /Users/ittehad/Documents/Coding/Python/Turing/Tester_cpp_codebench/tasks/621280/build/incorrect_solution_tests
UpdateCTestConfiguration  from :/Users/ittehad/Documents/Coding/Python/Turing/Tester_cpp_codebench/tasks/621280/build/DartConfiguration.tcl
UpdateCTestConfiguration  from :/Users/ittehad/Documents/Coding/Python/Turing/Tester_cpp_codebench/tasks/621280/build/DartConfiguration.tcl
Test project /Users/ittehad/Documents/Coding/Python/Turing/Tester_cpp_codebench/tasks/621280/build
Constructing a list of tests
Done constructing a list of tests
Updating test list for fixtures
Added 0 tests to meet fixture requirements
Checking test dependency graph...
Checking test dependency graph end
test 1
      Start  1: incorrect_solution_tests
Could not find executable /Users/ittehad/Documents/Coding/Python/Turing/Tester_cpp_codebench/tasks/621280/build/incorrect_solution_tests
Looked in the following places:
Users/ittehad/Documents/Coding/Python/Turing/Tester_cpp_codebench/tasks/621280/build/incorrect_solution_tests
Users/ittehad/Documents/Coding/Python/Turing/Tester_cpp_codebench/tasks/621280/build/incorrect_solution_tests
Users/ittehad/Documents/Coding/Python/Turing/Tester_cpp_codebench/tasks/621280/build/Release/incorrect_solution_tests
Users/ittehad/Documents/Coding/Python/Turing/Tester_cpp_codebench/tasks/621280/build/Release/incorrect_solution_tests
Users/ittehad/Documents/Coding/Python/Turing/Tester_cpp_codebench/tasks/621280/build/Debug/incorrect_solution_tests
Users/ittehad/Documents/Coding/Python/Turing/Tester_cpp_codebench/tasks/621280/build/Debug/incorrect_solution_tests
Users/ittehad/Documents/Coding/Python/Turing/Tester_cpp_codebench/tasks/621280/build/MinSizeRel/incorrect_solution_tests
Users/ittehad/Documents/Coding/Python/Turing/Tester_cpp_codebench/tasks/621280/build/MinSizeRel/incorrect_solution_tests
Users/ittehad/Documents/Coding/Python/Turing/Tester_cpp_codebench/tasks/621280/build/RelWithDebInfo/incorrect_solution_tests
Users/ittehad/Documents/Coding/Python/Turing/Tester_cpp_codebench/tasks/621280/build/RelWithDebInfo/incorrect_solution_tests
Users/ittehad/Documents/Coding/Python/Turing/Tester_cpp_codebench/tasks/621280/build/Deployment/incorrect_solution_tests
Users/ittehad/Documents/Coding/Python/Turing/Tester_cpp_codebench/tasks/621280/build/Deployment/incorrect_solution_tests
Users/ittehad/Documents/Coding/Python/Turing/Tester_cpp_codebench/tasks/621280/build/Development/incorrect_solution_tests
Users/ittehad/Documents/Coding/Python/Turing/Tester_cpp_codebench/tasks/621280/build/Development/incorrect_solution_tests

1: Test command: 
1: Working Directory: /Users/ittehad/Documents/Coding/Python/Turing/Tester_cpp_codebench/tasks/621280/build
 1/11 Test  #1: incorrect_solution_tests .........***Not Run   0.00 sec
test 2
      Start  2: model1_tests
Could not find executable /Users/ittehad/Documents/Coding/Python/Turing/Tester_cpp_codebench/tasks/621280/build/model1_tests
Looked in the following places:
Users/ittehad/Documents/Coding/Python/Turing/Tester_cpp_codebench/tasks/621280/build/model1_tests
Users/ittehad/Documents/Coding/Python/Turing/Tester_cpp_codebench/tasks/621280/build/model1_tests
Users/ittehad/Documents/Coding/Python/Turing/Tester_cpp_codebench/tasks/621280/build/Release/model1_tests
Users/ittehad/Documents/Coding/Python/Turing/Tester_cpp_codebench/tasks/621280/build/Release/model1_tests
Users/ittehad/Documents/Coding/Python/Turing/Tester_cpp_codebench/tasks/621280/build/Debug/model1_tests
Users/ittehad/Documents/Coding/Python/Turing/Tester_cpp_codebench/tasks/621280/build/Debug/model1_tests
Users/ittehad/Documents/Coding/Python/Turing/Tester_cpp_codebench/tasks/621280/build/MinSizeRel/model1_tests
Users/ittehad/Documents/Coding/Python/Turing/Tester_cpp_codebench/tasks/621280/build/MinSizeRel/model1_tests
Users/ittehad/Documents/Coding/Python/Turing/Tester_cpp_codebench/tasks/621280/build/RelWithDebInfo/model1_tests
Users/ittehad/Documents/Coding/Python/Turing/Tester_cpp_codebench/tasks/621280/build/RelWithDebInfo/model1_tests
Users/ittehad/Documents/Coding/Python/Turing/Tester_cpp_codebench/tasks/621280/build/Deployment/model1_tests
Users/ittehad/Documents/Coding/Python/Turing/Tester_cpp_codebench/Unable to find executable: /Users/ittehad/Documents/Coding/Python/Turing/Tester_cpp_codebench/tasks/621280/build/model1_tests
Unable to find executable: /Users/ittehad/Documents/Coding/Python/Turing/Tester_cpp_codebench/tasks/621280/build/model10_tests
tasks/621280/build/Deployment/model1_tests
Users/ittehad/Documents/Coding/Python/Turing/Tester_cpp_codebench/tasks/621280/build/Development/model1_tests
Users/ittehad/Documents/Coding/Python/Turing/Tester_cpp_codebench/tasks/621280/build/Development/model1_tests

2: Test command: 
2: Working Directory: /Users/ittehad/Documents/Coding/Python/Turing/Tester_cpp_codebench/tasks/621280/build
 2/11 Test  #2: model1_tests .....................***Not Run   0.00 sec
test 3
      Start  3: model10_tests
Could not find executable /Users/ittehad/Documents/Coding/Python/Turing/Tester_cpp_codebench/tasks/621280/build/model10_tests
Looked in the following places:
Users/ittehad/Documents/Coding/Python/Turing/Tester_cpp_codebench/tasks/621280/build/model10_tests
Users/ittehad/Documents/Coding/Python/Turing/Tester_cpp_codebench/tasks/621280/build/model10_tests
Users/ittehad/Documents/Coding/Python/Turing/Tester_cpp_codebench/tasks/621280/build/Release/model10_tests
Users/ittehad/Documents/Coding/Python/Turing/Tester_cpp_codebench/tasks/621280/build/Release/model10_tests
Users/ittehad/Documents/Coding/Python/Turing/Tester_cpp_codebench/tasks/621280/build/Debug/model10_tests
Users/ittehad/Documents/Coding/Python/Turing/Tester_cpp_codebench/tasks/621280/build/Debug/model10_tests
Users/ittehad/Documents/Coding/Python/Turing/Tester_cpp_codebench/tasks/621280/build/MinSizeRel/model10_tests
Users/ittehad/Documents/Coding/Python/Turing/Tester_cpp_codebench/tasks/621280/build/MinSizeRel/model10_tests
Users/ittehad/Documents/Coding/Python/Turing/Tester_cpp_codebench/tasks/621280/build/RelWithDebInfo/model10_tests
Users/ittehad/Documents/Coding/Python/Turing/Tester_cpp_codebench/tasks/621280/build/RelWithDebInfo/model10_tests
Users/ittehad/Documents/Coding/Python/Turing/Tester_cpp_codebench/tasks/621280/build/Deployment/model10_tests
Users/ittehad/Documents/Coding/Python/Turing/Tester_cpp_codebench/tasks/621280/build/Deployment/model10_tests
Users/ittehad/Documents/Coding/Python/Turing/Tester_cpp_codebench/tasks/621280/build/Development/model10_tests
Users/ittehad/Documents/Coding/Python/Turing/Tester_cpp_codebench/tasks/621280/build/Development/model10_tests

3: Test command: 
3: Working Directory: /Users/ittehad/Documents/Coding/Python/Turing/Tester_cpp_codebench/tasks/621280/build
 3/11 Test  #3: model10_tests ....................***Not Run   0.00 sec
test 4
      Start  4: model2_tests

4: Test command: /Users/ittehad/Documents/Coding/Python/Turing/Tester_cpp_codebench/tasks/621280/build/model2_tests
4: Working Directory: /Users/ittehad/Documents/Coding/Python/Turing/Tester_cpp_codebench/tasks/621280/build
4: Test timeout computed to be: 5
4: Running main() from /Users/ittehad/Documents/Coding/Python/Turing/Tester_cpp_codebench/tasks/621280/build/_deps/googletest-src/googletest/src/gtest_main.cc
4: [==========] Running 5 tests from 1 test suite.
4: [----------] Global test environment set-up.
4: [----------] 5 tests from CompanyTest
4: [ RUN      ] CompanyTest.AddAndAverageSalary
4: [       OK ] CompanyTest.AddAndAverageSalary (0 ms)
4: [ RUN      ] CompanyTest.RemoveEmployee
4: [       OK ] CompanyTest.RemoveEmployee (0 ms)
4: [ RUN      ] CompanyTest.GiveRaiseByDepartment
4: [       OK ] CompanyTest.GiveRaiseByDepartment (0 ms)
4: [ RUN      ] CompanyTest.GetEmployeesInDepartment
4: [       OK ] CompanyTest.GetEmployeesInDepartment (0 ms)
4: [ RUN      ] CompanyTest.ThreadSafetyAddAndRemove
4: [       OK ] CompanyTest.ThreadSafetyAddAndRemove (1 ms)
4: [----------] 5 tests from CompanyTest (1 ms total)
4: 
4: [----------] Global test environment tear-down
4: [==========] 5 tests from 1 test suite ran. (1 ms total)
4: [  PASSED  ] 5 tests.
 4/11 Test  #4: model2_tests .....................   Passed    0.45 sec
test 5
      Start  5: model3_tests

5: Test command: /Users/ittehad/Documents/Coding/Python/Turing/Tester_cpp_codebench/tasks/621280/build/model3_tests
5: Working Directory: /Users/ittehad/Documents/Coding/Python/Turing/Tester_cpp_codebench/tasks/621280/build
5: Test timeout computed to be: 5
5: Running main() from /Users/ittehad/Documents/Coding/Python/Turing/Tester_cpp_codebench/tasks/621280/build/_deps/googletest-src/googletest/src/gtest_main.cc
5: [==========] Running 5 tests from 1 test suite.
5: [----------] Global test environment set-up.
5: [----------] 5 tests from CompanyTest
5: [ RUN      ] CompanyTest.AddAndAverageSalary
5: [       OK ] CompanyTest.AddAndAverageSalary (0 ms)
5: [ RUN      ] CompanyTest.RemoveEmployee
5: [       OK ] CompanyTest.RemoveEmployee (0 ms)
5: [ RUN      ] CompanyTest.GiveRaiseByDepartment
5: [       OK ] CompanyTest.GiveRaiseByDepartment (0 ms)
5: [ RUN      ] CompanyTest.GetEmployeesInDepartment
5: [       OK ] CompanyTest.GetEmployeesInDepartment (0 ms)
5: [ RUN      ] CompanyTest.ThreadSafetyAddAndRemove
5: [       OK ] CompanyTest.ThreadSafetyAddAndRemove (1 ms)
5: [----------] 5 tests from CompanyTest (1 ms total)
5: 
5: [----------] Global test environment tear-down
5: [==========] 5 tests from 1 test suite ran. (2 ms total)
5: [  PASSED  ] 5 tests.
 5/11 Test  #5: model3_tests .....................   Passed    0.37 sec
test 6
      Start  6: model4_tests

6: Test command: /Users/ittehad/Documents/Coding/Python/Turing/Tester_cpp_codebench/tasks/621280/build/model4_tests
6: Working Directory: /Users/ittehad/Documents/Coding/Python/Turing/Tester_cpp_codebench/tasks/621280/build
6: Test timeout computed to be: 5
6: Running main() from /Users/ittehad/Documents/Coding/Python/Turing/Tester_cpp_codebench/tasks/621280/build/_deps/googletest-src/googletest/src/gtest_main.cc
6: [==========] Running 5 tests from 1 test suite.
6: [----------] Global test environment set-up.
6: [----------] 5 tests from CompanyTest
6: [ RUN      ] CompanyTest.AddAndAverageSalary
6: [       OK ] CompanyTest.AddAndAverageSalary (0 ms)
6: [ RUN      ] CompanyTest.RemoveEmployee
6: [       OK ] CompanyTest.RemoveEmployee (0 ms)
6: [ RUN      ] CompanyTest.GiveRaiseByDepartment
6: [       OK ] CompanyTest.GiveRaiseByDepartment (0 ms)
6: [ RUN      ] CompanyTest.GetEmployeesInDepartment
6: [       OK ] CompanyTest.GetEmployeesInDepartment (0 ms)
6: [ RUN      ] CompanyTest.ThreadSafetyAddAndRemove
6: [       OK ] CompanyTest.ThreadSafetyAddAndRemove (2 ms)
6: [----------] 5 tests from CompanyTest (2 ms total)
6: 
6: [----------] Global test environment tear-down
6: [==========] 5 tests from 1 test suite ran. (2 ms total)
6: [  PASSED  ] 5 tests.
 6/11 Test  #6: model4_tests .....................   Passed    0.33 sec
test 7
      Start  7: model5_tests

7: Test command: /Users/ittehad/Documents/Coding/Python/Turing/Tester_cpp_codebench/tasks/621280/build/model5_tests
7: Working Directory: /Users/ittehad/Documents/Coding/Python/Turing/Tester_cpp_codebench/tasks/621280/build
7: Test timeout computed to be: 5
7: Running main() from /Users/ittehad/Documents/Coding/Python/Turing/Tester_cpp_codebench/tasks/621280/build/_deps/googletest-src/googletest/src/gtest_main.cc
7: [==========] Running 5 tests from 1 test suite.
7: [----------] Global test environment set-up.
7: [----------] 5 tests from CompanyTest
7: [ RUN      ] CompanyTest.AddAndAverageSalary
7: [       OK ] CompanyTest.AddAndAverageSalary (0 ms)
7: [ RUN      ] CompanyTest.RemoveEmployee
7: [       OK ] CompanyTest.RemoveEmployee (0 ms)
7: [ RUN      ] CompanyTest.GiveRaiseByDepartment
7: [       OK ] CompanyTest.GiveRaiseByDepartment (0 ms)
7: [ RUN      ] CompanyTest.GetEmployeesInDepartment
7: [       OK ] CompanyTest.GetEmployeesInDepartment (0 ms)
7: [ RUN      ] CompanyTest.ThreadSafetyAddAndRemove
7: [       OK ] CompanyTest.ThreadSafetyAddAndRemove (2 ms)
7: [----------] 5 tests from CompanyTest (2 ms total)
7: 
7: [----------] Global test environment tear-down
7: [==========] 5 tests from 1 test suite ran. (2 ms total)
7: [  PASSED  ] 5 tests.
 7/11 Test  #7: model5_tests .....................   Passed    0.32 sec
test 8
      Start  8: model6_tests

8: Test command: /Users/ittehad/Documents/Coding/Python/Turing/Tester_cpp_codebench/tasks/621280/build/model6_tests
8: Working Directory: /Users/ittehad/Documents/Coding/Python/Turing/Tester_cpp_codebench/tasks/621280/build
8: Test timUnable to find executable: /Users/ittehad/Documents/Coding/Python/Turing/Tester_cpp_codebench/tasks/621280/build/model7_tests
eout computed to be: 5
8: Running main() from /Users/ittehad/Documents/Coding/Python/Turing/Tester_cpp_codebench/tasks/621280/build/_deps/googletest-src/googletest/src/gtest_main.cc
8: [==========] Running 5 tests from 1 test suite.
8: [----------] Global test environment set-up.
8: [----------] 5 tests from CompanyTest
8: [ RUN      ] CompanyTest.AddAndAverageSalary
8: [       OK ] CompanyTest.AddAndAverageSalary (0 ms)
8: [ RUN      ] CompanyTest.RemoveEmployee
8: /Users/ittehad/Documents/Coding/Python/Turing/Tester_cpp_codebench/tasks/621280/test.cpp:47: Failure
8: Expected equality of these values:
8:   avg
8:     Which is: 27500
8:   55000.0
8:     Which is: 55000
8: 
8: [  FAILED  ] CompanyTest.RemoveEmployee (0 ms)
8: [ RUN      ] CompanyTest.GiveRaiseByDepartment
8: [       OK ] CompanyTest.GiveRaiseByDepartment (0 ms)
8: [ RUN      ] CompanyTest.GetEmployeesInDepartment
8: [       OK ] CompanyTest.GetEmployeesInDepartment (0 ms)
8: [ RUN      ] CompanyTest.ThreadSafetyAddAndRemove
8: [       OK ] CompanyTest.ThreadSafetyAddAndRemove (1 ms)
8: [----------] 5 tests from CompanyTest (1 ms total)
8: 
8: [----------] Global test environment tear-down
8: [==========] 5 tests from 1 test suite ran. (1 ms total)
8: [  PASSED  ] 4 tests.
8: [  FAILED  ] 1 test, listed below:
8: [  FAILED  ] CompanyTest.RemoveEmployee
8: 
8:  1 FAILED TEST
 8/11 Test  #8: model6_tests .....................***Failed    0.32 sec
test 9
      Start  9: model7_tests
Could not find executable /Users/ittehad/Documents/Coding/Python/Turing/Tester_cpp_codebench/tasks/621280/build/model7_tests
Looked in the following places:
Users/ittehad/Documents/Coding/Python/Turing/Tester_cpp_codebench/tasks/621280/build/model7_tests
Users/ittehad/Documents/Coding/Python/Turing/Tester_cpp_codebench/tasks/621280/build/model7_tests
Users/ittehad/Documents/Coding/Python/Turing/Tester_cpp_codebench/tasks/621280/build/Release/model7_tests
Users/ittehad/Documents/Coding/Python/Turing/Tester_cpp_codebench/tasks/621280/build/Release/model7_tests
Users/ittehad/Documents/Coding/Python/Turing/Tester_cpp_codebench/tasks/621280/build/Debug/model7_tests
Users/ittehad/Documents/Coding/Python/Turing/Tester_cpp_codebench/tasks/621280/build/Debug/model7_tests
Users/ittehad/Documents/Coding/Python/Turing/Tester_cpp_codebench/tasks/621280/build/MinSizeRel/model7_tests
Users/ittehad/Documents/Coding/Python/Turing/Tester_cpp_codebench/tasks/621280/build/MinSizeRel/model7_tests
Users/ittehad/Documents/Coding/Python/Turing/Tester_cpp_codebench/tasks/621280/build/RelWithDebInfo/model7_tests
Users/ittehad/Documents/Coding/Python/Turing/Tester_cpp_codebench/tasks/621280/build/RelWithDebInfo/model7_tests
Users/ittehad/Documents/Coding/Python/Turing/Tester_cpp_codebench/tasks/621280/build/Deployment/model7_tests
Users/ittehad/Documents/Coding/Python/Turing/Tester_cpp_codebench/tasks/621280/build/Deployment/model7_tests
Users/ittehad/Documents/Coding/Python/Turing/Tester_cpp_codebench/tasks/621280/build/Development/model7_tests
Users/ittehad/Documents/Coding/Python/Turing/Tester_cpp_codebench/tasks/621280/build/Development/model7_tests

9: Test command: 
9: Working Directory: /Users/ittehad/Documents/Coding/Python/Turing/Tester_cpp_codebench/tasks/621280/build
 9/11 Test  #9: model7_tests .....................***Not Run   0.00 sec
test 10
      Start 10: model8_tests

10: Test command: /Users/ittehad/Documents/Coding/Python/Turing/Tester_cpp_codebench/tasks/621280/build/model8_tests
10: Working Directory: /Users/ittehad/Documents/Coding/Python/Turing/Tester_cpp_codebench/tasks/621280/build
10: Test timeout computed to be: 5
10: Running main() from /Users/ittehad/Documents/Coding/Python/Turing/Tester_cpp_codebench/tasks/621280/build/_deps/googletest-src/googletest/src/gtest_main.cc
10: [==========] Running 5 tests from 1 test suite.
10: [----------] Global test environment set-up.
10: [----------] 5 tests from CompanyTest
10: [ RUN      ] CompanyTest.AddAndAverageSalary
10: [       OK ] CompanyTest.AddAndAverageSalary (0 ms)
10: [ RUN      ] CompanyTest.RemoveEmployee
10: [       OK ] CompaUnable to find executable: /Users/ittehad/Documents/Coding/Python/Turing/Tester_cpp_codebench/tasks/621280/build/model9_tests
Errors while running CTest
Output from these tests are in: /Users/ittehad/Documents/Coding/Python/Turing/Tester_cpp_codebench/tasks/621280/build/Testing/Temporary/LastTest.log
Use "--rerun-failed --output-on-failure" to re-run the failed cases verbosely.
nyTest.RemoveEmployee (0 ms)
10: [ RUN      ] CompanyTest.GiveRaiseByDepartment
10: [       OK ] CompanyTest.GiveRaiseByDepartment (0 ms)
10: [ RUN      ] CompanyTest.GetEmployeesInDepartment
10: [       OK ] CompanyTest.GetEmployeesInDepartment (0 ms)
10: [ RUN      ] CompanyTest.ThreadSafetyAddAndRemove
10: [       OK ] CompanyTest.ThreadSafetyAddAndRemove (3 ms)
10: [----------] 5 tests from CompanyTest (3 ms total)
10: 
10: [----------] Global test environment tear-down
10: [==========] 5 tests from 1 test suite ran. (3 ms total)
10: [  PASSED  ] 5 tests.
10/11 Test #10: model8_tests .....................   Passed    0.32 sec
test 11
      Start 11: model9_tests
Could not find executable /Users/ittehad/Documents/Coding/Python/Turing/Tester_cpp_codebench/tasks/621280/build/model9_tests
Looked in the following places:
Users/ittehad/Documents/Coding/Python/Turing/Tester_cpp_codebench/tasks/621280/build/model9_tests
Users/ittehad/Documents/Coding/Python/Turing/Tester_cpp_codebench/tasks/621280/build/model9_tests
Users/ittehad/Documents/Coding/Python/Turing/Tester_cpp_codebench/tasks/621280/build/Release/model9_tests
Users/ittehad/Documents/Coding/Python/Turing/Tester_cpp_codebench/tasks/621280/build/Release/model9_tests
Users/ittehad/Documents/Coding/Python/Turing/Tester_cpp_codebench/tasks/621280/build/Debug/model9_tests
Users/ittehad/Documents/Coding/Python/Turing/Tester_cpp_codebench/tasks/621280/build/Debug/model9_tests
Users/ittehad/Documents/Coding/Python/Turing/Tester_cpp_codebench/tasks/621280/build/MinSizeRel/model9_tests
Users/ittehad/Documents/Coding/Python/Turing/Tester_cpp_codebench/tasks/621280/build/MinSizeRel/model9_tests
Users/ittehad/Documents/Coding/Python/Turing/Tester_cpp_codebench/tasks/621280/build/RelWithDebInfo/model9_tests
Users/ittehad/Documents/Coding/Python/Turing/Tester_cpp_codebench/tasks/621280/build/RelWithDebInfo/model9_tests
Users/ittehad/Documents/Coding/Python/Turing/Tester_cpp_codebench/tasks/621280/build/Deployment/model9_tests
Users/ittehad/Documents/Coding/Python/Turing/Tester_cpp_codebench/tasks/621280/build/Deployment/model9_tests
Users/ittehad/Documents/Coding/Python/Turing/Tester_cpp_codebench/tasks/621280/build/Development/model9_tests
Users/ittehad/Documents/Coding/Python/Turing/Tester_cpp_codebench/tasks/621280/build/Development/model9_tests

11: Test command: 
11: Working Directory: /Users/ittehad/Documents/Coding/Python/Turing/Tester_cpp_codebench/tasks/621280/build
11/11 Test #11: model9_tests .....................***Not Run   0.00 sec

45% tests passed, 6 tests failed out of 11

Total Test time (real) =   2.12 sec

The following tests FAILED:
	  1 - incorrect_solution_tests (Not Run)
	  2 - model1_tests (Not Run)
	  3 - model10_tests (Not Run)
	  8 - model6_tests (Failed)
	  9 - model7_tests (Not Run)
	 11 - model9_tests (Not Run)
Test project /Users/ittehad/Documents/Coding/Python/Turing/Tester_cpp_codebench/tasks/621280/build
      Start  1: incorrect_solution_tests
Could not find executable /Users/ittehad/Documents/Coding/Python/Turing/Tester_cpp_codebench/tasks/621280/build/incorrect_solution_tests
Looked in the following places:
/Users/ittehad/Documents/Coding/Python/Turing/Tester_cpp_codebench/tasks/621280/build/incorrect_solution_tests
/Users/ittehad/Documents/Coding/Python/Turing/Tester_cpp_codebench/tasks/621280/build/incorrect_solution_tests
/Users/ittehad/Documents/Coding/Python/Turing/Tester_cpp_codebench/tasks/621280/build/Release/incorrect_solution_tests
/Users/ittehad/Documents/Coding/Python/Turing/Tester_cpp_codebench/tasks/621280/build/Release/incorrect_solution_tests
/Users/ittehad/Documents/Coding/Python/Turing/Tester_cpp_codebench/tasks/621280/build/Debug/incorrect_solution_tests
/Users/ittehad/Documents/Coding/Python/Turing/Tester_cpp_codebench/tasks/621280/build/Debug/incorrect_solution_tests
/Users/ittehad/Documents/Coding/Python/Turing/Tester_cpp_codebench/tasks/621280/build/MinSizeRel/incorrect_solution_tests
/Users/ittehad/Documents/Coding/Python/Turing/Tester_cpp_codebench/tasks/621280/build/MinSizeRel/incorrect_solution_tests
/Users/ittehad/Documents/Coding/Python/Turing/Tester_cpp_codebench/tasks/621280/build/RelWithDebInfo/incorrect_solution_tests
/Users/ittehad/Documents/Coding/Python/Turing/Tester_cpp_codebench/tasks/621280/build/RelWithDebInfo/incorrect_solution_tests
/Users/ittehad/Documents/Coding/Python/Turing/Tester_cpp_codebench/tasks/621280/build/Deployment/incorrect_solution_tests
/Users/ittehad/Documents/Coding/Python/Turing/Tester_cpp_codebench/tasks/621280/build/Deployment/incorrect_solution_tests
/Users/ittehad/Documents/Coding/Python/Turing/Tester_cpp_codebench/tasks/621280/build/Development/incorrect_solution_tests
/Users/ittehad/Documents/Coding/Python/Turing/Tester_cpp_codebench/tasks/621280/build/Development/incorrect_solution_tests
Users/ittehad/Documents/Coding/Python/Turing/Tester_cpp_codebench/tasks/621280/build/incorrect_solution_tests
Users/ittehad/Documents/Coding/Python/Turing/Tester_cpp_codebench/tasks/621280/build/incorrect_solution_tests
Users/ittehad/Documents/Coding/Python/Turing/Tester_cpp_codebench/tasks/621280/build/Release/incorrect_solution_tests
Users/ittehad/Documents/Coding/Python/Turing/Tester_cpp_codebench/tasks/621280/build/Release/incorrect_solution_tests
Users/ittehad/Documents/Coding/Python/Turing/Tester_cpp_codebench/tasks/621280/build/Debug/incorrect_solution_tests
Users/ittehad/Documents/Coding/Python/Turing/Tester_cpp_codebench/tasks/621280/build/Debug/incorrect_solution_tests
Users/ittehad/Documents/Coding/Python/Turing/Tester_cpp_codebench/tasks/621280/build/MinSizeRel/incorrect_solution_tests
Users/ittehad/Documents/Coding/Python/Turing/Tester_cpp_codebench/tasks/621280/build/MinSizeRel/incorrect_solution_tests
Users/ittehad/Documents/Coding/Python/Turing/Tester_cpp_codebench/tasks/621280/build/RelWithDebInfo/incorrect_solution_tests
Users/ittehad/Documents/Coding/Python/Turing/Tester_cpp_codebench/tasks/621280/build/RelWithDebInfo/incorrect_solution_tests
Users/ittehad/Documents/Coding/Python/Turing/Tester_cpp_codebench/tasks/621280/build/Deployment/incorrect_solution_tests
Users/ittehad/Documents/Coding/Python/Turing/Tester_cpp_codebench/tasks/621280/build/Deployment/incorrect_solution_tests
Users/ittehad/Documents/Coding/Python/Turing/Tester_cpp_codebench/tasks/621280/build/Development/incorrect_solution_tests
Users/ittehad/Documents/Coding/Python/Turing/Tester_cpp_codebench/tasks/621280/build/Development/incorrect_solution_tests
Unable to find executable: /Users/ittehad/Documents/Coding/Python/Turing/Tester_cpp_codebench/tasks/621280/build/incorrect_solution_tests
 1/11 Test  #1: incorrect_solution_tests .........***Not Run   0.00 sec
      Start  2: model1_tests
Could not find executable /Users/ittehad/Documents/Coding/Python/Turing/Tester_cpp_codebench/tasks/621280/build/model1_tests
Looked in the following places:
/Users/ittehad/Documents/Coding/Python/Turing/Tester_cpp_codebench/tasks/621280/build/model1_tests
/Users/ittehad/Documents/Coding/Python/Turing/Tester_cpp_codebench/tasks/621280/build/model1_tests
/Users/ittehad/Documents/Coding/Python/Turing/Tester_cpp_codebench/tasks/621280/build/Release/model1_tests
/Users/ittehad/Documents/Coding/Python/Turing/Tester_cpp_codebench/tasks/621280/build/Release/model1_tests
/Users/ittehad/Documents/Coding/Python/Turing/Tester_cpp_codebench/tasks/621280/build/Debug/model1_tests
/Users/ittehad/Documents/Coding/Python/Turing/Tester_cpp_codebench/tasks/621280/build/Debug/model1_tests
/Users/ittehad/Documents/Coding/Python/Turing/Tester_cpp_codebench/tasks/621280/build/MinSizeRel/model1_tests
/Users/ittehad/Documents/Coding/Python/Turing/Tester_cpp_codebench/tasks/621280/build/MinSizeRel/model1_tests
/Users/ittehad/Documents/Coding/Python/Turing/Tester_cpp_codebench/tasks/621280/build/RelWithDebInfo/model1_tests
/Users/ittehad/Documents/Coding/Python/Turing/Tester_cpp_codebench/tasks/621280/build/RelWithDebInfo/model1_tests
/Users/ittehad/Documents/Coding/Python/Turing/Tester_cpp_codebench/tasks/621280/build/Deployment/model1_tests
/Users/ittehad/Documents/Coding/Python/Turing/Tester_cpp_codebench/tasks/621280/build/Deployment/model1_tests
/Users/ittehad/Documents/Coding/Python/Turing/Tester_cpp_codebench/tasks/621280/build/Development/model1_tests
/Users/ittehad/Documents/Coding/Python/Turing/Tester_cpp_codebench/tasks/621280/build/Development/model1_tests
Users/ittehad/Documents/Coding/Python/Turing/Tester_cpp_codebench/tasks/621280/build/model1_tests
Users/ittehad/Documents/Coding/Python/Turing/Tester_cpp_codebench/tasks/621280/build/model1_tests
Users/ittehad/Documents/Coding/Python/Turing/Tester_cpp_codebench/tasks/621280/build/Release/model1_tests
Users/ittehad/Documents/Coding/Python/Turing/Tester_cpp_codebench/tasks/621280/build/Release/model1_tests
Users/ittehad/Documents/Coding/Python/Turing/Tester_cpp_codebench/tasks/621280/build/Debug/model1_tests
Users/ittehad/Documents/Coding/Python/Turing/Tester_cpp_codebench/tasks/621280/build/Debug/model1_tests
Users/ittehad/Documents/Coding/Python/Turing/Tester_cpp_codebench/tasks/621280/build/MinSizeRel/model1_tests
Users/ittehad/Documents/Coding/Python/Turing/Tester_cpp_codebench/tasks/621280/build/MinSizeRel/model1_tests
Users/ittehad/Documents/Coding/Python/Turing/Tester_cpp_codebench/tasks/621280/build/RelWithDebInfo/model1_tests
Users/ittehad/Documents/Coding/Python/Turing/Tester_cpp_codebench/tasks/621280/build/RelWithDebInfo/model1_tests
Users/ittehad/Documents/Coding/Python/Turing/Tester_cpp_codebench/tasks/621280/build/Deployment/model1_tests
Users/ittehad/Documents/Coding/Python/Turing/Tester_cpp_codebench/tasks/621280/build/Deployment/model1_tests
Users/ittehad/Documents/Coding/Python/Turing/Tester_cpp_codebench/tasks/621280/build/Development/model1_tests
Users/ittehad/Documents/Coding/Python/Turing/Tester_cpp_codebench/tasks/621280/build/Development/model1_tests
Unable to find executable: /Users/ittehad/Documents/Coding/Python/Turing/Tester_cpp_codebench/tasks/621280/build/model1_tests
 2/11 Test  #2: model1_tests .....................***Not Run   0.00 sec
      Start  3: model10_tests
Could not find executable /Users/ittehad/Documents/Coding/Python/Turing/Tester_cpp_codebench/tasks/621280/build/model10_tests
Looked in the following places:
/Users/ittehad/Documents/Coding/Python/Turing/Tester_cpp_codebench/tasks/621280/build/model10_tests
/Users/ittehad/Documents/Coding/Python/Turing/Tester_cpp_codebench/tasks/621280/build/model10_tests
/Users/ittehad/Documents/Coding/Python/Turing/Tester_cpp_codebench/tasks/621280/build/Release/model10_tests
/Users/ittehad/Documents/Coding/Python/Turing/Tester_cpp_codebench/tasks/621280/build/Release/model10_tests
/Users/ittehad/Documents/Coding/Python/Turing/Tester_cpp_codebench/tasks/621280/build/Debug/model10_tests
/Users/ittehad/Documents/Coding/Python/Turing/Tester_cpp_codebench/tasks/621280/build/Debug/model10_tests
/Users/ittehad/Documents/Coding/Python/Turing/Tester_cpp_codebench/tasks/621280/build/MinSizeRel/model10_tests
/Users/ittehad/Documents/Coding/Python/Turing/Tester_cpp_codebench/tasks/621280/build/MinSizeRel/model10_tests
/Users/ittehad/Documents/Coding/Python/Turing/Tester_cpp_codebench/tasks/621280/build/RelWithDebInfo/model10_tests
/Users/ittehad/Documents/Coding/Python/Turing/Tester_cpp_codebench/tasks/621280/build/RelWithDebInfo/model10_tests
/Users/ittehad/Documents/Coding/Python/Turing/Tester_cpp_codebench/tasks/621280/build/Deployment/model10_tests
/Users/ittehad/Documents/Coding/Python/Turing/Tester_cpp_codebench/tasks/621280/build/Deployment/model10_tests
/Users/ittehad/Documents/Coding/Python/Turing/Tester_cpp_codebench/tasks/621280/build/Development/model10_tests
/Users/ittehad/Documents/Coding/Python/Turing/Tester_cpp_codebench/tasks/621280/build/Development/model10_tests
Users/ittehad/Documents/Coding/Python/Turing/Tester_cpp_codebench/tasks/621280/build/model10_tests
Users/ittehad/Documents/Coding/Python/Turing/Tester_cpp_codebench/tasks/621280/build/model10_tests
Users/ittehad/Documents/Coding/Python/Turing/Tester_cpp_codebench/tasks/621280/build/Release/model10_tests
Users/ittehad/Documents/Coding/Python/Turing/Tester_cpp_codebench/tasks/621280/build/Release/model10_tests
Users/ittehad/Documents/Coding/Python/Turing/Tester_cpp_codebench/tasks/621280/build/Debug/model10_tests
Users/ittehad/Documents/Coding/Python/Turing/Tester_cpp_codebench/tasks/621280/build/Debug/model10_tests
Users/ittehad/Documents/Coding/Python/Turing/Tester_cpp_codebench/tasks/621280/build/MinSizeRel/model10_tests
Users/ittehad/Documents/Coding/Python/Turing/Tester_cpp_codebench/tasks/621280/build/MinSizeRel/model10_tests
Users/ittehad/Documents/Coding/Python/Turing/Tester_cpp_codebench/tasks/621280/build/RelWithDebInfo/model10_tests
Users/ittehad/Documents/Coding/Python/Turing/Tester_cpp_codebench/tasks/621280/build/RelWithDebInfo/model10_tests
Users/ittehad/Documents/Coding/Python/Turing/Tester_cpp_codebench/tasks/621280/build/Deployment/model10_tests
Users/ittehad/Documents/Coding/Python/Turing/Tester_cpp_codebench/tasks/621280/build/Deployment/model10_tests
Users/ittehad/Documents/Coding/Python/Turing/Tester_cpp_codebench/tasks/621280/build/Development/model10_tests
Users/ittehad/Documents/Coding/Python/Turing/Tester_cpp_codebench/tasks/621280/build/Development/model10_tests
Unable to find executable: /Users/ittehad/Documents/Coding/Python/Turing/Tester_cpp_codebench/tasks/621280/build/model10_tests
 3/11 Test  #3: model10_tests ....................***Not Run   0.00 sec
      Start  4: model2_tests
 4/11 Test  #4: model2_tests .....................   Passed    0.01 sec
      Start  5: model3_tests
 5/11 Test  #5: model3_tests .....................   Passed    0.01 sec
      Start  6: model4_tests
 6/11 Test  #6: model4_tests .....................   Passed    0.01 sec
      Start  7: model5_tests
 7/11 Test  #7: model5_tests .....................   Passed    0.01 sec
      Start  8: model6_tests
 8/11 Test  #8: model6_tests .....................***Failed    0.01 sec
      Start  9: model7_tests
Could not find executable /Users/ittehad/Documents/Coding/Python/Turing/Tester_cpp_codebench/tasks/621280/build/model7_tests
Looked in the following places:
/Users/ittehad/Documents/Coding/Python/Turing/Tester_cpp_codebench/tasks/621280/build/model7_tests
/Users/ittehad/Documents/Coding/Python/Turing/Tester_cpp_codebench/tasks/621280/build/model7_tests
/Users/ittehad/Documents/Coding/Python/Turing/Tester_cpp_codebench/tasks/621280/build/Release/model7_tests
/Users/ittehad/Documents/Coding/Python/Turing/Tester_cpp_codebench/tasks/621280/build/Release/model7_tests
/Users/ittehad/Documents/Coding/Python/Turing/Tester_cpp_codebench/tasks/621280/build/Debug/model7_tests
/Users/ittehad/Documents/Coding/Python/Turing/Tester_cpp_codebench/tasks/621280/build/Debug/model7_tests
/Users/ittehad/Documents/Coding/Python/Turing/Tester_cpp_codebench/tasks/621280/build/MinSizeRel/model7_tests
/Users/ittehad/Documents/Coding/Python/Turing/Tester_cpp_codebench/tasks/621280/build/MinSizeRel/model7_tests
/Users/ittehad/Documents/Coding/Python/Turing/Tester_cpp_codebench/tasks/621280/build/RelWithDebInfo/model7_tests
/Users/ittehad/Documents/Coding/Python/Turing/Tester_cpp_codebench/tasks/621280/build/RelWithDebInfo/model7_tests
/Users/ittehad/Documents/Coding/Python/Turing/Tester_cpp_codebench/tasks/621280/build/Deployment/model7_tests
/Users/ittehad/Documents/Coding/Python/Turing/Tester_cpp_codebench/tasks/621280/build/Deployment/model7_tests
/Users/ittehad/Documents/Coding/Python/Turing/Tester_cpp_codebench/tasks/621280/build/Development/model7_tests
/Users/ittehad/Documents/Coding/Python/Turing/Tester_cpp_codebench/tasks/621280/build/Development/model7_tests
Users/ittehad/Documents/Coding/Python/Turing/Tester_cpp_codebench/tasks/621280/build/model7_tests
Users/ittehad/Documents/Coding/Python/Turing/Tester_cpp_codebench/tasks/621280/build/model7_tests
Users/ittehad/Documents/Coding/Python/Turing/Tester_cpp_codebench/tasks/621280/build/Release/model7_tests
Users/ittehad/Documents/Coding/Python/Turing/Tester_cpp_codebench/tasks/621280/build/Release/model7_tests
Users/ittehad/Documents/Coding/Python/Turing/Tester_cpp_codebench/tasks/621280/build/Debug/model7_tests
Users/ittehad/Documents/Coding/Python/Turing/Tester_cpp_codebench/tasks/621280/build/Debug/model7_tests
Users/ittehad/Documents/Coding/Python/Turing/Tester_cpp_codebench/tasks/621280/build/MinSizeRel/model7_tests
Users/ittehad/Documents/Coding/Python/Turing/Tester_cpp_codebench/tasks/621280/build/MinSizeRel/model7_tests
Users/ittehad/Documents/Coding/Python/Turing/Tester_cpp_codebench/tasks/621280/build/RelWithDebInfo/model7_tests
Users/ittehad/Documents/Coding/Python/Turing/Tester_cpp_codebench/tasks/621280/build/RelWithDebInfo/model7_tests
Users/ittehad/Documents/Coding/Python/Turing/Tester_cpp_codebench/tasks/621280/build/Deployment/model7_tests
Users/ittehad/Documents/Coding/Python/Turing/Tester_cpp_codebench/tasks/621280/build/Deployment/model7_tests
Users/ittehad/Documents/Coding/Python/Turing/Tester_cpp_codebench/tasks/621280/build/Development/model7_tests
Users/ittehad/Documents/Coding/Python/Turing/Tester_cpp_codebench/tasks/621280/build/Development/model7_tests
Unable to find executable: /Users/ittehad/Documents/Coding/Python/Turing/Tester_cpp_codebench/tasks/621280/build/model7_tests
 9/11 Test  #9: model7_tests .....................***Not Run   0.00 sec
      Start 10: model8_tests
10/11 Test #10: model8_tests .....................   Passed    0.00 sec
      Start 11: model9_tests
Could not find executable /Users/ittehad/Documents/Coding/Python/Turing/Tester_cpp_codebench/tasks/621280/build/model9_tests
Looked in the following places:
/Users/ittehad/Documents/Coding/Python/Turing/Tester_cpp_codebench/tasks/621280/build/model9_tests
/Users/ittehad/Documents/Coding/Python/Turing/Tester_cpp_codebench/tasks/621280/build/model9_tests
/Users/ittehad/Documents/Coding/Python/Turing/Tester_cpp_codebench/tasks/621280/build/Release/model9_tests
/Users/ittehad/Documents/Coding/Python/Turing/Tester_cpp_codebench/tasks/621280/build/Release/model9_tests
/Users/ittehad/Documents/Coding/Python/Turing/Tester_cpp_codebench/tasks/621280/build/Debug/model9_tests
/Users/ittehad/Documents/Coding/Python/Turing/Tester_cpp_codebench/tasks/621280/build/Debug/model9_tests
/Users/ittehad/Documents/Coding/Python/Turing/Tester_cpp_codebench/tasks/621280/build/MinSizeRel/model9_tests
/Users/ittehad/Documents/Coding/Python/Turing/Tester_cpp_codebench/tasks/621280/build/MinSizeRel/model9_tests
/Users/ittehad/Documents/Coding/Python/Turing/Tester_cpp_codebench/tasks/621280/build/RelWithDebInfo/model9_tests
/Users/ittehad/Documents/Coding/Python/Turing/Tester_cpp_codebench/tasks/621280/build/RelWithDebInfo/model9_tests
/Users/ittehad/Documents/Coding/Python/Turing/Tester_cpp_codebench/tasks/621280/build/Deployment/model9_tests
/Users/ittehad/Documents/Coding/Python/Turing/Tester_cpp_codebench/tasks/621280/build/Deployment/model9_tests
/Users/ittehad/Documents/Coding/Python/Turing/Tester_cpp_codebench/tasks/621280/build/Development/model9_tests
/Users/ittehad/Documents/Coding/Python/Turing/Tester_cpp_codebench/tasks/621280/build/Development/model9_tests
Users/ittehad/Documents/Coding/Python/Turing/Tester_cpp_codebench/tasks/621280/build/model9_tests
Users/ittehad/Documents/Coding/Python/Turing/Tester_cpp_codebench/tasks/621280/build/model9_tests
Users/ittehad/Documents/Coding/Python/Turing/Tester_cpp_codebench/tasks/621280/build/Release/model9_tests
Users/ittehad/Documents/Coding/Python/Turing/Tester_cpp_codebench/tasks/621280/build/Release/model9_tests
Users/ittehad/Documents/Coding/Python/Turing/Tester_cpp_codebench/tasks/621280/build/Debug/model9_tests
Users/ittehad/Documents/Coding/Python/Turing/Tester_cpp_codebench/tasks/621280/build/Debug/model9_tests
Users/ittehad/Documents/Coding/Python/Turing/Tester_cpp_codebench/tasks/621280/build/MinSizeRel/model9_tests
Users/ittehad/Documents/Coding/Python/Turing/Tester_cpp_codebench/tasks/621280/build/MinSizeRel/model9_tests
Users/ittehad/Documents/Coding/Python/Turing/Tester_cpp_codebench/tasks/621280/build/RelWithDebInfo/model9_tests
Users/ittehad/Documents/Coding/Python/Turing/Tester_cpp_codebench/tasks/621280/build/RelWithDebInfo/model9_tests
Users/ittehad/Documents/Coding/Python/Turing/Tester_cpp_codebench/tasks/621280/build/Deployment/model9_tests
Users/ittehad/Documents/Coding/Python/Turing/Tester_cpp_codebench/tasks/621280/build/Deployment/model9_tests
Users/ittehad/Documents/Coding/Python/Turing/Tester_cpp_codebench/tasks/621280/build/Development/model9_tests
Users/ittehad/Documents/Coding/Python/Turing/Tester_cpp_codebench/tasks/621280/build/Development/model9_tests
Unable to find executable: /Users/ittehad/Documents/Coding/Python/Turing/Tester_cpp_codebench/tasks/621280/build/model9_tests
11/11 Test #11: model9_tests .....................***Not Run   0.00 sec

45% tests passed, 6 tests failed out of 11

Total Test time (real) =   0.04 sec

The following tests FAILED:
	  1 - incorrect_solution_tests (Not Run)
	  2 - model1_tests (Not Run)
	  3 - model10_tests (Not Run)
	  8 - model6_tests (Failed)
	  9 - model7_tests (Not Run)
	 11 - model9_tests (Not Run)
Errors while running CTest
Output from these tests are in: /Users/ittehad/Documents/Coding/Python/Turing/Tester_cpp_codebench/tasks/621280/build/Testing/Temporary/LastTest.log
Use "--rerun-failed --output-on-failure" to re-run the failed cases verbosely.
